2023-12-30 17:43:10.786:       End processing HTTP request after 908.4625ms - 200
2023-12-30 17:45:11.975: info: MementoMori.BotServer.Plugins.MementoMoriQueryPlugin[0]
2023-12-30 17:45:11.975:       start retrieve notices
2023-12-30 17:45:13.062: info: MementoMori.BotServer.Plugins.MementoMoriQueryPlugin[0]
2023-12-30 17:45:13.062:       start retrieve notices
2023-12-30 17:53:10.784: info: System.Net.Http.HttpClient.Default.LogicalHandler[100]
2023-12-30 17:53:10.784:       Start processing HTTP request GET https://apidgp-gameplayer.games.dmm.com/gameplayer/filelist/29066
2023-12-30 17:53:10.784: info: System.Net.Http.HttpClient.Default.ClientHandler[100]
2023-12-30 17:53:10.794:       Sending HTTP request GET https://apidgp-gameplayer.games.dmm.com/gameplayer/filelist/29066
2023-12-30 17:53:11.543: info: System.Net.Http.HttpClient.Default.ClientHandler[101]
2023-12-30 17:53:11.550:       Received HTTP response headers after 759.7831ms - 200
2023-12-30 17:53:11.550: info: System.Net.Http.HttpClient.Default.LogicalHandler[101]
2023-12-30 17:53:11.550:       End processing HTTP request after 759.8739ms - 200
2023-12-30 17:55:13.401: info: MementoMori.BotServer.Plugins.MementoMoriQueryPlugin[0]
2023-12-30 17:55:13.401:       start retrieve notices
2023-12-30 17:55:14.636: info: MementoMori.BotServer.Plugins.MementoMoriQueryPlugin[0]
2023-12-30 17:55:14.637:       start retrieve notices
2023-12-30 18:03:11.543: info: System.Net.Http.HttpClient.Default.LogicalHandler[100]
2023-12-30 18:03:11.543:       Start processing HTTP request GET https://apidgp-gameplayer.games.dmm.com/gameplayer/filelist/29066
2023-12-30 18:03:11.543: info: System.Net.Http.HttpClient.Default.ClientHandler[100]
2023-12-30 18:03:11.543:       Sending HTTP request GET https://apidgp-gameplayer.games.dmm.com/gameplayer/filelist/29066
2023-12-30 18:03:12.328: info: System.Net.Http.HttpClient.Default.ClientHandler[101]
2023-12-30 18:03:12.328:       Received HTTP response headers after 785.759ms - 200
2023-12-30 18:03:12.328: info: System.Net.Http.HttpClient.Default.LogicalHandler[101]
2023-12-30 18:03:12.328:       End processing HTTP request after 785.8056ms - 200
2023-12-30 18:05:14.912: info: MementoMori.BotServer.Plugins.MementoMoriQueryPlugin[0]
2023-12-30 18:05:14.912:       start retrieve notices
2023-12-30 18:05:16.144: info: MementoMori.BotServer.Plugins.MementoMoriQueryPlugin[0]
2023-12-30 18:05:16.144:       start retrieve notices
2023-12-30 18:11:42.478: info: MementoMori.MementoNetworkManager[0]
2023-12-30 18:11:42.478:       auto updating master data
2023-12-30 18:11:42.478: info: MementoMori.MementoNetworkManager[0]
2023-12-30 18:11:42.478:       下载 master 目录中...
2023-12-30 18:11:44.497: info: MementoMori.MementoNetworkManager[0]
2023-12-30 18:11:44.497:       下载 master 目录完成
2023-12-30 18:13:12.329: info: System.Net.Http.HttpClient.Default.LogicalHandler[100]
2023-12-30 18:13:12.329:       Start processing HTTP request GET https://apidgp-gameplayer.games.dmm.com/gameplayer/filelist/29066
2023-12-30 18:13:12.329: info: System.Net.Http.HttpClient.Default.ClientHandler[100]
2023-12-30 18:13:12.329:       Sending HTTP request GET https://apidgp-gameplayer.games.dmm.com/gameplayer/filelist/29066
2023-12-30 18:13:13.033: info: System.Net.Http.HttpClient.Default.ClientHandler[101]
2023-12-30 18:13:13.033:       Received HTTP response headers after 705.1336ms - 200
2023-12-30 18:13:13.033: info: System.Net.Http.HttpClient.Default.LogicalHandler[101]
2023-12-30 18:13:13.033:       End processing HTTP request after 705.1826ms - 200
2023-12-30 18:15:16.425: info: MementoMori.BotServer.Plugins.MementoMoriQueryPlugin[0]
2023-12-30 18:15:16.425:       start retrieve notices
2023-12-30 18:15:17.628: info: MementoMori.BotServer.Plugins.MementoMoriQueryPlugin[0]
2023-12-30 18:15:17.628:       start retrieve notices
2023-12-30 18:23:13.036: info: System.Net.Http.HttpClient.Default.LogicalHandler[100]
2023-12-30 18:23:13.036:       Start processing HTTP request GET https://apidgp-gameplayer.games.dmm.com/gameplayer/filelist/29066
2023-12-30 18:23:13.036: info: System.Net.Http.HttpClient.Default.ClientHandler[100]
2023-12-30 18:23:13.036:       Sending HTTP request GET https://apidgp-gameplayer.games.dmm.com/gameplayer/filelist/29066
2023-12-30 18:23:13.641: info: System.Net.Http.HttpClient.Default.ClientHandler[101]
2023-12-30 18:23:13.641:       Received HTTP response headers after 606.2099ms - 200
2023-12-30 18:23:13.641: info: System.Net.Http.HttpClient.Default.LogicalHandler[101]
2023-12-30 18:23:13.641:       End processing HTTP request after 606.2666ms - 200
2023-12-30 18:25:17.958: info: MementoMori.BotServer.Plugins.MementoMoriQueryPlugin[0]
2023-12-30 18:25:17.958:       start retrieve notices
2023-12-30 18:25:18.885: info: MementoMori.BotServer.Plugins.MementoMoriQueryPlugin[0]
2023-12-30 18:25:18.885:       start retrieve notices
2023-12-30 18:33:13.650: info: System.Net.Http.HttpClient.Default.LogicalHandler[100]
2023-12-30 18:33:13.650:       Start processing HTTP request GET https://apidgp-gameplayer.games.dmm.com/gameplayer/filelist/29066
2023-12-30 18:33:13.650: info: System.Net.Http.HttpClient.Default.ClientHandler[100]
2023-12-30 18:33:13.650:       Sending HTTP request GET https://apidgp-gameplayer.games.dmm.com/gameplayer/filelist/29066
2023-12-30 18:33:14.397: info: System.Net.Http.HttpClient.Default.ClientHandler[101]
2023-12-30 18:33:14.397:       Received HTTP response headers after 747.0309ms - 200
2023-12-30 18:33:14.397: info: System.Net.Http.HttpClient.Default.LogicalHandler[101]
2023-12-30 18:33:14.397:       End processing HTTP request after 747.0809ms - 200
2023-12-30 18:35:19.146: info: MementoMori.BotServer.Plugins.MementoMoriQueryPlugin[0]
2023-12-30 18:35:19.146:       start retrieve notices
2023-12-30 18:35:20.224: info: MementoMori.BotServer.Plugins.MementoMoriQueryPlugin[0]
2023-12-30 18:35:20.224:       start retrieve notices
2023-12-30 18:43:14.411: info: System.Net.Http.HttpClient.Default.LogicalHandler[100]
2023-12-30 18:43:14.411:       Start processing HTTP request GET https://apidgp-gameplayer.games.dmm.com/gameplayer/filelist/29066
2023-12-30 18:43:14.411: info: System.Net.Http.HttpClient.Default.ClientHandler[100]
2023-12-30 18:43:14.411:       Sending HTTP request GET https://apidgp-gameplayer.games.dmm.com/gameplayer/filelist/29066
2023-12-30 18:43:15.230: info: System.Net.Http.HttpClient.Default.ClientHandler[101]
2023-12-30 18:43:15.230:       Received HTTP response headers after 818.6718ms - 200
2023-12-30 18:43:15.230: info: System.Net.Http.HttpClient.Default.LogicalHandler[101]
2023-12-30 18:43:15.230:       End processing HTTP request after 818.7247ms - 200
2023-12-30 18:45:20.555: info: MementoMori.BotServer.Plugins.MementoMoriQueryPlugin[0]
2023-12-30 18:45:20.555:       start retrieve notices
2023-12-30 18:45:21.571: info: MementoMori.BotServer.Plugins.MementoMoriQueryPlugin[0]
2023-12-30 18:45:21.571:       start retrieve notices
2023-12-30 18:53:15.230: info: System.Net.Http.HttpClient.Default.LogicalHandler[100]
2023-12-30 18:53:15.230:       Start processing HTTP request GET https://apidgp-gameplayer.games.dmm.com/gameplayer/filelist/29066
2023-12-30 18:53:15.230: info: System.Net.Http.HttpClient.Default.ClientHandler[100]
2023-12-30 18:53:15.230:       Sending HTTP request GET https://apidgp-gameplayer.games.dmm.com/gameplayer/filelist/29066
2023-12-30 18:53:15.900: info: System.Net.Http.HttpClient.Default.ClientHandler[101]
2023-12-30 18:53:15.900:       Received HTTP response headers after 671.0243ms - 200
2023-12-30 18:53:15.900: info: System.Net.Http.HttpClient.Default.LogicalHandler[101]
2023-12-30 18:53:15.900:       End processing HTTP request after 671.0737ms - 200
2023-12-30 18:55:21.835: info: MementoMori.BotServer.Plugins.MementoMoriQueryPlugin[0]
2023-12-30 18:55:21.835:       start retrieve notices
2023-12-30 18:55:22.924: info: MementoMori.BotServer.Plugins.MementoMoriQueryPlugin[0]
2023-12-30 18:55:22.924:       start retrieve notices
2023-12-30 19:03:15.913: info: System.Net.Http.HttpClient.Default.LogicalHandler[100]
2023-12-30 19:03:15.913:       Start processing HTTP request GET https://apidgp-gameplayer.games.dmm.com/gameplayer/filelist/29066
2023-12-30 19:03:15.913: info: System.Net.Http.HttpClient.Default.ClientHandler[100]
2023-12-30 19:03:15.913:       Sending HTTP request GET https://apidgp-gameplayer.games.dmm.com/gameplayer/filelist/29066
2023-12-30 19:03:16.500: info: System.Net.Http.HttpClient.Default.ClientHandler[101]
2023-12-30 19:03:16.500:       Received HTTP response headers after 587.6639ms - 200
2023-12-30 19:03:16.500: info: System.Net.Http.HttpClient.Default.LogicalHandler[101]
2023-12-30 19:03:16.500:       End processing HTTP request after 587.7392ms - 200
2023-12-30 19:05:23.211: info: MementoMori.BotServer.Plugins.MementoMoriQueryPlugin[0]
2023-12-30 19:05:23.211:       start retrieve notices
2023-12-30 19:05:24.308: info: MementoMori.BotServer.Plugins.MementoMoriQueryPlugin[0]
2023-12-30 19:05:24.308:       start retrieve notices
2023-12-30 19:11:44.502: info: MementoMori.MementoNetworkManager[0]
2023-12-30 19:11:44.502:       auto updating master data
2023-12-30 19:11:44.502: info: MementoMori.MementoNetworkManager[0]
2023-12-30 19:11:44.502:       下载 master 目录中...
2023-12-30 19:11:46.166: info: MementoMori.MementoNetworkManager[0]
2023-12-30 19:11:46.166:       下载 master 目录完成
2023-12-30 19:13:16.515: info: System.Net.Http.HttpClient.Default.LogicalHandler[100]
2023-12-30 19:13:16.515:       Start processing HTTP request GET https://apidgp-gameplayer.games.dmm.com/gameplayer/filelist/29066
2023-12-30 19:13:16.515: info: System.Net.Http.HttpClient.Default.ClientHandler[100]
2023-12-30 19:13:16.515:       Sending HTTP request GET https://apidgp-gameplayer.games.dmm.com/gameplayer/filelist/29066
2023-12-30 19:13:17.212: info: System.Net.Http.HttpClient.Default.ClientHandler[101]
2023-12-30 19:13:17.212:       Received HTTP response headers after 696.8599ms - 200
2023-12-30 19:13:17.212: info: System.Net.Http.HttpClient.Default.LogicalHandler[101]
2023-12-30 19:13:17.212:       End processing HTTP request after 696.921ms - 200
2023-12-30 19:15:24.571: info: MementoMori.BotServer.Plugins.MementoMoriQueryPlugin[0]
2023-12-30 19:15:24.571:       start retrieve notices
2023-12-30 19:15:25.394: info: MementoMori.BotServer.Plugins.MementoMoriQueryPlugin[0]
2023-12-30 19:15:25.394:       start retrieve notices
2023-12-30 19:23:17.214: info: System.Net.Http.HttpClient.Default.LogicalHandler[100]
2023-12-30 19:23:17.214:       Start processing HTTP request GET https://apidgp-gameplayer.games.dmm.com/gameplayer/filelist/29066
2023-12-30 19:23:17.214: info: System.Net.Http.HttpClient.Default.ClientHandler[100]
2023-12-30 19:23:17.214:       Sending HTTP request GET https://apidgp-gameplayer.games.dmm.com/gameplayer/filelist/29066
2023-12-30 19:23:17.865: info: System.Net.Http.HttpClient.Default.ClientHandler[101]
2023-12-30 19:23:17.865:       Received HTTP response headers after 650.4937ms - 200
2023-12-30 19:23:17.865: info: System.Net.Http.HttpClient.Default.LogicalHandler[101]
2023-12-30 19:23:17.865:       End processing HTTP request after 650.5468ms - 200
2023-12-30 19:25:25.657: info: MementoMori.BotServer.Plugins.MementoMoriQueryPlugin[0]
2023-12-30 19:25:25.657:       start retrieve notices
2023-12-30 19:25:26.761: info: MementoMori.BotServer.Plugins.MementoMoriQueryPlugin[0]
2023-12-30 19:25:26.761:       start retrieve notices
2023-12-30 19:33:17.879: info: System.Net.Http.HttpClient.Default.LogicalHandler[100]
2023-12-30 19:33:17.879:       Start processing HTTP request GET https://apidgp-gameplayer.games.dmm.com/gameplayer/filelist/29066
2023-12-30 19:33:17.879: info: System.Net.Http.HttpClient.Default.ClientHandler[100]
2023-12-30 19:33:17.879:       Sending HTTP request GET https://apidgp-gameplayer.games.dmm.com/gameplayer/filelist/29066
2023-12-30 19:33:18.492: info: System.Net.Http.HttpClient.Default.ClientHandler[101]
2023-12-30 19:33:18.492:       Received HTTP response headers after 614.2569ms - 200
2023-12-30 19:33:18.492: info: System.Net.Http.HttpClient.Default.LogicalHandler[101]
2023-12-30 19:33:18.492:       End processing HTTP request after 614.3193ms - 200
2023-12-30 19:35:27.031: info: MementoMori.BotServer.Plugins.MementoMoriQueryPlugin[0]
2023-12-30 19:35:27.031:       start retrieve notices
2023-12-30 19:35:27.936: info: MementoMori.BotServer.Plugins.MementoMoriQueryPlugin[0]
2023-12-30 19:35:27.936:       start retrieve notices
2023-12-30 19:43:18.502: info: System.Net.Http.HttpClient.Default.LogicalHandler[100]
2023-12-30 19:43:18.502:       Start processing HTTP request GET https://apidgp-gameplayer.games.dmm.com/gameplayer/filelist/29066
2023-12-30 19:43:18.502: info: System.Net.Http.HttpClient.Default.ClientHandler[100]
2023-12-30 19:43:18.502:       Sending HTTP request GET https://apidgp-gameplayer.games.dmm.com/gameplayer/filelist/29066
2023-12-30 19:43:19.290: info: System.Net.Http.HttpClient.Default.ClientHandler[101]
2023-12-30 19:43:19.290:       Received HTTP response headers after 789.1975ms - 200
2023-12-30 19:43:19.290: info: System.Net.Http.HttpClient.Default.LogicalHandler[101]
2023-12-30 19:43:19.290:       End processing HTTP request after 789.2515ms - 200
2023-12-30 19:45:28.177: info: MementoMori.BotServer.Plugins.MementoMoriQueryPlugin[0]
2023-12-30 19:45:28.177:       start retrieve notices
2023-12-30 19:45:29.076: info: MementoMori.BotServer.Plugins.MementoMoriQueryPlugin[0]
2023-12-30 19:45:29.076:       start retrieve notices
2023-12-30 19:53:19.291: info: System.Net.Http.HttpClient.Default.LogicalHandler[100]
2023-12-30 19:53:19.291:       Start processing HTTP request GET https://apidgp-gameplayer.games.dmm.com/gameplayer/filelist/29066
2023-12-30 19:53:19.291: info: System.Net.Http.HttpClient.Default.ClientHandler[100]
2023-12-30 19:53:19.291:       Sending HTTP request GET https://apidgp-gameplayer.games.dmm.com/gameplayer/filelist/29066
2023-12-30 19:53:19.870: info: System.Net.Http.HttpClient.Default.ClientHandler[101]
2023-12-30 19:53:19.870:       Received HTTP response headers after 578.8103ms - 200
2023-12-30 19:53:19.870: info: System.Net.Http.HttpClient.Default.LogicalHandler[101]
2023-12-30 19:53:19.870:       End processing HTTP request after 578.8865ms - 200
2023-12-30 19:55:29.349: info: MementoMori.BotServer.Plugins.MementoMoriQueryPlugin[0]
2023-12-30 19:55:29.349:       start retrieve notices
2023-12-30 19:55:30.270: info: MementoMori.BotServer.Plugins.MementoMoriQueryPlugin[0]
2023-12-30 19:55:30.270:       start retrieve notices
2023-12-30 20:03:19.872: info: System.Net.Http.HttpClient.Default.LogicalHandler[100]
2023-12-30 20:03:19.872:       Start processing HTTP request GET https://apidgp-gameplayer.games.dmm.com/gameplayer/filelist/29066
2023-12-30 20:03:19.872: info: System.Net.Http.HttpClient.Default.ClientHandler[100]
2023-12-30 20:03:19.872:       Sending HTTP request GET https://apidgp-gameplayer.games.dmm.com/gameplayer/filelist/29066
2023-12-30 20:03:20.589: info: System.Net.Http.HttpClient.Default.ClientHandler[101]
2023-12-30 20:03:20.589:       Received HTTP response headers after 717.9801ms - 200
2023-12-30 20:03:20.589: info: System.Net.Http.HttpClient.Default.LogicalHandler[101]
2023-12-30 20:03:20.589:       End processing HTTP request after 718.0263ms - 200
2023-12-30 20:05:30.533: info: MementoMori.BotServer.Plugins.MementoMoriQueryPlugin[0]
2023-12-30 20:05:30.533:       start retrieve notices
2023-12-30 20:05:31.619: info: MementoMori.BotServer.Plugins.MementoMoriQueryPlugin[0]
2023-12-30 20:05:31.619:       start retrieve notices
2023-12-30 20:11:46.167: info: MementoMori.MementoNetworkManager[0]
2023-12-30 20:11:46.167:       auto updating master data
2023-12-30 20:11:46.167: info: MementoMori.MementoNetworkManager[0]
2023-12-30 20:11:46.167:       下载 master 目录中...
2023-12-30 20:11:48.100: info: MementoMori.MementoNetworkManager[0]
2023-12-30 20:11:48.100:       下载 master 目录完成
2023-12-30 20:13:20.589: info: System.Net.Http.HttpClient.Default.LogicalHandler[100]
2023-12-30 20:13:20.589:       Start processing HTTP request GET https://apidgp-gameplayer.games.dmm.com/gameplayer/filelist/29066
2023-12-30 20:13:20.589: info: System.Net.Http.HttpClient.Default.ClientHandler[100]
2023-12-30 20:13:20.589:       Sending HTTP request GET https://apidgp-gameplayer.games.dmm.com/gameplayer/filelist/29066
2023-12-30 20:13:21.275: info: System.Net.Http.HttpClient.Default.ClientHandler[101]
2023-12-30 20:13:21.275:       Received HTTP response headers after 685.0499ms - 200
2023-12-30 20:13:21.275: info: System.Net.Http.HttpClient.Default.LogicalHandler[101]
2023-12-30 20:13:21.275:       End processing HTTP request after 685.1017ms - 200
2023-12-30 20:15:31.913: info: MementoMori.BotServer.Plugins.MementoMoriQueryPlugin[0]
2023-12-30 20:15:31.913:       start retrieve notices
2023-12-30 20:15:32.936: info: MementoMori.BotServer.Plugins.MementoMoriQueryPlugin[0]
2023-12-30 20:15:32.936:       start retrieve notices
2023-12-30 20:23:21.282: info: System.Net.Http.HttpClient.Default.LogicalHandler[100]
2023-12-30 20:23:21.282:       Start processing HTTP request GET https://apidgp-gameplayer.games.dmm.com/gameplayer/filelist/29066
2023-12-30 20:23:21.282: info: System.Net.Http.HttpClient.Default.ClientHandler[100]
2023-12-30 20:23:21.282:       Sending HTTP request GET https://apidgp-gameplayer.games.dmm.com/gameplayer/filelist/29066
2023-12-30 20:23:21.878: info: System.Net.Http.HttpClient.Default.ClientHandler[101]
2023-12-30 20:23:21.878:       Received HTTP response headers after 595.737ms - 200
2023-12-30 20:23:21.878: info: System.Net.Http.HttpClient.Default.LogicalHandler[101]
2023-12-30 20:23:21.878:       End processing HTTP request after 595.7875ms - 200
2023-12-30 20:25:33.194: info: MementoMori.BotServer.Plugins.MementoMoriQueryPlugin[0]
2023-12-30 20:25:33.194:       start retrieve notices
2023-12-30 20:25:34.151: info: MementoMori.BotServer.Plugins.MementoMoriQueryPlugin[0]
2023-12-30 20:25:34.151:       start retrieve notices
2023-12-30 20:33:21.883: info: System.Net.Http.HttpClient.Default.LogicalHandler[100]
2023-12-30 20:33:21.883:       Start processing HTTP request GET https://apidgp-gameplayer.games.dmm.com/gameplayer/filelist/29066
info: System.Net.Http.HttpClient.Default.ClientHandler[100]
