2024-01-03 19:21:45.755:       start retrieve notices
2024-01-03 19:24:52.146: info: System.Net.Http.HttpClient.Default.LogicalHandler[100]
2024-01-03 19:24:52.146:       Start processing HTTP request GET https://apidgp-gameplayer.games.dmm.com/gameplayer/filelist/29071
2024-01-03 19:24:52.146: info: System.Net.Http.HttpClient.Default.ClientHandler[100]
2024-01-03 19:24:52.146:       Sending HTTP request GET https://apidgp-gameplayer.games.dmm.com/gameplayer/filelist/29071
2024-01-03 19:24:53.004: info: System.Net.Http.HttpClient.Default.ClientHandler[101]
2024-01-03 19:24:53.005:       Received HTTP response headers after 858.9372ms - 200
2024-01-03 19:24:53.014: info: System.Net.Http.HttpClient.Default.LogicalHandler[101]
2024-01-03 19:24:53.014:       End processing HTTP request after 858.985ms - 200
2024-01-03 19:31:45.976: info: MementoMori.BotServer.Plugins.MementoMoriQueryPlugin[0]
2024-01-03 19:31:45.976:       start retrieve notices
2024-01-03 19:31:47.091: info: MementoMori.BotServer.Plugins.MementoMoriQueryPlugin[0]
2024-01-03 19:31:47.091:       start retrieve notices
2024-01-03 19:34:53.016: info: System.Net.Http.HttpClient.Default.LogicalHandler[100]
2024-01-03 19:34:53.016:       Start processing HTTP request GET https://apidgp-gameplayer.games.dmm.com/gameplayer/filelist/29071
2024-01-03 19:34:53.016: info: System.Net.Http.HttpClient.Default.ClientHandler[100]
2024-01-03 19:34:53.016:       Sending HTTP request GET https://apidgp-gameplayer.games.dmm.com/gameplayer/filelist/29071
2024-01-03 19:34:53.622: info: System.Net.Http.HttpClient.Default.ClientHandler[101]
2024-01-03 19:34:53.622:       Received HTTP response headers after 605.9105ms - 200
2024-01-03 19:34:53.622: info: System.Net.Http.HttpClient.Default.LogicalHandler[101]
2024-01-03 19:34:53.622:       End processing HTTP request after 605.9605ms - 200
2024-01-03 19:41:47.309: info: MementoMori.BotServer.Plugins.MementoMoriQueryPlugin[0]
2024-01-03 19:41:47.309:       start retrieve notices
2024-01-03 19:41:48.348: info: MementoMori.BotServer.Plugins.MementoMoriQueryPlugin[0]
2024-01-03 19:41:48.348:       start retrieve notices
2024-01-03 19:44:53.631: info: System.Net.Http.HttpClient.Default.LogicalHandler[100]
2024-01-03 19:44:53.631:       Start processing HTTP request GET https://apidgp-gameplayer.games.dmm.com/gameplayer/filelist/29071
2024-01-03 19:44:53.631: info: System.Net.Http.HttpClient.Default.ClientHandler[100]
2024-01-03 19:44:53.631:       Sending HTTP request GET https://apidgp-gameplayer.games.dmm.com/gameplayer/filelist/29071
2024-01-03 19:44:54.343: info: System.Net.Http.HttpClient.Default.ClientHandler[101]
2024-01-03 19:44:54.343:       Received HTTP response headers after 712.7456ms - 200
2024-01-03 19:44:54.343: info: System.Net.Http.HttpClient.Default.LogicalHandler[101]
2024-01-03 19:44:54.343:       End processing HTTP request after 712.7865ms - 200
2024-01-03 19:51:48.631: info: MementoMori.BotServer.Plugins.MementoMoriQueryPlugin[0]
2024-01-03 19:51:48.631:       start retrieve notices
2024-01-03 19:51:49.556: info: MementoMori.BotServer.Plugins.MementoMoriQueryPlugin[0]
2024-01-03 19:51:49.556:       start retrieve notices
2024-01-03 19:54:54.351: info: System.Net.Http.HttpClient.Default.LogicalHandler[100]
2024-01-03 19:54:54.351:       Start processing HTTP request GET https://apidgp-gameplayer.games.dmm.com/gameplayer/filelist/29071
2024-01-03 19:54:54.351: info: System.Net.Http.HttpClient.Default.ClientHandler[100]
2024-01-03 19:54:54.351:       Sending HTTP request GET https://apidgp-gameplayer.games.dmm.com/gameplayer/filelist/29071
2024-01-03 19:54:54.934: info: System.Net.Http.HttpClient.Default.ClientHandler[101]
2024-01-03 19:54:54.934:       Received HTTP response headers after 583.8917ms - 200
2024-01-03 19:54:54.934: info: System.Net.Http.HttpClient.Default.LogicalHandler[101]
2024-01-03 19:54:54.934:       End processing HTTP request after 583.9883ms - 200
2024-01-03 20:01:49.788: info: MementoMori.BotServer.Plugins.MementoMoriQueryPlugin[0]
2024-01-03 20:01:49.788:       start retrieve notices
2024-01-03 20:01:50.664: info: MementoMori.BotServer.Plugins.MementoMoriQueryPlugin[0]
2024-01-03 20:01:50.664:       start retrieve notices
2024-01-03 20:04:54.936: info: System.Net.Http.HttpClient.Default.LogicalHandler[100]
2024-01-03 20:04:54.936:       Start processing HTTP request GET https://apidgp-gameplayer.games.dmm.com/gameplayer/filelist/29071
2024-01-03 20:04:54.936: info: System.Net.Http.HttpClient.Default.ClientHandler[100]
2024-01-03 20:04:54.936:       Sending HTTP request GET https://apidgp-gameplayer.games.dmm.com/gameplayer/filelist/29071
2024-01-03 20:04:55.610: info: System.Net.Http.HttpClient.Default.ClientHandler[101]
2024-01-03 20:04:55.610:       Received HTTP response headers after 674.8467ms - 200
2024-01-03 20:04:55.610: info: System.Net.Http.HttpClient.Default.LogicalHandler[101]
2024-01-03 20:04:55.610:       End processing HTTP request after 674.9027ms - 200
2024-01-03 20:11:50.898: info: MementoMori.BotServer.Plugins.MementoMoriQueryPlugin[0]
2024-01-03 20:11:50.898:       start retrieve notices
2024-01-03 20:11:51.784: info: MementoMori.BotServer.Plugins.MementoMoriQueryPlugin[0]
2024-01-03 20:11:51.784:       start retrieve notices
2024-01-03 20:14:55.619: info: System.Net.Http.HttpClient.Default.LogicalHandler[100]
2024-01-03 20:14:55.619:       Start processing HTTP request GET https://apidgp-gameplayer.games.dmm.com/gameplayer/filelist/29071
2024-01-03 20:14:55.619: info: System.Net.Http.HttpClient.Default.ClientHandler[100]
2024-01-03 20:14:55.619:       Sending HTTP request GET https://apidgp-gameplayer.games.dmm.com/gameplayer/filelist/29071
2024-01-03 20:14:56.397: info: System.Net.Http.HttpClient.Default.ClientHandler[101]
2024-01-03 20:14:56.397:       Received HTTP response headers after 777.5202ms - 200
2024-01-03 20:14:56.397: info: System.Net.Http.HttpClient.Default.LogicalHandler[101]
2024-01-03 20:14:56.397:       End processing HTTP request after 777.5843ms - 200
2024-01-03 20:15:38.418: info: MementoMori.MementoNetworkManager[0]
2024-01-03 20:15:38.418:       auto updating master data
2024-01-03 20:15:38.418: info: MementoMori.MementoNetworkManager[0]
2024-01-03 20:15:38.418:       下载 master 目录中...
2024-01-03 20:15:40.328: info: MementoMori.MementoNetworkManager[0]
2024-01-03 20:15:40.328:       下载 master 目录完成
2024-01-03 20:21:52.021: info: MementoMori.BotServer.Plugins.MementoMoriQueryPlugin[0]
2024-01-03 20:21:52.021:       start retrieve notices
2024-01-03 20:21:53.235: info: MementoMori.BotServer.Plugins.MementoMoriQueryPlugin[0]
2024-01-03 20:21:53.235:       start retrieve notices
2024-01-03 20:24:56.407: info: System.Net.Http.HttpClient.Default.LogicalHandler[100]
2024-01-03 20:24:56.407:       Start processing HTTP request GET https://apidgp-gameplayer.games.dmm.com/gameplayer/filelist/29071
2024-01-03 20:24:56.407: info: System.Net.Http.HttpClient.Default.ClientHandler[100]
2024-01-03 20:24:56.407:       Sending HTTP request GET https://apidgp-gameplayer.games.dmm.com/gameplayer/filelist/29071
2024-01-03 20:24:57.069: info: System.Net.Http.HttpClient.Default.ClientHandler[101]
2024-01-03 20:24:57.069:       Received HTTP response headers after 662.698ms - 200
2024-01-03 20:24:57.069: info: System.Net.Http.HttpClient.Default.LogicalHandler[101]
2024-01-03 20:24:57.069:       End processing HTTP request after 662.7596ms - 200
2024-01-03 20:31:53.504: info: MementoMori.BotServer.Plugins.MementoMoriQueryPlugin[0]
2024-01-03 20:31:53.504:       start retrieve notices
2024-01-03 20:31:54.507: info: MementoMori.BotServer.Plugins.MementoMoriQueryPlugin[0]
2024-01-03 20:31:54.507:       start retrieve notices
2024-01-03 20:34:57.081: info: System.Net.Http.HttpClient.Default.LogicalHandler[100]
2024-01-03 20:34:57.081:       Start processing HTTP request GET https://apidgp-gameplayer.games.dmm.com/gameplayer/filelist/29071
2024-01-03 20:34:57.081: info: System.Net.Http.HttpClient.Default.ClientHandler[100]
2024-01-03 20:34:57.081:       Sending HTTP request GET https://apidgp-gameplayer.games.dmm.com/gameplayer/filelist/29071
2024-01-03 20:34:57.792: info: System.Net.Http.HttpClient.Default.ClientHandler[101]
2024-01-03 20:34:57.792:       Received HTTP response headers after 711.9304ms - 200
2024-01-03 20:34:57.793: info: System.Net.Http.HttpClient.Default.LogicalHandler[101]
2024-01-03 20:34:57.793:       End processing HTTP request after 711.9752ms - 200
2024-01-03 20:41:54.779: info: MementoMori.BotServer.Plugins.MementoMoriQueryPlugin[0]
2024-01-03 20:41:54.779:       start retrieve notices
2024-01-03 20:41:55.657: info: MementoMori.BotServer.Plugins.MementoMoriQueryPlugin[0]
2024-01-03 20:41:55.657:       start retrieve notices
2024-01-03 20:44:57.802: info: System.Net.Http.HttpClient.Default.LogicalHandler[100]
2024-01-03 20:44:57.802:       Start processing HTTP request GET https://apidgp-gameplayer.games.dmm.com/gameplayer/filelist/29071
2024-01-03 20:44:57.802: info: System.Net.Http.HttpClient.Default.ClientHandler[100]
2024-01-03 20:44:57.802:       Sending HTTP request GET https://apidgp-gameplayer.games.dmm.com/gameplayer/filelist/29071
2024-01-03 20:44:58.437: info: System.Net.Http.HttpClient.Default.ClientHandler[101]
2024-01-03 20:44:58.437:       Received HTTP response headers after 634.9675ms - 200
2024-01-03 20:44:58.437: info: System.Net.Http.HttpClient.Default.LogicalHandler[101]
2024-01-03 20:44:58.437:       End processing HTTP request after 635.0104ms - 200
2024-01-03 20:51:55.886: info: MementoMori.BotServer.Plugins.MementoMoriQueryPlugin[0]
2024-01-03 20:51:55.886:       start retrieve notices
2024-01-03 20:51:56.780: info: MementoMori.BotServer.Plugins.MementoMoriQueryPlugin[0]
2024-01-03 20:51:56.780:       start retrieve notices
2024-01-03 20:54:58.448: info: System.Net.Http.HttpClient.Default.LogicalHandler[100]
2024-01-03 20:54:58.448:       Start processing HTTP request GET https://apidgp-gameplayer.games.dmm.com/gameplayer/filelist/29071
2024-01-03 20:54:58.448: info: System.Net.Http.HttpClient.Default.ClientHandler[100]
2024-01-03 20:54:58.448:       Sending HTTP request GET https://apidgp-gameplayer.games.dmm.com/gameplayer/filelist/29071
2024-01-03 20:54:59.247: info: System.Net.Http.HttpClient.Default.ClientHandler[101]
2024-01-03 20:54:59.247:       Received HTTP response headers after 799.0835ms - 200
2024-01-03 20:54:59.247: info: System.Net.Http.HttpClient.Default.LogicalHandler[101]
2024-01-03 20:54:59.247:       End processing HTTP request after 799.1369ms - 200
2024-01-03 21:01:57.009: info: MementoMori.BotServer.Plugins.MementoMoriQueryPlugin[0]
2024-01-03 21:01:57.009:       start retrieve notices
2024-01-03 21:01:58.093: info: MementoMori.BotServer.Plugins.MementoMoriQueryPlugin[0]
2024-01-03 21:01:58.093:       start retrieve notices
2024-01-03 21:04:59.252: info: System.Net.Http.HttpClient.Default.LogicalHandler[100]
2024-01-03 21:04:59.252:       Start processing HTTP request GET https://apidgp-gameplayer.games.dmm.com/gameplayer/filelist/29071
2024-01-03 21:04:59.252: info: System.Net.Http.HttpClient.Default.ClientHandler[100]
2024-01-03 21:04:59.252:       Sending HTTP request GET https://apidgp-gameplayer.games.dmm.com/gameplayer/filelist/29071
2024-01-03 21:04:59.956: info: System.Net.Http.HttpClient.Default.ClientHandler[101]
2024-01-03 21:04:59.956:       Received HTTP response headers after 704.6304ms - 200
2024-01-03 21:04:59.956: info: System.Net.Http.HttpClient.Default.LogicalHandler[101]
2024-01-03 21:04:59.956:       End processing HTTP request after 704.6802ms - 200
2024-01-03 21:11:58.326: info: MementoMori.BotServer.Plugins.MementoMoriQueryPlugin[0]
2024-01-03 21:11:58.326:       start retrieve notices
2024-01-03 21:11:59.328: info: MementoMori.BotServer.Plugins.MementoMoriQueryPlugin[0]
2024-01-03 21:11:59.328:       start retrieve notices
2024-01-03 21:14:59.971: info: System.Net.Http.HttpClient.Default.LogicalHandler[100]
2024-01-03 21:14:59.971:       Start processing HTTP request GET https://apidgp-gameplayer.games.dmm.com/gameplayer/filelist/29071
2024-01-03 21:14:59.971: info: System.Net.Http.HttpClient.Default.ClientHandler[100]
2024-01-03 21:14:59.971:       Sending HTTP request GET https://apidgp-gameplayer.games.dmm.com/gameplayer/filelist/29071
2024-01-03 21:15:00.775: info: System.Net.Http.HttpClient.Default.ClientHandler[101]
2024-01-03 21:15:00.775:       Received HTTP response headers after 804.2408ms - 200
2024-01-03 21:15:00.775: info: System.Net.Http.HttpClient.Default.LogicalHandler[101]
2024-01-03 21:15:00.775:       End processing HTTP request after 804.3083ms - 200
2024-01-03 21:15:40.331: info: MementoMori.MementoNetworkManager[0]
2024-01-03 21:15:40.331:       auto updating master data
2024-01-03 21:15:40.331: info: MementoMori.MementoNetworkManager[0]
2024-01-03 21:15:40.331:       下载 master 目录中...
2024-01-03 21:15:42.163: info: MementoMori.MementoNetworkManager[0]
2024-01-03 21:15:42.163:       下载 master 目录完成
2024-01-03 21:21:59.571: info: MementoMori.BotServer.Plugins.MementoMoriQueryPlugin[0]
2024-01-03 21:21:59.571:       start retrieve notices
2024-01-03 21:22:00.532: info: MementoMori.BotServer.Plugins.MementoMoriQueryPlugin[0]
2024-01-03 21:22:00.532:       start retrieve notices
2024-01-03 21:25:00.787: info: System.Net.Http.HttpClient.Default.LogicalHandler[100]
2024-01-03 21:25:00.787:       Start processing HTTP request GET https://apidgp-gameplayer.games.dmm.com/gameplayer/filelist/29071
2024-01-03 21:25:00.787: info: System.Net.Http.HttpClient.Default.ClientHandler[100]
2024-01-03 21:25:00.787:       Sending HTTP request GET https://apidgp-gameplayer.games.dmm.com/gameplayer/filelist/29071
2024-01-03 21:25:01.630: info: System.Net.Http.HttpClient.Default.ClientHandler[101]
2024-01-03 21:25:01.630:       Received HTTP response headers after 842.5373ms - 200
2024-01-03 21:25:01.630: info: System.Net.Http.HttpClient.Default.LogicalHandler[101]
2024-01-03 21:25:01.630:       End processing HTTP request after 842.5942ms - 200
2024-01-03 21:32:00.799: info: MementoMori.BotServer.Plugins.MementoMoriQueryPlugin[0]
2024-01-03 21:32:00.799:       start retrieve notices
2024-01-03 21:32:01.932: info: MementoMori.BotServer.Plugins.MementoMoriQueryPlugin[0]
2024-01-03 21:32:01.932:       start retrieve notices
2024-01-03 21:35:01.643: info: System.Net.Http.HttpClient.Default.LogicalHandler[100]
2024-01-03 21:35:01.643:       Start processing HTTP request GET https://apidgp-gameplayer.games.dmm.com/gameplayer/filelist/29071
2024-01-03 21:35:01.643: info: System.Net.Http.HttpClient.Default.ClientHandler[100]
2024-01-03 21:35:01.643:       Sending HTTP request GET https://apidgp-gameplayer.games.dmm.com/gameplayer/filelist/29071
2024-01-03 21:35:02.240: info: System.Net.Http.HttpClient.Default.ClientHandler[101]
2024-01-03 21:35:02.240:       Received HTTP response headers after 598.1578ms - 200
2024-01-03 21:35:02.240: info: System.Net.Http.HttpClient.Default.LogicalHandler[101]
2024-01-03 21:35:02.240:       End processing HTTP request after 598.2027ms - 200
2024-01-03 21:42:02.183: info: MementoMori.BotServer.Plugins.MementoMoriQueryPlugin[0]
2024-01-03 21:42:02.183:       start retrieve notices
2024-01-03 21:42:03.054: info: MementoMori.BotServer.Plugins.MementoMoriQueryPlugin[0]
2024-01-03 21:42:03.054:       start retrieve notices
2024-01-03 21:45:02.252: info: System.Net.Http.HttpClient.Default.LogicalHandler[100]
2024-01-03 21:45:02.252:       Start processing HTTP request GET https://apidgp-gameplayer.games.dmm.com/gameplayer/filelist/29071
2024-01-03 21:45:02.252: info: System.Net.Http.HttpClient.Default.ClientHandler[100]
2024-01-03 21:45:02.252:       Sending HTTP request GET https://apidgp-gameplayer.games.dmm.com/gameplayer/filelist/29071
2024-01-03 21:45:02.844: info: System.Net.Http.HttpClient.Default.ClientHandler[101]
2024-01-03 21:45:02.844:       Received HTTP response headers after 592.2977ms - 200
2024-01-03 21:45:02.844: info: System.Net.Http.HttpClient.Default.LogicalHandler[101]
2024-01-03 21:45:02.844:       End processing HTTP request after 592.3476ms - 200
2024-01-03 21:52:03.277: info: MementoMori.BotServer.Plugins.MementoMoriQueryPlugin[0]
2024-01-03 21:52:03.277:       start retrieve notices
2024-01-03 21:52:04.443: info: MementoMori.BotServer.Plugins.MementoMoriQueryPlugin[0]
2024-01-03 21:52:04.443:       start retrieve notices
2024-01-03 21:55:02.852: info: System.Net.Http.HttpClient.Default.LogicalHandler[100]
2024-01-03 21:55:02.852:       Start processing HTTP request GET https://apidgp-gameplayer.games.dmm.com/gameplayer/filelist/29071
2024-01-03 21:55:02.852: info: System.Net.Http.HttpClient.Default.ClientHandler[100]
2024-01-03 21:55:02.852:       Sending HTTP request GET https://apidgp-gameplayer.games.dmm.com/gameplayer/filelist/29071
2024-01-03 21:55:03.483: info: System.Net.Http.HttpClient.Default.ClientHandler[101]
2024-01-03 21:55:03.483:       Received HTTP response headers after 631.6371ms - 200
2024-01-03 21:55:03.483: info: System.Net.Http.HttpClient.Default.LogicalHandler[101]
2024-01-03 21:55:03.483:       End processing HTTP request after 631.6915ms - 200
2024-01-03 22:02:04.698: info: MementoMori.BotServer.Plugins.MementoMoriQueryPlugin[0]
2024-01-03 22:02:04.698:       start retrieve notices
2024-01-03 22:02:05.787: info: MementoMori.BotServer.Plugins.MementoMoriQueryPlugin[0]
2024-01-03 22:02:05.787:       start retrieve notices
2024-01-03 22:05:03.489: info: System.Net.Http.HttpClient.Default.LogicalHandler[100]
2024-01-03 22:05:03.489:       Start processing HTTP request GET https://apidgp-gameplayer.games.dmm.com/gameplayer/filelist/29071
2024-01-03 22:05:03.489: info: System.Net.Http.HttpClient.Default.ClientHandler[100]
2024-01-03 22:05:03.489:       Sending HTTP request GET https://apidgp-gameplayer.games.dmm.com/gameplayer/filelist/29071
2024-01-03 22:05:04.245: info: System.Net.Http.HttpClient.Default.ClientHandler[101]
2024-01-03 22:05:04.245:       Received HTTP response headers after 755.9621ms - 200
2024-01-03 22:05:04.245: info: System.Net.Http.HttpClient.Default.LogicalHandler[101]
2024-01-03 22:05:04.245:       End processing HTTP request after 756.0172ms - 200
2024-01-03 22:12:06.023: info: MementoMori.BotServer.Plugins.MementoMoriQueryPlugin[0]
2024-01-03 22:12:06.023:       start retrieve notices
2024-01-03 22:12:07.050: info: MementoMori.BotServer.Plugins.MementoMoriQueryPlugin[0]
2024-01-03 22:12:07.050:       start retrieve notices
info: System.Net.Http.HttpClient.Default.LogicalHandler[100]
