2023-12-31 02:11:57.833:       auto updating master data
2023-12-31 02:11:57.834: info: MementoMori.MementoNetworkManager[0]
2023-12-31 02:11:57.834:       下载 master 目录中...
2023-12-31 02:11:59.973: info: MementoMori.MementoNetworkManager[0]
2023-12-31 02:11:59.973:       下载 master 目录完成
2023-12-31 02:13:46.514: info: System.Net.Http.HttpClient.Default.LogicalHandler[100]
2023-12-31 02:13:46.514:       Start processing HTTP request GET https://apidgp-gameplayer.games.dmm.com/gameplayer/filelist/29066
2023-12-31 02:13:46.514: info: System.Net.Http.HttpClient.Default.ClientHandler[100]
2023-12-31 02:13:46.523:       Sending HTTP request GET https://apidgp-gameplayer.games.dmm.com/gameplayer/filelist/29066
2023-12-31 02:13:47.393: info: System.Net.Http.HttpClient.Default.ClientHandler[101]
2023-12-31 02:13:47.393:       Received HTTP response headers after 879.2893ms - 200
2023-12-31 02:13:47.393: info: System.Net.Http.HttpClient.Default.LogicalHandler[101]
2023-12-31 02:13:47.393:       End processing HTTP request after 879.3385ms - 200
2023-12-31 02:16:21.030: info: MementoMori.BotServer.Plugins.MementoMoriQueryPlugin[0]
2023-12-31 02:16:21.030:       start retrieve notices
2023-12-31 02:16:22.252: info: MementoMori.BotServer.Plugins.MementoMoriQueryPlugin[0]
2023-12-31 02:16:22.252:       start retrieve notices
2023-12-31 02:23:47.400: info: System.Net.Http.HttpClient.Default.LogicalHandler[100]
2023-12-31 02:23:47.400:       Start processing HTTP request GET https://apidgp-gameplayer.games.dmm.com/gameplayer/filelist/29066
2023-12-31 02:23:47.400: info: System.Net.Http.HttpClient.Default.ClientHandler[100]
2023-12-31 02:23:47.400:       Sending HTTP request GET https://apidgp-gameplayer.games.dmm.com/gameplayer/filelist/29066
2023-12-31 02:23:48.306: info: System.Net.Http.HttpClient.Default.ClientHandler[101]
2023-12-31 02:23:48.306:       Received HTTP response headers after 905.7657ms - 200
2023-12-31 02:23:48.306: info: System.Net.Http.HttpClient.Default.LogicalHandler[101]
2023-12-31 02:23:48.306:       End processing HTTP request after 905.8066ms - 200
2023-12-31 02:26:22.576: info: MementoMori.BotServer.Plugins.MementoMoriQueryPlugin[0]
2023-12-31 02:26:22.576:       start retrieve notices
2023-12-31 02:26:25.299: info: MementoMori.BotServer.Plugins.MementoMoriQueryPlugin[0]
2023-12-31 02:26:25.299:       start retrieve notices
2023-12-31 02:33:48.317: info: System.Net.Http.HttpClient.Default.LogicalHandler[100]
2023-12-31 02:33:48.317:       Start processing HTTP request GET https://apidgp-gameplayer.games.dmm.com/gameplayer/filelist/29066
2023-12-31 02:33:48.317: info: System.Net.Http.HttpClient.Default.ClientHandler[100]
2023-12-31 02:33:48.317:       Sending HTTP request GET https://apidgp-gameplayer.games.dmm.com/gameplayer/filelist/29066
2023-12-31 02:33:49.181: info: System.Net.Http.HttpClient.Default.ClientHandler[101]
2023-12-31 02:33:49.181:       Received HTTP response headers after 864.184ms - 200
2023-12-31 02:33:49.181: info: System.Net.Http.HttpClient.Default.LogicalHandler[101]
2023-12-31 02:33:49.181:       End processing HTTP request after 864.2411ms - 200
2023-12-31 02:36:25.847: info: MementoMori.BotServer.Plugins.MementoMoriQueryPlugin[0]
2023-12-31 02:36:25.847:       start retrieve notices
2023-12-31 02:36:26.829: info: MementoMori.BotServer.Plugins.MementoMoriQueryPlugin[0]
2023-12-31 02:36:26.829:       start retrieve notices
2023-12-31 02:43:49.182: info: System.Net.Http.HttpClient.Default.LogicalHandler[100]
2023-12-31 02:43:49.182:       Start processing HTTP request GET https://apidgp-gameplayer.games.dmm.com/gameplayer/filelist/29066
2023-12-31 02:43:49.182: info: System.Net.Http.HttpClient.Default.ClientHandler[100]
2023-12-31 02:43:49.182:       Sending HTTP request GET https://apidgp-gameplayer.games.dmm.com/gameplayer/filelist/29066
2023-12-31 02:43:50.485: info: System.Net.Http.HttpClient.Default.ClientHandler[101]
2023-12-31 02:43:50.485:       Received HTTP response headers after 1302.7978ms - 200
2023-12-31 02:43:50.485: info: System.Net.Http.HttpClient.Default.LogicalHandler[101]
2023-12-31 02:43:50.485:       End processing HTTP request after 1302.8419ms - 200
2023-12-31 02:46:27.102: info: MementoMori.BotServer.Plugins.MementoMoriQueryPlugin[0]
2023-12-31 02:46:27.102:       start retrieve notices
2023-12-31 02:46:28.883: info: MementoMori.BotServer.Plugins.MementoMoriQueryPlugin[0]
2023-12-31 02:46:28.883:       start retrieve notices
2023-12-31 02:53:50.489: info: System.Net.Http.HttpClient.Default.LogicalHandler[100]
2023-12-31 02:53:50.489:       Start processing HTTP request GET https://apidgp-gameplayer.games.dmm.com/gameplayer/filelist/29066
2023-12-31 02:53:50.489: info: System.Net.Http.HttpClient.Default.ClientHandler[100]
2023-12-31 02:53:50.489:       Sending HTTP request GET https://apidgp-gameplayer.games.dmm.com/gameplayer/filelist/29066
2023-12-31 02:53:53.838: info: System.Net.Http.HttpClient.Default.ClientHandler[101]
2023-12-31 02:53:53.838:       Received HTTP response headers after 3349.0135ms - 200
2023-12-31 02:53:53.838: info: System.Net.Http.HttpClient.Default.LogicalHandler[101]
2023-12-31 02:53:53.838:       End processing HTTP request after 3349.0617ms - 200
2023-12-31 02:56:29.383: info: MementoMori.BotServer.Plugins.MementoMoriQueryPlugin[0]
2023-12-31 02:56:29.383:       start retrieve notices
2023-12-31 02:56:30.842: info: MementoMori.BotServer.Plugins.MementoMoriQueryPlugin[0]
2023-12-31 02:56:30.842:       start retrieve notices
2023-12-31 03:03:53.846: info: System.Net.Http.HttpClient.Default.LogicalHandler[100]
2023-12-31 03:03:53.846:       Start processing HTTP request GET https://apidgp-gameplayer.games.dmm.com/gameplayer/filelist/29066
2023-12-31 03:03:53.846: info: System.Net.Http.HttpClient.Default.ClientHandler[100]
2023-12-31 03:03:53.846:       Sending HTTP request GET https://apidgp-gameplayer.games.dmm.com/gameplayer/filelist/29066
2023-12-31 03:03:54.753: info: System.Net.Http.HttpClient.Default.ClientHandler[101]
2023-12-31 03:03:54.753:       Received HTTP response headers after 907.5917ms - 200
2023-12-31 03:03:54.753: info: System.Net.Http.HttpClient.Default.LogicalHandler[101]
2023-12-31 03:03:54.753:       End processing HTTP request after 907.6379ms - 200
2023-12-31 03:06:31.440: info: MementoMori.BotServer.Plugins.MementoMoriQueryPlugin[0]
2023-12-31 03:06:31.440:       start retrieve notices
2023-12-31 03:06:33.178: info: MementoMori.BotServer.Plugins.MementoMoriQueryPlugin[0]
2023-12-31 03:06:33.178:       start retrieve notices
2023-12-31 03:11:59.978: info: MementoMori.MementoNetworkManager[0]
2023-12-31 03:11:59.978:       auto updating master data
2023-12-31 03:11:59.978: info: MementoMori.MementoNetworkManager[0]
2023-12-31 03:11:59.978:       下载 master 目录中...
2023-12-31 03:12:02.857: info: MementoMori.MementoNetworkManager[0]
2023-12-31 03:12:02.857:       下载 master 目录完成
2023-12-31 03:13:54.763: info: System.Net.Http.HttpClient.Default.LogicalHandler[100]
2023-12-31 03:13:54.763:       Start processing HTTP request GET https://apidgp-gameplayer.games.dmm.com/gameplayer/filelist/29066
2023-12-31 03:13:54.763: info: System.Net.Http.HttpClient.Default.ClientHandler[100]
2023-12-31 03:13:54.763:       Sending HTTP request GET https://apidgp-gameplayer.games.dmm.com/gameplayer/filelist/29066
2023-12-31 03:13:58.423: info: System.Net.Http.HttpClient.Default.ClientHandler[101]
2023-12-31 03:13:58.423:       Received HTTP response headers after 3660.7482ms - 200
2023-12-31 03:13:58.423: info: System.Net.Http.HttpClient.Default.LogicalHandler[101]
2023-12-31 03:13:58.423:       End processing HTTP request after 3660.8004ms - 200
2023-12-31 03:16:33.523: info: MementoMori.BotServer.Plugins.MementoMoriQueryPlugin[0]
2023-12-31 03:16:33.523:       start retrieve notices
2023-12-31 03:16:34.661: info: MementoMori.BotServer.Plugins.MementoMoriQueryPlugin[0]
2023-12-31 03:16:34.661:       start retrieve notices
2023-12-31 03:23:58.425: info: System.Net.Http.HttpClient.Default.LogicalHandler[100]
2023-12-31 03:23:58.425:       Start processing HTTP request GET https://apidgp-gameplayer.games.dmm.com/gameplayer/filelist/29066
2023-12-31 03:23:58.425: info: System.Net.Http.HttpClient.Default.ClientHandler[100]
2023-12-31 03:23:58.425:       Sending HTTP request GET https://apidgp-gameplayer.games.dmm.com/gameplayer/filelist/29066
2023-12-31 03:24:01.032: info: System.Net.Http.HttpClient.Default.ClientHandler[101]
2023-12-31 03:24:01.032:       Received HTTP response headers after 2606.2224ms - 200
2023-12-31 03:24:01.032: info: System.Net.Http.HttpClient.Default.LogicalHandler[101]
2023-12-31 03:24:01.032:       End processing HTTP request after 2606.278ms - 200
2023-12-31 03:26:35.217: info: MementoMori.BotServer.Plugins.MementoMoriQueryPlugin[0]
2023-12-31 03:26:35.217:       start retrieve notices
2023-12-31 03:26:37.558: info: MementoMori.BotServer.Plugins.MementoMoriQueryPlugin[0]
2023-12-31 03:26:37.558:       start retrieve notices
2023-12-31 03:34:01.040: info: System.Net.Http.HttpClient.Default.LogicalHandler[100]
2023-12-31 03:34:01.040:       Start processing HTTP request GET https://apidgp-gameplayer.games.dmm.com/gameplayer/filelist/29066
2023-12-31 03:34:01.040: info: System.Net.Http.HttpClient.Default.ClientHandler[100]
2023-12-31 03:34:01.040:       Sending HTTP request GET https://apidgp-gameplayer.games.dmm.com/gameplayer/filelist/29066
2023-12-31 03:34:06.739: info: System.Net.Http.HttpClient.Default.ClientHandler[101]
2023-12-31 03:34:06.739:       Received HTTP response headers after 5699.2107ms - 200
2023-12-31 03:34:06.739: info: System.Net.Http.HttpClient.Default.LogicalHandler[101]
2023-12-31 03:34:06.739:       End processing HTTP request after 5699.2762ms - 200
2023-12-31 03:36:02.144: info: MementoMori.BotServer.Plugins.MementoMoriQueryPlugin[0]
2023-12-31 03:36:02.144:       QueryMainQuerst 21-23
2023-12-31 03:36:38.130: info: MementoMori.BotServer.Plugins.MementoMoriQueryPlugin[0]
2023-12-31 03:36:38.130:       start retrieve notices
2023-12-31 03:36:40.094: info: MementoMori.BotServer.Plugins.MementoMoriQueryPlugin[0]
2023-12-31 03:36:40.094:       start retrieve notices
2023-12-31 03:44:06.749: info: System.Net.Http.HttpClient.Default.LogicalHandler[100]
2023-12-31 03:44:06.749:       Start processing HTTP request GET https://apidgp-gameplayer.games.dmm.com/gameplayer/filelist/29066
2023-12-31 03:44:06.749: info: System.Net.Http.HttpClient.Default.ClientHandler[100]
2023-12-31 03:44:06.749:       Sending HTTP request GET https://apidgp-gameplayer.games.dmm.com/gameplayer/filelist/29066
2023-12-31 03:44:13.473: info: System.Net.Http.HttpClient.Default.ClientHandler[101]
2023-12-31 03:44:13.473:       Received HTTP response headers after 6724.6991ms - 200
2023-12-31 03:44:13.473: info: System.Net.Http.HttpClient.Default.LogicalHandler[101]
2023-12-31 03:44:13.473:       End processing HTTP request after 6724.7587ms - 200
2023-12-31 03:46:40.570: info: MementoMori.BotServer.Plugins.MementoMoriQueryPlugin[0]
2023-12-31 03:46:40.570:       start retrieve notices
2023-12-31 03:46:41.984: info: MementoMori.BotServer.Plugins.MementoMoriQueryPlugin[0]
2023-12-31 03:46:41.984:       start retrieve notices
2023-12-31 03:51:14.753: info: MementoMori.BotServer.Plugins.MementoMoriQueryPlugin[0]
2023-12-31 03:51:14.753:       QueryMainQuerst 21-25
2023-12-31 03:52:51.218: info: MementoMori.BotServer.Plugins.MementoMoriQueryPlugin[0]
2023-12-31 03:52:51.218:       QueryMainQuerst 99-99
2023-12-31 03:54:13.478: info: System.Net.Http.HttpClient.Default.LogicalHandler[100]
2023-12-31 03:54:13.478:       Start processing HTTP request GET https://apidgp-gameplayer.games.dmm.com/gameplayer/filelist/29066
2023-12-31 03:54:13.478: info: System.Net.Http.HttpClient.Default.ClientHandler[100]
2023-12-31 03:54:13.478:       Sending HTTP request GET https://apidgp-gameplayer.games.dmm.com/gameplayer/filelist/29066
2023-12-31 03:54:14.382: info: System.Net.Http.HttpClient.Default.ClientHandler[101]
2023-12-31 03:54:14.382:       Received HTTP response headers after 903.6065ms - 200
2023-12-31 03:54:14.382: info: System.Net.Http.HttpClient.Default.LogicalHandler[101]
2023-12-31 03:54:14.382:       End processing HTTP request after 903.6582ms - 200
2023-12-31 03:56:42.496: info: MementoMori.BotServer.Plugins.MementoMoriQueryPlugin[0]
2023-12-31 03:56:42.496:       start retrieve notices
2023-12-31 03:56:43.935: info: MementoMori.BotServer.Plugins.MementoMoriQueryPlugin[0]
2023-12-31 03:56:43.935:       start retrieve notices
2023-12-31 04:01:18.400: info: MementoMori.BotServer.Plugins.MementoMoriQueryPlugin[0]
2023-12-31 04:01:18.400:       QueryMainQuerst 25-20
2023-12-31 04:01:31.276: info: MementoMori.BotServer.Plugins.MementoMoriQueryPlugin[0]
2023-12-31 04:01:31.276:       QueryMainQuerst 27-28
2023-12-31 04:02:24.742: info: MementoMori.BotServer.Plugins.MementoMoriQueryPlugin[0]
2023-12-31 04:02:24.742:       QueryMainQuerst 28-1
2023-12-31 04:02:45.663: info: MementoMori.BotServer.Plugins.MementoMoriQueryPlugin[0]
2023-12-31 04:02:45.663:       QueryMainQuerst 28-28
2023-12-31 04:04:14.391: info: System.Net.Http.HttpClient.Default.LogicalHandler[100]
2023-12-31 04:04:14.391:       Start processing HTTP request GET https://apidgp-gameplayer.games.dmm.com/gameplayer/filelist/29066
2023-12-31 04:04:14.391: info: System.Net.Http.HttpClient.Default.ClientHandler[100]
2023-12-31 04:04:14.391:       Sending HTTP request GET https://apidgp-gameplayer.games.dmm.com/gameplayer/filelist/29066
2023-12-31 04:04:15.537: info: System.Net.Http.HttpClient.Default.ClientHandler[101]
2023-12-31 04:04:15.537:       Received HTTP response headers after 1145.6852ms - 200
2023-12-31 04:04:15.537: info: System.Net.Http.HttpClient.Default.LogicalHandler[101]
2023-12-31 04:04:15.537:       End processing HTTP request after 1145.74ms - 200
2023-12-31 04:06:44.911: info: MementoMori.BotServer.Plugins.MementoMoriQueryPlugin[0]
2023-12-31 04:06:44.911:       start retrieve notices
2023-12-31 04:06:46.075: info: MementoMori.BotServer.Plugins.MementoMoriQueryPlugin[0]
2023-12-31 04:06:46.075:       start retrieve notices
2023-12-31 04:09:33.381: info: MementoMori.BotServer.Plugins.MementoMoriQueryPlugin[0]
2023-12-31 04:09:33.381:       QueryMainQuerst 28-40
2023-12-31 04:12:02.861: info: MementoMori.MementoNetworkManager[0]
2023-12-31 04:12:02.861:       auto updating master data
2023-12-31 04:12:02.861: info: MementoMori.MementoNetworkManager[0]
2023-12-31 04:12:02.861:       下载 master 目录中...
2023-12-31 04:12:04.950: info: MementoMori.MementoNetworkManager[0]
2023-12-31 04:12:04.950:       下载 master 目录完成
2023-12-31 04:12:28.905: info: MementoMori.BotServer.Plugins.MementoMoriQueryPlugin[0]
2023-12-31 04:12:28.905:       QueryMainQuerst 29-40
2023-12-31 04:14:15.547: info: System.Net.Http.HttpClient.Default.LogicalHandler[100]
2023-12-31 04:14:15.547:       Start processing HTTP request GET https://apidgp-gameplayer.games.dmm.com/gameplayer/filelist/29066
2023-12-31 04:14:15.547: info: System.Net.Http.HttpClient.Default.ClientHandler[100]
2023-12-31 04:14:15.547:       Sending HTTP request GET https://apidgp-gameplayer.games.dmm.com/gameplayer/filelist/29066
2023-12-31 04:14:16.493: info: System.Net.Http.HttpClient.Default.ClientHandler[101]
2023-12-31 04:14:16.493:       Received HTTP response headers after 946.422ms - 200
2023-12-31 04:14:16.493: info: System.Net.Http.HttpClient.Default.LogicalHandler[101]
2023-12-31 04:14:16.493:       End processing HTTP request after 946.4767ms - 200
2023-12-31 04:16:46.402: info: MementoMori.BotServer.Plugins.MementoMoriQueryPlugin[0]
2023-12-31 04:16:46.402:       start retrieve notices
2023-12-31 04:16:48.156: info: MementoMori.BotServer.Plugins.MementoMoriQueryPlugin[0]
2023-12-31 04:16:48.156:       start retrieve notices
2023-12-31 04:24:16.505: info: System.Net.Http.HttpClient.Default.LogicalHandler[100]
2023-12-31 04:24:16.505:       Start processing HTTP request GET https://apidgp-gameplayer.games.dmm.com/gameplayer/filelist/29066
2023-12-31 04:24:16.505: info: System.Net.Http.HttpClient.Default.ClientHandler[100]
2023-12-31 04:24:16.505:       Sending HTTP request GET https://apidgp-gameplayer.games.dmm.com/gameplayer/filelist/29066
2023-12-31 04:24:18.424: info: System.Net.Http.HttpClient.Default.ClientHandler[101]
2023-12-31 04:24:18.424:       Received HTTP response headers after 1919.3611ms - 200
2023-12-31 04:24:18.424: info: System.Net.Http.HttpClient.Default.LogicalHandler[101]
2023-12-31 04:24:18.424:       End processing HTTP request after 1919.4211ms - 200
2023-12-31 04:26:48.703: info: MementoMori.BotServer.Plugins.MementoMoriQueryPlugin[0]
2023-12-31 04:26:48.703:       start retrieve notices
2023-12-31 04:26:50.326: info: MementoMori.BotServer.Plugins.MementoMoriQueryPlugin[0]
2023-12-31 04:26:50.326:       start retrieve notices
2023-12-31 04:34:18.425: info: System.Net.Http.HttpClient.Default.LogicalHandler[100]
2023-12-31 04:34:18.425:       Start processing HTTP request GET https://apidgp-gameplayer.games.dmm.com/gameplayer/filelist/29066
2023-12-31 04:34:18.425: info: System.Net.Http.HttpClient.Default.ClientHandler[100]
2023-12-31 04:34:18.425:       Sending HTTP request GET https://apidgp-gameplayer.games.dmm.com/gameplayer/filelist/29066
2023-12-31 04:34:21.989: info: System.Net.Http.HttpClient.Default.ClientHandler[101]
2023-12-31 04:34:21.989:       Received HTTP response headers after 3564.0074ms - 200
2023-12-31 04:34:21.989: info: System.Net.Http.HttpClient.Default.LogicalHandler[101]
2023-12-31 04:34:21.989:       End processing HTTP request after 3564.055ms - 200
2023-12-31 04:36:50.822: info: MementoMori.BotServer.Plugins.MementoMoriQueryPlugin[0]
2023-12-31 04:36:50.822:       start retrieve notices
2023-12-31 04:36:52.737: info: MementoMori.BotServer.Plugins.MementoMoriQueryPlugin[0]
2023-12-31 04:36:52.737:       start retrieve notices
2023-12-31 04:44:22.000: info: System.Net.Http.HttpClient.Default.LogicalHandler[100]
2023-12-31 04:44:22.000:       Start processing HTTP request GET https://apidgp-gameplayer.games.dmm.com/gameplayer/filelist/29066
2023-12-31 04:44:22.000: info: System.Net.Http.HttpClient.Default.ClientHandler[100]
2023-12-31 04:44:22.000:       Sending HTTP request GET https://apidgp-gameplayer.games.dmm.com/gameplayer/filelist/29066
info: System.Net.Http.HttpClient.Default.ClientHandler[101]
