2023-12-28 22:40:13.150:       End processing HTTP request after 627.65ms - 200
2023-12-28 22:41:59.952: info: MementoMori.BotServer.Plugins.MementoMoriQueryPlugin[0]
2023-12-28 22:41:59.952:       start retrieve notices
2023-12-28 22:42:00.980: info: MementoMori.BotServer.Plugins.MementoMoriQueryPlugin[0]
2023-12-28 22:42:00.980:       start retrieve notices
2023-12-28 22:48:15.359: info: MementoMori.MementoNetworkManager[0]
2023-12-28 22:48:15.359:       auto updating master data
2023-12-28 22:48:15.359: info: MementoMori.MementoNetworkManager[0]
2023-12-28 22:48:15.359:       下载 master 目录中...
2023-12-28 22:48:17.150: info: MementoMori.MementoNetworkManager[0]
2023-12-28 22:48:17.150:       下载 master 目录完成
2023-12-28 22:50:13.159: info: System.Net.Http.HttpClient.Default.LogicalHandler[100]
2023-12-28 22:50:13.159:       Start processing HTTP request GET https://apidgp-gameplayer.games.dmm.com/gameplayer/filelist/29060
2023-12-28 22:50:13.159: info: System.Net.Http.HttpClient.Default.ClientHandler[100]
2023-12-28 22:50:13.159:       Sending HTTP request GET https://apidgp-gameplayer.games.dmm.com/gameplayer/filelist/29060
2023-12-28 22:50:13.784: info: System.Net.Http.HttpClient.Default.ClientHandler[101]
2023-12-28 22:50:13.784:       Received HTTP response headers after 625.3007ms - 200
2023-12-28 22:50:13.784: info: System.Net.Http.HttpClient.Default.LogicalHandler[101]
2023-12-28 22:50:13.784:       End processing HTTP request after 625.3493ms - 200
2023-12-28 22:52:01.314: info: MementoMori.BotServer.Plugins.MementoMoriQueryPlugin[0]
2023-12-28 22:52:01.314:       start retrieve notices
2023-12-28 22:52:02.164: info: MementoMori.BotServer.Plugins.MementoMoriQueryPlugin[0]
2023-12-28 22:52:02.164:       start retrieve notices
2023-12-28 23:00:13.788: info: System.Net.Http.HttpClient.Default.LogicalHandler[100]
2023-12-28 23:00:13.788:       Start processing HTTP request GET https://apidgp-gameplayer.games.dmm.com/gameplayer/filelist/29060
2023-12-28 23:00:13.788: info: System.Net.Http.HttpClient.Default.ClientHandler[100]
2023-12-28 23:00:13.788:       Sending HTTP request GET https://apidgp-gameplayer.games.dmm.com/gameplayer/filelist/29060
2023-12-28 23:00:14.424: info: System.Net.Http.HttpClient.Default.ClientHandler[101]
2023-12-28 23:00:14.424:       Received HTTP response headers after 635.8296ms - 200
2023-12-28 23:00:14.424: info: System.Net.Http.HttpClient.Default.LogicalHandler[101]
2023-12-28 23:00:14.424:       End processing HTTP request after 635.8774ms - 200
2023-12-28 23:02:02.451: info: MementoMori.BotServer.Plugins.MementoMoriQueryPlugin[0]
2023-12-28 23:02:02.451:       start retrieve notices
2023-12-28 23:02:03.529: info: MementoMori.BotServer.Plugins.MementoMoriQueryPlugin[0]
2023-12-28 23:02:03.529:       start retrieve notices
2023-12-28 23:10:14.424: info: System.Net.Http.HttpClient.Default.LogicalHandler[100]
2023-12-28 23:10:14.424:       Start processing HTTP request GET https://apidgp-gameplayer.games.dmm.com/gameplayer/filelist/29060
2023-12-28 23:10:14.424: info: System.Net.Http.HttpClient.Default.ClientHandler[100]
2023-12-28 23:10:14.424:       Sending HTTP request GET https://apidgp-gameplayer.games.dmm.com/gameplayer/filelist/29060
2023-12-28 23:10:15.119: info: System.Net.Http.HttpClient.Default.ClientHandler[101]
2023-12-28 23:10:15.119:       Received HTTP response headers after 695.4117ms - 200
2023-12-28 23:10:15.119: info: System.Net.Http.HttpClient.Default.LogicalHandler[101]
2023-12-28 23:10:15.119:       End processing HTTP request after 695.4579ms - 200
2023-12-28 23:12:03.815: info: MementoMori.BotServer.Plugins.MementoMoriQueryPlugin[0]
2023-12-28 23:12:03.815:       start retrieve notices
2023-12-28 23:12:05.116: info: MementoMori.BotServer.Plugins.MementoMoriQueryPlugin[0]
2023-12-28 23:12:05.116:       start retrieve notices
2023-12-28 23:20:15.129: info: System.Net.Http.HttpClient.Default.LogicalHandler[100]
2023-12-28 23:20:15.129:       Start processing HTTP request GET https://apidgp-gameplayer.games.dmm.com/gameplayer/filelist/29060
2023-12-28 23:20:15.129: info: System.Net.Http.HttpClient.Default.ClientHandler[100]
2023-12-28 23:20:15.129:       Sending HTTP request GET https://apidgp-gameplayer.games.dmm.com/gameplayer/filelist/29060
2023-12-28 23:20:16.096: info: System.Net.Http.HttpClient.Default.ClientHandler[101]
2023-12-28 23:20:16.096:       Received HTTP response headers after 966.2141ms - 200
2023-12-28 23:20:16.096: info: System.Net.Http.HttpClient.Default.LogicalHandler[101]
2023-12-28 23:20:16.096:       End processing HTTP request after 966.2702ms - 200
2023-12-28 23:22:05.473: info: MementoMori.BotServer.Plugins.MementoMoriQueryPlugin[0]
2023-12-28 23:22:05.473:       start retrieve notices
2023-12-28 23:22:06.398: info: MementoMori.BotServer.Plugins.MementoMoriQueryPlugin[0]
2023-12-28 23:22:06.398:       start retrieve notices
2023-12-28 23:30:16.106: info: System.Net.Http.HttpClient.Default.LogicalHandler[100]
2023-12-28 23:30:16.106:       Start processing HTTP request GET https://apidgp-gameplayer.games.dmm.com/gameplayer/filelist/29060
2023-12-28 23:30:16.106: info: System.Net.Http.HttpClient.Default.ClientHandler[100]
2023-12-28 23:30:16.106:       Sending HTTP request GET https://apidgp-gameplayer.games.dmm.com/gameplayer/filelist/29060
2023-12-28 23:30:16.775: info: System.Net.Http.HttpClient.Default.ClientHandler[101]
2023-12-28 23:30:16.775:       Received HTTP response headers after 669.1267ms - 200
2023-12-28 23:30:16.775: info: System.Net.Http.HttpClient.Default.LogicalHandler[101]
2023-12-28 23:30:16.775:       End processing HTTP request after 669.176ms - 200
2023-12-28 23:32:06.690: info: MementoMori.BotServer.Plugins.MementoMoriQueryPlugin[0]
2023-12-28 23:32:06.690:       start retrieve notices
2023-12-28 23:32:07.811: info: MementoMori.BotServer.Plugins.MementoMoriQueryPlugin[0]
2023-12-28 23:32:07.811:       start retrieve notices
2023-12-28 23:40:16.783: info: System.Net.Http.HttpClient.Default.LogicalHandler[100]
2023-12-28 23:40:16.783:       Start processing HTTP request GET https://apidgp-gameplayer.games.dmm.com/gameplayer/filelist/29060
2023-12-28 23:40:16.783: info: System.Net.Http.HttpClient.Default.ClientHandler[100]
2023-12-28 23:40:16.783:       Sending HTTP request GET https://apidgp-gameplayer.games.dmm.com/gameplayer/filelist/29060
2023-12-28 23:40:17.397: info: System.Net.Http.HttpClient.Default.ClientHandler[101]
2023-12-28 23:40:17.397:       Received HTTP response headers after 614.1884ms - 200
2023-12-28 23:40:17.397: info: System.Net.Http.HttpClient.Default.LogicalHandler[101]
2023-12-28 23:40:17.397:       End processing HTTP request after 614.2365ms - 200
2023-12-28 23:42:08.112: info: MementoMori.BotServer.Plugins.MementoMoriQueryPlugin[0]
2023-12-28 23:42:08.112:       start retrieve notices
2023-12-28 23:42:09.032: info: MementoMori.BotServer.Plugins.MementoMoriQueryPlugin[0]
2023-12-28 23:42:09.032:       start retrieve notices
2023-12-28 23:48:17.156: info: MementoMori.MementoNetworkManager[0]
2023-12-28 23:48:17.156:       auto updating master data
2023-12-28 23:48:17.156: info: MementoMori.MementoNetworkManager[0]
2023-12-28 23:48:17.156:       下载 master 目录中...
2023-12-28 23:48:19.207: info: MementoMori.MementoNetworkManager[0]
2023-12-28 23:48:19.207:       下载 master 目录完成
2023-12-28 23:50:17.403: info: System.Net.Http.HttpClient.Default.LogicalHandler[100]
2023-12-28 23:50:17.403:       Start processing HTTP request GET https://apidgp-gameplayer.games.dmm.com/gameplayer/filelist/29060
2023-12-28 23:50:17.403: info: System.Net.Http.HttpClient.Default.ClientHandler[100]
2023-12-28 23:50:17.403:       Sending HTTP request GET https://apidgp-gameplayer.games.dmm.com/gameplayer/filelist/29060
2023-12-28 23:50:17.993: info: System.Net.Http.HttpClient.Default.ClientHandler[101]
2023-12-28 23:50:18.000:       Received HTTP response headers after 590.1641ms - 200
2023-12-28 23:50:18.000: info: System.Net.Http.HttpClient.Default.LogicalHandler[101]
2023-12-28 23:50:18.000:       End processing HTTP request after 590.2111ms - 200
2023-12-28 23:52:09.325: info: MementoMori.BotServer.Plugins.MementoMoriQueryPlugin[0]
2023-12-28 23:52:09.325:       start retrieve notices
2023-12-28 23:52:10.383: info: MementoMori.BotServer.Plugins.MementoMoriQueryPlugin[0]
2023-12-28 23:52:10.383:       start retrieve notices
2023-12-29 00:00:18.006: info: System.Net.Http.HttpClient.Default.LogicalHandler[100]
2023-12-29 00:00:18.006:       Start processing HTTP request GET https://apidgp-gameplayer.games.dmm.com/gameplayer/filelist/29060
2023-12-29 00:00:18.006: info: System.Net.Http.HttpClient.Default.ClientHandler[100]
2023-12-29 00:00:18.006:       Sending HTTP request GET https://apidgp-gameplayer.games.dmm.com/gameplayer/filelist/29060
2023-12-29 00:00:18.653: info: System.Net.Http.HttpClient.Default.ClientHandler[101]
2023-12-29 00:00:18.653:       Received HTTP response headers after 646.9851ms - 200
2023-12-29 00:00:18.653: info: System.Net.Http.HttpClient.Default.LogicalHandler[101]
2023-12-29 00:00:18.653:       End processing HTTP request after 647.033ms - 200
2023-12-29 00:02:10.677: info: MementoMori.BotServer.Plugins.MementoMoriQueryPlugin[0]
2023-12-29 00:02:10.677:       start retrieve notices
2023-12-29 00:02:11.772: info: MementoMori.BotServer.Plugins.MementoMoriQueryPlugin[0]
2023-12-29 00:02:11.772:       start retrieve notices
2023-12-29 00:10:18.666: info: System.Net.Http.HttpClient.Default.LogicalHandler[100]
2023-12-29 00:10:18.666:       Start processing HTTP request GET https://apidgp-gameplayer.games.dmm.com/gameplayer/filelist/29060
2023-12-29 00:10:18.666: info: System.Net.Http.HttpClient.Default.ClientHandler[100]
2023-12-29 00:10:18.666:       Sending HTTP request GET https://apidgp-gameplayer.games.dmm.com/gameplayer/filelist/29060
2023-12-29 00:10:19.351: info: System.Net.Http.HttpClient.Default.ClientHandler[101]
2023-12-29 00:10:19.351:       Received HTTP response headers after 685.4309ms - 200
2023-12-29 00:10:19.351: info: System.Net.Http.HttpClient.Default.LogicalHandler[101]
2023-12-29 00:10:19.351:       End processing HTTP request after 685.4788ms - 200
2023-12-29 00:12:12.070: info: MementoMori.BotServer.Plugins.MementoMoriQueryPlugin[0]
2023-12-29 00:12:12.070:       start retrieve notices
2023-12-29 00:12:13.011: info: MementoMori.BotServer.Plugins.MementoMoriQueryPlugin[0]
2023-12-29 00:12:13.011:       start retrieve notices
2023-12-29 00:20:19.359: info: System.Net.Http.HttpClient.Default.LogicalHandler[100]
2023-12-29 00:20:19.359:       Start processing HTTP request GET https://apidgp-gameplayer.games.dmm.com/gameplayer/filelist/29060
2023-12-29 00:20:19.359: info: System.Net.Http.HttpClient.Default.ClientHandler[100]
2023-12-29 00:20:19.359:       Sending HTTP request GET https://apidgp-gameplayer.games.dmm.com/gameplayer/filelist/29060
2023-12-29 00:20:20.057: info: System.Net.Http.HttpClient.Default.ClientHandler[101]
2023-12-29 00:20:20.057:       Received HTTP response headers after 698.934ms - 200
2023-12-29 00:20:20.057: info: System.Net.Http.HttpClient.Default.LogicalHandler[101]
2023-12-29 00:20:20.057:       End processing HTTP request after 698.9815ms - 200
2023-12-29 00:22:13.306: info: MementoMori.BotServer.Plugins.MementoMoriQueryPlugin[0]
2023-12-29 00:22:13.306:       start retrieve notices
2023-12-29 00:22:14.524: info: MementoMori.BotServer.Plugins.MementoMoriQueryPlugin[0]
2023-12-29 00:22:14.524:       start retrieve notices
2023-12-29 00:30:20.069: info: System.Net.Http.HttpClient.Default.LogicalHandler[100]
2023-12-29 00:30:20.069:       Start processing HTTP request GET https://apidgp-gameplayer.games.dmm.com/gameplayer/filelist/29060
2023-12-29 00:30:20.069: info: System.Net.Http.HttpClient.Default.ClientHandler[100]
2023-12-29 00:30:20.069:       Sending HTTP request GET https://apidgp-gameplayer.games.dmm.com/gameplayer/filelist/29060
2023-12-29 00:30:20.759: info: System.Net.Http.HttpClient.Default.ClientHandler[101]
2023-12-29 00:30:20.759:       Received HTTP response headers after 690.2319ms - 200
2023-12-29 00:30:20.759: info: System.Net.Http.HttpClient.Default.LogicalHandler[101]
2023-12-29 00:30:20.759:       End processing HTTP request after 690.2824ms - 200
2023-12-29 00:32:14.871: info: MementoMori.BotServer.Plugins.MementoMoriQueryPlugin[0]
2023-12-29 00:32:14.871:       start retrieve notices
2023-12-29 00:32:15.778: info: MementoMori.BotServer.Plugins.MementoMoriQueryPlugin[0]
2023-12-29 00:32:15.778:       start retrieve notices
2023-12-29 00:40:20.770: info: System.Net.Http.HttpClient.Default.LogicalHandler[100]
2023-12-29 00:40:20.770:       Start processing HTTP request GET https://apidgp-gameplayer.games.dmm.com/gameplayer/filelist/29060
2023-12-29 00:40:20.770: info: System.Net.Http.HttpClient.Default.ClientHandler[100]
2023-12-29 00:40:20.770:       Sending HTTP request GET https://apidgp-gameplayer.games.dmm.com/gameplayer/filelist/29060
2023-12-29 00:40:21.456: info: System.Net.Http.HttpClient.Default.ClientHandler[101]
2023-12-29 00:40:21.456:       Received HTTP response headers after 687.33ms - 200
2023-12-29 00:40:21.456: info: System.Net.Http.HttpClient.Default.LogicalHandler[101]
2023-12-29 00:40:21.456:       End processing HTTP request after 687.3774ms - 200
2023-12-29 00:42:16.063: info: MementoMori.BotServer.Plugins.MementoMoriQueryPlugin[0]
2023-12-29 00:42:16.063:       start retrieve notices
2023-12-29 00:42:17.325: info: MementoMori.BotServer.Plugins.MementoMoriQueryPlugin[0]
2023-12-29 00:42:17.325:       start retrieve notices
2023-12-29 00:48:19.216: info: MementoMori.MementoNetworkManager[0]
2023-12-29 00:48:19.216:       auto updating master data
2023-12-29 00:48:19.216: info: MementoMori.MementoNetworkManager[0]
2023-12-29 00:48:19.216:       下载 master 目录中...
2023-12-29 00:48:20.976: info: MementoMori.MementoNetworkManager[0]
2023-12-29 00:48:20.976:       下载 master 目录完成
2023-12-29 00:50:21.459: info: System.Net.Http.HttpClient.Default.LogicalHandler[100]
2023-12-29 00:50:21.459:       Start processing HTTP request GET https://apidgp-gameplayer.games.dmm.com/gameplayer/filelist/29060
2023-12-29 00:50:21.459: info: System.Net.Http.HttpClient.Default.ClientHandler[100]
2023-12-29 00:50:21.459:       Sending HTTP request GET https://apidgp-gameplayer.games.dmm.com/gameplayer/filelist/29060
2023-12-29 00:50:22.066: info: System.Net.Http.HttpClient.Default.ClientHandler[101]
2023-12-29 00:50:22.067:       Received HTTP response headers after 607.2362ms - 200
2023-12-29 00:50:22.067: info: System.Net.Http.HttpClient.Default.LogicalHandler[101]
2023-12-29 00:50:22.067:       End processing HTTP request after 607.2874ms - 200
2023-12-29 00:52:17.680: info: MementoMori.BotServer.Plugins.MementoMoriQueryPlugin[0]
2023-12-29 00:52:17.680:       start retrieve notices
2023-12-29 00:52:18.874: info: MementoMori.BotServer.Plugins.MementoMoriQueryPlugin[0]
2023-12-29 00:52:18.874:       start retrieve notices
2023-12-29 01:00:22.080: info: System.Net.Http.HttpClient.Default.LogicalHandler[100]
2023-12-29 01:00:22.080:       Start processing HTTP request GET https://apidgp-gameplayer.games.dmm.com/gameplayer/filelist/29060
2023-12-29 01:00:22.080: info: System.Net.Http.HttpClient.Default.ClientHandler[100]
2023-12-29 01:00:22.080:       Sending HTTP request GET https://apidgp-gameplayer.games.dmm.com/gameplayer/filelist/29060
2023-12-29 01:00:22.748: info: System.Net.Http.HttpClient.Default.ClientHandler[101]
2023-12-29 01:00:22.748:       Received HTTP response headers after 668.8596ms - 200
2023-12-29 01:00:22.748: info: System.Net.Http.HttpClient.Default.LogicalHandler[101]
2023-12-29 01:00:22.748:       End processing HTTP request after 668.9231ms - 200
2023-12-29 01:02:19.217: info: MementoMori.BotServer.Plugins.MementoMoriQueryPlugin[0]
2023-12-29 01:02:19.217:       start retrieve notices
2023-12-29 01:02:20.201: info: MementoMori.BotServer.Plugins.MementoMoriQueryPlugin[0]
2023-12-29 01:02:20.201:       start retrieve notices
2023-12-29 01:10:22.748: info: System.Net.Http.HttpClient.Default.LogicalHandler[100]
2023-12-29 01:10:22.748:       Start processing HTTP request GET https://apidgp-gameplayer.games.dmm.com/gameplayer/filelist/29060
2023-12-29 01:10:22.748: info: System.Net.Http.HttpClient.Default.ClientHandler[100]
2023-12-29 01:10:22.748:       Sending HTTP request GET https://apidgp-gameplayer.games.dmm.com/gameplayer/filelist/29060
2023-12-29 01:10:23.382: info: System.Net.Http.HttpClient.Default.ClientHandler[101]
2023-12-29 01:10:23.382:       Received HTTP response headers after 635.3199ms - 200
2023-12-29 01:10:23.382: info: System.Net.Http.HttpClient.Default.LogicalHandler[101]
2023-12-29 01:10:23.382:       End processing HTTP request after 635.3709ms - 200
2023-12-29 01:12:20.526: info: MementoMori.BotServer.Plugins.MementoMoriQueryPlugin[0]
2023-12-29 01:12:20.526:       start retrieve notices
2023-12-29 01:12:21.654: info: MementoMori.BotServer.Plugins.MementoMoriQueryPlugin[0]
2023-12-29 01:12:21.654:       start retrieve notices
2023-12-29 01:20:23.396: info: System.Net.Http.HttpClient.Default.LogicalHandler[100]
2023-12-29 01:20:23.396:       Start processing HTTP request GET https://apidgp-gameplayer.games.dmm.com/gameplayer/filelist/29060
2023-12-29 01:20:23.396: info: System.Net.Http.HttpClient.Default.ClientHandler[100]
2023-12-29 01:20:23.396:       Sending HTTP request GET https://apidgp-gameplayer.games.dmm.com/gameplayer/filelist/29060
2023-12-29 01:20:24.109: info: System.Net.Http.HttpClient.Default.ClientHandler[101]
2023-12-29 01:20:24.109:       Received HTTP response headers after 714.0229ms - 200
2023-12-29 01:20:24.109: info: System.Net.Http.HttpClient.Default.LogicalHandler[101]
2023-12-29 01:20:24.109:       End processing HTTP request after 714.0901ms - 200
2023-12-29 01:22:21.940: info: MementoMori.BotServer.Plugins.MementoMoriQueryPlugin[0]
2023-12-29 01:22:21.940:       start retrieve notices
2023-12-29 01:22:23.289: info: MementoMori.BotServer.Plugins.MementoMoriQueryPlugin[0]
2023-12-29 01:22:23.289:       start retrieve notices
2023-12-29 01:30:24.120: info: System.Net.Http.HttpClient.Default.LogicalHandler[100]
2023-12-29 01:30:24.120:       Start processing HTTP request GET https://apidgp-gameplayer.games.dmm.com/gameplayer/filelist/29060
2023-12-29 01:30:24.120: info: System.Net.Http.HttpClient.Default.ClientHandler[100]
2023-12-29 01:30:24.120:       Sending HTTP request GET https://apidgp-gameplayer.games.dmm.com/gameplayer/filelist/29060
info: System.Net.Http.HttpClient.Default.ClientHandler[101]
