2023-12-29 14:31:42.758:       End processing HTTP request after 940.041ms - 200
2023-12-29 14:34:19.781: info: MementoMori.BotServer.Plugins.MementoMoriQueryPlugin[0]
2023-12-29 14:34:19.781:       start retrieve notices
2023-12-29 14:34:24.889: fail: MementoMori.BotServer.Plugins.MementoMoriQueryPlugin[0]
2023-12-29 14:34:24.889:       get notice failed
2023-12-29 14:34:24.889:       System.Net.Http.HttpRequestException: The SSL connection could not be established, see inner exception.
2023-12-29 14:34:24.889:        ---> System.IO.IOException: Received an unexpected EOF or 0 bytes from the transport stream.
2023-12-29 14:34:24.899:          at System.Net.Security.SslStream.ReceiveHandshakeFrameAsync[TIOAdapter](CancellationToken cancellationToken)
2023-12-29 14:34:24.899:          at System.Net.Security.SslStream.ForceAuthenticationAsync[TIOAdapter](Boolean receiveFirst, Byte[] reAuthenticationData, CancellationToken cancellationToken)
2023-12-29 14:34:24.899:          at System.Net.Http.ConnectHelper.EstablishSslConnectionAsync(SslClientAuthenticationOptions sslOptions, HttpRequestMessage request, Boolean async, Stream stream, CancellationToken cancellationToken)
2023-12-29 14:34:24.899:          --- End of inner exception stack trace ---
2023-12-29 14:34:24.899:          at System.Net.Http.ConnectHelper.EstablishSslConnectionAsync(SslClientAuthenticationOptions sslOptions, HttpRequestMessage request, Boolean async, Stream stream, CancellationToken cancellationToken)
2023-12-29 14:34:24.899:          at System.Net.Http.HttpConnectionPool.ConnectAsync(HttpRequestMessage request, Boolean async, CancellationToken cancellationToken)
2023-12-29 14:34:24.899:          at System.Net.Http.HttpConnectionPool.CreateHttp11ConnectionAsync(HttpRequestMessage request, Boolean async, CancellationToken cancellationToken)
2023-12-29 14:34:24.899:          at System.Net.Http.HttpConnectionPool.AddHttp11ConnectionAsync(QueueItem queueItem)
2023-12-29 14:34:24.899:          at System.Threading.Tasks.TaskCompletionSourceWithCancellation`1.WaitWithCancellationAsync(CancellationToken cancellationToken)
2023-12-29 14:34:24.899:          at System.Net.Http.HttpConnectionPool.SendWithVersionDetectionAndRetryAsync(HttpRequestMessage request, Boolean async, Boolean doRequestAuth, CancellationToken cancellationToken)
2023-12-29 14:34:24.899:          at System.Net.Http.RedirectHandler.SendAsync(HttpRequestMessage request, Boolean async, CancellationToken cancellationToken)
2023-12-29 14:34:24.899:          at MementoMori.MeMoriHttpClientHandler.SendAsync(HttpRequestMessage request, CancellationToken cancellationToken) in D:\Git_Github\MementoMori-release\MementoMori\MeMoriHttpClientHandler.cs:line 42
2023-12-29 14:34:24.899:          at System.Net.Http.HttpClient.<SendAsync>g__Core|83_0(HttpRequestMessage request, HttpCompletionOption completionOption, CancellationTokenSource cts, Boolean disposeCts, CancellationTokenSource pendingRequestsCts, CancellationToken originalCancellationToken)
2023-12-29 14:34:24.899:          at MementoMori.MementoNetworkManager.GetResponse[TReq,TResp](TReq req, Action`1 log, Action`1 userData) in D:\Git_Github\MementoMori-release\MementoMori\MementoNetworkManager.cs:line 303
2023-12-29 14:34:24.899:          at MementoMori.BotServer.Plugins.MementoMoriQueryPlugin.<AutoNotice>g__GetNotice|10_0(NoticeAccessType noticeAccessType, NoticeCategoryType noticeCategoryType, Func`2 getList) in D:\Git_Github\MementoMori-release\MementoMori.BotServer\Plugins\MementoMoriQueryPlugin.cs:line 108
2023-12-29 14:34:24.899:          at MementoMori.BotServer.Plugins.MementoMoriQueryPlugin.AutoNotice() in D:\Git_Github\MementoMori-release\MementoMori.BotServer\Plugins\MementoMoriQueryPlugin.cs:line 92
2023-12-29 14:41:42.756: info: System.Net.Http.HttpClient.Default.LogicalHandler[100]
2023-12-29 14:41:42.756:       Start processing HTTP request GET https://apidgp-gameplayer.games.dmm.com/gameplayer/filelist/29066
2023-12-29 14:41:42.756: info: System.Net.Http.HttpClient.Default.ClientHandler[100]
2023-12-29 14:41:42.756:       Sending HTTP request GET https://apidgp-gameplayer.games.dmm.com/gameplayer/filelist/29066
2023-12-29 14:41:43.607: info: System.Net.Http.HttpClient.Default.ClientHandler[101]
2023-12-29 14:41:43.607:       Received HTTP response headers after 851.3534ms - 200
2023-12-29 14:41:43.607: info: System.Net.Http.HttpClient.Default.LogicalHandler[101]
2023-12-29 14:41:43.607:       End processing HTTP request after 851.4225ms - 200
2023-12-29 14:44:24.902: info: MementoMori.BotServer.Plugins.MementoMoriQueryPlugin[0]
2023-12-29 14:44:24.902:       start retrieve notices
2023-12-29 14:44:26.306: info: MementoMori.BotServer.Plugins.MementoMoriQueryPlugin[0]
2023-12-29 14:44:26.306:       start retrieve notices
2023-12-29 14:48:55.181: info: MementoMori.MementoNetworkManager[0]
2023-12-29 14:48:55.181:       auto updating master data
2023-12-29 14:48:55.181: info: MementoMori.MementoNetworkManager[0]
2023-12-29 14:48:55.181:       下载 master 目录中...
2023-12-29 14:48:57.051: info: MementoMori.MementoNetworkManager[0]
2023-12-29 14:48:57.051:       下载 master 目录完成
2023-12-29 14:51:43.620: info: System.Net.Http.HttpClient.Default.LogicalHandler[100]
2023-12-29 14:51:43.620:       Start processing HTTP request GET https://apidgp-gameplayer.games.dmm.com/gameplayer/filelist/29066
2023-12-29 14:51:43.620: info: System.Net.Http.HttpClient.Default.ClientHandler[100]
2023-12-29 14:51:43.620:       Sending HTTP request GET https://apidgp-gameplayer.games.dmm.com/gameplayer/filelist/29066
2023-12-29 14:51:44.456: info: System.Net.Http.HttpClient.Default.ClientHandler[101]
2023-12-29 14:51:44.456:       Received HTTP response headers after 836.7559ms - 200
2023-12-29 14:51:44.456: info: System.Net.Http.HttpClient.Default.LogicalHandler[101]
2023-12-29 14:51:44.456:       End processing HTTP request after 836.8025ms - 200
2023-12-29 14:54:26.628: info: MementoMori.BotServer.Plugins.MementoMoriQueryPlugin[0]
2023-12-29 14:54:26.628:       start retrieve notices
2023-12-29 14:54:27.770: info: MementoMori.BotServer.Plugins.MementoMoriQueryPlugin[0]
2023-12-29 14:54:27.770:       start retrieve notices
2023-12-29 15:01:44.467: info: System.Net.Http.HttpClient.Default.LogicalHandler[100]
2023-12-29 15:01:44.467:       Start processing HTTP request GET https://apidgp-gameplayer.games.dmm.com/gameplayer/filelist/29066
2023-12-29 15:01:44.467: info: System.Net.Http.HttpClient.Default.ClientHandler[100]
2023-12-29 15:01:44.467:       Sending HTTP request GET https://apidgp-gameplayer.games.dmm.com/gameplayer/filelist/29066
2023-12-29 15:01:46.233: info: System.Net.Http.HttpClient.Default.ClientHandler[101]
2023-12-29 15:01:46.233:       Received HTTP response headers after 1765.678ms - 200
2023-12-29 15:01:46.233: info: System.Net.Http.HttpClient.Default.LogicalHandler[101]
2023-12-29 15:01:46.233:       End processing HTTP request after 1765.7264ms - 200
2023-12-29 15:04:28.108: info: MementoMori.BotServer.Plugins.MementoMoriQueryPlugin[0]
2023-12-29 15:04:28.108:       start retrieve notices
2023-12-29 15:04:29.431: info: MementoMori.BotServer.Plugins.MementoMoriQueryPlugin[0]
2023-12-29 15:04:29.431:       start retrieve notices
2023-12-29 15:11:46.241: info: System.Net.Http.HttpClient.Default.LogicalHandler[100]
2023-12-29 15:11:46.241:       Start processing HTTP request GET https://apidgp-gameplayer.games.dmm.com/gameplayer/filelist/29066
2023-12-29 15:11:46.241: info: System.Net.Http.HttpClient.Default.ClientHandler[100]
2023-12-29 15:11:46.241:       Sending HTTP request GET https://apidgp-gameplayer.games.dmm.com/gameplayer/filelist/29066
2023-12-29 15:11:47.612: info: System.Net.Http.HttpClient.Default.ClientHandler[101]
2023-12-29 15:11:47.612:       Received HTTP response headers after 1370.9635ms - 200
2023-12-29 15:11:47.612: info: System.Net.Http.HttpClient.Default.LogicalHandler[101]
2023-12-29 15:11:47.612:       End processing HTTP request after 1371.0384ms - 200
2023-12-29 15:14:29.743: info: MementoMori.BotServer.Plugins.MementoMoriQueryPlugin[0]
2023-12-29 15:14:29.743:       start retrieve notices
2023-12-29 15:14:30.843: info: MementoMori.BotServer.Plugins.MementoMoriQueryPlugin[0]
2023-12-29 15:14:30.843:       start retrieve notices
2023-12-29 15:21:47.624: info: System.Net.Http.HttpClient.Default.LogicalHandler[100]
2023-12-29 15:21:47.624:       Start processing HTTP request GET https://apidgp-gameplayer.games.dmm.com/gameplayer/filelist/29066
2023-12-29 15:21:47.624: info: System.Net.Http.HttpClient.Default.ClientHandler[100]
2023-12-29 15:21:47.624:       Sending HTTP request GET https://apidgp-gameplayer.games.dmm.com/gameplayer/filelist/29066
2023-12-29 15:21:48.431: info: System.Net.Http.HttpClient.Default.ClientHandler[101]
2023-12-29 15:21:48.431:       Received HTTP response headers after 806.5621ms - 200
2023-12-29 15:21:48.431: info: System.Net.Http.HttpClient.Default.LogicalHandler[101]
2023-12-29 15:21:48.431:       End processing HTTP request after 806.6145ms - 200
2023-12-29 15:24:31.159: info: MementoMori.BotServer.Plugins.MementoMoriQueryPlugin[0]
2023-12-29 15:24:31.159:       start retrieve notices
2023-12-29 15:24:32.207: info: MementoMori.BotServer.Plugins.MementoMoriQueryPlugin[0]
2023-12-29 15:24:32.207:       start retrieve notices
2023-12-29 15:31:48.442: info: System.Net.Http.HttpClient.Default.LogicalHandler[100]
2023-12-29 15:31:48.442:       Start processing HTTP request GET https://apidgp-gameplayer.games.dmm.com/gameplayer/filelist/29066
2023-12-29 15:31:48.442: info: System.Net.Http.HttpClient.Default.ClientHandler[100]
2023-12-29 15:31:48.442:       Sending HTTP request GET https://apidgp-gameplayer.games.dmm.com/gameplayer/filelist/29066
2023-12-29 15:31:49.366: info: System.Net.Http.HttpClient.Default.ClientHandler[101]
2023-12-29 15:31:49.367:       Received HTTP response headers after 925.0779ms - 200
2023-12-29 15:31:49.367: info: System.Net.Http.HttpClient.Default.LogicalHandler[101]
2023-12-29 15:31:49.367:       End processing HTTP request after 925.1284ms - 200
2023-12-29 15:34:32.516: info: MementoMori.BotServer.Plugins.MementoMoriQueryPlugin[0]
2023-12-29 15:34:32.516:       start retrieve notices
2023-12-29 15:34:33.646: info: MementoMori.BotServer.Plugins.MementoMoriQueryPlugin[0]
2023-12-29 15:34:33.646:       start retrieve notices
2023-12-29 15:41:49.379: info: System.Net.Http.HttpClient.Default.LogicalHandler[100]
2023-12-29 15:41:49.379:       Start processing HTTP request GET https://apidgp-gameplayer.games.dmm.com/gameplayer/filelist/29066
2023-12-29 15:41:49.379: info: System.Net.Http.HttpClient.Default.ClientHandler[100]
2023-12-29 15:41:49.379:       Sending HTTP request GET https://apidgp-gameplayer.games.dmm.com/gameplayer/filelist/29066
2023-12-29 15:41:50.602: info: System.Net.Http.HttpClient.Default.ClientHandler[101]
2023-12-29 15:41:50.602:       Received HTTP response headers after 1223.039ms - 200
2023-12-29 15:41:50.602: info: System.Net.Http.HttpClient.Default.LogicalHandler[101]
2023-12-29 15:41:50.602:       End processing HTTP request after 1223.0793ms - 200
2023-12-29 15:44:33.935: info: MementoMori.BotServer.Plugins.MementoMoriQueryPlugin[0]
2023-12-29 15:44:33.935:       start retrieve notices
2023-12-29 15:44:35.062: info: MementoMori.BotServer.Plugins.MementoMoriQueryPlugin[0]
2023-12-29 15:44:35.062:       start retrieve notices
2023-12-29 15:48:57.065: info: MementoMori.MementoNetworkManager[0]
2023-12-29 15:48:57.065:       auto updating master data
2023-12-29 15:48:57.065: info: MementoMori.MementoNetworkManager[0]
2023-12-29 15:48:57.065:       下载 master 目录中...
2023-12-29 15:48:59.131: info: MementoMori.MementoNetworkManager[0]
2023-12-29 15:48:59.132:       下载 master 目录完成
2023-12-29 15:51:50.616: info: System.Net.Http.HttpClient.Default.LogicalHandler[100]
2023-12-29 15:51:50.616:       Start processing HTTP request GET https://apidgp-gameplayer.games.dmm.com/gameplayer/filelist/29066
2023-12-29 15:51:50.616: info: System.Net.Http.HttpClient.Default.ClientHandler[100]
2023-12-29 15:51:50.616:       Sending HTTP request GET https://apidgp-gameplayer.games.dmm.com/gameplayer/filelist/29066
2023-12-29 15:51:51.645: info: System.Net.Http.HttpClient.Default.ClientHandler[101]
2023-12-29 15:51:51.645:       Received HTTP response headers after 1029.6873ms - 200
2023-12-29 15:51:51.645: info: System.Net.Http.HttpClient.Default.LogicalHandler[101]
2023-12-29 15:51:51.645:       End processing HTTP request after 1029.7448ms - 200
2023-12-29 15:54:35.382: info: MementoMori.BotServer.Plugins.MementoMoriQueryPlugin[0]
2023-12-29 15:54:35.382:       start retrieve notices
2023-12-29 15:54:37.142: info: MementoMori.BotServer.Plugins.MementoMoriQueryPlugin[0]
2023-12-29 15:54:37.142:       start retrieve notices
2023-12-29 16:00:54.505: info: Microsoft.Hosting.Lifetime[0]
2023-12-29 16:00:54.505:       Application is shutting down...
