2023-12-30 13:12:33.747:       Sending HTTP request GET https://apidgp-gameplayer.games.dmm.com/gameplayer/filelist/29066
2023-12-30 13:12:37.011: info: System.Net.Http.HttpClient.Default.ClientHandler[101]
2023-12-30 13:12:37.011:       Received HTTP response headers after 3265.8529ms - 200
2023-12-30 13:12:37.011: info: System.Net.Http.HttpClient.Default.LogicalHandler[101]
2023-12-30 13:12:37.011:       End processing HTTP request after 3265.9393ms - 200
2023-12-30 13:14:06.641: info: MementoMori.BotServer.Plugins.MementoMoriQueryPlugin[0]
2023-12-30 13:14:06.641:       start retrieve notices
2023-12-30 13:14:11.646: fail: MementoMori.BotServer.Plugins.MementoMoriQueryPlugin[0]
2023-12-30 13:14:11.646:       get notice failed
2023-12-30 13:14:11.646:       System.Net.Http.HttpRequestException: The SSL connection could not be established, see inner exception.
2023-12-30 13:14:11.646:        ---> System.IO.IOException: Received an unexpected EOF or 0 bytes from the transport stream.
2023-12-30 13:14:11.646:          at System.Net.Security.SslStream.ReceiveHandshakeFrameAsync[TIOAdapter](CancellationToken cancellationToken)
2023-12-30 13:14:11.646:          at System.Net.Security.SslStream.ForceAuthenticationAsync[TIOAdapter](Boolean receiveFirst, Byte[] reAuthenticationData, CancellationToken cancellationToken)
2023-12-30 13:14:11.646:          at System.Net.Http.ConnectHelper.EstablishSslConnectionAsync(SslClientAuthenticationOptions sslOptions, HttpRequestMessage request, Boolean async, Stream stream, CancellationToken cancellationToken)
2023-12-30 13:14:11.646:          --- End of inner exception stack trace ---
2023-12-30 13:14:11.646:          at System.Net.Http.ConnectHelper.EstablishSslConnectionAsync(SslClientAuthenticationOptions sslOptions, HttpRequestMessage request, Boolean async, Stream stream, CancellationToken cancellationToken)
2023-12-30 13:14:11.646:          at System.Net.Http.HttpConnectionPool.ConnectAsync(HttpRequestMessage request, Boolean async, CancellationToken cancellationToken)
2023-12-30 13:14:11.646:          at System.Net.Http.HttpConnectionPool.CreateHttp11ConnectionAsync(HttpRequestMessage request, Boolean async, CancellationToken cancellationToken)
2023-12-30 13:14:11.646:          at System.Net.Http.HttpConnectionPool.AddHttp11ConnectionAsync(QueueItem queueItem)
2023-12-30 13:14:11.646:          at System.Threading.Tasks.TaskCompletionSourceWithCancellation`1.WaitWithCancellationAsync(CancellationToken cancellationToken)
2023-12-30 13:14:11.646:          at System.Net.Http.HttpConnectionPool.SendWithVersionDetectionAndRetryAsync(HttpRequestMessage request, Boolean async, Boolean doRequestAuth, CancellationToken cancellationToken)
2023-12-30 13:14:11.646:          at System.Net.Http.RedirectHandler.SendAsync(HttpRequestMessage request, Boolean async, CancellationToken cancellationToken)
2023-12-30 13:14:11.646:          at MementoMori.MeMoriHttpClientHandler.SendAsync(HttpRequestMessage request, CancellationToken cancellationToken) in D:\Git_Github\MementoMori-release\MementoMori\MeMoriHttpClientHandler.cs:line 42
2023-12-30 13:14:11.646:          at System.Net.Http.HttpClient.<SendAsync>g__Core|83_0(HttpRequestMessage request, HttpCompletionOption completionOption, CancellationTokenSource cts, Boolean disposeCts, CancellationTokenSource pendingRequestsCts, CancellationToken originalCancellationToken)
2023-12-30 13:14:11.646:          at MementoMori.MementoNetworkManager.GetResponse[TReq,TResp](TReq req, Action`1 log, Action`1 userData) in D:\Git_Github\MementoMori-release\MementoMori\MementoNetworkManager.cs:line 303
2023-12-30 13:14:11.646:          at MementoMori.BotServer.Plugins.MementoMoriQueryPlugin.<AutoNotice>g__GetNotice|10_0(NoticeAccessType noticeAccessType, NoticeCategoryType noticeCategoryType, Func`2 getList) in D:\Git_Github\MementoMori-release\MementoMori.BotServer\Plugins\MementoMoriQueryPlugin.cs:line 108
2023-12-30 13:14:11.646:          at MementoMori.BotServer.Plugins.MementoMoriQueryPlugin.AutoNotice() in D:\Git_Github\MementoMori-release\MementoMori.BotServer\Plugins\MementoMoriQueryPlugin.cs:line 92
2023-12-30 13:22:37.016: info: System.Net.Http.HttpClient.Default.LogicalHandler[100]
2023-12-30 13:22:37.016:       Start processing HTTP request GET https://apidgp-gameplayer.games.dmm.com/gameplayer/filelist/29066
2023-12-30 13:22:37.016: info: System.Net.Http.HttpClient.Default.ClientHandler[100]
2023-12-30 13:22:37.016:       Sending HTTP request GET https://apidgp-gameplayer.games.dmm.com/gameplayer/filelist/29066
2023-12-30 13:22:37.926: info: System.Net.Http.HttpClient.Default.ClientHandler[101]
2023-12-30 13:22:37.926:       Received HTTP response headers after 910.3698ms - 200
2023-12-30 13:22:37.926: info: System.Net.Http.HttpClient.Default.LogicalHandler[101]
2023-12-30 13:22:37.926:       End processing HTTP request after 910.5892ms - 200
2023-12-30 13:24:11.652: info: MementoMori.BotServer.Plugins.MementoMoriQueryPlugin[0]
2023-12-30 13:24:11.652:       start retrieve notices
2023-12-30 13:24:16.716: fail: MementoMori.BotServer.Plugins.MementoMoriQueryPlugin[0]
2023-12-30 13:24:16.716:       get notice failed
2023-12-30 13:24:16.716:       System.Net.Http.HttpRequestException: The SSL connection could not be established, see inner exception.
2023-12-30 13:24:16.716:        ---> System.IO.IOException: Received an unexpected EOF or 0 bytes from the transport stream.
2023-12-30 13:24:16.716:          at System.Net.Security.SslStream.ReceiveHandshakeFrameAsync[TIOAdapter](CancellationToken cancellationToken)
2023-12-30 13:24:16.716:          at System.Net.Security.SslStream.ForceAuthenticationAsync[TIOAdapter](Boolean receiveFirst, Byte[] reAuthenticationData, CancellationToken cancellationToken)
2023-12-30 13:24:16.716:          at System.Net.Http.ConnectHelper.EstablishSslConnectionAsync(SslClientAuthenticationOptions sslOptions, HttpRequestMessage request, Boolean async, Stream stream, CancellationToken cancellationToken)
2023-12-30 13:24:16.716:          --- End of inner exception stack trace ---
2023-12-30 13:24:16.716:          at System.Net.Http.ConnectHelper.EstablishSslConnectionAsync(SslClientAuthenticationOptions sslOptions, HttpRequestMessage request, Boolean async, Stream stream, CancellationToken cancellationToken)
2023-12-30 13:24:16.716:          at System.Net.Http.HttpConnectionPool.ConnectAsync(HttpRequestMessage request, Boolean async, CancellationToken cancellationToken)
2023-12-30 13:24:16.716:          at System.Net.Http.HttpConnectionPool.CreateHttp11ConnectionAsync(HttpRequestMessage request, Boolean async, CancellationToken cancellationToken)
2023-12-30 13:24:16.716:          at System.Net.Http.HttpConnectionPool.AddHttp11ConnectionAsync(QueueItem queueItem)
2023-12-30 13:24:16.716:          at System.Threading.Tasks.TaskCompletionSourceWithCancellation`1.WaitWithCancellationAsync(CancellationToken cancellationToken)
2023-12-30 13:24:16.716:          at System.Net.Http.HttpConnectionPool.SendWithVersionDetectionAndRetryAsync(HttpRequestMessage request, Boolean async, Boolean doRequestAuth, CancellationToken cancellationToken)
2023-12-30 13:24:16.716:          at System.Net.Http.RedirectHandler.SendAsync(HttpRequestMessage request, Boolean async, CancellationToken cancellationToken)
2023-12-30 13:24:16.716:          at MementoMori.MeMoriHttpClientHandler.SendAsync(HttpRequestMessage request, CancellationToken cancellationToken) in D:\Git_Github\MementoMori-release\MementoMori\MeMoriHttpClientHandler.cs:line 42
2023-12-30 13:24:16.716:          at System.Net.Http.HttpClient.<SendAsync>g__Core|83_0(HttpRequestMessage request, HttpCompletionOption completionOption, CancellationTokenSource cts, Boolean disposeCts, CancellationTokenSource pendingRequestsCts, CancellationToken originalCancellationToken)
2023-12-30 13:24:16.716:          at MementoMori.MementoNetworkManager.GetResponse[TReq,TResp](TReq req, Action`1 log, Action`1 userData) in D:\Git_Github\MementoMori-release\MementoMori\MementoNetworkManager.cs:line 303
2023-12-30 13:24:16.716:          at MementoMori.BotServer.Plugins.MementoMoriQueryPlugin.<AutoNotice>g__GetNotice|10_0(NoticeAccessType noticeAccessType, NoticeCategoryType noticeCategoryType, Func`2 getList) in D:\Git_Github\MementoMori-release\MementoMori.BotServer\Plugins\MementoMoriQueryPlugin.cs:line 108
2023-12-30 13:24:16.716:          at MementoMori.BotServer.Plugins.MementoMoriQueryPlugin.AutoNotice() in D:\Git_Github\MementoMori-release\MementoMori.BotServer\Plugins\MementoMoriQueryPlugin.cs:line 92
2023-12-30 13:32:37.941: info: System.Net.Http.HttpClient.Default.LogicalHandler[100]
2023-12-30 13:32:37.941:       Start processing HTTP request GET https://apidgp-gameplayer.games.dmm.com/gameplayer/filelist/29066
2023-12-30 13:32:37.941: info: System.Net.Http.HttpClient.Default.ClientHandler[100]
2023-12-30 13:32:37.941:       Sending HTTP request GET https://apidgp-gameplayer.games.dmm.com/gameplayer/filelist/29066
2023-12-30 13:32:38.797: info: System.Net.Http.HttpClient.Default.ClientHandler[101]
2023-12-30 13:32:38.797:       Received HTTP response headers after 857.0809ms - 200
2023-12-30 13:32:38.797: info: System.Net.Http.HttpClient.Default.LogicalHandler[101]
2023-12-30 13:32:38.797:       End processing HTTP request after 857.1439ms - 200
2023-12-30 13:34:16.717: info: MementoMori.BotServer.Plugins.MementoMoriQueryPlugin[0]
2023-12-30 13:34:16.717:       start retrieve notices
2023-12-30 13:34:19.960: info: MementoMori.BotServer.Plugins.MementoMoriQueryPlugin[0]
2023-12-30 13:34:19.960:       start retrieve notices
2023-12-30 13:42:38.802: info: System.Net.Http.HttpClient.Default.LogicalHandler[100]
2023-12-30 13:42:38.802:       Start processing HTTP request GET https://apidgp-gameplayer.games.dmm.com/gameplayer/filelist/29066
2023-12-30 13:42:38.802: info: System.Net.Http.HttpClient.Default.ClientHandler[100]
2023-12-30 13:42:38.802:       Sending HTTP request GET https://apidgp-gameplayer.games.dmm.com/gameplayer/filelist/29066
2023-12-30 13:42:43.862: fail: MementoMori.BotServer.Plugins.MementoMoriQueryPlugin[0]
2023-12-30 13:42:43.862:       get dmm version failed
2023-12-30 13:42:43.862:       System.Net.Http.HttpRequestException: The SSL connection could not be established, see inner exception.
2023-12-30 13:42:43.862:        ---> System.IO.IOException: Received an unexpected EOF or 0 bytes from the transport stream.
2023-12-30 13:42:43.862:          at System.Net.Security.SslStream.ReceiveHandshakeFrameAsync[TIOAdapter](CancellationToken cancellationToken)
2023-12-30 13:42:43.862:          at System.Net.Security.SslStream.ForceAuthenticationAsync[TIOAdapter](Boolean receiveFirst, Byte[] reAuthenticationData, CancellationToken cancellationToken)
2023-12-30 13:42:43.862:          at System.Net.Http.ConnectHelper.EstablishSslConnectionAsync(SslClientAuthenticationOptions sslOptions, HttpRequestMessage request, Boolean async, Stream stream, CancellationToken cancellationToken)
2023-12-30 13:42:43.862:          --- End of inner exception stack trace ---
2023-12-30 13:42:43.862:          at System.Net.Http.ConnectHelper.EstablishSslConnectionAsync(SslClientAuthenticationOptions sslOptions, HttpRequestMessage request, Boolean async, Stream stream, CancellationToken cancellationToken)
2023-12-30 13:42:43.862:          at System.Net.Http.HttpConnectionPool.ConnectAsync(HttpRequestMessage request, Boolean async, CancellationToken cancellationToken)
2023-12-30 13:42:43.862:          at System.Net.Http.HttpConnectionPool.CreateHttp11ConnectionAsync(HttpRequestMessage request, Boolean async, CancellationToken cancellationToken)
2023-12-30 13:42:43.862:          at System.Net.Http.HttpConnectionPool.AddHttp11ConnectionAsync(QueueItem queueItem)
2023-12-30 13:42:43.862:          at System.Threading.Tasks.TaskCompletionSourceWithCancellation`1.WaitWithCancellationAsync(CancellationToken cancellationToken)
2023-12-30 13:42:43.862:          at System.Net.Http.HttpConnectionPool.SendWithVersionDetectionAndRetryAsync(HttpRequestMessage request, Boolean async, Boolean doRequestAuth, CancellationToken cancellationToken)
2023-12-30 13:42:43.862:          at System.Net.Http.RedirectHandler.SendAsync(HttpRequestMessage request, Boolean async, CancellationToken cancellationToken)
2023-12-30 13:42:43.862:          at Microsoft.Extensions.Http.Logging.LoggingHttpMessageHandler.<SendCoreAsync>g__Core|5_0(HttpRequestMessage request, Boolean useAsync, CancellationToken cancellationToken)
2023-12-30 13:42:43.862:          at Microsoft.Extensions.Http.Logging.LoggingScopeHttpMessageHandler.<SendCoreAsync>g__Core|5_0(HttpRequestMessage request, Boolean useAsync, CancellationToken cancellationToken)
2023-12-30 13:42:43.862:          at System.Net.Http.HttpClient.GetStringAsyncCore(HttpRequestMessage request, CancellationToken cancellationToken)
2023-12-30 13:42:43.862:          at MementoMori.BotServer.Plugins.MementoMoriQueryPlugin.AutoDmmVersionCheck() in D:\Git_Github\MementoMori-release\MementoMori.BotServer\Plugins\MementoMoriQueryPlugin.cs:line 172
2023-12-30 13:44:20.577: info: MementoMori.BotServer.Plugins.MementoMoriQueryPlugin[0]
2023-12-30 13:44:20.577:       start retrieve notices
2023-12-30 13:44:21.925: info: MementoMori.BotServer.Plugins.MementoMoriQueryPlugin[0]
2023-12-30 13:44:21.926:       start retrieve notices
2023-12-30 13:52:43.869: info: System.Net.Http.HttpClient.Default.LogicalHandler[100]
2023-12-30 13:52:43.869:       Start processing HTTP request GET https://apidgp-gameplayer.games.dmm.com/gameplayer/filelist/29066
2023-12-30 13:52:43.869: info: System.Net.Http.HttpClient.Default.ClientHandler[100]
2023-12-30 13:52:43.869:       Sending HTTP request GET https://apidgp-gameplayer.games.dmm.com/gameplayer/filelist/29066
2023-12-30 13:52:44.902: info: System.Net.Http.HttpClient.Default.ClientHandler[101]
2023-12-30 13:52:44.902:       Received HTTP response headers after 1032.8717ms - 200
2023-12-30 13:52:44.902: info: System.Net.Http.HttpClient.Default.LogicalHandler[101]
2023-12-30 13:52:44.902:       End processing HTTP request after 1032.9444ms - 200
2023-12-30 13:54:22.280: info: MementoMori.BotServer.Plugins.MementoMoriQueryPlugin[0]
2023-12-30 13:54:22.280:       start retrieve notices
2023-12-30 13:54:23.608: info: MementoMori.BotServer.Plugins.MementoMoriQueryPlugin[0]
2023-12-30 13:54:23.608:       start retrieve notices
2023-12-30 14:02:44.909: info: System.Net.Http.HttpClient.Default.LogicalHandler[100]
2023-12-30 14:02:44.909:       Start processing HTTP request GET https://apidgp-gameplayer.games.dmm.com/gameplayer/filelist/29066
2023-12-30 14:02:44.909: info: System.Net.Http.HttpClient.Default.ClientHandler[100]
2023-12-30 14:02:44.909:       Sending HTTP request GET https://apidgp-gameplayer.games.dmm.com/gameplayer/filelist/29066
2023-12-30 14:02:45.706: info: System.Net.Http.HttpClient.Default.ClientHandler[101]
2023-12-30 14:02:45.706:       Received HTTP response headers after 797.1778ms - 200
2023-12-30 14:02:45.706: info: System.Net.Http.HttpClient.Default.LogicalHandler[101]
2023-12-30 14:02:45.706:       End processing HTTP request after 797.2746ms - 200
2023-12-30 14:04:23.914: info: MementoMori.BotServer.Plugins.MementoMoriQueryPlugin[0]
2023-12-30 14:04:23.914:       start retrieve notices
2023-12-30 14:04:24.996: info: MementoMori.BotServer.Plugins.MementoMoriQueryPlugin[0]
2023-12-30 14:04:24.996:       start retrieve notices
2023-12-30 14:11:28.328: info: MementoMori.MementoNetworkManager[0]
2023-12-30 14:11:28.328:       auto updating master data
2023-12-30 14:11:28.328: info: MementoMori.MementoNetworkManager[0]
2023-12-30 14:11:28.328:       下载 master 目录中...
2023-12-30 14:11:31.025: info: MementoMori.MementoNetworkManager[0]
2023-12-30 14:11:31.025:       下载 master 目录完成
2023-12-30 14:12:45.707: info: System.Net.Http.HttpClient.Default.LogicalHandler[100]
2023-12-30 14:12:45.707:       Start processing HTTP request GET https://apidgp-gameplayer.games.dmm.com/gameplayer/filelist/29066
2023-12-30 14:12:45.707: info: System.Net.Http.HttpClient.Default.ClientHandler[100]
2023-12-30 14:12:45.707:       Sending HTTP request GET https://apidgp-gameplayer.games.dmm.com/gameplayer/filelist/29066
2023-12-30 14:12:47.406: info: System.Net.Http.HttpClient.Default.ClientHandler[101]
2023-12-30 14:12:47.406:       Received HTTP response headers after 1699.8306ms - 200
2023-12-30 14:12:47.406: info: System.Net.Http.HttpClient.Default.LogicalHandler[101]
2023-12-30 14:12:47.406:       End processing HTTP request after 1699.8894ms - 200
2023-12-30 14:14:25.271: info: MementoMori.BotServer.Plugins.MementoMoriQueryPlugin[0]
2023-12-30 14:14:25.271:       start retrieve notices
2023-12-30 14:14:28.810: info: MementoMori.BotServer.Plugins.MementoMoriQueryPlugin[0]
2023-12-30 14:14:28.810:       start retrieve notices
2023-12-30 14:22:47.407: info: System.Net.Http.HttpClient.Default.LogicalHandler[100]
2023-12-30 14:22:47.407:       Start processing HTTP request GET https://apidgp-gameplayer.games.dmm.com/gameplayer/filelist/29066
2023-12-30 14:22:47.407: info: System.Net.Http.HttpClient.Default.ClientHandler[100]
2023-12-30 14:22:47.407:       Sending HTTP request GET https://apidgp-gameplayer.games.dmm.com/gameplayer/filelist/29066
2023-12-30 14:22:48.171: info: System.Net.Http.HttpClient.Default.ClientHandler[101]
2023-12-30 14:22:48.171:       Received HTTP response headers after 763.8163ms - 200
2023-12-30 14:22:48.171: info: System.Net.Http.HttpClient.Default.LogicalHandler[101]
2023-12-30 14:22:48.171:       End processing HTTP request after 763.8807ms - 200
2023-12-30 14:24:29.376: info: MementoMori.BotServer.Plugins.MementoMoriQueryPlugin[0]
2023-12-30 14:24:29.376:       start retrieve notices
2023-12-30 14:24:30.678: info: MementoMori.BotServer.Plugins.MementoMoriQueryPlugin[0]
2023-12-30 14:24:30.678:       start retrieve notices
2023-12-30 14:32:48.180: info: System.Net.Http.HttpClient.Default.LogicalHandler[100]
2023-12-30 14:32:48.180:       Start processing HTTP request GET https://apidgp-gameplayer.games.dmm.com/gameplayer/filelist/29066
2023-12-30 14:32:48.180: info: System.Net.Http.HttpClient.Default.ClientHandler[100]
2023-12-30 14:32:48.180:       Sending HTTP request GET https://apidgp-gameplayer.games.dmm.com/gameplayer/filelist/29066
2023-12-30 14:32:48.891: info: System.Net.Http.HttpClient.Default.ClientHandler[101]
2023-12-30 14:32:48.891:       Received HTTP response headers after 710.8255ms - 200
2023-12-30 14:32:48.891: info: System.Net.Http.HttpClient.Default.LogicalHandler[101]
2023-12-30 14:32:48.891:       End processing HTTP request after 710.8854ms - 200
2023-12-30 14:34:31.000: info: MementoMori.BotServer.Plugins.MementoMoriQueryPlugin[0]
2023-12-30 14:34:31.000:       start retrieve notices
2023-12-30 14:34:32.076: info: MementoMori.BotServer.Plugins.MementoMoriQueryPlugin[0]
2023-12-30 14:34:32.076:       start retrieve notices
2023-12-30 14:42:48.897: info: System.Net.Http.HttpClient.Default.LogicalHandler[100]
2023-12-30 14:42:48.897:       Start processing HTTP request GET https://apidgp-gameplayer.games.dmm.com/gameplayer/filelist/29066
2023-12-30 14:42:48.897: info: System.Net.Http.HttpClient.Default.ClientHandler[100]
2023-12-30 14:42:48.897:       Sending HTTP request GET https://apidgp-gameplayer.games.dmm.com/gameplayer/filelist/29066
2023-12-30 14:42:49.709: info: System.Net.Http.HttpClient.Default.ClientHandler[101]
2023-12-30 14:42:49.709:       Received HTTP response headers after 812.8304ms - 200
2023-12-30 14:42:49.709: info: System.Net.Http.HttpClient.Default.LogicalHandler[101]
2023-12-30 14:42:49.709:       End processing HTTP request after 812.901ms - 200
2023-12-30 14:44:32.443: info: MementoMori.BotServer.Plugins.MementoMoriQueryPlugin[0]
2023-12-30 14:44:32.443:       start retrieve notices
2023-12-30 14:44:34.125: info: MementoMori.BotServer.Plugins.MementoMoriQueryPlugin[0]
2023-12-30 14:44:34.125:       start retrieve notices
2023-12-30 14:52:49.717: info: System.Net.Http.HttpClient.Default.LogicalHandler[100]
2023-12-30 14:52:49.717:       Start processing HTTP request GET https://apidgp-gameplayer.games.dmm.com/gameplayer/filelist/29066
2023-12-30 14:52:49.717: info: System.Net.Http.HttpClient.Default.ClientHandler[100]
2023-12-30 14:52:49.717:       Sending HTTP request GET https://apidgp-gameplayer.games.dmm.com/gameplayer/filelist/29066
2023-12-30 14:52:50.562: info: System.Net.Http.HttpClient.Default.ClientHandler[101]
2023-12-30 14:52:50.562:       Received HTTP response headers after 845.8376ms - 200
2023-12-30 14:52:50.563: info: System.Net.Http.HttpClient.Default.LogicalHandler[101]
2023-12-30 14:52:50.563:       End processing HTTP request after 845.9051ms - 200
2023-12-30 14:54:34.549: info: MementoMori.BotServer.Plugins.MementoMoriQueryPlugin[0]
2023-12-30 14:54:34.549:       start retrieve notices
2023-12-30 14:54:35.830: info: MementoMori.BotServer.Plugins.MementoMoriQueryPlugin[0]
2023-12-30 14:54:35.830:       start retrieve notices
2023-12-30 15:02:50.562: info: System.Net.Http.HttpClient.Default.LogicalHandler[100]
2023-12-30 15:02:50.562:       Start processing HTTP request GET https://apidgp-gameplayer.games.dmm.com/gameplayer/filelist/29066
info: System.Net.Http.HttpClient.Default.ClientHandler[100]
