2023-12-30 23:15:57.274:       start retrieve notices
2023-12-30 23:23:34.040: info: System.Net.Http.HttpClient.Default.LogicalHandler[100]
2023-12-30 23:23:34.040:       Start processing HTTP request GET https://apidgp-gameplayer.games.dmm.com/gameplayer/filelist/29066
2023-12-30 23:23:34.040: info: System.Net.Http.HttpClient.Default.ClientHandler[100]
2023-12-30 23:23:34.040:       Sending HTTP request GET https://apidgp-gameplayer.games.dmm.com/gameplayer/filelist/29066
2023-12-30 23:23:34.853: info: System.Net.Http.HttpClient.Default.ClientHandler[101]
2023-12-30 23:23:34.853:       Received HTTP response headers after 813.4707ms - 200
2023-12-30 23:23:34.863: info: System.Net.Http.HttpClient.Default.LogicalHandler[101]
2023-12-30 23:23:34.863:       End processing HTTP request after 813.536ms - 200
2023-12-30 23:25:57.576: info: MementoMori.BotServer.Plugins.MementoMoriQueryPlugin[0]
2023-12-30 23:25:57.576:       start retrieve notices
2023-12-30 23:25:58.470: info: MementoMori.BotServer.Plugins.MementoMoriQueryPlugin[0]
2023-12-30 23:25:58.470:       start retrieve notices
2023-12-30 23:33:34.853: info: System.Net.Http.HttpClient.Default.LogicalHandler[100]
2023-12-30 23:33:34.853:       Start processing HTTP request GET https://apidgp-gameplayer.games.dmm.com/gameplayer/filelist/29066
2023-12-30 23:33:34.853: info: System.Net.Http.HttpClient.Default.ClientHandler[100]
2023-12-30 23:33:34.853:       Sending HTTP request GET https://apidgp-gameplayer.games.dmm.com/gameplayer/filelist/29066
2023-12-30 23:33:35.537: info: System.Net.Http.HttpClient.Default.ClientHandler[101]
2023-12-30 23:33:35.537:       Received HTTP response headers after 684.0472ms - 200
2023-12-30 23:33:35.537: info: System.Net.Http.HttpClient.Default.LogicalHandler[101]
2023-12-30 23:33:35.537:       End processing HTTP request after 684.105ms - 200
2023-12-30 23:35:58.742: info: MementoMori.BotServer.Plugins.MementoMoriQueryPlugin[0]
2023-12-30 23:35:58.742:       start retrieve notices
2023-12-30 23:35:59.802: info: MementoMori.BotServer.Plugins.MementoMoriQueryPlugin[0]
2023-12-30 23:35:59.802:       start retrieve notices
2023-12-30 23:43:35.538: info: System.Net.Http.HttpClient.Default.LogicalHandler[100]
2023-12-30 23:43:35.538:       Start processing HTTP request GET https://apidgp-gameplayer.games.dmm.com/gameplayer/filelist/29066
2023-12-30 23:43:35.538: info: System.Net.Http.HttpClient.Default.ClientHandler[100]
2023-12-30 23:43:35.538:       Sending HTTP request GET https://apidgp-gameplayer.games.dmm.com/gameplayer/filelist/29066
2023-12-30 23:43:36.201: info: System.Net.Http.HttpClient.Default.ClientHandler[101]
2023-12-30 23:43:36.201:       Received HTTP response headers after 662.712ms - 200
2023-12-30 23:43:36.201: info: System.Net.Http.HttpClient.Default.LogicalHandler[101]
2023-12-30 23:43:36.201:       End processing HTTP request after 662.7665ms - 200
2023-12-30 23:46:00.123: info: MementoMori.BotServer.Plugins.MementoMoriQueryPlugin[0]
2023-12-30 23:46:00.123:       start retrieve notices
2023-12-30 23:46:01.089: info: MementoMori.BotServer.Plugins.MementoMoriQueryPlugin[0]
2023-12-30 23:46:01.089:       start retrieve notices
2023-12-30 23:53:36.204: info: System.Net.Http.HttpClient.Default.LogicalHandler[100]
2023-12-30 23:53:36.204:       Start processing HTTP request GET https://apidgp-gameplayer.games.dmm.com/gameplayer/filelist/29066
2023-12-30 23:53:36.204: info: System.Net.Http.HttpClient.Default.ClientHandler[100]
2023-12-30 23:53:36.204:       Sending HTTP request GET https://apidgp-gameplayer.games.dmm.com/gameplayer/filelist/29066
2023-12-30 23:53:36.982: info: System.Net.Http.HttpClient.Default.ClientHandler[101]
2023-12-30 23:53:36.982:       Received HTTP response headers after 778.6548ms - 200
2023-12-30 23:53:36.982: info: System.Net.Http.HttpClient.Default.LogicalHandler[101]
2023-12-30 23:53:36.982:       End processing HTTP request after 778.7061ms - 200
2023-12-30 23:56:01.345: info: MementoMori.BotServer.Plugins.MementoMoriQueryPlugin[0]
2023-12-30 23:56:01.345:       start retrieve notices
2023-12-30 23:56:02.558: info: MementoMori.BotServer.Plugins.MementoMoriQueryPlugin[0]
2023-12-30 23:56:02.558:       start retrieve notices
2023-12-31 00:03:36.988: info: System.Net.Http.HttpClient.Default.LogicalHandler[100]
2023-12-31 00:03:36.988:       Start processing HTTP request GET https://apidgp-gameplayer.games.dmm.com/gameplayer/filelist/29066
2023-12-31 00:03:36.988: info: System.Net.Http.HttpClient.Default.ClientHandler[100]
2023-12-31 00:03:36.988:       Sending HTTP request GET https://apidgp-gameplayer.games.dmm.com/gameplayer/filelist/29066
2023-12-31 00:03:37.784: info: System.Net.Http.HttpClient.Default.ClientHandler[101]
2023-12-31 00:03:37.784:       Received HTTP response headers after 796.9155ms - 200
2023-12-31 00:03:37.784: info: System.Net.Http.HttpClient.Default.LogicalHandler[101]
2023-12-31 00:03:37.784:       End processing HTTP request after 796.9712ms - 200
2023-12-31 00:06:02.896: info: MementoMori.BotServer.Plugins.MementoMoriQueryPlugin[0]
2023-12-31 00:06:02.896:       start retrieve notices
2023-12-31 00:06:03.857: info: MementoMori.BotServer.Plugins.MementoMoriQueryPlugin[0]
2023-12-31 00:06:03.857:       start retrieve notices
2023-12-31 00:11:53.963: info: MementoMori.MementoNetworkManager[0]
2023-12-31 00:11:53.963:       auto updating master data
2023-12-31 00:11:53.963: info: MementoMori.MementoNetworkManager[0]
2023-12-31 00:11:53.963:       下载 master 目录中...
2023-12-31 00:11:55.844: info: MementoMori.MementoNetworkManager[0]
2023-12-31 00:11:55.844:       下载 master 目录完成
2023-12-31 00:13:37.798: info: System.Net.Http.HttpClient.Default.LogicalHandler[100]
2023-12-31 00:13:37.798:       Start processing HTTP request GET https://apidgp-gameplayer.games.dmm.com/gameplayer/filelist/29066
2023-12-31 00:13:37.798: info: System.Net.Http.HttpClient.Default.ClientHandler[100]
2023-12-31 00:13:37.798:       Sending HTTP request GET https://apidgp-gameplayer.games.dmm.com/gameplayer/filelist/29066
2023-12-31 00:13:38.400: info: System.Net.Http.HttpClient.Default.ClientHandler[101]
2023-12-31 00:13:38.400:       Received HTTP response headers after 602.9612ms - 200
2023-12-31 00:13:38.400: info: System.Net.Http.HttpClient.Default.LogicalHandler[101]
2023-12-31 00:13:38.400:       End processing HTTP request after 603.0094ms - 200
2023-12-31 00:16:04.151: info: MementoMori.BotServer.Plugins.MementoMoriQueryPlugin[0]
2023-12-31 00:16:04.151:       start retrieve notices
2023-12-31 00:16:05.123: info: MementoMori.BotServer.Plugins.MementoMoriQueryPlugin[0]
2023-12-31 00:16:05.123:       start retrieve notices
2023-12-31 00:23:38.410: info: System.Net.Http.HttpClient.Default.LogicalHandler[100]
2023-12-31 00:23:38.410:       Start processing HTTP request GET https://apidgp-gameplayer.games.dmm.com/gameplayer/filelist/29066
2023-12-31 00:23:38.410: info: System.Net.Http.HttpClient.Default.ClientHandler[100]
2023-12-31 00:23:38.410:       Sending HTTP request GET https://apidgp-gameplayer.games.dmm.com/gameplayer/filelist/29066
2023-12-31 00:23:39.005: info: System.Net.Http.HttpClient.Default.ClientHandler[101]
2023-12-31 00:23:39.005:       Received HTTP response headers after 595.1202ms - 200
2023-12-31 00:23:39.005: info: System.Net.Http.HttpClient.Default.LogicalHandler[101]
2023-12-31 00:23:39.005:       End processing HTTP request after 595.1767ms - 200
2023-12-31 00:26:05.439: info: MementoMori.BotServer.Plugins.MementoMoriQueryPlugin[0]
2023-12-31 00:26:05.439:       start retrieve notices
2023-12-31 00:26:06.372: info: MementoMori.BotServer.Plugins.MementoMoriQueryPlugin[0]
2023-12-31 00:26:06.372:       start retrieve notices
2023-12-31 00:33:39.007: info: System.Net.Http.HttpClient.Default.LogicalHandler[100]
2023-12-31 00:33:39.007:       Start processing HTTP request GET https://apidgp-gameplayer.games.dmm.com/gameplayer/filelist/29066
2023-12-31 00:33:39.007: info: System.Net.Http.HttpClient.Default.ClientHandler[100]
2023-12-31 00:33:39.007:       Sending HTTP request GET https://apidgp-gameplayer.games.dmm.com/gameplayer/filelist/29066
2023-12-31 00:33:39.589: info: System.Net.Http.HttpClient.Default.ClientHandler[101]
2023-12-31 00:33:39.589:       Received HTTP response headers after 582.4061ms - 200
2023-12-31 00:33:39.589: info: System.Net.Http.HttpClient.Default.LogicalHandler[101]
2023-12-31 00:33:39.589:       End processing HTTP request after 582.4571ms - 200
2023-12-31 00:36:06.645: info: MementoMori.BotServer.Plugins.MementoMoriQueryPlugin[0]
2023-12-31 00:36:06.645:       start retrieve notices
2023-12-31 00:36:07.809: info: MementoMori.BotServer.Plugins.MementoMoriQueryPlugin[0]
2023-12-31 00:36:07.809:       start retrieve notices
2023-12-31 00:43:39.590: info: System.Net.Http.HttpClient.Default.LogicalHandler[100]
2023-12-31 00:43:39.590:       Start processing HTTP request GET https://apidgp-gameplayer.games.dmm.com/gameplayer/filelist/29066
2023-12-31 00:43:39.590: info: System.Net.Http.HttpClient.Default.ClientHandler[100]
2023-12-31 00:43:39.590:       Sending HTTP request GET https://apidgp-gameplayer.games.dmm.com/gameplayer/filelist/29066
2023-12-31 00:43:40.287: info: System.Net.Http.HttpClient.Default.ClientHandler[101]
2023-12-31 00:43:40.287:       Received HTTP response headers after 697.372ms - 200
2023-12-31 00:43:40.287: info: System.Net.Http.HttpClient.Default.LogicalHandler[101]
2023-12-31 00:43:40.287:       End processing HTTP request after 697.4198ms - 200
2023-12-31 00:46:08.083: info: MementoMori.BotServer.Plugins.MementoMoriQueryPlugin[0]
2023-12-31 00:46:08.083:       start retrieve notices
2023-12-31 00:46:09.282: info: MementoMori.BotServer.Plugins.MementoMoriQueryPlugin[0]
2023-12-31 00:46:09.282:       start retrieve notices
2023-12-31 00:53:40.293: info: System.Net.Http.HttpClient.Default.LogicalHandler[100]
2023-12-31 00:53:40.293:       Start processing HTTP request GET https://apidgp-gameplayer.games.dmm.com/gameplayer/filelist/29066
2023-12-31 00:53:40.293: info: System.Net.Http.HttpClient.Default.ClientHandler[100]
2023-12-31 00:53:40.293:       Sending HTTP request GET https://apidgp-gameplayer.games.dmm.com/gameplayer/filelist/29066
2023-12-31 00:53:41.031: info: System.Net.Http.HttpClient.Default.ClientHandler[101]
2023-12-31 00:53:41.031:       Received HTTP response headers after 738.1701ms - 200
2023-12-31 00:53:41.031: info: System.Net.Http.HttpClient.Default.LogicalHandler[101]
2023-12-31 00:53:41.031:       End processing HTTP request after 738.2204ms - 200
2023-12-31 00:56:09.555: info: MementoMori.BotServer.Plugins.MementoMoriQueryPlugin[0]
2023-12-31 00:56:09.555:       start retrieve notices
2023-12-31 00:56:10.478: info: MementoMori.BotServer.Plugins.MementoMoriQueryPlugin[0]
2023-12-31 00:56:10.478:       start retrieve notices
2023-12-31 01:03:41.030: info: System.Net.Http.HttpClient.Default.LogicalHandler[100]
2023-12-31 01:03:41.030:       Start processing HTTP request GET https://apidgp-gameplayer.games.dmm.com/gameplayer/filelist/29066
2023-12-31 01:03:41.030: info: System.Net.Http.HttpClient.Default.ClientHandler[100]
2023-12-31 01:03:41.030:       Sending HTTP request GET https://apidgp-gameplayer.games.dmm.com/gameplayer/filelist/29066
2023-12-31 01:03:41.780: info: System.Net.Http.HttpClient.Default.ClientHandler[101]
2023-12-31 01:03:41.780:       Received HTTP response headers after 749.8494ms - 200
2023-12-31 01:03:41.780: info: System.Net.Http.HttpClient.Default.LogicalHandler[101]
2023-12-31 01:03:41.780:       End processing HTTP request after 749.8985ms - 200
2023-12-31 01:06:10.769: info: MementoMori.BotServer.Plugins.MementoMoriQueryPlugin[0]
2023-12-31 01:06:10.769:       start retrieve notices
2023-12-31 01:06:11.992: info: MementoMori.BotServer.Plugins.MementoMoriQueryPlugin[0]
2023-12-31 01:06:11.992:       start retrieve notices
2023-12-31 01:11:55.847: info: MementoMori.MementoNetworkManager[0]
2023-12-31 01:11:55.847:       auto updating master data
2023-12-31 01:11:55.847: info: MementoMori.MementoNetworkManager[0]
2023-12-31 01:11:55.847:       下载 master 目录中...
2023-12-31 01:11:57.819: info: MementoMori.MementoNetworkManager[0]
2023-12-31 01:11:57.819:       下载 master 目录完成
2023-12-31 01:13:41.782: info: System.Net.Http.HttpClient.Default.LogicalHandler[100]
2023-12-31 01:13:41.782:       Start processing HTTP request GET https://apidgp-gameplayer.games.dmm.com/gameplayer/filelist/29066
2023-12-31 01:13:41.782: info: System.Net.Http.HttpClient.Default.ClientHandler[100]
2023-12-31 01:13:41.782:       Sending HTTP request GET https://apidgp-gameplayer.games.dmm.com/gameplayer/filelist/29066
2023-12-31 01:13:42.570: info: System.Net.Http.HttpClient.Default.ClientHandler[101]
2023-12-31 01:13:42.570:       Received HTTP response headers after 788.808ms - 200
2023-12-31 01:13:42.570: info: System.Net.Http.HttpClient.Default.LogicalHandler[101]
2023-12-31 01:13:42.570:       End processing HTTP request after 788.8888ms - 200
2023-12-31 01:16:12.319: info: MementoMori.BotServer.Plugins.MementoMoriQueryPlugin[0]
2023-12-31 01:16:12.319:       start retrieve notices
2023-12-31 01:16:13.238: info: MementoMori.BotServer.Plugins.MementoMoriQueryPlugin[0]
2023-12-31 01:16:13.238:       start retrieve notices
2023-12-31 01:23:42.579: info: System.Net.Http.HttpClient.Default.LogicalHandler[100]
2023-12-31 01:23:42.579:       Start processing HTTP request GET https://apidgp-gameplayer.games.dmm.com/gameplayer/filelist/29066
2023-12-31 01:23:42.579: info: System.Net.Http.HttpClient.Default.ClientHandler[100]
2023-12-31 01:23:42.579:       Sending HTTP request GET https://apidgp-gameplayer.games.dmm.com/gameplayer/filelist/29066
2023-12-31 01:23:43.455: info: System.Net.Http.HttpClient.Default.ClientHandler[101]
2023-12-31 01:23:43.455:       Received HTTP response headers after 875.9207ms - 200
2023-12-31 01:23:43.455: info: System.Net.Http.HttpClient.Default.LogicalHandler[101]
2023-12-31 01:23:43.455:       End processing HTTP request after 876.0014ms - 200
2023-12-31 01:26:13.528: info: MementoMori.BotServer.Plugins.MementoMoriQueryPlugin[0]
2023-12-31 01:26:13.528:       start retrieve notices
2023-12-31 01:26:14.640: info: MementoMori.BotServer.Plugins.MementoMoriQueryPlugin[0]
2023-12-31 01:26:14.640:       start retrieve notices
2023-12-31 01:33:43.469: info: System.Net.Http.HttpClient.Default.LogicalHandler[100]
2023-12-31 01:33:43.469:       Start processing HTTP request GET https://apidgp-gameplayer.games.dmm.com/gameplayer/filelist/29066
2023-12-31 01:33:43.469: info: System.Net.Http.HttpClient.Default.ClientHandler[100]
2023-12-31 01:33:43.469:       Sending HTTP request GET https://apidgp-gameplayer.games.dmm.com/gameplayer/filelist/29066
2023-12-31 01:33:44.190: info: System.Net.Http.HttpClient.Default.ClientHandler[101]
2023-12-31 01:33:44.190:       Received HTTP response headers after 721.557ms - 200
2023-12-31 01:33:44.190: info: System.Net.Http.HttpClient.Default.LogicalHandler[101]
2023-12-31 01:33:44.190:       End processing HTTP request after 721.6471ms - 200
2023-12-31 01:36:14.972: info: MementoMori.BotServer.Plugins.MementoMoriQueryPlugin[0]
2023-12-31 01:36:14.972:       start retrieve notices
2023-12-31 01:36:16.118: info: MementoMori.BotServer.Plugins.MementoMoriQueryPlugin[0]
2023-12-31 01:36:16.118:       start retrieve notices
2023-12-31 01:43:44.198: info: System.Net.Http.HttpClient.Default.LogicalHandler[100]
2023-12-31 01:43:44.198:       Start processing HTTP request GET https://apidgp-gameplayer.games.dmm.com/gameplayer/filelist/29066
2023-12-31 01:43:44.198: info: System.Net.Http.HttpClient.Default.ClientHandler[100]
2023-12-31 01:43:44.198:       Sending HTTP request GET https://apidgp-gameplayer.games.dmm.com/gameplayer/filelist/29066
2023-12-31 01:43:44.999: info: System.Net.Http.HttpClient.Default.ClientHandler[101]
2023-12-31 01:43:44.999:       Received HTTP response headers after 801.4675ms - 200
2023-12-31 01:43:44.999: info: System.Net.Http.HttpClient.Default.LogicalHandler[101]
2023-12-31 01:43:44.999:       End processing HTTP request after 801.5275ms - 200
2023-12-31 01:46:16.404: info: MementoMori.BotServer.Plugins.MementoMoriQueryPlugin[0]
2023-12-31 01:46:16.404:       start retrieve notices
2023-12-31 01:46:17.475: info: MementoMori.BotServer.Plugins.MementoMoriQueryPlugin[0]
2023-12-31 01:46:17.475:       start retrieve notices
2023-12-31 01:53:45.000: info: System.Net.Http.HttpClient.Default.LogicalHandler[100]
2023-12-31 01:53:45.000:       Start processing HTTP request GET https://apidgp-gameplayer.games.dmm.com/gameplayer/filelist/29066
2023-12-31 01:53:45.000: info: System.Net.Http.HttpClient.Default.ClientHandler[100]
2023-12-31 01:53:45.000:       Sending HTTP request GET https://apidgp-gameplayer.games.dmm.com/gameplayer/filelist/29066
2023-12-31 01:53:45.755: info: System.Net.Http.HttpClient.Default.ClientHandler[101]
2023-12-31 01:53:45.755:       Received HTTP response headers after 754.6927ms - 200
2023-12-31 01:53:45.755: info: System.Net.Http.HttpClient.Default.LogicalHandler[101]
2023-12-31 01:53:45.755:       End processing HTTP request after 754.7483ms - 200
2023-12-31 01:56:17.763: info: MementoMori.BotServer.Plugins.MementoMoriQueryPlugin[0]
2023-12-31 01:56:17.763:       start retrieve notices
2023-12-31 01:56:19.238: info: MementoMori.BotServer.Plugins.MementoMoriQueryPlugin[0]
2023-12-31 01:56:19.238:       start retrieve notices
2023-12-31 02:03:45.758: info: System.Net.Http.HttpClient.Default.LogicalHandler[100]
2023-12-31 02:03:45.758:       Start processing HTTP request GET https://apidgp-gameplayer.games.dmm.com/gameplayer/filelist/29066
2023-12-31 02:03:45.758: info: System.Net.Http.HttpClient.Default.ClientHandler[100]
2023-12-31 02:03:45.758:       Sending HTTP request GET https://apidgp-gameplayer.games.dmm.com/gameplayer/filelist/29066
2023-12-31 02:03:46.503: info: System.Net.Http.HttpClient.Default.ClientHandler[101]
2023-12-31 02:03:46.504:       Received HTTP response headers after 746.2312ms - 200
2023-12-31 02:03:46.504: info: System.Net.Http.HttpClient.Default.LogicalHandler[101]
2023-12-31 02:03:46.504:       End processing HTTP request after 746.2807ms - 200
2023-12-31 02:06:19.546: info: MementoMori.BotServer.Plugins.MementoMoriQueryPlugin[0]
2023-12-31 02:06:19.546:       start retrieve notices
2023-12-31 02:06:20.745: info: MementoMori.BotServer.Plugins.MementoMoriQueryPlugin[0]
2023-12-31 02:06:20.745:       start retrieve notices
info: MementoMori.MementoNetworkManager[0]
