2023-12-27 22:47:53.426:       Start processing HTTP request GET https://apidgp-gameplayer.games.dmm.com/gameplayer/filelist/29050
2023-12-27 22:47:53.426: info: System.Net.Http.HttpClient.Default.ClientHandler[100]
2023-12-27 22:47:53.426:       Sending HTTP request GET https://apidgp-gameplayer.games.dmm.com/gameplayer/filelist/29050
2023-12-27 22:47:54.079: info: System.Net.Http.HttpClient.Default.ClientHandler[101]
2023-12-27 22:47:54.079:       Received HTTP response headers after 654.9104ms - 200
2023-12-27 22:47:54.079: info: System.Net.Http.HttpClient.Default.LogicalHandler[101]
2023-12-27 22:47:54.079:       End processing HTTP request after 654.9746ms - 200
2023-12-27 22:48:24.278: info: MementoMori.BotServer.Plugins.MementoMoriQueryPlugin[0]
2023-12-27 22:48:24.278:       start retrieve notices
2023-12-27 22:48:25.356: info: MementoMori.BotServer.Plugins.MementoMoriQueryPlugin[0]
2023-12-27 22:48:25.356:       start retrieve notices
2023-12-27 22:57:54.080: info: System.Net.Http.HttpClient.Default.LogicalHandler[100]
2023-12-27 22:57:54.080:       Start processing HTTP request GET https://apidgp-gameplayer.games.dmm.com/gameplayer/filelist/29050
2023-12-27 22:57:54.080: info: System.Net.Http.HttpClient.Default.ClientHandler[100]
2023-12-27 22:57:54.080:       Sending HTTP request GET https://apidgp-gameplayer.games.dmm.com/gameplayer/filelist/29050
2023-12-27 22:57:54.881: info: System.Net.Http.HttpClient.Default.ClientHandler[101]
2023-12-27 22:57:54.881:       Received HTTP response headers after 801.1056ms - 200
2023-12-27 22:57:54.881: info: System.Net.Http.HttpClient.Default.LogicalHandler[101]
2023-12-27 22:57:54.881:       End processing HTTP request after 801.1632ms - 200
2023-12-27 22:58:25.649: info: MementoMori.BotServer.Plugins.MementoMoriQueryPlugin[0]
2023-12-27 22:58:25.649:       start retrieve notices
2023-12-27 22:58:26.731: info: MementoMori.BotServer.Plugins.MementoMoriQueryPlugin[0]
2023-12-27 22:58:26.731:       start retrieve notices
2023-12-27 23:07:54.889: info: System.Net.Http.HttpClient.Default.LogicalHandler[100]
2023-12-27 23:07:54.889:       Start processing HTTP request GET https://apidgp-gameplayer.games.dmm.com/gameplayer/filelist/29050
2023-12-27 23:07:54.889: info: System.Net.Http.HttpClient.Default.ClientHandler[100]
2023-12-27 23:07:54.889:       Sending HTTP request GET https://apidgp-gameplayer.games.dmm.com/gameplayer/filelist/29050
2023-12-27 23:07:55.752: info: System.Net.Http.HttpClient.Default.ClientHandler[101]
2023-12-27 23:07:55.752:       Received HTTP response headers after 863.0648ms - 200
2023-12-27 23:07:55.752: info: System.Net.Http.HttpClient.Default.LogicalHandler[101]
2023-12-27 23:07:55.752:       End processing HTTP request after 863.1227ms - 200
2023-12-27 23:08:27.016: info: MementoMori.BotServer.Plugins.MementoMoriQueryPlugin[0]
2023-12-27 23:08:27.016:       start retrieve notices
2023-12-27 23:08:28.162: info: MementoMori.BotServer.Plugins.MementoMoriQueryPlugin[0]
2023-12-27 23:08:28.162:       start retrieve notices
2023-12-27 23:17:55.753: info: System.Net.Http.HttpClient.Default.LogicalHandler[100]
2023-12-27 23:17:55.753:       Start processing HTTP request GET https://apidgp-gameplayer.games.dmm.com/gameplayer/filelist/29050
2023-12-27 23:17:55.753: info: System.Net.Http.HttpClient.Default.ClientHandler[100]
2023-12-27 23:17:55.753:       Sending HTTP request GET https://apidgp-gameplayer.games.dmm.com/gameplayer/filelist/29050
2023-12-27 23:17:56.325: info: System.Net.Http.HttpClient.Default.ClientHandler[101]
2023-12-27 23:17:56.325:       Received HTTP response headers after 572.6858ms - 200
2023-12-27 23:17:56.325: info: System.Net.Http.HttpClient.Default.LogicalHandler[101]
2023-12-27 23:17:56.325:       End processing HTTP request after 572.7429ms - 200
2023-12-27 23:18:28.441: info: MementoMori.BotServer.Plugins.MementoMoriQueryPlugin[0]
2023-12-27 23:18:28.441:       start retrieve notices
2023-12-27 23:18:29.529: info: MementoMori.BotServer.Plugins.MementoMoriQueryPlugin[0]
2023-12-27 23:18:29.529:       start retrieve notices
2023-12-27 23:27:56.327: info: System.Net.Http.HttpClient.Default.LogicalHandler[100]
2023-12-27 23:27:56.327:       Start processing HTTP request GET https://apidgp-gameplayer.games.dmm.com/gameplayer/filelist/29050
2023-12-27 23:27:56.327: info: System.Net.Http.HttpClient.Default.ClientHandler[100]
2023-12-27 23:27:56.327:       Sending HTTP request GET https://apidgp-gameplayer.games.dmm.com/gameplayer/filelist/29050
2023-12-27 23:27:57.024: info: System.Net.Http.HttpClient.Default.ClientHandler[101]
2023-12-27 23:27:57.024:       Received HTTP response headers after 697.498ms - 200
2023-12-27 23:27:57.024: info: System.Net.Http.HttpClient.Default.LogicalHandler[101]
2023-12-27 23:27:57.024:       End processing HTTP request after 697.5531ms - 200
2023-12-27 23:28:29.805: info: MementoMori.BotServer.Plugins.MementoMoriQueryPlugin[0]
2023-12-27 23:28:29.805:       start retrieve notices
2023-12-27 23:28:31.034: info: MementoMori.BotServer.Plugins.MementoMoriQueryPlugin[0]
2023-12-27 23:28:31.034:       start retrieve notices
2023-12-27 23:37:57.034: info: System.Net.Http.HttpClient.Default.LogicalHandler[100]
2023-12-27 23:37:57.034:       Start processing HTTP request GET https://apidgp-gameplayer.games.dmm.com/gameplayer/filelist/29050
2023-12-27 23:37:57.034: info: System.Net.Http.HttpClient.Default.ClientHandler[100]
2023-12-27 23:37:57.034:       Sending HTTP request GET https://apidgp-gameplayer.games.dmm.com/gameplayer/filelist/29050
2023-12-27 23:37:58.002: info: System.Net.Http.HttpClient.Default.ClientHandler[101]
2023-12-27 23:37:58.002:       Received HTTP response headers after 967.9601ms - 200
2023-12-27 23:37:58.002: info: System.Net.Http.HttpClient.Default.LogicalHandler[101]
2023-12-27 23:37:58.002:       End processing HTTP request after 968.0399ms - 200
2023-12-27 23:37:58.560: info: System.Net.Http.HttpClient.Default.LogicalHandler[100]
2023-12-27 23:37:58.560:       Start processing HTTP request GET https://apidgp-gameplayer.games.dmm.com/gameplayer/filelist/29051
2023-12-27 23:37:58.560: info: System.Net.Http.HttpClient.Default.ClientHandler[100]
2023-12-27 23:37:58.560:       Sending HTTP request GET https://apidgp-gameplayer.games.dmm.com/gameplayer/filelist/29051
2023-12-27 23:37:58.682: info: System.Net.Http.HttpClient.Default.ClientHandler[101]
2023-12-27 23:37:58.682:       Received HTTP response headers after 121.2217ms - 200
2023-12-27 23:37:58.682: info: System.Net.Http.HttpClient.Default.LogicalHandler[101]
2023-12-27 23:37:58.682:       End processing HTTP request after 121.2696ms - 200
2023-12-27 23:38:31.375: info: MementoMori.BotServer.Plugins.MementoMoriQueryPlugin[0]
2023-12-27 23:38:31.375:       start retrieve notices
2023-12-27 23:38:32.303: info: MementoMori.BotServer.Plugins.MementoMoriQueryPlugin[0]
2023-12-27 23:38:32.303:       start retrieve notices
2023-12-27 23:47:21.815: info: MementoMori.MementoNetworkManager[0]
2023-12-27 23:47:21.815:       auto updating master data
2023-12-27 23:47:21.815: info: MementoMori.MementoNetworkManager[0]
2023-12-27 23:47:21.815:       下载 master 目录中...
2023-12-27 23:47:23.752: info: MementoMori.MementoNetworkManager[0]
2023-12-27 23:47:23.752:       下载 master 目录完成
2023-12-27 23:47:58.689: info: System.Net.Http.HttpClient.Default.LogicalHandler[100]
2023-12-27 23:47:58.689:       Start processing HTTP request GET https://apidgp-gameplayer.games.dmm.com/gameplayer/filelist/29051
2023-12-27 23:47:58.689: info: System.Net.Http.HttpClient.Default.ClientHandler[100]
2023-12-27 23:47:58.689:       Sending HTTP request GET https://apidgp-gameplayer.games.dmm.com/gameplayer/filelist/29051
2023-12-27 23:47:59.426: info: System.Net.Http.HttpClient.Default.ClientHandler[101]
2023-12-27 23:47:59.426:       Received HTTP response headers after 737.1142ms - 200
2023-12-27 23:47:59.426: info: System.Net.Http.HttpClient.Default.LogicalHandler[101]
2023-12-27 23:47:59.426:       End processing HTTP request after 737.1627ms - 200
2023-12-27 23:48:32.578: info: MementoMori.BotServer.Plugins.MementoMoriQueryPlugin[0]
2023-12-27 23:48:32.578:       start retrieve notices
2023-12-27 23:48:33.610: info: MementoMori.BotServer.Plugins.MementoMoriQueryPlugin[0]
2023-12-27 23:48:33.610:       start retrieve notices
2023-12-27 23:57:59.437: info: System.Net.Http.HttpClient.Default.LogicalHandler[100]
2023-12-27 23:57:59.437:       Start processing HTTP request GET https://apidgp-gameplayer.games.dmm.com/gameplayer/filelist/29051
2023-12-27 23:57:59.437: info: System.Net.Http.HttpClient.Default.ClientHandler[100]
2023-12-27 23:57:59.437:       Sending HTTP request GET https://apidgp-gameplayer.games.dmm.com/gameplayer/filelist/29051
2023-12-27 23:58:00.149: info: System.Net.Http.HttpClient.Default.ClientHandler[101]
2023-12-27 23:58:00.150:       Received HTTP response headers after 711.7985ms - 200
2023-12-27 23:58:00.150: info: System.Net.Http.HttpClient.Default.LogicalHandler[101]
2023-12-27 23:58:00.150:       End processing HTTP request after 711.8411ms - 200
2023-12-27 23:58:33.899: info: MementoMori.BotServer.Plugins.MementoMoriQueryPlugin[0]
2023-12-27 23:58:33.899:       start retrieve notices
2023-12-27 23:58:35.009: info: MementoMori.BotServer.Plugins.MementoMoriQueryPlugin[0]
2023-12-27 23:58:35.009:       start retrieve notices
2023-12-28 00:08:00.163: info: System.Net.Http.HttpClient.Default.LogicalHandler[100]
2023-12-28 00:08:00.163:       Start processing HTTP request GET https://apidgp-gameplayer.games.dmm.com/gameplayer/filelist/29051
2023-12-28 00:08:00.163: info: System.Net.Http.HttpClient.Default.ClientHandler[100]
2023-12-28 00:08:00.163:       Sending HTTP request GET https://apidgp-gameplayer.games.dmm.com/gameplayer/filelist/29051
2023-12-28 00:08:00.827: info: System.Net.Http.HttpClient.Default.ClientHandler[101]
2023-12-28 00:08:00.827:       Received HTTP response headers after 663.0827ms - 200
2023-12-28 00:08:00.827: info: System.Net.Http.HttpClient.Default.LogicalHandler[101]
2023-12-28 00:08:00.827:       End processing HTTP request after 663.135ms - 200
2023-12-28 00:08:35.299: info: MementoMori.BotServer.Plugins.MementoMoriQueryPlugin[0]
2023-12-28 00:08:35.299:       start retrieve notices
2023-12-28 00:08:36.691: info: MementoMori.BotServer.Plugins.MementoMoriQueryPlugin[0]
2023-12-28 00:08:36.691:       start retrieve notices
2023-12-28 00:18:00.836: info: System.Net.Http.HttpClient.Default.LogicalHandler[100]
2023-12-28 00:18:00.836:       Start processing HTTP request GET https://apidgp-gameplayer.games.dmm.com/gameplayer/filelist/29051
2023-12-28 00:18:00.836: info: System.Net.Http.HttpClient.Default.ClientHandler[100]
2023-12-28 00:18:00.836:       Sending HTTP request GET https://apidgp-gameplayer.games.dmm.com/gameplayer/filelist/29051
2023-12-28 00:18:01.525: info: System.Net.Http.HttpClient.Default.ClientHandler[101]
2023-12-28 00:18:01.525:       Received HTTP response headers after 688.3404ms - 200
2023-12-28 00:18:01.525: info: System.Net.Http.HttpClient.Default.LogicalHandler[101]
2023-12-28 00:18:01.525:       End processing HTTP request after 688.3852ms - 200
2023-12-28 00:18:37.050: info: MementoMori.BotServer.Plugins.MementoMoriQueryPlugin[0]
2023-12-28 00:18:37.050:       start retrieve notices
2023-12-28 00:18:38.066: info: MementoMori.BotServer.Plugins.MementoMoriQueryPlugin[0]
2023-12-28 00:18:38.066:       start retrieve notices
2023-12-28 00:28:01.528: info: System.Net.Http.HttpClient.Default.LogicalHandler[100]
2023-12-28 00:28:01.528:       Start processing HTTP request GET https://apidgp-gameplayer.games.dmm.com/gameplayer/filelist/29051
2023-12-28 00:28:01.528: info: System.Net.Http.HttpClient.Default.ClientHandler[100]
2023-12-28 00:28:01.528:       Sending HTTP request GET https://apidgp-gameplayer.games.dmm.com/gameplayer/filelist/29051
2023-12-28 00:28:02.221: info: System.Net.Http.HttpClient.Default.ClientHandler[101]
2023-12-28 00:28:02.221:       Received HTTP response headers after 693.1197ms - 200
2023-12-28 00:28:02.221: info: System.Net.Http.HttpClient.Default.LogicalHandler[101]
2023-12-28 00:28:02.221:       End processing HTTP request after 693.205ms - 200
2023-12-28 00:28:38.386: info: MementoMori.BotServer.Plugins.MementoMoriQueryPlugin[0]
2023-12-28 00:28:38.386:       start retrieve notices
2023-12-28 00:28:39.553: info: MementoMori.BotServer.Plugins.MementoMoriQueryPlugin[0]
2023-12-28 00:28:39.553:       start retrieve notices
2023-12-28 00:31:52.729: info: MementoMori.BotServer.Plugins.MementoMoriQueryPlugin[0]
2023-12-28 00:31:52.729:       QueryTowerInfo 红 408
2023-12-28 00:38:02.226: info: System.Net.Http.HttpClient.Default.LogicalHandler[100]
2023-12-28 00:38:02.226:       Start processing HTTP request GET https://apidgp-gameplayer.games.dmm.com/gameplayer/filelist/29051
2023-12-28 00:38:02.226: info: System.Net.Http.HttpClient.Default.ClientHandler[100]
2023-12-28 00:38:02.226:       Sending HTTP request GET https://apidgp-gameplayer.games.dmm.com/gameplayer/filelist/29051
2023-12-28 00:38:02.922: info: System.Net.Http.HttpClient.Default.ClientHandler[101]
2023-12-28 00:38:02.922:       Received HTTP response headers after 696.385ms - 200
2023-12-28 00:38:02.922: info: System.Net.Http.HttpClient.Default.LogicalHandler[101]
2023-12-28 00:38:02.922:       End processing HTTP request after 696.4292ms - 200
2023-12-28 00:38:39.840: info: MementoMori.BotServer.Plugins.MementoMoriQueryPlugin[0]
2023-12-28 00:38:39.840:       start retrieve notices
2023-12-28 00:38:40.886: info: MementoMori.BotServer.Plugins.MementoMoriQueryPlugin[0]
2023-12-28 00:38:40.886:       start retrieve notices
2023-12-28 00:47:23.760: info: MementoMori.MementoNetworkManager[0]
2023-12-28 00:47:23.760:       auto updating master data
2023-12-28 00:47:23.760: info: MementoMori.MementoNetworkManager[0]
2023-12-28 00:47:23.760:       下载 master 目录中...
2023-12-28 00:47:25.543: info: MementoMori.MementoNetworkManager[0]
2023-12-28 00:47:25.543:       下载 master 目录完成
2023-12-28 00:48:02.922: info: System.Net.Http.HttpClient.Default.LogicalHandler[100]
2023-12-28 00:48:02.922:       Start processing HTTP request GET https://apidgp-gameplayer.games.dmm.com/gameplayer/filelist/29051
2023-12-28 00:48:02.922: info: System.Net.Http.HttpClient.Default.ClientHandler[100]
2023-12-28 00:48:02.922:       Sending HTTP request GET https://apidgp-gameplayer.games.dmm.com/gameplayer/filelist/29051
2023-12-28 00:48:03.650: info: System.Net.Http.HttpClient.Default.ClientHandler[101]
2023-12-28 00:48:03.650:       Received HTTP response headers after 728.6745ms - 200
2023-12-28 00:48:03.650: info: System.Net.Http.HttpClient.Default.LogicalHandler[101]
2023-12-28 00:48:03.650:       End processing HTTP request after 728.7166ms - 200
2023-12-28 00:48:41.206: info: MementoMori.BotServer.Plugins.MementoMoriQueryPlugin[0]
2023-12-28 00:48:41.206:       start retrieve notices
2023-12-28 00:48:42.101: info: MementoMori.BotServer.Plugins.MementoMoriQueryPlugin[0]
2023-12-28 00:48:42.101:       start retrieve notices
2023-12-28 00:58:03.661: info: System.Net.Http.HttpClient.Default.LogicalHandler[100]
2023-12-28 00:58:03.661:       Start processing HTTP request GET https://apidgp-gameplayer.games.dmm.com/gameplayer/filelist/29051
2023-12-28 00:58:03.661: info: System.Net.Http.HttpClient.Default.ClientHandler[100]
2023-12-28 00:58:03.661:       Sending HTTP request GET https://apidgp-gameplayer.games.dmm.com/gameplayer/filelist/29051
2023-12-28 00:58:04.490: info: System.Net.Http.HttpClient.Default.ClientHandler[101]
2023-12-28 00:58:04.490:       Received HTTP response headers after 829.8611ms - 200
2023-12-28 00:58:04.490: info: System.Net.Http.HttpClient.Default.LogicalHandler[101]
2023-12-28 00:58:04.490:       End processing HTTP request after 829.9128ms - 200
2023-12-28 00:58:42.397: info: MementoMori.BotServer.Plugins.MementoMoriQueryPlugin[0]
2023-12-28 00:58:42.397:       start retrieve notices
2023-12-28 00:58:43.497: info: MementoMori.BotServer.Plugins.MementoMoriQueryPlugin[0]
2023-12-28 00:58:43.497:       start retrieve notices
2023-12-28 01:08:04.493: info: System.Net.Http.HttpClient.Default.LogicalHandler[100]
2023-12-28 01:08:04.493:       Start processing HTTP request GET https://apidgp-gameplayer.games.dmm.com/gameplayer/filelist/29051
2023-12-28 01:08:04.493: info: System.Net.Http.HttpClient.Default.ClientHandler[100]
2023-12-28 01:08:04.493:       Sending HTTP request GET https://apidgp-gameplayer.games.dmm.com/gameplayer/filelist/29051
2023-12-28 01:08:05.346: info: System.Net.Http.HttpClient.Default.ClientHandler[101]
2023-12-28 01:08:05.346:       Received HTTP response headers after 852.2533ms - 200
2023-12-28 01:08:05.346: info: System.Net.Http.HttpClient.Default.LogicalHandler[101]
2023-12-28 01:08:05.346:       End processing HTTP request after 852.3178ms - 200
2023-12-28 01:08:43.787: info: MementoMori.BotServer.Plugins.MementoMoriQueryPlugin[0]
2023-12-28 01:08:43.787:       start retrieve notices
2023-12-28 01:08:44.672: info: MementoMori.BotServer.Plugins.MementoMoriQueryPlugin[0]
2023-12-28 01:08:44.672:       start retrieve notices
2023-12-28 01:18:05.355: info: System.Net.Http.HttpClient.Default.LogicalHandler[100]
2023-12-28 01:18:05.355:       Start processing HTTP request GET https://apidgp-gameplayer.games.dmm.com/gameplayer/filelist/29051
2023-12-28 01:18:05.355: info: System.Net.Http.HttpClient.Default.ClientHandler[100]
2023-12-28 01:18:05.355:       Sending HTTP request GET https://apidgp-gameplayer.games.dmm.com/gameplayer/filelist/29051
2023-12-28 01:18:06.036: info: System.Net.Http.HttpClient.Default.ClientHandler[101]
2023-12-28 01:18:06.036:       Received HTTP response headers after 681.3809ms - 200
2023-12-28 01:18:06.036: info: System.Net.Http.HttpClient.Default.LogicalHandler[101]
2023-12-28 01:18:06.036:       End processing HTTP request after 681.4456ms - 200
2023-12-28 01:18:44.951: info: MementoMori.BotServer.Plugins.MementoMoriQueryPlugin[0]
2023-12-28 01:18:44.951:       start retrieve notices
2023-12-28 01:18:46.092: info: MementoMori.BotServer.Plugins.MementoMoriQueryPlugin[0]
2023-12-28 01:18:46.092:       start retrieve notices
2023-12-28 01:24:01.224: info: MementoMori.BotServer.Plugins.MementoMoriQueryPlugin[0]
2023-12-28 01:24:01.224:       RecentNotice 51002
info: System.Net.Http.HttpClient.Default.LogicalHandler[100]
