2023-12-30 11:03:34.354:       start retrieve notices
2023-12-30 11:11:18.827: info: MementoMori.MementoNetworkManager[0]
2023-12-30 11:11:18.827:       auto updating master data
2023-12-30 11:11:18.827: info: MementoMori.MementoNetworkManager[0]
2023-12-30 11:11:18.827:       下载 master 目录中...
2023-12-30 11:11:20.796: info: MementoMori.MementoNetworkManager[0]
2023-12-30 11:11:20.796:       下载 master 目录完成
2023-12-30 11:12:18.191: info: System.Net.Http.HttpClient.Default.LogicalHandler[100]
2023-12-30 11:12:18.191:       Start processing HTTP request GET https://apidgp-gameplayer.games.dmm.com/gameplayer/filelist/29066
2023-12-30 11:12:18.200: info: System.Net.Http.HttpClient.Default.ClientHandler[100]
2023-12-30 11:12:18.200:       Sending HTTP request GET https://apidgp-gameplayer.games.dmm.com/gameplayer/filelist/29066
2023-12-30 11:12:18.962: info: System.Net.Http.HttpClient.Default.ClientHandler[101]
2023-12-30 11:12:18.962:       Received HTTP response headers after 771.8292ms - 200
2023-12-30 11:12:18.962: info: System.Net.Http.HttpClient.Default.LogicalHandler[101]
2023-12-30 11:12:18.962:       End processing HTTP request after 771.8917ms - 200
2023-12-30 11:13:34.616: info: MementoMori.BotServer.Plugins.MementoMoriQueryPlugin[0]
2023-12-30 11:13:34.616:       start retrieve notices
2023-12-30 11:13:39.621: fail: MementoMori.BotServer.Plugins.MementoMoriQueryPlugin[0]
2023-12-30 11:13:39.621:       get notice failed
2023-12-30 11:13:39.621:       System.Net.Http.HttpRequestException: The SSL connection could not be established, see inner exception.
2023-12-30 11:13:39.621:        ---> System.IO.IOException: Received an unexpected EOF or 0 bytes from the transport stream.
2023-12-30 11:13:39.621:          at System.Net.Security.SslStream.ReceiveHandshakeFrameAsync[TIOAdapter](CancellationToken cancellationToken)
2023-12-30 11:13:39.621:          at System.Net.Security.SslStream.ForceAuthenticationAsync[TIOAdapter](Boolean receiveFirst, Byte[] reAuthenticationData, CancellationToken cancellationToken)
2023-12-30 11:13:39.621:          at System.Net.Http.ConnectHelper.EstablishSslConnectionAsync(SslClientAuthenticationOptions sslOptions, HttpRequestMessage request, Boolean async, Stream stream, CancellationToken cancellationToken)
2023-12-30 11:13:39.621:          --- End of inner exception stack trace ---
2023-12-30 11:13:39.621:          at System.Net.Http.ConnectHelper.EstablishSslConnectionAsync(SslClientAuthenticationOptions sslOptions, HttpRequestMessage request, Boolean async, Stream stream, CancellationToken cancellationToken)
2023-12-30 11:13:39.621:          at System.Net.Http.HttpConnectionPool.ConnectAsync(HttpRequestMessage request, Boolean async, CancellationToken cancellationToken)
2023-12-30 11:13:39.621:          at System.Net.Http.HttpConnectionPool.CreateHttp11ConnectionAsync(HttpRequestMessage request, Boolean async, CancellationToken cancellationToken)
2023-12-30 11:13:39.621:          at System.Net.Http.HttpConnectionPool.AddHttp11ConnectionAsync(QueueItem queueItem)
2023-12-30 11:13:39.621:          at System.Threading.Tasks.TaskCompletionSourceWithCancellation`1.WaitWithCancellationAsync(CancellationToken cancellationToken)
2023-12-30 11:13:39.621:          at System.Net.Http.HttpConnectionPool.SendWithVersionDetectionAndRetryAsync(HttpRequestMessage request, Boolean async, Boolean doRequestAuth, CancellationToken cancellationToken)
2023-12-30 11:13:39.621:          at System.Net.Http.RedirectHandler.SendAsync(HttpRequestMessage request, Boolean async, CancellationToken cancellationToken)
2023-12-30 11:13:39.621:          at MementoMori.MeMoriHttpClientHandler.SendAsync(HttpRequestMessage request, CancellationToken cancellationToken) in D:\Git_Github\MementoMori-release\MementoMori\MeMoriHttpClientHandler.cs:line 42
2023-12-30 11:13:39.621:          at System.Net.Http.HttpClient.<SendAsync>g__Core|83_0(HttpRequestMessage request, HttpCompletionOption completionOption, CancellationTokenSource cts, Boolean disposeCts, CancellationTokenSource pendingRequestsCts, CancellationToken originalCancellationToken)
2023-12-30 11:13:39.621:          at MementoMori.MementoNetworkManager.GetResponse[TReq,TResp](TReq req, Action`1 log, Action`1 userData) in D:\Git_Github\MementoMori-release\MementoMori\MementoNetworkManager.cs:line 303
2023-12-30 11:13:39.621:          at MementoMori.BotServer.Plugins.MementoMoriQueryPlugin.<AutoNotice>g__GetNotice|10_0(NoticeAccessType noticeAccessType, NoticeCategoryType noticeCategoryType, Func`2 getList) in D:\Git_Github\MementoMori-release\MementoMori.BotServer\Plugins\MementoMoriQueryPlugin.cs:line 108
2023-12-30 11:13:39.621:          at MementoMori.BotServer.Plugins.MementoMoriQueryPlugin.AutoNotice() in D:\Git_Github\MementoMori-release\MementoMori.BotServer\Plugins\MementoMoriQueryPlugin.cs:line 92
2023-12-30 11:22:18.965: info: System.Net.Http.HttpClient.Default.LogicalHandler[100]
2023-12-30 11:22:18.965:       Start processing HTTP request GET https://apidgp-gameplayer.games.dmm.com/gameplayer/filelist/29066
2023-12-30 11:22:18.965: info: System.Net.Http.HttpClient.Default.ClientHandler[100]
2023-12-30 11:22:18.965:       Sending HTTP request GET https://apidgp-gameplayer.games.dmm.com/gameplayer/filelist/29066
2023-12-30 11:22:19.824: info: System.Net.Http.HttpClient.Default.ClientHandler[101]
2023-12-30 11:22:19.824:       Received HTTP response headers after 859.0693ms - 200
2023-12-30 11:22:19.824: info: System.Net.Http.HttpClient.Default.LogicalHandler[101]
2023-12-30 11:22:19.824:       End processing HTTP request after 859.1276ms - 200
2023-12-30 11:23:39.623: info: MementoMori.BotServer.Plugins.MementoMoriQueryPlugin[0]
2023-12-30 11:23:39.623:       start retrieve notices
2023-12-30 11:23:40.847: info: MementoMori.BotServer.Plugins.MementoMoriQueryPlugin[0]
2023-12-30 11:23:40.847:       start retrieve notices
2023-12-30 11:32:19.834: info: System.Net.Http.HttpClient.Default.LogicalHandler[100]
2023-12-30 11:32:19.834:       Start processing HTTP request GET https://apidgp-gameplayer.games.dmm.com/gameplayer/filelist/29066
2023-12-30 11:32:19.834: info: System.Net.Http.HttpClient.Default.ClientHandler[100]
2023-12-30 11:32:19.834:       Sending HTTP request GET https://apidgp-gameplayer.games.dmm.com/gameplayer/filelist/29066
2023-12-30 11:32:20.635: info: System.Net.Http.HttpClient.Default.ClientHandler[101]
2023-12-30 11:32:20.635:       Received HTTP response headers after 800.7175ms - 200
2023-12-30 11:32:20.635: info: System.Net.Http.HttpClient.Default.LogicalHandler[101]
2023-12-30 11:32:20.635:       End processing HTTP request after 800.7855ms - 200
2023-12-30 11:33:41.115: info: MementoMori.BotServer.Plugins.MementoMoriQueryPlugin[0]
2023-12-30 11:33:41.115:       start retrieve notices
2023-12-30 11:33:42.106: info: MementoMori.BotServer.Plugins.MementoMoriQueryPlugin[0]
2023-12-30 11:33:42.106:       start retrieve notices
2023-12-30 11:42:20.649: info: System.Net.Http.HttpClient.Default.LogicalHandler[100]
2023-12-30 11:42:20.649:       Start processing HTTP request GET https://apidgp-gameplayer.games.dmm.com/gameplayer/filelist/29066
2023-12-30 11:42:20.649: info: System.Net.Http.HttpClient.Default.ClientHandler[100]
2023-12-30 11:42:20.649:       Sending HTTP request GET https://apidgp-gameplayer.games.dmm.com/gameplayer/filelist/29066
2023-12-30 11:42:21.594: info: System.Net.Http.HttpClient.Default.ClientHandler[101]
2023-12-30 11:42:21.594:       Received HTTP response headers after 945.1084ms - 200
2023-12-30 11:42:21.594: info: System.Net.Http.HttpClient.Default.LogicalHandler[101]
2023-12-30 11:42:21.594:       End processing HTTP request after 945.1749ms - 200
2023-12-30 11:43:42.418: info: MementoMori.BotServer.Plugins.MementoMoriQueryPlugin[0]
2023-12-30 11:43:42.418:       start retrieve notices
2023-12-30 11:43:44.000: info: MementoMori.BotServer.Plugins.MementoMoriQueryPlugin[0]
2023-12-30 11:43:44.000:       start retrieve notices
2023-12-30 11:52:21.600: info: System.Net.Http.HttpClient.Default.LogicalHandler[100]
2023-12-30 11:52:21.600:       Start processing HTTP request GET https://apidgp-gameplayer.games.dmm.com/gameplayer/filelist/29066
2023-12-30 11:52:21.600: info: System.Net.Http.HttpClient.Default.ClientHandler[100]
2023-12-30 11:52:21.600:       Sending HTTP request GET https://apidgp-gameplayer.games.dmm.com/gameplayer/filelist/29066
2023-12-30 11:52:22.485: info: System.Net.Http.HttpClient.Default.ClientHandler[101]
2023-12-30 11:52:22.485:       Received HTTP response headers after 885.6459ms - 200
2023-12-30 11:52:22.485: info: System.Net.Http.HttpClient.Default.LogicalHandler[101]
2023-12-30 11:52:22.485:       End processing HTTP request after 885.7071ms - 200
2023-12-30 11:53:44.318: info: MementoMori.BotServer.Plugins.MementoMoriQueryPlugin[0]
2023-12-30 11:53:44.318:       start retrieve notices
2023-12-30 11:53:45.673: info: MementoMori.BotServer.Plugins.MementoMoriQueryPlugin[0]
2023-12-30 11:53:45.673:       start retrieve notices
2023-12-30 12:02:22.491: info: System.Net.Http.HttpClient.Default.LogicalHandler[100]
2023-12-30 12:02:22.491:       Start processing HTTP request GET https://apidgp-gameplayer.games.dmm.com/gameplayer/filelist/29066
2023-12-30 12:02:22.491: info: System.Net.Http.HttpClient.Default.ClientHandler[100]
2023-12-30 12:02:22.491:       Sending HTTP request GET https://apidgp-gameplayer.games.dmm.com/gameplayer/filelist/29066
2023-12-30 12:02:23.358: info: System.Net.Http.HttpClient.Default.ClientHandler[101]
2023-12-30 12:02:23.358:       Received HTTP response headers after 866.9649ms - 200
2023-12-30 12:02:23.358: info: System.Net.Http.HttpClient.Default.LogicalHandler[101]
2023-12-30 12:02:23.358:       End processing HTTP request after 867.0794ms - 200
2023-12-30 12:03:46.003: info: MementoMori.BotServer.Plugins.MementoMoriQueryPlugin[0]
2023-12-30 12:03:46.003:       start retrieve notices
2023-12-30 12:03:47.205: info: MementoMori.BotServer.Plugins.MementoMoriQueryPlugin[0]
2023-12-30 12:03:47.205:       start retrieve notices
2023-12-30 12:11:20.809: info: MementoMori.MementoNetworkManager[0]
2023-12-30 12:11:20.809:       auto updating master data
2023-12-30 12:11:20.809: info: MementoMori.MementoNetworkManager[0]
2023-12-30 12:11:20.809:       下载 master 目录中...
2023-12-30 12:11:23.894: info: MementoMori.MementoNetworkManager[0]
2023-12-30 12:11:23.894:       下载 master 目录完成
2023-12-30 12:12:23.362: info: System.Net.Http.HttpClient.Default.LogicalHandler[100]
2023-12-30 12:12:23.362:       Start processing HTTP request GET https://apidgp-gameplayer.games.dmm.com/gameplayer/filelist/29066
2023-12-30 12:12:23.362: info: System.Net.Http.HttpClient.Default.ClientHandler[100]
2023-12-30 12:12:23.362:       Sending HTTP request GET https://apidgp-gameplayer.games.dmm.com/gameplayer/filelist/29066
2023-12-30 12:12:27.508: info: System.Net.Http.HttpClient.Default.ClientHandler[101]
2023-12-30 12:12:27.508:       Received HTTP response headers after 4145.9059ms - 200
2023-12-30 12:12:27.508: info: System.Net.Http.HttpClient.Default.LogicalHandler[101]
2023-12-30 12:12:27.508:       End processing HTTP request after 4145.9565ms - 200
2023-12-30 12:13:47.463: info: MementoMori.BotServer.Plugins.MementoMoriQueryPlugin[0]
2023-12-30 12:13:47.463:       start retrieve notices
2023-12-30 12:13:50.737: info: MementoMori.BotServer.Plugins.MementoMoriQueryPlugin[0]
2023-12-30 12:13:50.737:       start retrieve notices
2023-12-30 12:22:27.518: info: System.Net.Http.HttpClient.Default.LogicalHandler[100]
2023-12-30 12:22:27.518:       Start processing HTTP request GET https://apidgp-gameplayer.games.dmm.com/gameplayer/filelist/29066
2023-12-30 12:22:27.518: info: System.Net.Http.HttpClient.Default.ClientHandler[100]
2023-12-30 12:22:27.518:       Sending HTTP request GET https://apidgp-gameplayer.games.dmm.com/gameplayer/filelist/29066
2023-12-30 12:22:28.749: info: System.Net.Http.HttpClient.Default.ClientHandler[101]
2023-12-30 12:22:28.749:       Received HTTP response headers after 1230.3426ms - 200
2023-12-30 12:22:28.749: info: System.Net.Http.HttpClient.Default.LogicalHandler[101]
2023-12-30 12:22:28.749:       End processing HTTP request after 1230.396ms - 200
2023-12-30 12:23:51.005: info: MementoMori.BotServer.Plugins.MementoMoriQueryPlugin[0]
2023-12-30 12:23:51.005:       start retrieve notices
2023-12-30 12:23:53.170: info: MementoMori.BotServer.Plugins.MementoMoriQueryPlugin[0]
2023-12-30 12:23:53.170:       start retrieve notices
2023-12-30 12:32:28.757: info: System.Net.Http.HttpClient.Default.LogicalHandler[100]
2023-12-30 12:32:28.757:       Start processing HTTP request GET https://apidgp-gameplayer.games.dmm.com/gameplayer/filelist/29066
2023-12-30 12:32:28.757: info: System.Net.Http.HttpClient.Default.ClientHandler[100]
2023-12-30 12:32:28.757:       Sending HTTP request GET https://apidgp-gameplayer.games.dmm.com/gameplayer/filelist/29066
2023-12-30 12:32:30.937: info: System.Net.Http.HttpClient.Default.ClientHandler[101]
2023-12-30 12:32:30.937:       Received HTTP response headers after 2180.5292ms - 200
2023-12-30 12:32:30.937: info: System.Net.Http.HttpClient.Default.LogicalHandler[101]
2023-12-30 12:32:30.937:       End processing HTTP request after 2180.5876ms - 200
2023-12-30 12:33:53.422: info: MementoMori.BotServer.Plugins.MementoMoriQueryPlugin[0]
2023-12-30 12:33:53.422:       start retrieve notices
2023-12-30 12:33:54.673: info: MementoMori.BotServer.Plugins.MementoMoriQueryPlugin[0]
2023-12-30 12:33:54.673:       start retrieve notices
2023-12-30 12:42:30.946: info: System.Net.Http.HttpClient.Default.LogicalHandler[100]
2023-12-30 12:42:30.946:       Start processing HTTP request GET https://apidgp-gameplayer.games.dmm.com/gameplayer/filelist/29066
2023-12-30 12:42:30.946: info: System.Net.Http.HttpClient.Default.ClientHandler[100]
2023-12-30 12:42:30.946:       Sending HTTP request GET https://apidgp-gameplayer.games.dmm.com/gameplayer/filelist/29066
2023-12-30 12:42:31.744: info: System.Net.Http.HttpClient.Default.ClientHandler[101]
2023-12-30 12:42:31.744:       Received HTTP response headers after 798.8487ms - 200
2023-12-30 12:42:31.744: info: System.Net.Http.HttpClient.Default.LogicalHandler[101]
2023-12-30 12:42:31.744:       End processing HTTP request after 798.9038ms - 200
2023-12-30 12:43:54.999: info: MementoMori.BotServer.Plugins.MementoMoriQueryPlugin[0]
2023-12-30 12:43:54.999:       start retrieve notices
2023-12-30 12:44:00.056: fail: MementoMori.BotServer.Plugins.MementoMoriQueryPlugin[0]
2023-12-30 12:44:00.056:       get notice failed
2023-12-30 12:44:00.056:       System.Net.Http.HttpRequestException: The SSL connection could not be established, see inner exception.
2023-12-30 12:44:00.056:        ---> System.IO.IOException: Received an unexpected EOF or 0 bytes from the transport stream.
2023-12-30 12:44:00.056:          at System.Net.Security.SslStream.ReceiveHandshakeFrameAsync[TIOAdapter](CancellationToken cancellationToken)
2023-12-30 12:44:00.056:          at System.Net.Security.SslStream.ForceAuthenticationAsync[TIOAdapter](Boolean receiveFirst, Byte[] reAuthenticationData, CancellationToken cancellationToken)
2023-12-30 12:44:00.056:          at System.Net.Http.ConnectHelper.EstablishSslConnectionAsync(SslClientAuthenticationOptions sslOptions, HttpRequestMessage request, Boolean async, Stream stream, CancellationToken cancellationToken)
2023-12-30 12:44:00.056:          --- End of inner exception stack trace ---
2023-12-30 12:44:00.056:          at System.Net.Http.ConnectHelper.EstablishSslConnectionAsync(SslClientAuthenticationOptions sslOptions, HttpRequestMessage request, Boolean async, Stream stream, CancellationToken cancellationToken)
2023-12-30 12:44:00.056:          at System.Net.Http.HttpConnectionPool.ConnectAsync(HttpRequestMessage request, Boolean async, CancellationToken cancellationToken)
2023-12-30 12:44:00.056:          at System.Net.Http.HttpConnectionPool.CreateHttp11ConnectionAsync(HttpRequestMessage request, Boolean async, CancellationToken cancellationToken)
2023-12-30 12:44:00.056:          at System.Net.Http.HttpConnectionPool.AddHttp11ConnectionAsync(QueueItem queueItem)
2023-12-30 12:44:00.056:          at System.Threading.Tasks.TaskCompletionSourceWithCancellation`1.WaitWithCancellationAsync(CancellationToken cancellationToken)
2023-12-30 12:44:00.056:          at System.Net.Http.HttpConnectionPool.SendWithVersionDetectionAndRetryAsync(HttpRequestMessage request, Boolean async, Boolean doRequestAuth, CancellationToken cancellationToken)
2023-12-30 12:44:00.056:          at System.Net.Http.RedirectHandler.SendAsync(HttpRequestMessage request, Boolean async, CancellationToken cancellationToken)
2023-12-30 12:44:00.056:          at MementoMori.MeMoriHttpClientHandler.SendAsync(HttpRequestMessage request, CancellationToken cancellationToken) in D:\Git_Github\MementoMori-release\MementoMori\MeMoriHttpClientHandler.cs:line 42
2023-12-30 12:44:00.056:          at System.Net.Http.HttpClient.<SendAsync>g__Core|83_0(HttpRequestMessage request, HttpCompletionOption completionOption, CancellationTokenSource cts, Boolean disposeCts, CancellationTokenSource pendingRequestsCts, CancellationToken originalCancellationToken)
2023-12-30 12:44:00.056:          at MementoMori.MementoNetworkManager.GetResponse[TReq,TResp](TReq req, Action`1 log, Action`1 userData) in D:\Git_Github\MementoMori-release\MementoMori\MementoNetworkManager.cs:line 303
2023-12-30 12:44:00.056:          at MementoMori.BotServer.Plugins.MementoMoriQueryPlugin.<AutoNotice>g__GetNotice|10_0(NoticeAccessType noticeAccessType, NoticeCategoryType noticeCategoryType, Func`2 getList) in D:\Git_Github\MementoMori-release\MementoMori.BotServer\Plugins\MementoMoriQueryPlugin.cs:line 108
2023-12-30 12:44:00.056:          at MementoMori.BotServer.Plugins.MementoMoriQueryPlugin.AutoNotice() in D:\Git_Github\MementoMori-release\MementoMori.BotServer\Plugins\MementoMoriQueryPlugin.cs:line 92
2023-12-30 12:52:31.752: info: System.Net.Http.HttpClient.Default.LogicalHandler[100]
2023-12-30 12:52:31.752:       Start processing HTTP request GET https://apidgp-gameplayer.games.dmm.com/gameplayer/filelist/29066
2023-12-30 12:52:31.752: info: System.Net.Http.HttpClient.Default.ClientHandler[100]
2023-12-30 12:52:31.752:       Sending HTTP request GET https://apidgp-gameplayer.games.dmm.com/gameplayer/filelist/29066
2023-12-30 12:52:32.867: info: System.Net.Http.HttpClient.Default.ClientHandler[101]
2023-12-30 12:52:32.867:       Received HTTP response headers after 1115.0106ms - 200
2023-12-30 12:52:32.867: info: System.Net.Http.HttpClient.Default.LogicalHandler[101]
2023-12-30 12:52:32.867:       End processing HTTP request after 1115.0645ms - 200
2023-12-30 12:54:00.067: info: MementoMori.BotServer.Plugins.MementoMoriQueryPlugin[0]
2023-12-30 12:54:00.067:       start retrieve notices
2023-12-30 12:54:01.320: info: MementoMori.BotServer.Plugins.MementoMoriQueryPlugin[0]
2023-12-30 12:54:01.320:       start retrieve notices
2023-12-30 13:02:32.875: info: System.Net.Http.HttpClient.Default.LogicalHandler[100]
2023-12-30 13:02:32.875:       Start processing HTTP request GET https://apidgp-gameplayer.games.dmm.com/gameplayer/filelist/29066
2023-12-30 13:02:32.875: info: System.Net.Http.HttpClient.Default.ClientHandler[100]
2023-12-30 13:02:32.875:       Sending HTTP request GET https://apidgp-gameplayer.games.dmm.com/gameplayer/filelist/29066
2023-12-30 13:02:33.732: info: System.Net.Http.HttpClient.Default.ClientHandler[101]
2023-12-30 13:02:33.732:       Received HTTP response headers after 857.123ms - 200
2023-12-30 13:02:33.732: info: System.Net.Http.HttpClient.Default.LogicalHandler[101]
2023-12-30 13:02:33.732:       End processing HTTP request after 857.1774ms - 200
2023-12-30 13:04:01.567: info: MementoMori.BotServer.Plugins.MementoMoriQueryPlugin[0]
2023-12-30 13:04:01.567:       start retrieve notices
2023-12-30 13:04:06.640: fail: MementoMori.BotServer.Plugins.MementoMoriQueryPlugin[0]
2023-12-30 13:04:06.641:       get notice failed
2023-12-30 13:04:06.641:       System.Net.Http.HttpRequestException: The SSL connection could not be established, see inner exception.
2023-12-30 13:04:06.641:        ---> System.IO.IOException: Received an unexpected EOF or 0 bytes from the transport stream.
2023-12-30 13:04:06.644:          at System.Net.Security.SslStream.ReceiveHandshakeFrameAsync[TIOAdapter](CancellationToken cancellationToken)
2023-12-30 13:04:06.644:          at System.Net.Security.SslStream.ForceAuthenticationAsync[TIOAdapter](Boolean receiveFirst, Byte[] reAuthenticationData, CancellationToken cancellationToken)
2023-12-30 13:04:06.644:          at System.Net.Http.ConnectHelper.EstablishSslConnectionAsync(SslClientAuthenticationOptions sslOptions, HttpRequestMessage request, Boolean async, Stream stream, CancellationToken cancellationToken)
2023-12-30 13:04:06.644:          --- End of inner exception stack trace ---
2023-12-30 13:04:06.644:          at System.Net.Http.ConnectHelper.EstablishSslConnectionAsync(SslClientAuthenticationOptions sslOptions, HttpRequestMessage request, Boolean async, Stream stream, CancellationToken cancellationToken)
2023-12-30 13:04:06.644:          at System.Net.Http.HttpConnectionPool.ConnectAsync(HttpRequestMessage request, Boolean async, CancellationToken cancellationToken)
2023-12-30 13:04:06.644:          at System.Net.Http.HttpConnectionPool.CreateHttp11ConnectionAsync(HttpRequestMessage request, Boolean async, CancellationToken cancellationToken)
2023-12-30 13:04:06.644:          at System.Net.Http.HttpConnectionPool.AddHttp11ConnectionAsync(QueueItem queueItem)
2023-12-30 13:04:06.644:          at System.Threading.Tasks.TaskCompletionSourceWithCancellation`1.WaitWithCancellationAsync(CancellationToken cancellationToken)
2023-12-30 13:04:06.644:          at System.Net.Http.HttpConnectionPool.SendWithVersionDetectionAndRetryAsync(HttpRequestMessage request, Boolean async, Boolean doRequestAuth, CancellationToken cancellationToken)
2023-12-30 13:04:06.644:          at System.Net.Http.RedirectHandler.SendAsync(HttpRequestMessage request, Boolean async, CancellationToken cancellationToken)
2023-12-30 13:04:06.644:          at MementoMori.MeMoriHttpClientHandler.SendAsync(HttpRequestMessage request, CancellationToken cancellationToken) in D:\Git_Github\MementoMori-release\MementoMori\MeMoriHttpClientHandler.cs:line 42
2023-12-30 13:04:06.644:          at System.Net.Http.HttpClient.<SendAsync>g__Core|83_0(HttpRequestMessage request, HttpCompletionOption completionOption, CancellationTokenSource cts, Boolean disposeCts, CancellationTokenSource pendingRequestsCts, CancellationToken originalCancellationToken)
2023-12-30 13:04:06.644:          at MementoMori.MementoNetworkManager.GetResponse[TReq,TResp](TReq req, Action`1 log, Action`1 userData) in D:\Git_Github\MementoMori-release\MementoMori\MementoNetworkManager.cs:line 303
2023-12-30 13:04:06.644:          at MementoMori.BotServer.Plugins.MementoMoriQueryPlugin.<AutoNotice>g__GetNotice|10_0(NoticeAccessType noticeAccessType, NoticeCategoryType noticeCategoryType, Func`2 getList) in D:\Git_Github\MementoMori-release\MementoMori.BotServer\Plugins\MementoMoriQueryPlugin.cs:line 108
2023-12-30 13:04:06.644:          at MementoMori.BotServer.Plugins.MementoMoriQueryPlugin.AutoNotice() in D:\Git_Github\MementoMori-release\MementoMori.BotServer\Plugins\MementoMoriQueryPlugin.cs:line 92
2023-12-30 13:11:23.906: info: MementoMori.MementoNetworkManager[0]
2023-12-30 13:11:23.906:       auto updating master data
2023-12-30 13:11:23.906: info: MementoMori.MementoNetworkManager[0]
2023-12-30 13:11:23.906:       下载 master 目录中...
2023-12-30 13:11:28.315: info: MementoMori.MementoNetworkManager[0]
2023-12-30 13:11:28.315:       下载 master 目录完成
2023-12-30 13:12:33.745: info: System.Net.Http.HttpClient.Default.LogicalHandler[100]
2023-12-30 13:12:33.745:       Start processing HTTP request GET https://apidgp-gameplayer.games.dmm.com/gameplayer/filelist/29066
info: System.Net.Http.HttpClient.Default.ClientHandler[100]
