2023-12-29 11:43:53.953:       start retrieve notices
2023-12-29 11:43:55.308: info: MementoMori.BotServer.Plugins.MementoMoriQueryPlugin[0]
2023-12-29 11:43:55.308:       start retrieve notices
2023-12-29 11:48:49.233: info: MementoMori.MementoNetworkManager[0]
2023-12-29 11:48:49.233:       auto updating master data
2023-12-29 11:48:49.233: info: MementoMori.MementoNetworkManager[0]
2023-12-29 11:48:49.233:       下载 master 目录中...
2023-12-29 11:48:50.885: info: MementoMori.MementoNetworkManager[0]
2023-12-29 11:48:50.885:       下载 master 目录完成
2023-12-29 11:51:14.903: info: System.Net.Http.HttpClient.Default.LogicalHandler[100]
2023-12-29 11:51:14.903:       Start processing HTTP request GET https://apidgp-gameplayer.games.dmm.com/gameplayer/filelist/29066
2023-12-29 11:51:14.903: info: System.Net.Http.HttpClient.Default.ClientHandler[100]
2023-12-29 11:51:14.903:       Sending HTTP request GET https://apidgp-gameplayer.games.dmm.com/gameplayer/filelist/29066
2023-12-29 11:51:15.577: info: System.Net.Http.HttpClient.Default.ClientHandler[101]
2023-12-29 11:51:15.577:       Received HTTP response headers after 674.5854ms - 200
2023-12-29 11:51:15.577: info: System.Net.Http.HttpClient.Default.LogicalHandler[101]
2023-12-29 11:51:15.577:       End processing HTTP request after 674.6545ms - 200
2023-12-29 11:53:55.637: info: MementoMori.BotServer.Plugins.MementoMoriQueryPlugin[0]
2023-12-29 11:53:55.637:       start retrieve notices
2023-12-29 11:53:56.952: info: MementoMori.BotServer.Plugins.MementoMoriQueryPlugin[0]
2023-12-29 11:53:56.952:       start retrieve notices
2023-12-29 12:01:15.578: info: System.Net.Http.HttpClient.Default.LogicalHandler[100]
2023-12-29 12:01:15.578:       Start processing HTTP request GET https://apidgp-gameplayer.games.dmm.com/gameplayer/filelist/29066
2023-12-29 12:01:15.578: info: System.Net.Http.HttpClient.Default.ClientHandler[100]
2023-12-29 12:01:15.578:       Sending HTTP request GET https://apidgp-gameplayer.games.dmm.com/gameplayer/filelist/29066
2023-12-29 12:01:16.355: info: System.Net.Http.HttpClient.Default.ClientHandler[101]
2023-12-29 12:01:16.355:       Received HTTP response headers after 777.4482ms - 200
2023-12-29 12:01:16.355: info: System.Net.Http.HttpClient.Default.LogicalHandler[101]
2023-12-29 12:01:16.355:       End processing HTTP request after 777.528ms - 200
2023-12-29 12:03:57.241: info: MementoMori.BotServer.Plugins.MementoMoriQueryPlugin[0]
2023-12-29 12:03:57.241:       start retrieve notices
2023-12-29 12:03:58.486: info: MementoMori.BotServer.Plugins.MementoMoriQueryPlugin[0]
2023-12-29 12:03:58.486:       start retrieve notices
2023-12-29 12:11:16.355: info: System.Net.Http.HttpClient.Default.LogicalHandler[100]
2023-12-29 12:11:16.355:       Start processing HTTP request GET https://apidgp-gameplayer.games.dmm.com/gameplayer/filelist/29066
2023-12-29 12:11:16.355: info: System.Net.Http.HttpClient.Default.ClientHandler[100]
2023-12-29 12:11:16.355:       Sending HTTP request GET https://apidgp-gameplayer.games.dmm.com/gameplayer/filelist/29066
2023-12-29 12:11:17.251: info: System.Net.Http.HttpClient.Default.ClientHandler[101]
2023-12-29 12:11:17.251:       Received HTTP response headers after 896.5407ms - 200
2023-12-29 12:11:17.251: info: System.Net.Http.HttpClient.Default.LogicalHandler[101]
2023-12-29 12:11:17.251:       End processing HTTP request after 896.614ms - 200
2023-12-29 12:13:58.761: info: MementoMori.BotServer.Plugins.MementoMoriQueryPlugin[0]
2023-12-29 12:13:58.761:       start retrieve notices
2023-12-29 12:13:59.980: info: MementoMori.BotServer.Plugins.MementoMoriQueryPlugin[0]
2023-12-29 12:13:59.980:       start retrieve notices
2023-12-29 12:21:17.253: info: System.Net.Http.HttpClient.Default.LogicalHandler[100]
2023-12-29 12:21:17.253:       Start processing HTTP request GET https://apidgp-gameplayer.games.dmm.com/gameplayer/filelist/29066
2023-12-29 12:21:17.253: info: System.Net.Http.HttpClient.Default.ClientHandler[100]
2023-12-29 12:21:17.253:       Sending HTTP request GET https://apidgp-gameplayer.games.dmm.com/gameplayer/filelist/29066
2023-12-29 12:21:19.178: info: System.Net.Http.HttpClient.Default.ClientHandler[101]
2023-12-29 12:21:19.178:       Received HTTP response headers after 1925.6112ms - 200
2023-12-29 12:21:19.178: info: System.Net.Http.HttpClient.Default.LogicalHandler[101]
2023-12-29 12:21:19.178:       End processing HTTP request after 1925.6599ms - 200
2023-12-29 12:24:00.261: info: MementoMori.BotServer.Plugins.MementoMoriQueryPlugin[0]
2023-12-29 12:24:00.261:       start retrieve notices
2023-12-29 12:24:01.315: info: MementoMori.BotServer.Plugins.MementoMoriQueryPlugin[0]
2023-12-29 12:24:01.315:       start retrieve notices
2023-12-29 12:31:19.191: info: System.Net.Http.HttpClient.Default.LogicalHandler[100]
2023-12-29 12:31:19.191:       Start processing HTTP request GET https://apidgp-gameplayer.games.dmm.com/gameplayer/filelist/29066
2023-12-29 12:31:19.191: info: System.Net.Http.HttpClient.Default.ClientHandler[100]
2023-12-29 12:31:19.191:       Sending HTTP request GET https://apidgp-gameplayer.games.dmm.com/gameplayer/filelist/29066
2023-12-29 12:31:20.153: info: System.Net.Http.HttpClient.Default.ClientHandler[101]
2023-12-29 12:31:20.153:       Received HTTP response headers after 962.7929ms - 200
2023-12-29 12:31:20.153: info: System.Net.Http.HttpClient.Default.LogicalHandler[101]
2023-12-29 12:31:20.153:       End processing HTTP request after 962.8382ms - 200
2023-12-29 12:34:01.624: info: MementoMori.BotServer.Plugins.MementoMoriQueryPlugin[0]
2023-12-29 12:34:01.624:       start retrieve notices
2023-12-29 12:34:02.914: info: MementoMori.BotServer.Plugins.MementoMoriQueryPlugin[0]
2023-12-29 12:34:02.914:       start retrieve notices
2023-12-29 12:41:20.161: info: System.Net.Http.HttpClient.Default.LogicalHandler[100]
2023-12-29 12:41:20.161:       Start processing HTTP request GET https://apidgp-gameplayer.games.dmm.com/gameplayer/filelist/29066
2023-12-29 12:41:20.161: info: System.Net.Http.HttpClient.Default.ClientHandler[100]
2023-12-29 12:41:20.161:       Sending HTTP request GET https://apidgp-gameplayer.games.dmm.com/gameplayer/filelist/29066
2023-12-29 12:41:22.237: info: System.Net.Http.HttpClient.Default.ClientHandler[101]
2023-12-29 12:41:22.237:       Received HTTP response headers after 2076.6138ms - 200
2023-12-29 12:41:22.237: info: System.Net.Http.HttpClient.Default.LogicalHandler[101]
2023-12-29 12:41:22.237:       End processing HTTP request after 2076.6547ms - 200
2023-12-29 12:44:03.219: info: MementoMori.BotServer.Plugins.MementoMoriQueryPlugin[0]
2023-12-29 12:44:03.219:       start retrieve notices
2023-12-29 12:44:04.481: info: MementoMori.BotServer.Plugins.MementoMoriQueryPlugin[0]
2023-12-29 12:44:04.481:       start retrieve notices
2023-12-29 12:48:50.896: info: MementoMori.MementoNetworkManager[0]
2023-12-29 12:48:50.896:       auto updating master data
2023-12-29 12:48:50.896: info: MementoMori.MementoNetworkManager[0]
2023-12-29 12:48:50.896:       下载 master 目录中...
2023-12-29 12:48:52.703: info: MementoMori.MementoNetworkManager[0]
2023-12-29 12:48:52.703:       下载 master 目录完成
2023-12-29 12:51:22.244: info: System.Net.Http.HttpClient.Default.LogicalHandler[100]
2023-12-29 12:51:22.244:       Start processing HTTP request GET https://apidgp-gameplayer.games.dmm.com/gameplayer/filelist/29066
2023-12-29 12:51:22.244: info: System.Net.Http.HttpClient.Default.ClientHandler[100]
2023-12-29 12:51:22.244:       Sending HTTP request GET https://apidgp-gameplayer.games.dmm.com/gameplayer/filelist/29066
2023-12-29 12:51:23.046: info: System.Net.Http.HttpClient.Default.ClientHandler[101]
2023-12-29 12:51:23.046:       Received HTTP response headers after 802.9629ms - 200
2023-12-29 12:51:23.046: info: System.Net.Http.HttpClient.Default.LogicalHandler[101]
2023-12-29 12:51:23.046:       End processing HTTP request after 803.0145ms - 200
2023-12-29 12:54:04.737: info: MementoMori.BotServer.Plugins.MementoMoriQueryPlugin[0]
2023-12-29 12:54:04.737:       start retrieve notices
2023-12-29 12:54:06.070: info: MementoMori.BotServer.Plugins.MementoMoriQueryPlugin[0]
2023-12-29 12:54:06.070:       start retrieve notices
2023-12-29 13:01:23.057: info: System.Net.Http.HttpClient.Default.LogicalHandler[100]
2023-12-29 13:01:23.057:       Start processing HTTP request GET https://apidgp-gameplayer.games.dmm.com/gameplayer/filelist/29066
2023-12-29 13:01:23.057: info: System.Net.Http.HttpClient.Default.ClientHandler[100]
2023-12-29 13:01:23.057:       Sending HTTP request GET https://apidgp-gameplayer.games.dmm.com/gameplayer/filelist/29066
2023-12-29 13:01:23.870: info: System.Net.Http.HttpClient.Default.ClientHandler[101]
2023-12-29 13:01:23.870:       Received HTTP response headers after 813.0692ms - 200
2023-12-29 13:01:23.870: info: System.Net.Http.HttpClient.Default.LogicalHandler[101]
2023-12-29 13:01:23.870:       End processing HTTP request after 813.1123ms - 200
2023-12-29 13:04:06.428: info: MementoMori.BotServer.Plugins.MementoMoriQueryPlugin[0]
2023-12-29 13:04:06.428:       start retrieve notices
2023-12-29 13:04:07.539: info: MementoMori.BotServer.Plugins.MementoMoriQueryPlugin[0]
2023-12-29 13:04:07.539:       start retrieve notices
2023-12-29 13:11:23.880: info: System.Net.Http.HttpClient.Default.LogicalHandler[100]
2023-12-29 13:11:23.880:       Start processing HTTP request GET https://apidgp-gameplayer.games.dmm.com/gameplayer/filelist/29066
2023-12-29 13:11:23.880: info: System.Net.Http.HttpClient.Default.ClientHandler[100]
2023-12-29 13:11:23.880:       Sending HTTP request GET https://apidgp-gameplayer.games.dmm.com/gameplayer/filelist/29066
2023-12-29 13:11:24.702: info: System.Net.Http.HttpClient.Default.ClientHandler[101]
2023-12-29 13:11:24.702:       Received HTTP response headers after 823.1193ms - 200
2023-12-29 13:11:24.702: info: System.Net.Http.HttpClient.Default.LogicalHandler[101]
2023-12-29 13:11:24.702:       End processing HTTP request after 823.1715ms - 200
2023-12-29 13:14:07.882: info: MementoMori.BotServer.Plugins.MementoMoriQueryPlugin[0]
2023-12-29 13:14:07.882:       start retrieve notices
2023-12-29 13:14:08.764: info: MementoMori.BotServer.Plugins.MementoMoriQueryPlugin[0]
2023-12-29 13:14:08.764:       start retrieve notices
2023-12-29 13:21:24.712: info: System.Net.Http.HttpClient.Default.LogicalHandler[100]
2023-12-29 13:21:24.712:       Start processing HTTP request GET https://apidgp-gameplayer.games.dmm.com/gameplayer/filelist/29066
2023-12-29 13:21:24.712: info: System.Net.Http.HttpClient.Default.ClientHandler[100]
2023-12-29 13:21:24.712:       Sending HTTP request GET https://apidgp-gameplayer.games.dmm.com/gameplayer/filelist/29066
2023-12-29 13:21:25.684: info: System.Net.Http.HttpClient.Default.ClientHandler[101]
2023-12-29 13:21:25.684:       Received HTTP response headers after 971.7403ms - 200
2023-12-29 13:21:25.684: info: System.Net.Http.HttpClient.Default.LogicalHandler[101]
2023-12-29 13:21:25.684:       End processing HTTP request after 971.8128ms - 200
2023-12-29 13:24:09.053: info: MementoMori.BotServer.Plugins.MementoMoriQueryPlugin[0]
2023-12-29 13:24:09.053:       start retrieve notices
2023-12-29 13:24:10.274: info: MementoMori.BotServer.Plugins.MementoMoriQueryPlugin[0]
2023-12-29 13:24:10.274:       start retrieve notices
2023-12-29 13:31:25.697: info: System.Net.Http.HttpClient.Default.LogicalHandler[100]
2023-12-29 13:31:25.697:       Start processing HTTP request GET https://apidgp-gameplayer.games.dmm.com/gameplayer/filelist/29066
2023-12-29 13:31:25.697: info: System.Net.Http.HttpClient.Default.ClientHandler[100]
2023-12-29 13:31:25.697:       Sending HTTP request GET https://apidgp-gameplayer.games.dmm.com/gameplayer/filelist/29066
2023-12-29 13:31:26.635: info: System.Net.Http.HttpClient.Default.ClientHandler[101]
2023-12-29 13:31:26.635:       Received HTTP response headers after 938.3746ms - 200
2023-12-29 13:31:26.635: info: System.Net.Http.HttpClient.Default.LogicalHandler[101]
2023-12-29 13:31:26.635:       End processing HTTP request after 938.4506ms - 200
2023-12-29 13:34:10.565: info: MementoMori.BotServer.Plugins.MementoMoriQueryPlugin[0]
2023-12-29 13:34:10.565:       start retrieve notices
2023-12-29 13:34:11.603: info: MementoMori.BotServer.Plugins.MementoMoriQueryPlugin[0]
2023-12-29 13:34:11.603:       start retrieve notices
2023-12-29 13:41:26.639: info: System.Net.Http.HttpClient.Default.LogicalHandler[100]
2023-12-29 13:41:26.639:       Start processing HTTP request GET https://apidgp-gameplayer.games.dmm.com/gameplayer/filelist/29066
2023-12-29 13:41:26.639: info: System.Net.Http.HttpClient.Default.ClientHandler[100]
2023-12-29 13:41:26.639:       Sending HTTP request GET https://apidgp-gameplayer.games.dmm.com/gameplayer/filelist/29066
2023-12-29 13:41:27.478: info: System.Net.Http.HttpClient.Default.ClientHandler[101]
2023-12-29 13:41:27.478:       Received HTTP response headers after 839.9603ms - 200
2023-12-29 13:41:27.478: info: System.Net.Http.HttpClient.Default.LogicalHandler[101]
2023-12-29 13:41:27.478:       End processing HTTP request after 840.0314ms - 200
2023-12-29 13:44:11.933: info: MementoMori.BotServer.Plugins.MementoMoriQueryPlugin[0]
2023-12-29 13:44:11.933:       start retrieve notices
2023-12-29 13:44:13.236: info: MementoMori.BotServer.Plugins.MementoMoriQueryPlugin[0]
2023-12-29 13:44:13.236:       start retrieve notices
2023-12-29 13:48:52.715: info: MementoMori.MementoNetworkManager[0]
2023-12-29 13:48:52.715:       auto updating master data
2023-12-29 13:48:52.715: info: MementoMori.MementoNetworkManager[0]
2023-12-29 13:48:52.715:       下载 master 目录中...
2023-12-29 13:48:55.180: info: MementoMori.MementoNetworkManager[0]
2023-12-29 13:48:55.180:       下载 master 目录完成
2023-12-29 13:51:27.482: info: System.Net.Http.HttpClient.Default.LogicalHandler[100]
2023-12-29 13:51:27.482:       Start processing HTTP request GET https://apidgp-gameplayer.games.dmm.com/gameplayer/filelist/29066
2023-12-29 13:51:27.482: info: System.Net.Http.HttpClient.Default.ClientHandler[100]
2023-12-29 13:51:27.482:       Sending HTTP request GET https://apidgp-gameplayer.games.dmm.com/gameplayer/filelist/29066
2023-12-29 13:51:38.990: info: System.Net.Http.HttpClient.Default.ClientHandler[101]
2023-12-29 13:51:38.990:       Received HTTP response headers after 11508.1779ms - 200
2023-12-29 13:51:38.990: info: System.Net.Http.HttpClient.Default.LogicalHandler[101]
2023-12-29 13:51:38.990:       End processing HTTP request after 11508.2333ms - 200
2023-12-29 13:54:13.574: info: MementoMori.BotServer.Plugins.MementoMoriQueryPlugin[0]
2023-12-29 13:54:13.574:       start retrieve notices
2023-12-29 13:54:14.960: info: MementoMori.BotServer.Plugins.MementoMoriQueryPlugin[0]
2023-12-29 13:54:14.960:       start retrieve notices
2023-12-29 14:01:38.990: info: System.Net.Http.HttpClient.Default.LogicalHandler[100]
2023-12-29 14:01:38.990:       Start processing HTTP request GET https://apidgp-gameplayer.games.dmm.com/gameplayer/filelist/29066
2023-12-29 14:01:38.990: info: System.Net.Http.HttpClient.Default.ClientHandler[100]
2023-12-29 14:01:38.990:       Sending HTTP request GET https://apidgp-gameplayer.games.dmm.com/gameplayer/filelist/29066
2023-12-29 14:01:39.847: info: System.Net.Http.HttpClient.Default.ClientHandler[101]
2023-12-29 14:01:39.847:       Received HTTP response headers after 856.8475ms - 200
2023-12-29 14:01:39.847: info: System.Net.Http.HttpClient.Default.LogicalHandler[101]
2023-12-29 14:01:39.847:       End processing HTTP request after 856.9084ms - 200
2023-12-29 14:04:15.298: info: MementoMori.BotServer.Plugins.MementoMoriQueryPlugin[0]
2023-12-29 14:04:15.298:       start retrieve notices
2023-12-29 14:04:16.374: info: MementoMori.BotServer.Plugins.MementoMoriQueryPlugin[0]
2023-12-29 14:04:16.374:       start retrieve notices
2023-12-29 14:11:39.857: info: System.Net.Http.HttpClient.Default.LogicalHandler[100]
2023-12-29 14:11:39.857:       Start processing HTTP request GET https://apidgp-gameplayer.games.dmm.com/gameplayer/filelist/29066
2023-12-29 14:11:39.857: info: System.Net.Http.HttpClient.Default.ClientHandler[100]
2023-12-29 14:11:39.857:       Sending HTTP request GET https://apidgp-gameplayer.games.dmm.com/gameplayer/filelist/29066
2023-12-29 14:11:40.875: info: System.Net.Http.HttpClient.Default.ClientHandler[101]
2023-12-29 14:11:40.875:       Received HTTP response headers after 1017.2411ms - 200
2023-12-29 14:11:40.875: info: System.Net.Http.HttpClient.Default.LogicalHandler[101]
2023-12-29 14:11:40.875:       End processing HTTP request after 1017.2909ms - 200
2023-12-29 14:14:16.802: info: MementoMori.BotServer.Plugins.MementoMoriQueryPlugin[0]
2023-12-29 14:14:16.802:       start retrieve notices
2023-12-29 14:14:17.874: info: MementoMori.BotServer.Plugins.MementoMoriQueryPlugin[0]
2023-12-29 14:14:17.874:       start retrieve notices
2023-12-29 14:21:40.889: info: System.Net.Http.HttpClient.Default.LogicalHandler[100]
2023-12-29 14:21:40.889:       Start processing HTTP request GET https://apidgp-gameplayer.games.dmm.com/gameplayer/filelist/29066
2023-12-29 14:21:40.889: info: System.Net.Http.HttpClient.Default.ClientHandler[100]
2023-12-29 14:21:40.889:       Sending HTTP request GET https://apidgp-gameplayer.games.dmm.com/gameplayer/filelist/29066
2023-12-29 14:21:41.800: info: System.Net.Http.HttpClient.Default.ClientHandler[101]
2023-12-29 14:21:41.800:       Received HTTP response headers after 911.0738ms - 200
2023-12-29 14:21:41.800: info: System.Net.Http.HttpClient.Default.LogicalHandler[101]
2023-12-29 14:21:41.800:       End processing HTTP request after 911.1254ms - 200
2023-12-29 14:24:18.196: info: MementoMori.BotServer.Plugins.MementoMoriQueryPlugin[0]
2023-12-29 14:24:18.196:       start retrieve notices
2023-12-29 14:24:19.466: info: MementoMori.BotServer.Plugins.MementoMoriQueryPlugin[0]
2023-12-29 14:24:19.466:       start retrieve notices
2023-12-29 14:31:41.806: info: System.Net.Http.HttpClient.Default.LogicalHandler[100]
2023-12-29 14:31:41.806:       Start processing HTTP request GET https://apidgp-gameplayer.games.dmm.com/gameplayer/filelist/29066
2023-12-29 14:31:41.806: info: System.Net.Http.HttpClient.Default.ClientHandler[100]
2023-12-29 14:31:41.806:       Sending HTTP request GET https://apidgp-gameplayer.games.dmm.com/gameplayer/filelist/29066
2023-12-29 14:31:42.746: info: System.Net.Http.HttpClient.Default.ClientHandler[101]
2023-12-29 14:31:42.746:       Received HTTP response headers after 939.9943ms - 200
info: System.Net.Http.HttpClient.Default.LogicalHandler[101]
