2024-01-03 13:54:20.934:       Sending HTTP request GET https://apidgp-gameplayer.games.dmm.com/gameplayer/filelist/29070
2024-01-03 13:54:21.631: info: System.Net.Http.HttpClient.Default.ClientHandler[101]
2024-01-03 13:54:21.631:       Received HTTP response headers after 699.7379ms - 200
2024-01-03 13:54:21.631: info: System.Net.Http.HttpClient.Default.LogicalHandler[101]
2024-01-03 13:54:21.631:       End processing HTTP request after 699.7898ms - 200
2024-01-03 14:00:56.323: info: MementoMori.BotServer.Plugins.MementoMoriQueryPlugin[0]
2024-01-03 14:00:56.323:       start retrieve notices
2024-01-03 14:00:57.399: info: MementoMori.BotServer.Plugins.MementoMoriQueryPlugin[0]
2024-01-03 14:00:57.399:       start retrieve notices
2024-01-03 14:04:21.643: info: System.Net.Http.HttpClient.Default.LogicalHandler[100]
2024-01-03 14:04:21.643:       Start processing HTTP request GET https://apidgp-gameplayer.games.dmm.com/gameplayer/filelist/29070
2024-01-03 14:04:21.643: info: System.Net.Http.HttpClient.Default.ClientHandler[100]
2024-01-03 14:04:21.643:       Sending HTTP request GET https://apidgp-gameplayer.games.dmm.com/gameplayer/filelist/29070
2024-01-03 14:04:22.455: info: System.Net.Http.HttpClient.Default.ClientHandler[101]
2024-01-03 14:04:22.455:       Received HTTP response headers after 811.6705ms - 200
2024-01-03 14:04:22.455: info: System.Net.Http.HttpClient.Default.LogicalHandler[101]
2024-01-03 14:04:22.455:       End processing HTTP request after 811.7551ms - 200
2024-01-03 14:10:57.671: info: MementoMori.BotServer.Plugins.MementoMoriQueryPlugin[0]
2024-01-03 14:10:57.671:       start retrieve notices
2024-01-03 14:10:58.849: info: MementoMori.BotServer.Plugins.MementoMoriQueryPlugin[0]
2024-01-03 14:10:58.849:       start retrieve notices
2024-01-03 14:14:22.463: info: System.Net.Http.HttpClient.Default.LogicalHandler[100]
2024-01-03 14:14:22.463:       Start processing HTTP request GET https://apidgp-gameplayer.games.dmm.com/gameplayer/filelist/29070
2024-01-03 14:14:22.463: info: System.Net.Http.HttpClient.Default.ClientHandler[100]
2024-01-03 14:14:22.463:       Sending HTTP request GET https://apidgp-gameplayer.games.dmm.com/gameplayer/filelist/29070
2024-01-03 14:14:23.209: info: System.Net.Http.HttpClient.Default.ClientHandler[101]
2024-01-03 14:14:23.209:       Received HTTP response headers after 746.6303ms - 200
2024-01-03 14:14:23.209: info: System.Net.Http.HttpClient.Default.LogicalHandler[101]
2024-01-03 14:14:23.209:       End processing HTTP request after 746.7197ms - 200
2024-01-03 14:15:23.806: info: MementoMori.MementoNetworkManager[0]
2024-01-03 14:15:23.806:       auto updating master data
2024-01-03 14:15:23.806: info: MementoMori.MementoNetworkManager[0]
2024-01-03 14:15:23.806:       下载 master 目录中...
2024-01-03 14:15:26.129: info: MementoMori.MementoNetworkManager[0]
2024-01-03 14:15:26.129:       下载 master 目录完成
2024-01-03 14:20:59.103: info: MementoMori.BotServer.Plugins.MementoMoriQueryPlugin[0]
2024-01-03 14:20:59.103:       start retrieve notices
2024-01-03 14:21:00.244: info: MementoMori.BotServer.Plugins.MementoMoriQueryPlugin[0]
2024-01-03 14:21:00.244:       start retrieve notices
2024-01-03 14:24:23.219: info: System.Net.Http.HttpClient.Default.LogicalHandler[100]
2024-01-03 14:24:23.219:       Start processing HTTP request GET https://apidgp-gameplayer.games.dmm.com/gameplayer/filelist/29070
2024-01-03 14:24:23.219: info: System.Net.Http.HttpClient.Default.ClientHandler[100]
2024-01-03 14:24:23.219:       Sending HTTP request GET https://apidgp-gameplayer.games.dmm.com/gameplayer/filelist/29070
2024-01-03 14:24:24.005: info: System.Net.Http.HttpClient.Default.ClientHandler[101]
2024-01-03 14:24:24.005:       Received HTTP response headers after 786.2651ms - 200
2024-01-03 14:24:24.005: info: System.Net.Http.HttpClient.Default.LogicalHandler[101]
2024-01-03 14:24:24.005:       End processing HTTP request after 786.314ms - 200
2024-01-03 14:31:00.525: info: MementoMori.BotServer.Plugins.MementoMoriQueryPlugin[0]
2024-01-03 14:31:00.525:       start retrieve notices
2024-01-03 14:31:01.830: info: MementoMori.BotServer.Plugins.MementoMoriQueryPlugin[0]
2024-01-03 14:31:01.830:       start retrieve notices
2024-01-03 14:34:24.063: info: System.Net.Http.HttpClient.Default.LogicalHandler[100]
2024-01-03 14:34:24.063:       Start processing HTTP request GET https://apidgp-gameplayer.games.dmm.com/gameplayer/filelist/29070
2024-01-03 14:34:24.063: info: System.Net.Http.HttpClient.Default.ClientHandler[100]
2024-01-03 14:34:24.063:       Sending HTTP request GET https://apidgp-gameplayer.games.dmm.com/gameplayer/filelist/29070
2024-01-03 14:34:25.107: info: System.Net.Http.HttpClient.Default.ClientHandler[101]
2024-01-03 14:34:25.107:       Received HTTP response headers after 1074.4275ms - 200
2024-01-03 14:34:25.107: info: System.Net.Http.HttpClient.Default.LogicalHandler[101]
2024-01-03 14:34:25.107:       End processing HTTP request after 1074.5262ms - 200
2024-01-03 14:34:25.540: info: System.Net.Http.HttpClient.Default.LogicalHandler[100]
2024-01-03 14:34:25.540:       Start processing HTTP request GET https://apidgp-gameplayer.games.dmm.com/gameplayer/filelist/29071
2024-01-03 14:34:25.540: info: System.Net.Http.HttpClient.Default.ClientHandler[100]
2024-01-03 14:34:25.540:       Sending HTTP request GET https://apidgp-gameplayer.games.dmm.com/gameplayer/filelist/29071
2024-01-03 14:34:25.666: info: System.Net.Http.HttpClient.Default.ClientHandler[101]
2024-01-03 14:34:25.666:       Received HTTP response headers after 125.3018ms - 200
2024-01-03 14:34:25.666: info: System.Net.Http.HttpClient.Default.LogicalHandler[101]
2024-01-03 14:34:25.666:       End processing HTTP request after 125.35ms - 200
2024-01-03 14:41:02.110: info: MementoMori.BotServer.Plugins.MementoMoriQueryPlugin[0]
2024-01-03 14:41:02.110:       start retrieve notices
2024-01-03 14:41:03.256: info: MementoMori.BotServer.Plugins.MementoMoriQueryPlugin[0]
2024-01-03 14:41:03.256:       start retrieve notices
2024-01-03 14:44:25.672: info: System.Net.Http.HttpClient.Default.LogicalHandler[100]
2024-01-03 14:44:25.672:       Start processing HTTP request GET https://apidgp-gameplayer.games.dmm.com/gameplayer/filelist/29071
2024-01-03 14:44:25.672: info: System.Net.Http.HttpClient.Default.ClientHandler[100]
2024-01-03 14:44:25.672:       Sending HTTP request GET https://apidgp-gameplayer.games.dmm.com/gameplayer/filelist/29071
2024-01-03 14:44:26.583: info: System.Net.Http.HttpClient.Default.ClientHandler[101]
2024-01-03 14:44:26.583:       Received HTTP response headers after 910.6791ms - 200
2024-01-03 14:44:26.583: info: System.Net.Http.HttpClient.Default.LogicalHandler[101]
2024-01-03 14:44:26.583:       End processing HTTP request after 910.732ms - 200
2024-01-03 14:51:03.552: info: MementoMori.BotServer.Plugins.MementoMoriQueryPlugin[0]
2024-01-03 14:51:03.552:       start retrieve notices
2024-01-03 14:51:05.284: info: MementoMori.BotServer.Plugins.MementoMoriQueryPlugin[0]
2024-01-03 14:51:05.284:       start retrieve notices
2024-01-03 14:54:26.587: info: System.Net.Http.HttpClient.Default.LogicalHandler[100]
2024-01-03 14:54:26.587:       Start processing HTTP request GET https://apidgp-gameplayer.games.dmm.com/gameplayer/filelist/29071
2024-01-03 14:54:26.587: info: System.Net.Http.HttpClient.Default.ClientHandler[100]
2024-01-03 14:54:26.587:       Sending HTTP request GET https://apidgp-gameplayer.games.dmm.com/gameplayer/filelist/29071
2024-01-03 14:54:27.449: info: System.Net.Http.HttpClient.Default.ClientHandler[101]
2024-01-03 14:54:27.449:       Received HTTP response headers after 862.4976ms - 200
2024-01-03 14:54:27.449: info: System.Net.Http.HttpClient.Default.LogicalHandler[101]
2024-01-03 14:54:27.449:       End processing HTTP request after 862.5497ms - 200
2024-01-03 15:01:05.674: info: MementoMori.BotServer.Plugins.MementoMoriQueryPlugin[0]
2024-01-03 15:01:05.674:       start retrieve notices
2024-01-03 15:01:07.072: info: MementoMori.BotServer.Plugins.MementoMoriQueryPlugin[0]
2024-01-03 15:01:07.072:       start retrieve notices
2024-01-03 15:04:27.462: info: System.Net.Http.HttpClient.Default.LogicalHandler[100]
2024-01-03 15:04:27.462:       Start processing HTTP request GET https://apidgp-gameplayer.games.dmm.com/gameplayer/filelist/29071
2024-01-03 15:04:27.462: info: System.Net.Http.HttpClient.Default.ClientHandler[100]
2024-01-03 15:04:27.462:       Sending HTTP request GET https://apidgp-gameplayer.games.dmm.com/gameplayer/filelist/29071
2024-01-03 15:04:28.342: info: System.Net.Http.HttpClient.Default.ClientHandler[101]
2024-01-03 15:04:28.342:       Received HTTP response headers after 880.5673ms - 200
2024-01-03 15:04:28.342: info: System.Net.Http.HttpClient.Default.LogicalHandler[101]
2024-01-03 15:04:28.342:       End processing HTTP request after 880.6307ms - 200
2024-01-03 15:11:08.987: info: MementoMori.BotServer.Plugins.MementoMoriQueryPlugin[0]
2024-01-03 15:11:08.987:       start retrieve notices
2024-01-03 15:11:10.337: info: MementoMori.BotServer.Plugins.MementoMoriQueryPlugin[0]
2024-01-03 15:11:10.337:       start retrieve notices
2024-01-03 15:14:29.966: info: System.Net.Http.HttpClient.Default.LogicalHandler[100]
2024-01-03 15:14:29.966:       Start processing HTTP request GET https://apidgp-gameplayer.games.dmm.com/gameplayer/filelist/29071
2024-01-03 15:14:29.966: info: System.Net.Http.HttpClient.Default.ClientHandler[100]
2024-01-03 15:14:29.966:       Sending HTTP request GET https://apidgp-gameplayer.games.dmm.com/gameplayer/filelist/29071
2024-01-03 15:14:32.823: info: System.Net.Http.HttpClient.Default.ClientHandler[101]
2024-01-03 15:14:32.823:       Received HTTP response headers after 2856.6637ms - 200
2024-01-03 15:14:32.823: info: System.Net.Http.HttpClient.Default.LogicalHandler[101]
2024-01-03 15:14:32.823:       End processing HTTP request after 2856.7153ms - 200
2024-01-03 15:15:27.754: info: MementoMori.MementoNetworkManager[0]
2024-01-03 15:15:27.754:       auto updating master data
2024-01-03 15:15:27.754: info: MementoMori.MementoNetworkManager[0]
2024-01-03 15:15:27.754:       下载 master 目录中...
2024-01-03 15:15:30.032: info: MementoMori.MementoNetworkManager[0]
2024-01-03 15:15:30.032:       下载 master 目录完成
2024-01-03 15:21:10.613: info: MementoMori.BotServer.Plugins.MementoMoriQueryPlugin[0]
2024-01-03 15:21:10.613:       start retrieve notices
2024-01-03 15:21:11.699: info: MementoMori.BotServer.Plugins.MementoMoriQueryPlugin[0]
2024-01-03 15:21:11.699:       start retrieve notices
2024-01-03 15:24:32.837: info: System.Net.Http.HttpClient.Default.LogicalHandler[100]
2024-01-03 15:24:32.837:       Start processing HTTP request GET https://apidgp-gameplayer.games.dmm.com/gameplayer/filelist/29071
2024-01-03 15:24:32.837: info: System.Net.Http.HttpClient.Default.ClientHandler[100]
2024-01-03 15:24:32.837:       Sending HTTP request GET https://apidgp-gameplayer.games.dmm.com/gameplayer/filelist/29071
2024-01-03 15:24:33.742: info: System.Net.Http.HttpClient.Default.ClientHandler[101]
2024-01-03 15:24:33.742:       Received HTTP response headers after 904.5032ms - 200
2024-01-03 15:24:33.742: info: System.Net.Http.HttpClient.Default.LogicalHandler[101]
2024-01-03 15:24:33.742:       End processing HTTP request after 904.57ms - 200
2024-01-03 15:31:11.991: info: MementoMori.BotServer.Plugins.MementoMoriQueryPlugin[0]
2024-01-03 15:31:11.991:       start retrieve notices
2024-01-03 15:31:13.292: info: MementoMori.BotServer.Plugins.MementoMoriQueryPlugin[0]
2024-01-03 15:31:13.292:       start retrieve notices
2024-01-03 15:34:33.746: info: System.Net.Http.HttpClient.Default.LogicalHandler[100]
2024-01-03 15:34:33.746:       Start processing HTTP request GET https://apidgp-gameplayer.games.dmm.com/gameplayer/filelist/29071
2024-01-03 15:34:33.746: info: System.Net.Http.HttpClient.Default.ClientHandler[100]
2024-01-03 15:34:33.746:       Sending HTTP request GET https://apidgp-gameplayer.games.dmm.com/gameplayer/filelist/29071
2024-01-03 15:34:34.804: info: System.Net.Http.HttpClient.Default.ClientHandler[101]
2024-01-03 15:34:34.804:       Received HTTP response headers after 1058.1858ms - 200
2024-01-03 15:34:34.804: info: System.Net.Http.HttpClient.Default.LogicalHandler[101]
2024-01-03 15:34:34.804:       End processing HTTP request after 1058.2514ms - 200
2024-01-03 15:41:13.681: info: MementoMori.BotServer.Plugins.MementoMoriQueryPlugin[0]
2024-01-03 15:41:13.681:       start retrieve notices
2024-01-03 15:41:14.868: info: MementoMori.BotServer.Plugins.MementoMoriQueryPlugin[0]
2024-01-03 15:41:14.869:       start retrieve notices
2024-01-03 15:44:34.808: info: System.Net.Http.HttpClient.Default.LogicalHandler[100]
2024-01-03 15:44:34.808:       Start processing HTTP request GET https://apidgp-gameplayer.games.dmm.com/gameplayer/filelist/29071
2024-01-03 15:44:34.808: info: System.Net.Http.HttpClient.Default.ClientHandler[100]
2024-01-03 15:44:34.808:       Sending HTTP request GET https://apidgp-gameplayer.games.dmm.com/gameplayer/filelist/29071
2024-01-03 15:44:35.741: info: System.Net.Http.HttpClient.Default.ClientHandler[101]
2024-01-03 15:44:35.741:       Received HTTP response headers after 932.2658ms - 200
2024-01-03 15:44:35.741: info: System.Net.Http.HttpClient.Default.LogicalHandler[101]
2024-01-03 15:44:35.741:       End processing HTTP request after 932.321ms - 200
2024-01-03 15:51:15.252: info: MementoMori.BotServer.Plugins.MementoMoriQueryPlugin[0]
2024-01-03 15:51:15.252:       start retrieve notices
2024-01-03 15:51:16.621: info: MementoMori.BotServer.Plugins.MementoMoriQueryPlugin[0]
2024-01-03 15:51:16.621:       start retrieve notices
2024-01-03 15:54:35.754: info: System.Net.Http.HttpClient.Default.LogicalHandler[100]
2024-01-03 15:54:35.754:       Start processing HTTP request GET https://apidgp-gameplayer.games.dmm.com/gameplayer/filelist/29071
2024-01-03 15:54:35.754: info: System.Net.Http.HttpClient.Default.ClientHandler[100]
2024-01-03 15:54:35.754:       Sending HTTP request GET https://apidgp-gameplayer.games.dmm.com/gameplayer/filelist/29071
2024-01-03 15:54:36.566: info: System.Net.Http.HttpClient.Default.ClientHandler[101]
2024-01-03 15:54:36.566:       Received HTTP response headers after 811.5761ms - 200
2024-01-03 15:54:36.566: info: System.Net.Http.HttpClient.Default.LogicalHandler[101]
2024-01-03 15:54:36.566:       End processing HTTP request after 811.6959ms - 200
2024-01-03 16:01:16.937: info: MementoMori.BotServer.Plugins.MementoMoriQueryPlugin[0]
2024-01-03 16:01:16.938:       start retrieve notices
2024-01-03 16:01:18.053: info: MementoMori.BotServer.Plugins.MementoMoriQueryPlugin[0]
2024-01-03 16:01:18.053:       start retrieve notices
2024-01-03 16:04:36.576: info: System.Net.Http.HttpClient.Default.LogicalHandler[100]
2024-01-03 16:04:36.576:       Start processing HTTP request GET https://apidgp-gameplayer.games.dmm.com/gameplayer/filelist/29071
2024-01-03 16:04:36.576: info: System.Net.Http.HttpClient.Default.ClientHandler[100]
2024-01-03 16:04:36.576:       Sending HTTP request GET https://apidgp-gameplayer.games.dmm.com/gameplayer/filelist/29071
2024-01-03 16:04:37.398: info: System.Net.Http.HttpClient.Default.ClientHandler[101]
2024-01-03 16:04:37.398:       Received HTTP response headers after 822.351ms - 200
2024-01-03 16:04:37.398: info: System.Net.Http.HttpClient.Default.LogicalHandler[101]
2024-01-03 16:04:37.398:       End processing HTTP request after 822.4125ms - 200
2024-01-03 16:11:18.334: info: MementoMori.BotServer.Plugins.MementoMoriQueryPlugin[0]
2024-01-03 16:11:18.334:       start retrieve notices
2024-01-03 16:11:19.223: info: MementoMori.BotServer.Plugins.MementoMoriQueryPlugin[0]
2024-01-03 16:11:19.223:       start retrieve notices
2024-01-03 16:14:37.398: info: System.Net.Http.HttpClient.Default.LogicalHandler[100]
2024-01-03 16:14:37.398:       Start processing HTTP request GET https://apidgp-gameplayer.games.dmm.com/gameplayer/filelist/29071
2024-01-03 16:14:37.398: info: System.Net.Http.HttpClient.Default.ClientHandler[100]
2024-01-03 16:14:37.398:       Sending HTTP request GET https://apidgp-gameplayer.games.dmm.com/gameplayer/filelist/29071
2024-01-03 16:14:38.208: info: System.Net.Http.HttpClient.Default.ClientHandler[101]
2024-01-03 16:14:38.208:       Received HTTP response headers after 810.7979ms - 200
2024-01-03 16:14:38.208: info: System.Net.Http.HttpClient.Default.LogicalHandler[101]
2024-01-03 16:14:38.208:       End processing HTTP request after 810.8605ms - 200
2024-01-03 16:15:30.033: info: MementoMori.MementoNetworkManager[0]
2024-01-03 16:15:30.033:       auto updating master data
2024-01-03 16:15:30.033: info: MementoMori.MementoNetworkManager[0]
2024-01-03 16:15:30.033:       下载 master 目录中...
2024-01-03 16:15:32.348: info: MementoMori.MementoNetworkManager[0]
2024-01-03 16:15:32.348:       下载 master 目录完成
2024-01-03 16:21:19.488: info: MementoMori.BotServer.Plugins.MementoMoriQueryPlugin[0]
2024-01-03 16:21:19.488:       start retrieve notices
2024-01-03 16:21:20.848: info: MementoMori.BotServer.Plugins.MementoMoriQueryPlugin[0]
2024-01-03 16:21:20.848:       start retrieve notices
2024-01-03 16:24:38.214: info: System.Net.Http.HttpClient.Default.LogicalHandler[100]
2024-01-03 16:24:38.214:       Start processing HTTP request GET https://apidgp-gameplayer.games.dmm.com/gameplayer/filelist/29071
2024-01-03 16:24:38.214: info: System.Net.Http.HttpClient.Default.ClientHandler[100]
2024-01-03 16:24:38.214:       Sending HTTP request GET https://apidgp-gameplayer.games.dmm.com/gameplayer/filelist/29071
2024-01-03 16:24:39.058: info: System.Net.Http.HttpClient.Default.ClientHandler[101]
2024-01-03 16:24:39.058:       Received HTTP response headers after 843.5581ms - 200
2024-01-03 16:24:39.058: info: System.Net.Http.HttpClient.Default.LogicalHandler[101]
2024-01-03 16:24:39.058:       End processing HTTP request after 843.6302ms - 200
2024-01-03 16:31:21.131: info: MementoMori.BotServer.Plugins.MementoMoriQueryPlugin[0]
2024-01-03 16:31:21.131:       start retrieve notices
2024-01-03 16:31:22.565: info: MementoMori.BotServer.Plugins.MementoMoriQueryPlugin[0]
2024-01-03 16:31:22.565:       start retrieve notices
2024-01-03 16:34:39.072: info: System.Net.Http.HttpClient.Default.LogicalHandler[100]
2024-01-03 16:34:39.072:       Start processing HTTP request GET https://apidgp-gameplayer.games.dmm.com/gameplayer/filelist/29071
info: System.Net.Http.HttpClient.Default.ClientHandler[100]
