2023-12-30 08:13:09.182:       start retrieve notices
2023-12-30 08:13:10.276: info: MementoMori.BotServer.Plugins.MementoMoriQueryPlugin[0]
2023-12-30 08:13:10.276:       start retrieve notices
2023-12-30 08:22:05.133: info: System.Net.Http.HttpClient.Default.LogicalHandler[100]
2023-12-30 08:22:05.133:       Start processing HTTP request GET https://apidgp-gameplayer.games.dmm.com/gameplayer/filelist/29066
2023-12-30 08:22:05.133: info: System.Net.Http.HttpClient.Default.ClientHandler[100]
2023-12-30 08:22:05.133:       Sending HTTP request GET https://apidgp-gameplayer.games.dmm.com/gameplayer/filelist/29066
2023-12-30 08:22:05.909: info: System.Net.Http.HttpClient.Default.ClientHandler[101]
2023-12-30 08:22:05.909:       Received HTTP response headers after 777.109ms - 200
2023-12-30 08:22:05.909: info: System.Net.Http.HttpClient.Default.LogicalHandler[101]
2023-12-30 08:22:05.909:       End processing HTTP request after 777.1693ms - 200
2023-12-30 08:23:10.540: info: MementoMori.BotServer.Plugins.MementoMoriQueryPlugin[0]
2023-12-30 08:23:10.540:       start retrieve notices
2023-12-30 08:23:11.551: info: MementoMori.BotServer.Plugins.MementoMoriQueryPlugin[0]
2023-12-30 08:23:11.551:       start retrieve notices
2023-12-30 08:32:05.910: info: System.Net.Http.HttpClient.Default.LogicalHandler[100]
2023-12-30 08:32:05.910:       Start processing HTTP request GET https://apidgp-gameplayer.games.dmm.com/gameplayer/filelist/29066
2023-12-30 08:32:05.910: info: System.Net.Http.HttpClient.Default.ClientHandler[100]
2023-12-30 08:32:05.910:       Sending HTTP request GET https://apidgp-gameplayer.games.dmm.com/gameplayer/filelist/29066
2023-12-30 08:32:06.538: info: System.Net.Http.HttpClient.Default.ClientHandler[101]
2023-12-30 08:32:06.538:       Received HTTP response headers after 628.2621ms - 200
2023-12-30 08:32:06.538: info: System.Net.Http.HttpClient.Default.LogicalHandler[101]
2023-12-30 08:32:06.538:       End processing HTTP request after 628.3102ms - 200
2023-12-30 08:33:11.813: info: MementoMori.BotServer.Plugins.MementoMoriQueryPlugin[0]
2023-12-30 08:33:11.813:       start retrieve notices
2023-12-30 08:33:12.841: info: MementoMori.BotServer.Plugins.MementoMoriQueryPlugin[0]
2023-12-30 08:33:12.841:       start retrieve notices
2023-12-30 08:42:06.543: info: System.Net.Http.HttpClient.Default.LogicalHandler[100]
2023-12-30 08:42:06.543:       Start processing HTTP request GET https://apidgp-gameplayer.games.dmm.com/gameplayer/filelist/29066
2023-12-30 08:42:06.543: info: System.Net.Http.HttpClient.Default.ClientHandler[100]
2023-12-30 08:42:06.543:       Sending HTTP request GET https://apidgp-gameplayer.games.dmm.com/gameplayer/filelist/29066
2023-12-30 08:42:07.263: info: System.Net.Http.HttpClient.Default.ClientHandler[101]
2023-12-30 08:42:07.263:       Received HTTP response headers after 719.9044ms - 200
2023-12-30 08:42:07.263: info: System.Net.Http.HttpClient.Default.LogicalHandler[101]
2023-12-30 08:42:07.263:       End processing HTTP request after 719.9629ms - 200
2023-12-30 08:43:13.102: info: MementoMori.BotServer.Plugins.MementoMoriQueryPlugin[0]
2023-12-30 08:43:13.102:       start retrieve notices
2023-12-30 08:43:14.063: info: MementoMori.BotServer.Plugins.MementoMoriQueryPlugin[0]
2023-12-30 08:43:14.063:       start retrieve notices
2023-12-30 08:52:07.274: info: System.Net.Http.HttpClient.Default.LogicalHandler[100]
2023-12-30 08:52:07.274:       Start processing HTTP request GET https://apidgp-gameplayer.games.dmm.com/gameplayer/filelist/29066
2023-12-30 08:52:07.274: info: System.Net.Http.HttpClient.Default.ClientHandler[100]
2023-12-30 08:52:07.274:       Sending HTTP request GET https://apidgp-gameplayer.games.dmm.com/gameplayer/filelist/29066
2023-12-30 08:52:08.074: info: System.Net.Http.HttpClient.Default.ClientHandler[101]
2023-12-30 08:52:08.074:       Received HTTP response headers after 800.3615ms - 200
2023-12-30 08:52:08.074: info: System.Net.Http.HttpClient.Default.LogicalHandler[101]
2023-12-30 08:52:08.074:       End processing HTTP request after 800.4248ms - 200
2023-12-30 08:53:14.332: info: MementoMori.BotServer.Plugins.MementoMoriQueryPlugin[0]
2023-12-30 08:53:14.332:       start retrieve notices
2023-12-30 08:53:15.317: info: MementoMori.BotServer.Plugins.MementoMoriQueryPlugin[0]
2023-12-30 08:53:15.317:       start retrieve notices
2023-12-30 09:02:08.079: info: System.Net.Http.HttpClient.Default.LogicalHandler[100]
2023-12-30 09:02:08.079:       Start processing HTTP request GET https://apidgp-gameplayer.games.dmm.com/gameplayer/filelist/29066
2023-12-30 09:02:08.079: info: System.Net.Http.HttpClient.Default.ClientHandler[100]
2023-12-30 09:02:08.079:       Sending HTTP request GET https://apidgp-gameplayer.games.dmm.com/gameplayer/filelist/29066
2023-12-30 09:02:08.961: info: System.Net.Http.HttpClient.Default.ClientHandler[101]
2023-12-30 09:02:08.961:       Received HTTP response headers after 881.321ms - 200
2023-12-30 09:02:08.961: info: System.Net.Http.HttpClient.Default.LogicalHandler[101]
2023-12-30 09:02:08.961:       End processing HTTP request after 881.381ms - 200
2023-12-30 09:03:15.603: info: MementoMori.BotServer.Plugins.MementoMoriQueryPlugin[0]
2023-12-30 09:03:15.603:       start retrieve notices
2023-12-30 09:03:16.939: info: MementoMori.BotServer.Plugins.MementoMoriQueryPlugin[0]
2023-12-30 09:03:16.939:       start retrieve notices
2023-12-30 09:11:14.745: info: MementoMori.MementoNetworkManager[0]
2023-12-30 09:11:14.745:       auto updating master data
2023-12-30 09:11:14.745: info: MementoMori.MementoNetworkManager[0]
2023-12-30 09:11:14.745:       下载 master 目录中...
2023-12-30 09:11:16.623: info: MementoMori.MementoNetworkManager[0]
2023-12-30 09:11:16.623:       下载 master 目录完成
2023-12-30 09:12:08.964: info: System.Net.Http.HttpClient.Default.LogicalHandler[100]
2023-12-30 09:12:08.964:       Start processing HTTP request GET https://apidgp-gameplayer.games.dmm.com/gameplayer/filelist/29066
2023-12-30 09:12:08.964: info: System.Net.Http.HttpClient.Default.ClientHandler[100]
2023-12-30 09:12:08.964:       Sending HTTP request GET https://apidgp-gameplayer.games.dmm.com/gameplayer/filelist/29066
2023-12-30 09:12:09.617: info: System.Net.Http.HttpClient.Default.ClientHandler[101]
2023-12-30 09:12:09.617:       Received HTTP response headers after 654.0769ms - 200
2023-12-30 09:12:09.617: info: System.Net.Http.HttpClient.Default.LogicalHandler[101]
2023-12-30 09:12:09.617:       End processing HTTP request after 654.1222ms - 200
2023-12-30 09:13:17.247: info: MementoMori.BotServer.Plugins.MementoMoriQueryPlugin[0]
2023-12-30 09:13:17.247:       start retrieve notices
2023-12-30 09:13:18.397: info: MementoMori.BotServer.Plugins.MementoMoriQueryPlugin[0]
2023-12-30 09:13:18.397:       start retrieve notices
2023-12-30 09:22:09.622: info: System.Net.Http.HttpClient.Default.LogicalHandler[100]
2023-12-30 09:22:09.622:       Start processing HTTP request GET https://apidgp-gameplayer.games.dmm.com/gameplayer/filelist/29066
2023-12-30 09:22:09.622: info: System.Net.Http.HttpClient.Default.ClientHandler[100]
2023-12-30 09:22:09.622:       Sending HTTP request GET https://apidgp-gameplayer.games.dmm.com/gameplayer/filelist/29066
2023-12-30 09:22:10.308: info: System.Net.Http.HttpClient.Default.ClientHandler[101]
2023-12-30 09:22:10.308:       Received HTTP response headers after 685.9732ms - 200
2023-12-30 09:22:10.308: info: System.Net.Http.HttpClient.Default.LogicalHandler[101]
2023-12-30 09:22:10.308:       End processing HTTP request after 686.0358ms - 200
2023-12-30 09:23:18.683: info: MementoMori.BotServer.Plugins.MementoMoriQueryPlugin[0]
2023-12-30 09:23:18.683:       start retrieve notices
2023-12-30 09:23:19.898: info: MementoMori.BotServer.Plugins.MementoMoriQueryPlugin[0]
2023-12-30 09:23:19.898:       start retrieve notices
2023-12-30 09:32:10.319: info: System.Net.Http.HttpClient.Default.LogicalHandler[100]
2023-12-30 09:32:10.319:       Start processing HTTP request GET https://apidgp-gameplayer.games.dmm.com/gameplayer/filelist/29066
2023-12-30 09:32:10.319: info: System.Net.Http.HttpClient.Default.ClientHandler[100]
2023-12-30 09:32:10.319:       Sending HTTP request GET https://apidgp-gameplayer.games.dmm.com/gameplayer/filelist/29066
2023-12-30 09:32:11.090: info: System.Net.Http.HttpClient.Default.ClientHandler[101]
2023-12-30 09:32:11.090:       Received HTTP response headers after 771.3174ms - 200
2023-12-30 09:32:11.090: info: System.Net.Http.HttpClient.Default.LogicalHandler[101]
2023-12-30 09:32:11.090:       End processing HTTP request after 771.3686ms - 200
2023-12-30 09:33:20.236: info: MementoMori.BotServer.Plugins.MementoMoriQueryPlugin[0]
2023-12-30 09:33:20.236:       start retrieve notices
2023-12-30 09:33:21.418: info: MementoMori.BotServer.Plugins.MementoMoriQueryPlugin[0]
2023-12-30 09:33:21.418:       start retrieve notices
2023-12-30 09:42:11.096: info: System.Net.Http.HttpClient.Default.LogicalHandler[100]
2023-12-30 09:42:11.096:       Start processing HTTP request GET https://apidgp-gameplayer.games.dmm.com/gameplayer/filelist/29066
2023-12-30 09:42:11.096: info: System.Net.Http.HttpClient.Default.ClientHandler[100]
2023-12-30 09:42:11.096:       Sending HTTP request GET https://apidgp-gameplayer.games.dmm.com/gameplayer/filelist/29066
2023-12-30 09:42:11.923: info: System.Net.Http.HttpClient.Default.ClientHandler[101]
2023-12-30 09:42:11.923:       Received HTTP response headers after 827.0374ms - 200
2023-12-30 09:42:11.923: info: System.Net.Http.HttpClient.Default.LogicalHandler[101]
2023-12-30 09:42:11.923:       End processing HTTP request after 827.089ms - 200
2023-12-30 09:43:21.656: info: MementoMori.BotServer.Plugins.MementoMoriQueryPlugin[0]
2023-12-30 09:43:21.656:       start retrieve notices
2023-12-30 09:43:22.845: info: MementoMori.BotServer.Plugins.MementoMoriQueryPlugin[0]
2023-12-30 09:43:22.845:       start retrieve notices
2023-12-30 09:52:11.932: info: System.Net.Http.HttpClient.Default.LogicalHandler[100]
2023-12-30 09:52:11.932:       Start processing HTTP request GET https://apidgp-gameplayer.games.dmm.com/gameplayer/filelist/29066
2023-12-30 09:52:11.932: info: System.Net.Http.HttpClient.Default.ClientHandler[100]
2023-12-30 09:52:11.932:       Sending HTTP request GET https://apidgp-gameplayer.games.dmm.com/gameplayer/filelist/29066
2023-12-30 09:52:12.623: info: System.Net.Http.HttpClient.Default.ClientHandler[101]
2023-12-30 09:52:12.623:       Received HTTP response headers after 690.8829ms - 200
2023-12-30 09:52:12.623: info: System.Net.Http.HttpClient.Default.LogicalHandler[101]
2023-12-30 09:52:12.623:       End processing HTTP request after 690.9326ms - 200
2023-12-30 09:53:23.116: info: MementoMori.BotServer.Plugins.MementoMoriQueryPlugin[0]
2023-12-30 09:53:23.116:       start retrieve notices
2023-12-30 09:53:24.311: info: MementoMori.BotServer.Plugins.MementoMoriQueryPlugin[0]
2023-12-30 09:53:24.311:       start retrieve notices
2023-12-30 10:02:12.623: info: System.Net.Http.HttpClient.Default.LogicalHandler[100]
2023-12-30 10:02:12.623:       Start processing HTTP request GET https://apidgp-gameplayer.games.dmm.com/gameplayer/filelist/29066
2023-12-30 10:02:12.623: info: System.Net.Http.HttpClient.Default.ClientHandler[100]
2023-12-30 10:02:12.623:       Sending HTTP request GET https://apidgp-gameplayer.games.dmm.com/gameplayer/filelist/29066
2023-12-30 10:02:13.523: info: System.Net.Http.HttpClient.Default.ClientHandler[101]
2023-12-30 10:02:13.523:       Received HTTP response headers after 899.993ms - 200
2023-12-30 10:02:13.523: info: System.Net.Http.HttpClient.Default.LogicalHandler[101]
2023-12-30 10:02:13.523:       End processing HTTP request after 900.0474ms - 200
2023-12-30 10:03:24.587: info: MementoMori.BotServer.Plugins.MementoMoriQueryPlugin[0]
2023-12-30 10:03:24.587:       start retrieve notices
2023-12-30 10:03:26.186: info: MementoMori.BotServer.Plugins.MementoMoriQueryPlugin[0]
2023-12-30 10:03:26.186:       start retrieve notices
2023-12-30 10:11:16.634: info: MementoMori.MementoNetworkManager[0]
2023-12-30 10:11:16.634:       auto updating master data
2023-12-30 10:11:16.634: info: MementoMori.MementoNetworkManager[0]
2023-12-30 10:11:16.634:       下载 master 目录中...
2023-12-30 10:11:18.818: info: MementoMori.MementoNetworkManager[0]
2023-12-30 10:11:18.818:       下载 master 目录完成
2023-12-30 10:12:13.524: info: System.Net.Http.HttpClient.Default.LogicalHandler[100]
2023-12-30 10:12:13.524:       Start processing HTTP request GET https://apidgp-gameplayer.games.dmm.com/gameplayer/filelist/29066
2023-12-30 10:12:13.524: info: System.Net.Http.HttpClient.Default.ClientHandler[100]
2023-12-30 10:12:13.524:       Sending HTTP request GET https://apidgp-gameplayer.games.dmm.com/gameplayer/filelist/29066
2023-12-30 10:12:14.246: info: System.Net.Http.HttpClient.Default.ClientHandler[101]
2023-12-30 10:12:14.246:       Received HTTP response headers after 721.5299ms - 200
2023-12-30 10:12:14.246: info: System.Net.Http.HttpClient.Default.LogicalHandler[101]
2023-12-30 10:12:14.246:       End processing HTTP request after 721.5809ms - 200
2023-12-30 10:13:26.528: info: MementoMori.BotServer.Plugins.MementoMoriQueryPlugin[0]
2023-12-30 10:13:26.528:       start retrieve notices
2023-12-30 10:13:27.653: info: MementoMori.BotServer.Plugins.MementoMoriQueryPlugin[0]
2023-12-30 10:13:27.653:       start retrieve notices
2023-12-30 10:22:14.249: info: System.Net.Http.HttpClient.Default.LogicalHandler[100]
2023-12-30 10:22:14.249:       Start processing HTTP request GET https://apidgp-gameplayer.games.dmm.com/gameplayer/filelist/29066
2023-12-30 10:22:14.249: info: System.Net.Http.HttpClient.Default.ClientHandler[100]
2023-12-30 10:22:14.249:       Sending HTTP request GET https://apidgp-gameplayer.games.dmm.com/gameplayer/filelist/29066
2023-12-30 10:22:14.913: info: System.Net.Http.HttpClient.Default.ClientHandler[101]
2023-12-30 10:22:14.913:       Received HTTP response headers after 664.6582ms - 200
2023-12-30 10:22:14.913: info: System.Net.Http.HttpClient.Default.LogicalHandler[101]
2023-12-30 10:22:14.913:       End processing HTTP request after 664.7218ms - 200
2023-12-30 10:23:27.965: info: MementoMori.BotServer.Plugins.MementoMoriQueryPlugin[0]
2023-12-30 10:23:27.965:       start retrieve notices
2023-12-30 10:23:29.006: info: MementoMori.BotServer.Plugins.MementoMoriQueryPlugin[0]
2023-12-30 10:23:29.006:       start retrieve notices
2023-12-30 10:32:14.917: info: System.Net.Http.HttpClient.Default.LogicalHandler[100]
2023-12-30 10:32:14.917:       Start processing HTTP request GET https://apidgp-gameplayer.games.dmm.com/gameplayer/filelist/29066
2023-12-30 10:32:14.917: info: System.Net.Http.HttpClient.Default.ClientHandler[100]
2023-12-30 10:32:14.917:       Sending HTTP request GET https://apidgp-gameplayer.games.dmm.com/gameplayer/filelist/29066
2023-12-30 10:32:15.577: info: System.Net.Http.HttpClient.Default.ClientHandler[101]
2023-12-30 10:32:15.577:       Received HTTP response headers after 660.2368ms - 200
2023-12-30 10:32:15.577: info: System.Net.Http.HttpClient.Default.LogicalHandler[101]
2023-12-30 10:32:15.577:       End processing HTTP request after 660.3108ms - 200
2023-12-30 10:33:29.256: info: MementoMori.BotServer.Plugins.MementoMoriQueryPlugin[0]
2023-12-30 10:33:29.256:       start retrieve notices
2023-12-30 10:33:30.379: info: MementoMori.BotServer.Plugins.MementoMoriQueryPlugin[0]
2023-12-30 10:33:30.379:       start retrieve notices
2023-12-30 10:42:15.598: info: System.Net.Http.HttpClient.Default.LogicalHandler[100]
2023-12-30 10:42:15.598:       Start processing HTTP request GET https://apidgp-gameplayer.games.dmm.com/gameplayer/filelist/29066
2023-12-30 10:42:15.598: info: System.Net.Http.HttpClient.Default.ClientHandler[100]
2023-12-30 10:42:15.598:       Sending HTTP request GET https://apidgp-gameplayer.games.dmm.com/gameplayer/filelist/29066
2023-12-30 10:42:16.441: info: System.Net.Http.HttpClient.Default.ClientHandler[101]
2023-12-30 10:42:16.441:       Received HTTP response headers after 843.3678ms - 200
2023-12-30 10:42:16.441: info: System.Net.Http.HttpClient.Default.LogicalHandler[101]
2023-12-30 10:42:16.441:       End processing HTTP request after 843.5063ms - 200
2023-12-30 10:43:30.644: info: MementoMori.BotServer.Plugins.MementoMoriQueryPlugin[0]
2023-12-30 10:43:30.644:       start retrieve notices
2023-12-30 10:43:31.703: info: MementoMori.BotServer.Plugins.MementoMoriQueryPlugin[0]
2023-12-30 10:43:31.703:       start retrieve notices
2023-12-30 10:52:16.455: info: System.Net.Http.HttpClient.Default.LogicalHandler[100]
2023-12-30 10:52:16.455:       Start processing HTTP request GET https://apidgp-gameplayer.games.dmm.com/gameplayer/filelist/29066
2023-12-30 10:52:16.455: info: System.Net.Http.HttpClient.Default.ClientHandler[100]
2023-12-30 10:52:16.455:       Sending HTTP request GET https://apidgp-gameplayer.games.dmm.com/gameplayer/filelist/29066
2023-12-30 10:52:17.422: info: System.Net.Http.HttpClient.Default.ClientHandler[101]
2023-12-30 10:52:17.422:       Received HTTP response headers after 967.4195ms - 200
2023-12-30 10:52:17.422: info: System.Net.Http.HttpClient.Default.LogicalHandler[101]
2023-12-30 10:52:17.422:       End processing HTTP request after 967.4751ms - 200
2023-12-30 10:53:32.015: info: MementoMori.BotServer.Plugins.MementoMoriQueryPlugin[0]
2023-12-30 10:53:32.015:       start retrieve notices
2023-12-30 10:53:32.990: info: MementoMori.BotServer.Plugins.MementoMoriQueryPlugin[0]
2023-12-30 10:53:32.990:       start retrieve notices
2023-12-30 11:02:17.427: info: System.Net.Http.HttpClient.Default.LogicalHandler[100]
2023-12-30 11:02:17.427:       Start processing HTTP request GET https://apidgp-gameplayer.games.dmm.com/gameplayer/filelist/29066
2023-12-30 11:02:17.427: info: System.Net.Http.HttpClient.Default.ClientHandler[100]
2023-12-30 11:02:17.427:       Sending HTTP request GET https://apidgp-gameplayer.games.dmm.com/gameplayer/filelist/29066
2023-12-30 11:02:18.187: info: System.Net.Http.HttpClient.Default.ClientHandler[101]
2023-12-30 11:02:18.187:       Received HTTP response headers after 760.2513ms - 200
2023-12-30 11:02:18.187: info: System.Net.Http.HttpClient.Default.LogicalHandler[101]
2023-12-30 11:02:18.187:       End processing HTTP request after 760.3616ms - 200
2023-12-30 11:03:33.250: info: MementoMori.BotServer.Plugins.MementoMoriQueryPlugin[0]
2023-12-30 11:03:33.250:       start retrieve notices
info: MementoMori.BotServer.Plugins.MementoMoriQueryPlugin[0]
