2023-12-28 19:49:59.339:       Received HTTP response headers after 568.9054ms - 200
2023-12-28 19:49:59.339: info: System.Net.Http.HttpClient.Default.LogicalHandler[101]
2023-12-28 19:49:59.339:       End processing HTTP request after 569.037ms - 200
2023-12-28 19:51:35.866: info: MementoMori.BotServer.Plugins.MementoMoriQueryPlugin[0]
2023-12-28 19:51:35.866:       start retrieve notices
2023-12-28 19:51:36.959: info: MementoMori.BotServer.Plugins.MementoMoriQueryPlugin[0]
2023-12-28 19:51:36.959:       start retrieve notices
2023-12-28 19:59:59.350: info: System.Net.Http.HttpClient.Default.LogicalHandler[100]
2023-12-28 19:59:59.351:       Start processing HTTP request GET https://apidgp-gameplayer.games.dmm.com/gameplayer/filelist/29060
2023-12-28 19:59:59.351: info: System.Net.Http.HttpClient.Default.ClientHandler[100]
2023-12-28 19:59:59.351:       Sending HTTP request GET https://apidgp-gameplayer.games.dmm.com/gameplayer/filelist/29060
2023-12-28 20:00:01.599: info: System.Net.Http.HttpClient.Default.ClientHandler[101]
2023-12-28 20:00:01.599:       Received HTTP response headers after 2248.9894ms - 200
2023-12-28 20:00:01.599: info: System.Net.Http.HttpClient.Default.LogicalHandler[101]
2023-12-28 20:00:01.599:       End processing HTTP request after 2249.0388ms - 200
2023-12-28 20:01:37.257: info: MementoMori.BotServer.Plugins.MementoMoriQueryPlugin[0]
2023-12-28 20:01:37.257:       start retrieve notices
2023-12-28 20:01:38.451: info: MementoMori.BotServer.Plugins.MementoMoriQueryPlugin[0]
2023-12-28 20:01:38.451:       start retrieve notices
2023-12-28 20:10:01.605: info: System.Net.Http.HttpClient.Default.LogicalHandler[100]
2023-12-28 20:10:01.605:       Start processing HTTP request GET https://apidgp-gameplayer.games.dmm.com/gameplayer/filelist/29060
2023-12-28 20:10:01.605: info: System.Net.Http.HttpClient.Default.ClientHandler[100]
2023-12-28 20:10:01.605:       Sending HTTP request GET https://apidgp-gameplayer.games.dmm.com/gameplayer/filelist/29060
2023-12-28 20:10:02.283: info: System.Net.Http.HttpClient.Default.ClientHandler[101]
2023-12-28 20:10:02.283:       Received HTTP response headers after 678.6348ms - 200
2023-12-28 20:10:02.283: info: System.Net.Http.HttpClient.Default.LogicalHandler[101]
2023-12-28 20:10:02.283:       End processing HTTP request after 678.6884ms - 200
2023-12-28 20:11:38.723: info: MementoMori.BotServer.Plugins.MementoMoriQueryPlugin[0]
2023-12-28 20:11:38.723:       start retrieve notices
2023-12-28 20:11:39.817: info: MementoMori.BotServer.Plugins.MementoMoriQueryPlugin[0]
2023-12-28 20:11:39.817:       start retrieve notices
2023-12-28 20:20:02.284: info: System.Net.Http.HttpClient.Default.LogicalHandler[100]
2023-12-28 20:20:02.284:       Start processing HTTP request GET https://apidgp-gameplayer.games.dmm.com/gameplayer/filelist/29060
2023-12-28 20:20:02.284: info: System.Net.Http.HttpClient.Default.ClientHandler[100]
2023-12-28 20:20:02.284:       Sending HTTP request GET https://apidgp-gameplayer.games.dmm.com/gameplayer/filelist/29060
2023-12-28 20:20:03.047: info: System.Net.Http.HttpClient.Default.ClientHandler[101]
2023-12-28 20:20:03.056:       Received HTTP response headers after 763.1948ms - 200
2023-12-28 20:20:03.056: info: System.Net.Http.HttpClient.Default.LogicalHandler[101]
2023-12-28 20:20:03.056:       End processing HTTP request after 763.2572ms - 200
2023-12-28 20:21:40.109: info: MementoMori.BotServer.Plugins.MementoMoriQueryPlugin[0]
2023-12-28 20:21:40.109:       start retrieve notices
2023-12-28 20:21:41.215: info: MementoMori.BotServer.Plugins.MementoMoriQueryPlugin[0]
2023-12-28 20:21:41.215:       start retrieve notices
2023-12-28 20:30:03.060: info: System.Net.Http.HttpClient.Default.LogicalHandler[100]
2023-12-28 20:30:03.060:       Start processing HTTP request GET https://apidgp-gameplayer.games.dmm.com/gameplayer/filelist/29060
2023-12-28 20:30:03.060: info: System.Net.Http.HttpClient.Default.ClientHandler[100]
2023-12-28 20:30:03.060:       Sending HTTP request GET https://apidgp-gameplayer.games.dmm.com/gameplayer/filelist/29060
2023-12-28 20:30:03.757: info: System.Net.Http.HttpClient.Default.ClientHandler[101]
2023-12-28 20:30:03.757:       Received HTTP response headers after 697.9417ms - 200
2023-12-28 20:30:03.757: info: System.Net.Http.HttpClient.Default.LogicalHandler[101]
2023-12-28 20:30:03.757:       End processing HTTP request after 697.9939ms - 200
2023-12-28 20:31:41.509: info: MementoMori.BotServer.Plugins.MementoMoriQueryPlugin[0]
2023-12-28 20:31:41.509:       start retrieve notices
2023-12-28 20:31:43.097: info: MementoMori.BotServer.Plugins.MementoMoriQueryPlugin[0]
2023-12-28 20:31:43.097:       start retrieve notices
2023-12-28 20:40:03.769: info: System.Net.Http.HttpClient.Default.LogicalHandler[100]
2023-12-28 20:40:03.769:       Start processing HTTP request GET https://apidgp-gameplayer.games.dmm.com/gameplayer/filelist/29060
2023-12-28 20:40:03.769: info: System.Net.Http.HttpClient.Default.ClientHandler[100]
2023-12-28 20:40:03.769:       Sending HTTP request GET https://apidgp-gameplayer.games.dmm.com/gameplayer/filelist/29060
2023-12-28 20:40:04.468: info: System.Net.Http.HttpClient.Default.ClientHandler[101]
2023-12-28 20:40:04.468:       Received HTTP response headers after 698.7467ms - 200
2023-12-28 20:40:04.468: info: System.Net.Http.HttpClient.Default.LogicalHandler[101]
2023-12-28 20:40:04.468:       End processing HTTP request after 698.7951ms - 200
2023-12-28 20:41:43.435: info: MementoMori.BotServer.Plugins.MementoMoriQueryPlugin[0]
2023-12-28 20:41:43.435:       start retrieve notices
2023-12-28 20:41:44.447: info: MementoMori.BotServer.Plugins.MementoMoriQueryPlugin[0]
2023-12-28 20:41:44.447:       start retrieve notices
2023-12-28 20:48:11.335: info: MementoMori.MementoNetworkManager[0]
2023-12-28 20:48:11.336:       auto updating master data
2023-12-28 20:48:11.336: info: MementoMori.MementoNetworkManager[0]
2023-12-28 20:48:11.336:       下载 master 目录中...
2023-12-28 20:48:13.353: info: MementoMori.MementoNetworkManager[0]
2023-12-28 20:48:13.353:       下载 master 目录完成
2023-12-28 20:50:04.476: info: System.Net.Http.HttpClient.Default.LogicalHandler[100]
2023-12-28 20:50:04.476:       Start processing HTTP request GET https://apidgp-gameplayer.games.dmm.com/gameplayer/filelist/29060
2023-12-28 20:50:04.476: info: System.Net.Http.HttpClient.Default.ClientHandler[100]
2023-12-28 20:50:04.476:       Sending HTTP request GET https://apidgp-gameplayer.games.dmm.com/gameplayer/filelist/29060
2023-12-28 20:50:05.277: info: System.Net.Http.HttpClient.Default.ClientHandler[101]
2023-12-28 20:50:05.277:       Received HTTP response headers after 801.582ms - 200
2023-12-28 20:50:05.277: info: System.Net.Http.HttpClient.Default.LogicalHandler[101]
2023-12-28 20:50:05.277:       End processing HTTP request after 801.629ms - 200
2023-12-28 20:51:44.791: info: MementoMori.BotServer.Plugins.MementoMoriQueryPlugin[0]
2023-12-28 20:51:44.791:       start retrieve notices
2023-12-28 20:51:45.650: info: MementoMori.BotServer.Plugins.MementoMoriQueryPlugin[0]
2023-12-28 20:51:45.650:       start retrieve notices
2023-12-28 21:00:05.290: info: System.Net.Http.HttpClient.Default.LogicalHandler[100]
2023-12-28 21:00:05.290:       Start processing HTTP request GET https://apidgp-gameplayer.games.dmm.com/gameplayer/filelist/29060
2023-12-28 21:00:05.290: info: System.Net.Http.HttpClient.Default.ClientHandler[100]
2023-12-28 21:00:05.290:       Sending HTTP request GET https://apidgp-gameplayer.games.dmm.com/gameplayer/filelist/29060
2023-12-28 21:00:05.969: info: System.Net.Http.HttpClient.Default.ClientHandler[101]
2023-12-28 21:00:05.969:       Received HTTP response headers after 679.0906ms - 200
2023-12-28 21:00:05.969: info: System.Net.Http.HttpClient.Default.LogicalHandler[101]
2023-12-28 21:00:05.969:       End processing HTTP request after 679.1404ms - 200
2023-12-28 21:01:45.936: info: MementoMori.BotServer.Plugins.MementoMoriQueryPlugin[0]
2023-12-28 21:01:45.936:       start retrieve notices
2023-12-28 21:01:47.141: info: MementoMori.BotServer.Plugins.MementoMoriQueryPlugin[0]
2023-12-28 21:01:47.142:       start retrieve notices
2023-12-28 21:10:05.970: info: System.Net.Http.HttpClient.Default.LogicalHandler[100]
2023-12-28 21:10:05.970:       Start processing HTTP request GET https://apidgp-gameplayer.games.dmm.com/gameplayer/filelist/29060
2023-12-28 21:10:05.970: info: System.Net.Http.HttpClient.Default.ClientHandler[100]
2023-12-28 21:10:05.970:       Sending HTTP request GET https://apidgp-gameplayer.games.dmm.com/gameplayer/filelist/29060
2023-12-28 21:10:06.677: info: System.Net.Http.HttpClient.Default.ClientHandler[101]
2023-12-28 21:10:06.677:       Received HTTP response headers after 707.4656ms - 200
2023-12-28 21:10:06.677: info: System.Net.Http.HttpClient.Default.LogicalHandler[101]
2023-12-28 21:10:06.677:       End processing HTTP request after 707.5213ms - 200
2023-12-28 21:11:47.465: info: MementoMori.BotServer.Plugins.MementoMoriQueryPlugin[0]
2023-12-28 21:11:47.465:       start retrieve notices
2023-12-28 21:11:48.498: info: MementoMori.BotServer.Plugins.MementoMoriQueryPlugin[0]
2023-12-28 21:11:48.498:       start retrieve notices
2023-12-28 21:20:06.684: info: System.Net.Http.HttpClient.Default.LogicalHandler[100]
2023-12-28 21:20:06.684:       Start processing HTTP request GET https://apidgp-gameplayer.games.dmm.com/gameplayer/filelist/29060
2023-12-28 21:20:06.684: info: System.Net.Http.HttpClient.Default.ClientHandler[100]
2023-12-28 21:20:06.684:       Sending HTTP request GET https://apidgp-gameplayer.games.dmm.com/gameplayer/filelist/29060
2023-12-28 21:20:07.363: info: System.Net.Http.HttpClient.Default.ClientHandler[101]
2023-12-28 21:20:07.363:       Received HTTP response headers after 678.8183ms - 200
2023-12-28 21:20:07.363: info: System.Net.Http.HttpClient.Default.LogicalHandler[101]
2023-12-28 21:20:07.363:       End processing HTTP request after 678.8729ms - 200
2023-12-28 21:21:48.821: info: MementoMori.BotServer.Plugins.MementoMoriQueryPlugin[0]
2023-12-28 21:21:48.821:       start retrieve notices
2023-12-28 21:21:49.846: info: MementoMori.BotServer.Plugins.MementoMoriQueryPlugin[0]
2023-12-28 21:21:49.846:       start retrieve notices
2023-12-28 21:30:07.370: info: System.Net.Http.HttpClient.Default.LogicalHandler[100]
2023-12-28 21:30:07.370:       Start processing HTTP request GET https://apidgp-gameplayer.games.dmm.com/gameplayer/filelist/29060
2023-12-28 21:30:07.370: info: System.Net.Http.HttpClient.Default.ClientHandler[100]
2023-12-28 21:30:07.370:       Sending HTTP request GET https://apidgp-gameplayer.games.dmm.com/gameplayer/filelist/29060
2023-12-28 21:30:08.047: info: System.Net.Http.HttpClient.Default.ClientHandler[101]
2023-12-28 21:30:08.047:       Received HTTP response headers after 678.2975ms - 200
2023-12-28 21:30:08.047: info: System.Net.Http.HttpClient.Default.LogicalHandler[101]
2023-12-28 21:30:08.047:       End processing HTTP request after 678.3448ms - 200
2023-12-28 21:31:50.178: info: MementoMori.BotServer.Plugins.MementoMoriQueryPlugin[0]
2023-12-28 21:31:50.178:       start retrieve notices
2023-12-28 21:31:51.220: info: MementoMori.BotServer.Plugins.MementoMoriQueryPlugin[0]
2023-12-28 21:31:51.220:       start retrieve notices
2023-12-28 21:40:08.056: info: System.Net.Http.HttpClient.Default.LogicalHandler[100]
2023-12-28 21:40:08.056:       Start processing HTTP request GET https://apidgp-gameplayer.games.dmm.com/gameplayer/filelist/29060
2023-12-28 21:40:08.056: info: System.Net.Http.HttpClient.Default.ClientHandler[100]
2023-12-28 21:40:08.056:       Sending HTTP request GET https://apidgp-gameplayer.games.dmm.com/gameplayer/filelist/29060
2023-12-28 21:40:08.891: info: System.Net.Http.HttpClient.Default.ClientHandler[101]
2023-12-28 21:40:08.891:       Received HTTP response headers after 834.9243ms - 200
2023-12-28 21:40:08.891: info: System.Net.Http.HttpClient.Default.LogicalHandler[101]
2023-12-28 21:40:08.891:       End processing HTTP request after 834.9707ms - 200
2023-12-28 21:41:51.547: info: MementoMori.BotServer.Plugins.MementoMoriQueryPlugin[0]
2023-12-28 21:41:51.547:       start retrieve notices
2023-12-28 21:41:52.519: info: MementoMori.BotServer.Plugins.MementoMoriQueryPlugin[0]
2023-12-28 21:41:52.519:       start retrieve notices
2023-12-28 21:48:13.356: info: MementoMori.MementoNetworkManager[0]
2023-12-28 21:48:13.356:       auto updating master data
2023-12-28 21:48:13.356: info: MementoMori.MementoNetworkManager[0]
2023-12-28 21:48:13.356:       下载 master 目录中...
2023-12-28 21:48:15.348: info: MementoMori.MementoNetworkManager[0]
2023-12-28 21:48:15.348:       下载 master 目录完成
2023-12-28 21:50:08.900: info: System.Net.Http.HttpClient.Default.LogicalHandler[100]
2023-12-28 21:50:08.900:       Start processing HTTP request GET https://apidgp-gameplayer.games.dmm.com/gameplayer/filelist/29060
2023-12-28 21:50:08.900: info: System.Net.Http.HttpClient.Default.ClientHandler[100]
2023-12-28 21:50:08.900:       Sending HTTP request GET https://apidgp-gameplayer.games.dmm.com/gameplayer/filelist/29060
2023-12-28 21:50:09.624: info: System.Net.Http.HttpClient.Default.ClientHandler[101]
2023-12-28 21:50:09.624:       Received HTTP response headers after 724.4756ms - 200
2023-12-28 21:50:09.624: info: System.Net.Http.HttpClient.Default.LogicalHandler[101]
2023-12-28 21:50:09.624:       End processing HTTP request after 724.5362ms - 200
2023-12-28 21:51:52.816: info: MementoMori.BotServer.Plugins.MementoMoriQueryPlugin[0]
2023-12-28 21:51:52.816:       start retrieve notices
2023-12-28 21:51:54.017: info: MementoMori.BotServer.Plugins.MementoMoriQueryPlugin[0]
2023-12-28 21:51:54.017:       start retrieve notices
2023-12-28 22:00:09.633: info: System.Net.Http.HttpClient.Default.LogicalHandler[100]
2023-12-28 22:00:09.633:       Start processing HTTP request GET https://apidgp-gameplayer.games.dmm.com/gameplayer/filelist/29060
2023-12-28 22:00:09.633: info: System.Net.Http.HttpClient.Default.ClientHandler[100]
2023-12-28 22:00:09.633:       Sending HTTP request GET https://apidgp-gameplayer.games.dmm.com/gameplayer/filelist/29060
2023-12-28 22:00:10.234: info: System.Net.Http.HttpClient.Default.ClientHandler[101]
2023-12-28 22:00:10.234:       Received HTTP response headers after 601.989ms - 200
2023-12-28 22:00:10.234: info: System.Net.Http.HttpClient.Default.LogicalHandler[101]
2023-12-28 22:00:10.234:       End processing HTTP request after 602.0346ms - 200
2023-12-28 22:01:54.363: info: MementoMori.BotServer.Plugins.MementoMoriQueryPlugin[0]
2023-12-28 22:01:54.363:       start retrieve notices
2023-12-28 22:01:55.533: info: MementoMori.BotServer.Plugins.MementoMoriQueryPlugin[0]
2023-12-28 22:01:55.533:       start retrieve notices
2023-12-28 22:10:10.249: info: System.Net.Http.HttpClient.Default.LogicalHandler[100]
2023-12-28 22:10:10.249:       Start processing HTTP request GET https://apidgp-gameplayer.games.dmm.com/gameplayer/filelist/29060
2023-12-28 22:10:10.249: info: System.Net.Http.HttpClient.Default.ClientHandler[100]
2023-12-28 22:10:10.249:       Sending HTTP request GET https://apidgp-gameplayer.games.dmm.com/gameplayer/filelist/29060
2023-12-28 22:10:11.061: info: System.Net.Http.HttpClient.Default.ClientHandler[101]
2023-12-28 22:10:11.061:       Received HTTP response headers after 812.4941ms - 200
2023-12-28 22:10:11.061: info: System.Net.Http.HttpClient.Default.LogicalHandler[101]
2023-12-28 22:10:11.061:       End processing HTTP request after 812.5463ms - 200
2023-12-28 22:11:55.893: info: MementoMori.BotServer.Plugins.MementoMoriQueryPlugin[0]
2023-12-28 22:11:55.893:       start retrieve notices
2023-12-28 22:11:56.974: info: MementoMori.BotServer.Plugins.MementoMoriQueryPlugin[0]
2023-12-28 22:11:56.974:       start retrieve notices
2023-12-28 22:20:11.067: info: System.Net.Http.HttpClient.Default.LogicalHandler[100]
2023-12-28 22:20:11.067:       Start processing HTTP request GET https://apidgp-gameplayer.games.dmm.com/gameplayer/filelist/29060
2023-12-28 22:20:11.067: info: System.Net.Http.HttpClient.Default.ClientHandler[100]
2023-12-28 22:20:11.067:       Sending HTTP request GET https://apidgp-gameplayer.games.dmm.com/gameplayer/filelist/29060
2023-12-28 22:20:11.866: info: System.Net.Http.HttpClient.Default.ClientHandler[101]
2023-12-28 22:20:11.866:       Received HTTP response headers after 798.9043ms - 200
2023-12-28 22:20:11.866: info: System.Net.Http.HttpClient.Default.LogicalHandler[101]
2023-12-28 22:20:11.866:       End processing HTTP request after 798.9523ms - 200
2023-12-28 22:21:57.315: info: MementoMori.BotServer.Plugins.MementoMoriQueryPlugin[0]
2023-12-28 22:21:57.315:       start retrieve notices
2023-12-28 22:21:58.421: info: MementoMori.BotServer.Plugins.MementoMoriQueryPlugin[0]
2023-12-28 22:21:58.421:       start retrieve notices
2023-12-28 22:30:11.877: info: System.Net.Http.HttpClient.Default.LogicalHandler[100]
2023-12-28 22:30:11.877:       Start processing HTTP request GET https://apidgp-gameplayer.games.dmm.com/gameplayer/filelist/29060
2023-12-28 22:30:11.877: info: System.Net.Http.HttpClient.Default.ClientHandler[100]
2023-12-28 22:30:11.877:       Sending HTTP request GET https://apidgp-gameplayer.games.dmm.com/gameplayer/filelist/29060
2023-12-28 22:30:12.517: info: System.Net.Http.HttpClient.Default.ClientHandler[101]
2023-12-28 22:30:12.517:       Received HTTP response headers after 640.4317ms - 200
2023-12-28 22:30:12.517: info: System.Net.Http.HttpClient.Default.LogicalHandler[101]
2023-12-28 22:30:12.517:       End processing HTTP request after 640.4798ms - 200
2023-12-28 22:31:58.700: info: MementoMori.BotServer.Plugins.MementoMoriQueryPlugin[0]
2023-12-28 22:31:58.700:       start retrieve notices
2023-12-28 22:31:59.646: info: MementoMori.BotServer.Plugins.MementoMoriQueryPlugin[0]
2023-12-28 22:31:59.646:       start retrieve notices
2023-12-28 22:40:12.521: info: System.Net.Http.HttpClient.Default.LogicalHandler[100]
2023-12-28 22:40:12.521:       Start processing HTTP request GET https://apidgp-gameplayer.games.dmm.com/gameplayer/filelist/29060
2023-12-28 22:40:12.521: info: System.Net.Http.HttpClient.Default.ClientHandler[100]
2023-12-28 22:40:12.521:       Sending HTTP request GET https://apidgp-gameplayer.games.dmm.com/gameplayer/filelist/29060
2023-12-28 22:40:13.148: info: System.Net.Http.HttpClient.Default.ClientHandler[101]
2023-12-28 22:40:13.148:       Received HTTP response headers after 627.5905ms - 200
info: System.Net.Http.HttpClient.Default.LogicalHandler[101]
