2023-12-29 04:00:36.244:       Start processing HTTP request GET https://apidgp-gameplayer.games.dmm.com/gameplayer/filelist/29062
2023-12-29 04:00:36.244: info: System.Net.Http.HttpClient.Default.ClientHandler[100]
2023-12-29 04:00:36.244:       Sending HTTP request GET https://apidgp-gameplayer.games.dmm.com/gameplayer/filelist/29062
2023-12-29 04:00:36.364: info: System.Net.Http.HttpClient.Default.ClientHandler[101]
2023-12-29 04:00:36.364:       Received HTTP response headers after 121.3584ms - 200
2023-12-29 04:00:36.364: info: System.Net.Http.HttpClient.Default.LogicalHandler[101]
2023-12-29 04:00:36.364:       End processing HTTP request after 121.3914ms - 200
2023-12-29 04:02:45.903: info: MementoMori.BotServer.Plugins.MementoMoriQueryPlugin[0]
2023-12-29 04:02:45.903:       start retrieve notices
2023-12-29 04:02:47.086: info: MementoMori.BotServer.Plugins.MementoMoriQueryPlugin[0]
2023-12-29 04:02:47.086:       start retrieve notices
2023-12-29 04:10:36.376: info: System.Net.Http.HttpClient.Default.LogicalHandler[100]
2023-12-29 04:10:36.376:       Start processing HTTP request GET https://apidgp-gameplayer.games.dmm.com/gameplayer/filelist/29062
2023-12-29 04:10:36.376: info: System.Net.Http.HttpClient.Default.ClientHandler[100]
2023-12-29 04:10:36.376:       Sending HTTP request GET https://apidgp-gameplayer.games.dmm.com/gameplayer/filelist/29062
2023-12-29 04:10:37.195: info: System.Net.Http.HttpClient.Default.ClientHandler[101]
2023-12-29 04:10:37.195:       Received HTTP response headers after 818.8985ms - 200
2023-12-29 04:10:37.195: info: System.Net.Http.HttpClient.Default.LogicalHandler[101]
2023-12-29 04:10:37.195:       End processing HTTP request after 818.9509ms - 200
2023-12-29 04:10:37.198: info: System.Net.Http.HttpClient.Default.LogicalHandler[100]
2023-12-29 04:10:37.198:       Start processing HTTP request GET https://apidgp-gameplayer.games.dmm.com/gameplayer/filelist/29063
2023-12-29 04:10:37.198: info: System.Net.Http.HttpClient.Default.ClientHandler[100]
2023-12-29 04:10:37.198:       Sending HTTP request GET https://apidgp-gameplayer.games.dmm.com/gameplayer/filelist/29063
2023-12-29 04:10:37.325: info: System.Net.Http.HttpClient.Default.ClientHandler[101]
2023-12-29 04:10:37.325:       Received HTTP response headers after 126.3982ms - 200
2023-12-29 04:10:37.325: info: System.Net.Http.HttpClient.Default.LogicalHandler[101]
2023-12-29 04:10:37.325:       End processing HTTP request after 126.4422ms - 200
2023-12-29 04:12:47.379: info: MementoMori.BotServer.Plugins.MementoMoriQueryPlugin[0]
2023-12-29 04:12:47.379:       start retrieve notices
2023-12-29 04:12:48.363: info: MementoMori.BotServer.Plugins.MementoMoriQueryPlugin[0]
2023-12-29 04:12:48.363:       start retrieve notices
2023-12-29 04:20:37.329: info: System.Net.Http.HttpClient.Default.LogicalHandler[100]
2023-12-29 04:20:37.329:       Start processing HTTP request GET https://apidgp-gameplayer.games.dmm.com/gameplayer/filelist/29063
2023-12-29 04:20:37.329: info: System.Net.Http.HttpClient.Default.ClientHandler[100]
2023-12-29 04:20:37.329:       Sending HTTP request GET https://apidgp-gameplayer.games.dmm.com/gameplayer/filelist/29063
2023-12-29 04:20:37.986: info: System.Net.Http.HttpClient.Default.ClientHandler[101]
2023-12-29 04:20:37.986:       Received HTTP response headers after 657.1333ms - 200
2023-12-29 04:20:37.986: info: System.Net.Http.HttpClient.Default.LogicalHandler[101]
2023-12-29 04:20:37.986:       End processing HTTP request after 657.1928ms - 200
2023-12-29 04:22:48.643: info: MementoMori.BotServer.Plugins.MementoMoriQueryPlugin[0]
2023-12-29 04:22:48.643:       start retrieve notices
2023-12-29 04:22:49.740: info: MementoMori.BotServer.Plugins.MementoMoriQueryPlugin[0]
2023-12-29 04:22:49.740:       start retrieve notices
2023-12-29 04:30:37.993: info: System.Net.Http.HttpClient.Default.LogicalHandler[100]
2023-12-29 04:30:37.993:       Start processing HTTP request GET https://apidgp-gameplayer.games.dmm.com/gameplayer/filelist/29063
2023-12-29 04:30:37.993: info: System.Net.Http.HttpClient.Default.ClientHandler[100]
2023-12-29 04:30:37.993:       Sending HTTP request GET https://apidgp-gameplayer.games.dmm.com/gameplayer/filelist/29063
2023-12-29 04:30:38.764: info: System.Net.Http.HttpClient.Default.ClientHandler[101]
2023-12-29 04:30:38.764:       Received HTTP response headers after 770.5701ms - 200
2023-12-29 04:30:38.764: info: System.Net.Http.HttpClient.Default.LogicalHandler[101]
2023-12-29 04:30:38.764:       End processing HTTP request after 770.6312ms - 200
2023-12-29 04:32:50.092: info: MementoMori.BotServer.Plugins.MementoMoriQueryPlugin[0]
2023-12-29 04:32:50.092:       start retrieve notices
2023-12-29 04:32:51.381: info: MementoMori.BotServer.Plugins.MementoMoriQueryPlugin[0]
2023-12-29 04:32:51.381:       start retrieve notices
2023-12-29 04:40:11.558: info: MementoMori.BotServer.Plugins.MementoMoriQueryPlugin[0]
2023-12-29 04:40:11.558:       QueryTowerInfo 红 206
2023-12-29 04:40:38.765: info: System.Net.Http.HttpClient.Default.LogicalHandler[100]
2023-12-29 04:40:38.765:       Start processing HTTP request GET https://apidgp-gameplayer.games.dmm.com/gameplayer/filelist/29063
2023-12-29 04:40:38.765: info: System.Net.Http.HttpClient.Default.ClientHandler[100]
2023-12-29 04:40:38.765:       Sending HTTP request GET https://apidgp-gameplayer.games.dmm.com/gameplayer/filelist/29063
2023-12-29 04:40:40.261: info: System.Net.Http.HttpClient.Default.ClientHandler[101]
2023-12-29 04:40:40.261:       Received HTTP response headers after 1496.5052ms - 200
2023-12-29 04:40:40.261: info: System.Net.Http.HttpClient.Default.LogicalHandler[101]
2023-12-29 04:40:40.261:       End processing HTTP request after 1496.5497ms - 200
2023-12-29 04:41:01.805: info: MementoMori.BotServer.Plugins.MementoMoriQueryPlugin[0]
2023-12-29 04:41:01.805:       QueryTowerInfo 黄 395
2023-12-29 04:41:49.111: info: MementoMori.BotServer.Plugins.MementoMoriQueryPlugin[0]
2023-12-29 04:41:49.111:       QueryTowerInfo 黄 396
2023-12-29 04:42:51.730: info: MementoMori.BotServer.Plugins.MementoMoriQueryPlugin[0]
2023-12-29 04:42:51.730:       start retrieve notices
2023-12-29 04:42:52.753: info: MementoMori.BotServer.Plugins.MementoMoriQueryPlugin[0]
2023-12-29 04:42:52.753:       start retrieve notices
2023-12-29 04:42:55.328: info: MementoMori.BotServer.Plugins.MementoMoriQueryPlugin[0]
2023-12-29 04:42:55.328:       QueryTowerInfo 黄 351
2023-12-29 04:43:19.882: info: MementoMori.BotServer.Plugins.MementoMoriQueryPlugin[0]
2023-12-29 04:43:19.882:       QueryTowerInfo 黄 301
2023-12-29 04:43:44.881: info: MementoMori.BotServer.Plugins.MementoMoriQueryPlugin[0]
2023-12-29 04:43:44.881:       QueryTowerInfo 黄 251
2023-12-29 04:44:05.798: info: MementoMori.BotServer.Plugins.MementoMoriQueryPlugin[0]
2023-12-29 04:44:05.798:       QueryTowerInfo 黄 201
2023-12-29 04:44:44.771: info: MementoMori.BotServer.Plugins.MementoMoriQueryPlugin[0]
2023-12-29 04:44:44.771:       QueryTowerInfo 红 395
2023-12-29 04:48:26.733: info: MementoMori.MementoNetworkManager[0]
2023-12-29 04:48:26.733:       auto updating master data
2023-12-29 04:48:26.733: info: MementoMori.MementoNetworkManager[0]
2023-12-29 04:48:26.733:       下载 master 目录中...
2023-12-29 04:48:28.893: info: MementoMori.MementoNetworkManager[0]
2023-12-29 04:48:28.893:       下载 master 目录完成
2023-12-29 04:50:40.269: info: System.Net.Http.HttpClient.Default.LogicalHandler[100]
2023-12-29 04:50:40.269:       Start processing HTTP request GET https://apidgp-gameplayer.games.dmm.com/gameplayer/filelist/29063
2023-12-29 04:50:40.269: info: System.Net.Http.HttpClient.Default.ClientHandler[100]
2023-12-29 04:50:40.269:       Sending HTTP request GET https://apidgp-gameplayer.games.dmm.com/gameplayer/filelist/29063
2023-12-29 04:50:41.020: info: System.Net.Http.HttpClient.Default.ClientHandler[101]
2023-12-29 04:50:41.020:       Received HTTP response headers after 750.2079ms - 200
2023-12-29 04:50:41.020: info: System.Net.Http.HttpClient.Default.LogicalHandler[101]
2023-12-29 04:50:41.020:       End processing HTTP request after 750.3041ms - 200
2023-12-29 04:52:53.068: info: MementoMori.BotServer.Plugins.MementoMoriQueryPlugin[0]
2023-12-29 04:52:53.068:       start retrieve notices
2023-12-29 04:52:54.001: info: MementoMori.BotServer.Plugins.MementoMoriQueryPlugin[0]
2023-12-29 04:52:54.001:       start retrieve notices
2023-12-29 05:00:41.019: info: System.Net.Http.HttpClient.Default.LogicalHandler[100]
2023-12-29 05:00:41.019:       Start processing HTTP request GET https://apidgp-gameplayer.games.dmm.com/gameplayer/filelist/29063
2023-12-29 05:00:41.019: info: System.Net.Http.HttpClient.Default.ClientHandler[100]
2023-12-29 05:00:41.019:       Sending HTTP request GET https://apidgp-gameplayer.games.dmm.com/gameplayer/filelist/29063
2023-12-29 05:00:41.733: info: System.Net.Http.HttpClient.Default.ClientHandler[101]
2023-12-29 05:00:41.733:       Received HTTP response headers after 714.5127ms - 200
2023-12-29 05:00:41.733: info: System.Net.Http.HttpClient.Default.LogicalHandler[101]
2023-12-29 05:00:41.733:       End processing HTTP request after 714.5711ms - 200
2023-12-29 05:02:54.299: info: MementoMori.BotServer.Plugins.MementoMoriQueryPlugin[0]
2023-12-29 05:02:54.299:       start retrieve notices
2023-12-29 05:02:55.492: info: MementoMori.BotServer.Plugins.MementoMoriQueryPlugin[0]
2023-12-29 05:02:55.492:       start retrieve notices
2023-12-29 05:10:41.742: info: System.Net.Http.HttpClient.Default.LogicalHandler[100]
2023-12-29 05:10:41.742:       Start processing HTTP request GET https://apidgp-gameplayer.games.dmm.com/gameplayer/filelist/29063
2023-12-29 05:10:41.742: info: System.Net.Http.HttpClient.Default.ClientHandler[100]
2023-12-29 05:10:41.742:       Sending HTTP request GET https://apidgp-gameplayer.games.dmm.com/gameplayer/filelist/29063
2023-12-29 05:10:42.658: info: System.Net.Http.HttpClient.Default.ClientHandler[101]
2023-12-29 05:10:42.658:       Received HTTP response headers after 916.659ms - 200
2023-12-29 05:10:42.658: info: System.Net.Http.HttpClient.Default.LogicalHandler[101]
2023-12-29 05:10:42.658:       End processing HTTP request after 916.7035ms - 200
2023-12-29 05:10:42.659: info: System.Net.Http.HttpClient.Default.LogicalHandler[100]
2023-12-29 05:10:42.659:       Start processing HTTP request GET https://apidgp-gameplayer.games.dmm.com/gameplayer/filelist/29064
2023-12-29 05:10:42.659: info: System.Net.Http.HttpClient.Default.ClientHandler[100]
2023-12-29 05:10:42.659:       Sending HTTP request GET https://apidgp-gameplayer.games.dmm.com/gameplayer/filelist/29064
2023-12-29 05:10:42.809: info: System.Net.Http.HttpClient.Default.ClientHandler[101]
2023-12-29 05:10:42.809:       Received HTTP response headers after 149.3975ms - 200
2023-12-29 05:10:42.809: info: System.Net.Http.HttpClient.Default.LogicalHandler[101]
2023-12-29 05:10:42.809:       End processing HTTP request after 149.4348ms - 200
2023-12-29 05:10:42.810: info: System.Net.Http.HttpClient.Default.LogicalHandler[100]
2023-12-29 05:10:42.810:       Start processing HTTP request GET https://apidgp-gameplayer.games.dmm.com/gameplayer/filelist/29065
2023-12-29 05:10:42.810: info: System.Net.Http.HttpClient.Default.ClientHandler[100]
2023-12-29 05:10:42.810:       Sending HTTP request GET https://apidgp-gameplayer.games.dmm.com/gameplayer/filelist/29065
2023-12-29 05:10:42.930: info: System.Net.Http.HttpClient.Default.ClientHandler[101]
2023-12-29 05:10:42.930:       Received HTTP response headers after 120.3056ms - 200
2023-12-29 05:10:42.930: info: System.Net.Http.HttpClient.Default.LogicalHandler[101]
2023-12-29 05:10:42.930:       End processing HTTP request after 120.337ms - 200
2023-12-29 05:12:55.762: info: MementoMori.BotServer.Plugins.MementoMoriQueryPlugin[0]
2023-12-29 05:12:55.762:       start retrieve notices
2023-12-29 05:12:56.823: info: MementoMori.BotServer.Plugins.MementoMoriQueryPlugin[0]
2023-12-29 05:12:56.823:       start retrieve notices
2023-12-29 05:20:42.936: info: System.Net.Http.HttpClient.Default.LogicalHandler[100]
2023-12-29 05:20:42.936:       Start processing HTTP request GET https://apidgp-gameplayer.games.dmm.com/gameplayer/filelist/29065
2023-12-29 05:20:42.936: info: System.Net.Http.HttpClient.Default.ClientHandler[100]
2023-12-29 05:20:42.936:       Sending HTTP request GET https://apidgp-gameplayer.games.dmm.com/gameplayer/filelist/29065
2023-12-29 05:20:43.490: info: System.Net.Http.HttpClient.Default.ClientHandler[101]
2023-12-29 05:20:43.490:       Received HTTP response headers after 554.9403ms - 200
2023-12-29 05:20:43.490: info: System.Net.Http.HttpClient.Default.LogicalHandler[101]
2023-12-29 05:20:43.490:       End processing HTTP request after 554.9978ms - 200
2023-12-29 05:22:57.160: info: MementoMori.BotServer.Plugins.MementoMoriQueryPlugin[0]
2023-12-29 05:22:57.160:       start retrieve notices
2023-12-29 05:22:58.424: info: MementoMori.BotServer.Plugins.MementoMoriQueryPlugin[0]
2023-12-29 05:22:58.424:       start retrieve notices
2023-12-29 05:30:43.491: info: System.Net.Http.HttpClient.Default.LogicalHandler[100]
2023-12-29 05:30:43.491:       Start processing HTTP request GET https://apidgp-gameplayer.games.dmm.com/gameplayer/filelist/29065
2023-12-29 05:30:43.491: info: System.Net.Http.HttpClient.Default.ClientHandler[100]
2023-12-29 05:30:43.491:       Sending HTTP request GET https://apidgp-gameplayer.games.dmm.com/gameplayer/filelist/29065
2023-12-29 05:30:44.105: info: System.Net.Http.HttpClient.Default.ClientHandler[101]
2023-12-29 05:30:44.105:       Received HTTP response headers after 614.1843ms - 200
2023-12-29 05:30:44.105: info: System.Net.Http.HttpClient.Default.LogicalHandler[101]
2023-12-29 05:30:44.105:       End processing HTTP request after 614.2336ms - 200
2023-12-29 05:32:58.756: info: MementoMori.BotServer.Plugins.MementoMoriQueryPlugin[0]
2023-12-29 05:32:58.756:       start retrieve notices
2023-12-29 05:32:59.880: info: MementoMori.BotServer.Plugins.MementoMoriQueryPlugin[0]
2023-12-29 05:32:59.880:       start retrieve notices
2023-12-29 05:40:44.109: info: System.Net.Http.HttpClient.Default.LogicalHandler[100]
2023-12-29 05:40:44.109:       Start processing HTTP request GET https://apidgp-gameplayer.games.dmm.com/gameplayer/filelist/29065
2023-12-29 05:40:44.109: info: System.Net.Http.HttpClient.Default.ClientHandler[100]
2023-12-29 05:40:44.109:       Sending HTTP request GET https://apidgp-gameplayer.games.dmm.com/gameplayer/filelist/29065
2023-12-29 05:40:44.803: info: System.Net.Http.HttpClient.Default.ClientHandler[101]
2023-12-29 05:40:44.803:       Received HTTP response headers after 693.7372ms - 200
2023-12-29 05:40:44.803: info: System.Net.Http.HttpClient.Default.LogicalHandler[101]
2023-12-29 05:40:44.803:       End processing HTTP request after 693.7906ms - 200
2023-12-29 05:43:00.213: info: MementoMori.BotServer.Plugins.MementoMoriQueryPlugin[0]
2023-12-29 05:43:00.213:       start retrieve notices
2023-12-29 05:43:01.414: info: MementoMori.BotServer.Plugins.MementoMoriQueryPlugin[0]
2023-12-29 05:43:01.414:       start retrieve notices
2023-12-29 05:48:28.896: info: MementoMori.MementoNetworkManager[0]
2023-12-29 05:48:28.896:       auto updating master data
2023-12-29 05:48:28.896: info: MementoMori.MementoNetworkManager[0]
2023-12-29 05:48:28.896:       下载 master 目录中...
2023-12-29 05:48:38.912: fail: MementoMori.MementoNetworkManager[0]
2023-12-29 05:48:38.912:       error auto update master data
2023-12-29 05:48:38.912:       System.Exception: 请求超时, 请检查你的网络连接
2023-12-29 05:48:38.913:          at MementoMori.MementoNetworkManager.GetResponse[TReq,TResp](TReq req, Action`1 log, Action`1 userData) in D:\Git_Github\MementoMori-release\MementoMori\MementoNetworkManager.cs:line 343
2023-12-29 05:48:38.913:          at MementoMori.MementoNetworkManager.DownloadMasterCatalog() in D:\Git_Github\MementoMori-release\MementoMori\MementoNetworkManager.cs:line 125
2023-12-29 05:48:38.913:          at MementoMori.MementoNetworkManager.AutoUpdateMasterData() in D:\Git_Github\MementoMori-release\MementoMori\MementoNetworkManager.cs:line 110
2023-12-29 05:50:44.807: info: System.Net.Http.HttpClient.Default.LogicalHandler[100]
2023-12-29 05:50:44.807:       Start processing HTTP request GET https://apidgp-gameplayer.games.dmm.com/gameplayer/filelist/29065
2023-12-29 05:50:44.807: info: System.Net.Http.HttpClient.Default.ClientHandler[100]
2023-12-29 05:50:44.807:       Sending HTTP request GET https://apidgp-gameplayer.games.dmm.com/gameplayer/filelist/29065
2023-12-29 05:50:45.561: info: System.Net.Http.HttpClient.Default.ClientHandler[101]
2023-12-29 05:50:45.561:       Received HTTP response headers after 753.6935ms - 200
2023-12-29 05:50:45.561: info: System.Net.Http.HttpClient.Default.LogicalHandler[101]
2023-12-29 05:50:45.561:       End processing HTTP request after 753.7463ms - 200
2023-12-29 05:53:01.689: info: MementoMori.BotServer.Plugins.MementoMoriQueryPlugin[0]
2023-12-29 05:53:01.689:       start retrieve notices
2023-12-29 05:53:02.871: info: MementoMori.BotServer.Plugins.MementoMoriQueryPlugin[0]
2023-12-29 05:53:02.871:       start retrieve notices
2023-12-29 06:00:45.563: info: System.Net.Http.HttpClient.Default.LogicalHandler[100]
2023-12-29 06:00:45.563:       Start processing HTTP request GET https://apidgp-gameplayer.games.dmm.com/gameplayer/filelist/29065
2023-12-29 06:00:45.563: info: System.Net.Http.HttpClient.Default.ClientHandler[100]
2023-12-29 06:00:45.563:       Sending HTTP request GET https://apidgp-gameplayer.games.dmm.com/gameplayer/filelist/29065
2023-12-29 06:00:46.323: info: System.Net.Http.HttpClient.Default.ClientHandler[101]
2023-12-29 06:00:46.323:       Received HTTP response headers after 760.3546ms - 200
2023-12-29 06:00:46.323: info: System.Net.Http.HttpClient.Default.LogicalHandler[101]
2023-12-29 06:00:46.323:       End processing HTTP request after 760.4026ms - 200
2023-12-29 06:03:03.168: info: MementoMori.BotServer.Plugins.MementoMoriQueryPlugin[0]
2023-12-29 06:03:03.168:       start retrieve notices
2023-12-29 06:03:04.525: info: MementoMori.BotServer.Plugins.MementoMoriQueryPlugin[0]
2023-12-29 06:03:04.525:       start retrieve notices
2023-12-29 06:10:46.329: info: System.Net.Http.HttpClient.Default.LogicalHandler[100]
2023-12-29 06:10:46.329:       Start processing HTTP request GET https://apidgp-gameplayer.games.dmm.com/gameplayer/filelist/29065
2023-12-29 06:10:46.329: info: System.Net.Http.HttpClient.Default.ClientHandler[100]
2023-12-29 06:10:46.329:       Sending HTTP request GET https://apidgp-gameplayer.games.dmm.com/gameplayer/filelist/29065
2023-12-29 06:10:47.360: info: System.Net.Http.HttpClient.Default.ClientHandler[101]
2023-12-29 06:10:47.360:       Received HTTP response headers after 1031.4326ms - 200
info: System.Net.Http.HttpClient.Default.LogicalHandler[101]
