2024-01-03 16:34:39.074:       Sending HTTP request GET https://apidgp-gameplayer.games.dmm.com/gameplayer/filelist/29071
2024-01-03 16:34:40.166: info: System.Net.Http.HttpClient.Default.ClientHandler[101]
2024-01-03 16:34:40.166:       Received HTTP response headers after 1093.5537ms - 200
2024-01-03 16:34:40.166: info: System.Net.Http.HttpClient.Default.LogicalHandler[101]
2024-01-03 16:34:40.166:       End processing HTTP request after 1093.6097ms - 200
2024-01-03 16:41:22.837: info: MementoMori.BotServer.Plugins.MementoMoriQueryPlugin[0]
2024-01-03 16:41:22.837:       start retrieve notices
2024-01-03 16:41:23.925: info: MementoMori.BotServer.Plugins.MementoMoriQueryPlugin[0]
2024-01-03 16:41:23.925:       start retrieve notices
2024-01-03 16:44:40.166: info: System.Net.Http.HttpClient.Default.LogicalHandler[100]
2024-01-03 16:44:40.166:       Start processing HTTP request GET https://apidgp-gameplayer.games.dmm.com/gameplayer/filelist/29071
2024-01-03 16:44:40.166: info: System.Net.Http.HttpClient.Default.ClientHandler[100]
2024-01-03 16:44:40.166:       Sending HTTP request GET https://apidgp-gameplayer.games.dmm.com/gameplayer/filelist/29071
2024-01-03 16:44:40.876: info: System.Net.Http.HttpClient.Default.ClientHandler[101]
2024-01-03 16:44:40.876:       Received HTTP response headers after 710.9177ms - 200
2024-01-03 16:44:40.876: info: System.Net.Http.HttpClient.Default.LogicalHandler[101]
2024-01-03 16:44:40.876:       End processing HTTP request after 710.9724ms - 200
2024-01-03 16:51:24.179: info: MementoMori.BotServer.Plugins.MementoMoriQueryPlugin[0]
2024-01-03 16:51:24.179:       start retrieve notices
2024-01-03 16:51:25.187: info: MementoMori.BotServer.Plugins.MementoMoriQueryPlugin[0]
2024-01-03 16:51:25.187:       start retrieve notices
2024-01-03 16:54:40.891: info: System.Net.Http.HttpClient.Default.LogicalHandler[100]
2024-01-03 16:54:40.891:       Start processing HTTP request GET https://apidgp-gameplayer.games.dmm.com/gameplayer/filelist/29071
2024-01-03 16:54:40.891: info: System.Net.Http.HttpClient.Default.ClientHandler[100]
2024-01-03 16:54:40.891:       Sending HTTP request GET https://apidgp-gameplayer.games.dmm.com/gameplayer/filelist/29071
2024-01-03 16:54:41.784: info: System.Net.Http.HttpClient.Default.ClientHandler[101]
2024-01-03 16:54:41.784:       Received HTTP response headers after 893.2862ms - 200
2024-01-03 16:54:41.784: info: System.Net.Http.HttpClient.Default.LogicalHandler[101]
2024-01-03 16:54:41.784:       End processing HTTP request after 893.3431ms - 200
2024-01-03 17:01:25.429: info: MementoMori.BotServer.Plugins.MementoMoriQueryPlugin[0]
2024-01-03 17:01:25.429:       start retrieve notices
2024-01-03 17:01:26.758: info: MementoMori.BotServer.Plugins.MementoMoriQueryPlugin[0]
2024-01-03 17:01:26.758:       start retrieve notices
2024-01-03 17:04:41.791: info: System.Net.Http.HttpClient.Default.LogicalHandler[100]
2024-01-03 17:04:41.791:       Start processing HTTP request GET https://apidgp-gameplayer.games.dmm.com/gameplayer/filelist/29071
2024-01-03 17:04:41.791: info: System.Net.Http.HttpClient.Default.ClientHandler[100]
2024-01-03 17:04:41.791:       Sending HTTP request GET https://apidgp-gameplayer.games.dmm.com/gameplayer/filelist/29071
2024-01-03 17:04:42.529: info: System.Net.Http.HttpClient.Default.ClientHandler[101]
2024-01-03 17:04:42.529:       Received HTTP response headers after 738.081ms - 200
2024-01-03 17:04:42.529: info: System.Net.Http.HttpClient.Default.LogicalHandler[101]
2024-01-03 17:04:42.529:       End processing HTTP request after 738.1562ms - 200
2024-01-03 17:11:27.032: info: MementoMori.BotServer.Plugins.MementoMoriQueryPlugin[0]
2024-01-03 17:11:27.032:       start retrieve notices
2024-01-03 17:11:28.036: info: MementoMori.BotServer.Plugins.MementoMoriQueryPlugin[0]
2024-01-03 17:11:28.036:       start retrieve notices
2024-01-03 17:14:42.532: info: System.Net.Http.HttpClient.Default.LogicalHandler[100]
2024-01-03 17:14:42.532:       Start processing HTTP request GET https://apidgp-gameplayer.games.dmm.com/gameplayer/filelist/29071
2024-01-03 17:14:42.532: info: System.Net.Http.HttpClient.Default.ClientHandler[100]
2024-01-03 17:14:42.532:       Sending HTTP request GET https://apidgp-gameplayer.games.dmm.com/gameplayer/filelist/29071
2024-01-03 17:14:43.288: info: System.Net.Http.HttpClient.Default.ClientHandler[101]
2024-01-03 17:14:43.288:       Received HTTP response headers after 756.746ms - 200
2024-01-03 17:14:43.288: info: System.Net.Http.HttpClient.Default.LogicalHandler[101]
2024-01-03 17:14:43.288:       End processing HTTP request after 756.799ms - 200
2024-01-03 17:15:32.353: info: MementoMori.MementoNetworkManager[0]
2024-01-03 17:15:32.353:       auto updating master data
2024-01-03 17:15:32.353: info: MementoMori.MementoNetworkManager[0]
2024-01-03 17:15:32.353:       下载 master 目录中...
2024-01-03 17:15:34.503: info: MementoMori.MementoNetworkManager[0]
2024-01-03 17:15:34.503:       下载 master 目录完成
2024-01-03 17:21:28.269: info: MementoMori.BotServer.Plugins.MementoMoriQueryPlugin[0]
2024-01-03 17:21:28.269:       start retrieve notices
2024-01-03 17:21:29.431: info: MementoMori.BotServer.Plugins.MementoMoriQueryPlugin[0]
2024-01-03 17:21:29.431:       start retrieve notices
2024-01-03 17:24:43.289: info: System.Net.Http.HttpClient.Default.LogicalHandler[100]
2024-01-03 17:24:43.289:       Start processing HTTP request GET https://apidgp-gameplayer.games.dmm.com/gameplayer/filelist/29071
2024-01-03 17:24:43.289: info: System.Net.Http.HttpClient.Default.ClientHandler[100]
2024-01-03 17:24:43.289:       Sending HTTP request GET https://apidgp-gameplayer.games.dmm.com/gameplayer/filelist/29071
2024-01-03 17:24:44.051: info: System.Net.Http.HttpClient.Default.ClientHandler[101]
2024-01-03 17:24:44.051:       Received HTTP response headers after 762.136ms - 200
2024-01-03 17:24:44.051: info: System.Net.Http.HttpClient.Default.LogicalHandler[101]
2024-01-03 17:24:44.051:       End processing HTTP request after 762.186ms - 200
2024-01-03 17:31:29.658: info: MementoMori.BotServer.Plugins.MementoMoriQueryPlugin[0]
2024-01-03 17:31:29.658:       start retrieve notices
2024-01-03 17:31:30.757: info: MementoMori.BotServer.Plugins.MementoMoriQueryPlugin[0]
2024-01-03 17:31:30.757:       start retrieve notices
2024-01-03 17:34:44.058: info: System.Net.Http.HttpClient.Default.LogicalHandler[100]
2024-01-03 17:34:44.058:       Start processing HTTP request GET https://apidgp-gameplayer.games.dmm.com/gameplayer/filelist/29071
2024-01-03 17:34:44.058: info: System.Net.Http.HttpClient.Default.ClientHandler[100]
2024-01-03 17:34:44.058:       Sending HTTP request GET https://apidgp-gameplayer.games.dmm.com/gameplayer/filelist/29071
2024-01-03 17:34:44.866: info: System.Net.Http.HttpClient.Default.ClientHandler[101]
2024-01-03 17:34:44.867:       Received HTTP response headers after 808.7082ms - 200
2024-01-03 17:34:44.867: info: System.Net.Http.HttpClient.Default.LogicalHandler[101]
2024-01-03 17:34:44.867:       End processing HTTP request after 808.763ms - 200
2024-01-03 17:41:31.032: info: MementoMori.BotServer.Plugins.MementoMoriQueryPlugin[0]
2024-01-03 17:41:31.032:       start retrieve notices
2024-01-03 17:41:32.028: info: MementoMori.BotServer.Plugins.MementoMoriQueryPlugin[0]
2024-01-03 17:41:32.028:       start retrieve notices
2024-01-03 17:44:44.872: info: System.Net.Http.HttpClient.Default.LogicalHandler[100]
2024-01-03 17:44:44.872:       Start processing HTTP request GET https://apidgp-gameplayer.games.dmm.com/gameplayer/filelist/29071
2024-01-03 17:44:44.872: info: System.Net.Http.HttpClient.Default.ClientHandler[100]
2024-01-03 17:44:44.872:       Sending HTTP request GET https://apidgp-gameplayer.games.dmm.com/gameplayer/filelist/29071
2024-01-03 17:44:45.555: info: System.Net.Http.HttpClient.Default.ClientHandler[101]
2024-01-03 17:44:45.555:       Received HTTP response headers after 683.7169ms - 200
2024-01-03 17:44:45.555: info: System.Net.Http.HttpClient.Default.LogicalHandler[101]
2024-01-03 17:44:45.555:       End processing HTTP request after 683.7712ms - 200
2024-01-03 17:51:32.268: info: MementoMori.BotServer.Plugins.MementoMoriQueryPlugin[0]
2024-01-03 17:51:32.268:       start retrieve notices
2024-01-03 17:51:33.450: info: MementoMori.BotServer.Plugins.MementoMoriQueryPlugin[0]
2024-01-03 17:51:33.450:       start retrieve notices
2024-01-03 17:54:45.561: info: System.Net.Http.HttpClient.Default.LogicalHandler[100]
2024-01-03 17:54:45.561:       Start processing HTTP request GET https://apidgp-gameplayer.games.dmm.com/gameplayer/filelist/29071
2024-01-03 17:54:45.561: info: System.Net.Http.HttpClient.Default.ClientHandler[100]
2024-01-03 17:54:45.561:       Sending HTTP request GET https://apidgp-gameplayer.games.dmm.com/gameplayer/filelist/29071
2024-01-03 17:54:46.440: info: System.Net.Http.HttpClient.Default.ClientHandler[101]
2024-01-03 17:54:46.440:       Received HTTP response headers after 879.4785ms - 200
2024-01-03 17:54:46.440: info: System.Net.Http.HttpClient.Default.LogicalHandler[101]
2024-01-03 17:54:46.440:       End processing HTTP request after 879.5276ms - 200
2024-01-03 18:01:33.688: info: MementoMori.BotServer.Plugins.MementoMoriQueryPlugin[0]
2024-01-03 18:01:33.688:       start retrieve notices
2024-01-03 18:01:34.983: info: MementoMori.BotServer.Plugins.MementoMoriQueryPlugin[0]
2024-01-03 18:01:34.983:       start retrieve notices
2024-01-03 18:04:46.454: info: System.Net.Http.HttpClient.Default.LogicalHandler[100]
2024-01-03 18:04:46.454:       Start processing HTTP request GET https://apidgp-gameplayer.games.dmm.com/gameplayer/filelist/29071
2024-01-03 18:04:46.454: info: System.Net.Http.HttpClient.Default.ClientHandler[100]
2024-01-03 18:04:46.454:       Sending HTTP request GET https://apidgp-gameplayer.games.dmm.com/gameplayer/filelist/29071
2024-01-03 18:04:47.262: info: System.Net.Http.HttpClient.Default.ClientHandler[101]
2024-01-03 18:04:47.262:       Received HTTP response headers after 808.3786ms - 200
2024-01-03 18:04:47.262: info: System.Net.Http.HttpClient.Default.LogicalHandler[101]
2024-01-03 18:04:47.262:       End processing HTTP request after 808.4388ms - 200
2024-01-03 18:11:35.247: info: MementoMori.BotServer.Plugins.MementoMoriQueryPlugin[0]
2024-01-03 18:11:35.247:       start retrieve notices
2024-01-03 18:11:36.312: info: MementoMori.BotServer.Plugins.MementoMoriQueryPlugin[0]
2024-01-03 18:11:36.312:       start retrieve notices
2024-01-03 18:14:47.267: info: System.Net.Http.HttpClient.Default.LogicalHandler[100]
2024-01-03 18:14:47.267:       Start processing HTTP request GET https://apidgp-gameplayer.games.dmm.com/gameplayer/filelist/29071
2024-01-03 18:14:47.267: info: System.Net.Http.HttpClient.Default.ClientHandler[100]
2024-01-03 18:14:47.267:       Sending HTTP request GET https://apidgp-gameplayer.games.dmm.com/gameplayer/filelist/29071
2024-01-03 18:14:48.058: info: System.Net.Http.HttpClient.Default.ClientHandler[101]
2024-01-03 18:14:48.058:       Received HTTP response headers after 790.5509ms - 200
2024-01-03 18:14:48.058: info: System.Net.Http.HttpClient.Default.LogicalHandler[101]
2024-01-03 18:14:48.058:       End processing HTTP request after 790.6002ms - 200
2024-01-03 18:15:34.502: info: MementoMori.MementoNetworkManager[0]
2024-01-03 18:15:34.502:       auto updating master data
2024-01-03 18:15:34.502: info: MementoMori.MementoNetworkManager[0]
2024-01-03 18:15:34.502:       下载 master 目录中...
2024-01-03 18:15:36.214: info: MementoMori.MementoNetworkManager[0]
2024-01-03 18:15:36.214:       下载 master 目录完成
2024-01-03 18:21:36.605: info: MementoMori.BotServer.Plugins.MementoMoriQueryPlugin[0]
2024-01-03 18:21:36.605:       start retrieve notices
2024-01-03 18:21:37.842: info: MementoMori.BotServer.Plugins.MementoMoriQueryPlugin[0]
2024-01-03 18:21:37.842:       start retrieve notices
2024-01-03 18:24:48.066: info: System.Net.Http.HttpClient.Default.LogicalHandler[100]
2024-01-03 18:24:48.066:       Start processing HTTP request GET https://apidgp-gameplayer.games.dmm.com/gameplayer/filelist/29071
2024-01-03 18:24:48.066: info: System.Net.Http.HttpClient.Default.ClientHandler[100]
2024-01-03 18:24:48.066:       Sending HTTP request GET https://apidgp-gameplayer.games.dmm.com/gameplayer/filelist/29071
2024-01-03 18:24:48.672: info: System.Net.Http.HttpClient.Default.ClientHandler[101]
2024-01-03 18:24:48.672:       Received HTTP response headers after 606.9246ms - 200
2024-01-03 18:24:48.672: info: System.Net.Http.HttpClient.Default.LogicalHandler[101]
2024-01-03 18:24:48.672:       End processing HTTP request after 606.9965ms - 200
2024-01-03 18:31:38.114: info: MementoMori.BotServer.Plugins.MementoMoriQueryPlugin[0]
2024-01-03 18:31:38.114:       start retrieve notices
2024-01-03 18:31:39.326: info: MementoMori.BotServer.Plugins.MementoMoriQueryPlugin[0]
2024-01-03 18:31:39.326:       start retrieve notices
2024-01-03 18:34:48.675: info: System.Net.Http.HttpClient.Default.LogicalHandler[100]
2024-01-03 18:34:48.675:       Start processing HTTP request GET https://apidgp-gameplayer.games.dmm.com/gameplayer/filelist/29071
2024-01-03 18:34:48.675: info: System.Net.Http.HttpClient.Default.ClientHandler[100]
2024-01-03 18:34:48.675:       Sending HTTP request GET https://apidgp-gameplayer.games.dmm.com/gameplayer/filelist/29071
2024-01-03 18:34:49.342: info: System.Net.Http.HttpClient.Default.ClientHandler[101]
2024-01-03 18:34:49.342:       Received HTTP response headers after 667.4865ms - 200
2024-01-03 18:34:49.342: info: System.Net.Http.HttpClient.Default.LogicalHandler[101]
2024-01-03 18:34:49.342:       End processing HTTP request after 667.5422ms - 200
2024-01-03 18:41:39.601: info: MementoMori.BotServer.Plugins.MementoMoriQueryPlugin[0]
2024-01-03 18:41:39.601:       start retrieve notices
2024-01-03 18:41:40.698: info: MementoMori.BotServer.Plugins.MementoMoriQueryPlugin[0]
2024-01-03 18:41:40.699:       start retrieve notices
2024-01-03 18:44:49.345: info: System.Net.Http.HttpClient.Default.LogicalHandler[100]
2024-01-03 18:44:49.345:       Start processing HTTP request GET https://apidgp-gameplayer.games.dmm.com/gameplayer/filelist/29071
2024-01-03 18:44:49.345: info: System.Net.Http.HttpClient.Default.ClientHandler[100]
2024-01-03 18:44:49.345:       Sending HTTP request GET https://apidgp-gameplayer.games.dmm.com/gameplayer/filelist/29071
2024-01-03 18:44:49.930: info: System.Net.Http.HttpClient.Default.ClientHandler[101]
2024-01-03 18:44:49.930:       Received HTTP response headers after 584.7895ms - 200
2024-01-03 18:44:49.930: info: System.Net.Http.HttpClient.Default.LogicalHandler[101]
2024-01-03 18:44:49.930:       End processing HTTP request after 584.8661ms - 200
2024-01-03 18:51:40.933: info: MementoMori.BotServer.Plugins.MementoMoriQueryPlugin[0]
2024-01-03 18:51:40.933:       start retrieve notices
2024-01-03 18:51:41.857: info: MementoMori.BotServer.Plugins.MementoMoriQueryPlugin[0]
2024-01-03 18:51:41.857:       start retrieve notices
2024-01-03 18:54:49.942: info: System.Net.Http.HttpClient.Default.LogicalHandler[100]
2024-01-03 18:54:49.942:       Start processing HTTP request GET https://apidgp-gameplayer.games.dmm.com/gameplayer/filelist/29071
2024-01-03 18:54:49.942: info: System.Net.Http.HttpClient.Default.ClientHandler[100]
2024-01-03 18:54:49.942:       Sending HTTP request GET https://apidgp-gameplayer.games.dmm.com/gameplayer/filelist/29071
2024-01-03 18:54:50.609: info: System.Net.Http.HttpClient.Default.ClientHandler[101]
2024-01-03 18:54:50.609:       Received HTTP response headers after 668.0746ms - 200
2024-01-03 18:54:50.609: info: System.Net.Http.HttpClient.Default.LogicalHandler[101]
2024-01-03 18:54:50.609:       End processing HTTP request after 668.1317ms - 200
2024-01-03 19:01:42.094: info: MementoMori.BotServer.Plugins.MementoMoriQueryPlugin[0]
2024-01-03 19:01:42.094:       start retrieve notices
2024-01-03 19:01:43.313: info: MementoMori.BotServer.Plugins.MementoMoriQueryPlugin[0]
2024-01-03 19:01:43.313:       start retrieve notices
2024-01-03 19:04:50.623: info: System.Net.Http.HttpClient.Default.LogicalHandler[100]
2024-01-03 19:04:50.623:       Start processing HTTP request GET https://apidgp-gameplayer.games.dmm.com/gameplayer/filelist/29071
2024-01-03 19:04:50.623: info: System.Net.Http.HttpClient.Default.ClientHandler[100]
2024-01-03 19:04:50.623:       Sending HTTP request GET https://apidgp-gameplayer.games.dmm.com/gameplayer/filelist/29071
2024-01-03 19:04:51.310: info: System.Net.Http.HttpClient.Default.ClientHandler[101]
2024-01-03 19:04:51.310:       Received HTTP response headers after 687.9623ms - 200
2024-01-03 19:04:51.310: info: System.Net.Http.HttpClient.Default.LogicalHandler[101]
2024-01-03 19:04:51.310:       End processing HTTP request after 688.064ms - 200
2024-01-03 19:11:43.591: info: MementoMori.BotServer.Plugins.MementoMoriQueryPlugin[0]
2024-01-03 19:11:43.591:       start retrieve notices
2024-01-03 19:11:44.452: info: MementoMori.BotServer.Plugins.MementoMoriQueryPlugin[0]
2024-01-03 19:11:44.452:       start retrieve notices
2024-01-03 19:14:51.315: info: System.Net.Http.HttpClient.Default.LogicalHandler[100]
2024-01-03 19:14:51.315:       Start processing HTTP request GET https://apidgp-gameplayer.games.dmm.com/gameplayer/filelist/29071
2024-01-03 19:14:51.315: info: System.Net.Http.HttpClient.Default.ClientHandler[100]
2024-01-03 19:14:51.315:       Sending HTTP request GET https://apidgp-gameplayer.games.dmm.com/gameplayer/filelist/29071
2024-01-03 19:14:52.137: info: System.Net.Http.HttpClient.Default.ClientHandler[101]
2024-01-03 19:14:52.137:       Received HTTP response headers after 822.1519ms - 200
2024-01-03 19:14:52.137: info: System.Net.Http.HttpClient.Default.LogicalHandler[101]
2024-01-03 19:14:52.137:       End processing HTTP request after 822.2081ms - 200
2024-01-03 19:15:36.218: info: MementoMori.MementoNetworkManager[0]
2024-01-03 19:15:36.218:       auto updating master data
2024-01-03 19:15:36.218: info: MementoMori.MementoNetworkManager[0]
2024-01-03 19:15:36.218:       下载 master 目录中...
2024-01-03 19:15:38.411: info: MementoMori.MementoNetworkManager[0]
2024-01-03 19:15:38.411:       下载 master 目录完成
2024-01-03 19:21:44.675: info: MementoMori.BotServer.Plugins.MementoMoriQueryPlugin[0]
2024-01-03 19:21:44.675:       start retrieve notices
info: MementoMori.BotServer.Plugins.MementoMoriQueryPlugin[0]
