2024-01-04 01:02:29.015:       start retrieve notices
2024-01-04 01:02:29.892: info: MementoMori.BotServer.Plugins.MementoMoriQueryPlugin[0]
2024-01-04 01:02:29.892:       start retrieve notices
2024-01-04 01:05:16.583: info: System.Net.Http.HttpClient.Default.LogicalHandler[100]
2024-01-04 01:05:16.583:       Start processing HTTP request GET https://apidgp-gameplayer.games.dmm.com/gameplayer/filelist/29071
2024-01-04 01:05:16.583: info: System.Net.Http.HttpClient.Default.ClientHandler[100]
2024-01-04 01:05:16.583:       Sending HTTP request GET https://apidgp-gameplayer.games.dmm.com/gameplayer/filelist/29071
2024-01-04 01:05:17.341: info: System.Net.Http.HttpClient.Default.ClientHandler[101]
2024-01-04 01:05:17.341:       Received HTTP response headers after 758.5189ms - 200
2024-01-04 01:05:17.341: info: System.Net.Http.HttpClient.Default.LogicalHandler[101]
2024-01-04 01:05:17.341:       End processing HTTP request after 758.5993ms - 200
2024-01-04 01:12:30.133: info: MementoMori.BotServer.Plugins.MementoMoriQueryPlugin[0]
2024-01-04 01:12:30.133:       start retrieve notices
2024-01-04 01:12:31.340: info: MementoMori.BotServer.Plugins.MementoMoriQueryPlugin[0]
2024-01-04 01:12:31.340:       start retrieve notices
2024-01-04 01:15:17.352: info: System.Net.Http.HttpClient.Default.LogicalHandler[100]
2024-01-04 01:15:17.352:       Start processing HTTP request GET https://apidgp-gameplayer.games.dmm.com/gameplayer/filelist/29071
2024-01-04 01:15:17.352: info: System.Net.Http.HttpClient.Default.ClientHandler[100]
2024-01-04 01:15:17.352:       Sending HTTP request GET https://apidgp-gameplayer.games.dmm.com/gameplayer/filelist/29071
2024-01-04 01:15:18.184: info: System.Net.Http.HttpClient.Default.ClientHandler[101]
2024-01-04 01:15:18.184:       Received HTTP response headers after 832.24ms - 200
2024-01-04 01:15:18.184: info: System.Net.Http.HttpClient.Default.LogicalHandler[101]
2024-01-04 01:15:18.184:       End processing HTTP request after 832.2965ms - 200
2024-01-04 01:15:47.843: info: MementoMori.MementoNetworkManager[0]
2024-01-04 01:15:47.843:       auto updating master data
2024-01-04 01:15:47.843: info: MementoMori.MementoNetworkManager[0]
2024-01-04 01:15:47.843:       下载 master 目录中...
2024-01-04 01:15:50.098: info: MementoMori.MementoNetworkManager[0]
2024-01-04 01:15:50.098:       下载 master 目录完成
2024-01-04 01:22:31.655: info: MementoMori.BotServer.Plugins.MementoMoriQueryPlugin[0]
2024-01-04 01:22:31.655:       start retrieve notices
2024-01-04 01:22:32.747: info: MementoMori.BotServer.Plugins.MementoMoriQueryPlugin[0]
2024-01-04 01:22:32.747:       start retrieve notices
2024-01-04 01:25:18.187: info: System.Net.Http.HttpClient.Default.LogicalHandler[100]
2024-01-04 01:25:18.187:       Start processing HTTP request GET https://apidgp-gameplayer.games.dmm.com/gameplayer/filelist/29071
2024-01-04 01:25:18.187: info: System.Net.Http.HttpClient.Default.ClientHandler[100]
2024-01-04 01:25:18.187:       Sending HTTP request GET https://apidgp-gameplayer.games.dmm.com/gameplayer/filelist/29071
2024-01-04 01:25:19.224: info: System.Net.Http.HttpClient.Default.ClientHandler[101]
2024-01-04 01:25:19.224:       Received HTTP response headers after 1037.572ms - 200
2024-01-04 01:25:19.224: info: System.Net.Http.HttpClient.Default.LogicalHandler[101]
2024-01-04 01:25:19.224:       End processing HTTP request after 1037.6197ms - 200
2024-01-04 01:32:33.010: info: MementoMori.BotServer.Plugins.MementoMoriQueryPlugin[0]
2024-01-04 01:32:33.010:       start retrieve notices
2024-01-04 01:32:36.645: info: MementoMori.BotServer.Plugins.MementoMoriQueryPlugin[0]
2024-01-04 01:32:36.645:       start retrieve notices
2024-01-04 01:35:19.238: info: System.Net.Http.HttpClient.Default.LogicalHandler[100]
2024-01-04 01:35:19.238:       Start processing HTTP request GET https://apidgp-gameplayer.games.dmm.com/gameplayer/filelist/29071
2024-01-04 01:35:19.238: info: System.Net.Http.HttpClient.Default.ClientHandler[100]
2024-01-04 01:35:19.238:       Sending HTTP request GET https://apidgp-gameplayer.games.dmm.com/gameplayer/filelist/29071
2024-01-04 01:35:20.396: info: System.Net.Http.HttpClient.Default.ClientHandler[101]
2024-01-04 01:35:20.396:       Received HTTP response headers after 1158.241ms - 200
2024-01-04 01:35:20.396: info: System.Net.Http.HttpClient.Default.LogicalHandler[101]
2024-01-04 01:35:20.396:       End processing HTTP request after 1158.3005ms - 200
2024-01-04 01:42:37.618: info: MementoMori.BotServer.Plugins.MementoMoriQueryPlugin[0]
2024-01-04 01:42:37.618:       start retrieve notices
2024-01-04 01:42:39.120: info: MementoMori.BotServer.Plugins.MementoMoriQueryPlugin[0]
2024-01-04 01:42:39.120:       start retrieve notices
2024-01-04 01:45:20.397: info: System.Net.Http.HttpClient.Default.LogicalHandler[100]
2024-01-04 01:45:20.397:       Start processing HTTP request GET https://apidgp-gameplayer.games.dmm.com/gameplayer/filelist/29071
2024-01-04 01:45:20.397: info: System.Net.Http.HttpClient.Default.ClientHandler[100]
2024-01-04 01:45:20.397:       Sending HTTP request GET https://apidgp-gameplayer.games.dmm.com/gameplayer/filelist/29071
2024-01-04 01:45:21.106: info: System.Net.Http.HttpClient.Default.ClientHandler[101]
2024-01-04 01:45:21.106:       Received HTTP response headers after 708.4144ms - 200
2024-01-04 01:45:21.106: info: System.Net.Http.HttpClient.Default.LogicalHandler[101]
2024-01-04 01:45:21.106:       End processing HTTP request after 708.5236ms - 200
2024-01-04 01:52:39.452: info: MementoMori.BotServer.Plugins.MementoMoriQueryPlugin[0]
2024-01-04 01:52:39.452:       start retrieve notices
2024-01-04 01:52:40.869: info: MementoMori.BotServer.Plugins.MementoMoriQueryPlugin[0]
2024-01-04 01:52:40.869:       start retrieve notices
2024-01-04 01:55:21.119: info: System.Net.Http.HttpClient.Default.LogicalHandler[100]
2024-01-04 01:55:21.119:       Start processing HTTP request GET https://apidgp-gameplayer.games.dmm.com/gameplayer/filelist/29071
2024-01-04 01:55:21.119: info: System.Net.Http.HttpClient.Default.ClientHandler[100]
2024-01-04 01:55:21.119:       Sending HTTP request GET https://apidgp-gameplayer.games.dmm.com/gameplayer/filelist/29071
2024-01-04 01:55:21.728: info: System.Net.Http.HttpClient.Default.ClientHandler[101]
2024-01-04 01:55:21.728:       Received HTTP response headers after 608.9176ms - 200
2024-01-04 01:55:21.728: info: System.Net.Http.HttpClient.Default.LogicalHandler[101]
2024-01-04 01:55:21.728:       End processing HTTP request after 608.9733ms - 200
2024-01-04 02:02:41.209: info: MementoMori.BotServer.Plugins.MementoMoriQueryPlugin[0]
2024-01-04 02:02:41.209:       start retrieve notices
2024-01-04 02:02:42.655: info: MementoMori.BotServer.Plugins.MementoMoriQueryPlugin[0]
2024-01-04 02:02:42.655:       start retrieve notices
2024-01-04 02:05:21.740: info: System.Net.Http.HttpClient.Default.LogicalHandler[100]
2024-01-04 02:05:21.740:       Start processing HTTP request GET https://apidgp-gameplayer.games.dmm.com/gameplayer/filelist/29071
2024-01-04 02:05:21.740: info: System.Net.Http.HttpClient.Default.ClientHandler[100]
2024-01-04 02:05:21.740:       Sending HTTP request GET https://apidgp-gameplayer.games.dmm.com/gameplayer/filelist/29071
2024-01-04 02:05:22.722: info: System.Net.Http.HttpClient.Default.ClientHandler[101]
2024-01-04 02:05:22.722:       Received HTTP response headers after 983.1985ms - 200
2024-01-04 02:05:22.723: info: System.Net.Http.HttpClient.Default.LogicalHandler[101]
2024-01-04 02:05:22.723:       End processing HTTP request after 983.2524ms - 200
2024-01-04 02:12:42.990: info: MementoMori.BotServer.Plugins.MementoMoriQueryPlugin[0]
2024-01-04 02:12:42.990:       start retrieve notices
2024-01-04 02:12:44.512: info: MementoMori.BotServer.Plugins.MementoMoriQueryPlugin[0]
2024-01-04 02:12:44.512:       start retrieve notices
2024-01-04 02:15:22.722: info: System.Net.Http.HttpClient.Default.LogicalHandler[100]
2024-01-04 02:15:22.722:       Start processing HTTP request GET https://apidgp-gameplayer.games.dmm.com/gameplayer/filelist/29071
2024-01-04 02:15:22.722: info: System.Net.Http.HttpClient.Default.ClientHandler[100]
2024-01-04 02:15:22.722:       Sending HTTP request GET https://apidgp-gameplayer.games.dmm.com/gameplayer/filelist/29071
2024-01-04 02:15:23.714: info: System.Net.Http.HttpClient.Default.ClientHandler[101]
2024-01-04 02:15:23.714:       Received HTTP response headers after 991.8641ms - 200
2024-01-04 02:15:23.714: info: System.Net.Http.HttpClient.Default.LogicalHandler[101]
2024-01-04 02:15:23.714:       End processing HTTP request after 991.9167ms - 200
2024-01-04 02:15:50.103: info: MementoMori.MementoNetworkManager[0]
2024-01-04 02:15:50.103:       auto updating master data
2024-01-04 02:15:50.103: info: MementoMori.MementoNetworkManager[0]
2024-01-04 02:15:50.103:       下载 master 目录中...
2024-01-04 02:15:52.717: info: MementoMori.MementoNetworkManager[0]
2024-01-04 02:15:52.717:       下载 master 目录完成
2024-01-04 02:22:45.047: info: MementoMori.BotServer.Plugins.MementoMoriQueryPlugin[0]
2024-01-04 02:22:45.047:       start retrieve notices
2024-01-04 02:22:46.328: info: MementoMori.BotServer.Plugins.MementoMoriQueryPlugin[0]
2024-01-04 02:22:46.328:       start retrieve notices
2024-01-04 02:25:23.726: info: System.Net.Http.HttpClient.Default.LogicalHandler[100]
2024-01-04 02:25:23.726:       Start processing HTTP request GET https://apidgp-gameplayer.games.dmm.com/gameplayer/filelist/29071
2024-01-04 02:25:23.726: info: System.Net.Http.HttpClient.Default.ClientHandler[100]
2024-01-04 02:25:23.726:       Sending HTTP request GET https://apidgp-gameplayer.games.dmm.com/gameplayer/filelist/29071
2024-01-04 02:25:24.903: info: System.Net.Http.HttpClient.Default.ClientHandler[101]
2024-01-04 02:25:24.903:       Received HTTP response headers after 1176.3175ms - 200
2024-01-04 02:25:24.903: info: System.Net.Http.HttpClient.Default.LogicalHandler[101]
2024-01-04 02:25:24.903:       End processing HTTP request after 1176.3664ms - 200
2024-01-04 02:32:46.689: info: MementoMori.BotServer.Plugins.MementoMoriQueryPlugin[0]
2024-01-04 02:32:46.689:       start retrieve notices
2024-01-04 02:32:47.849: info: MementoMori.BotServer.Plugins.MementoMoriQueryPlugin[0]
2024-01-04 02:32:47.849:       start retrieve notices
2024-01-04 02:35:24.916: info: System.Net.Http.HttpClient.Default.LogicalHandler[100]
2024-01-04 02:35:24.916:       Start processing HTTP request GET https://apidgp-gameplayer.games.dmm.com/gameplayer/filelist/29071
2024-01-04 02:35:24.916: info: System.Net.Http.HttpClient.Default.ClientHandler[100]
2024-01-04 02:35:24.916:       Sending HTTP request GET https://apidgp-gameplayer.games.dmm.com/gameplayer/filelist/29071
2024-01-04 02:35:25.994: info: System.Net.Http.HttpClient.Default.ClientHandler[101]
2024-01-04 02:35:25.994:       Received HTTP response headers after 1077.3347ms - 200
2024-01-04 02:35:25.994: info: System.Net.Http.HttpClient.Default.LogicalHandler[101]
2024-01-04 02:35:25.994:       End processing HTTP request after 1077.3916ms - 200
2024-01-04 02:36:19.453: info: MementoMori.BotServer.Plugins.MementoMoriQueryPlugin[0]
2024-01-04 02:36:19.453:       RecentNotice 
2024-01-04 02:36:53.766: info: MementoMori.BotServer.Plugins.MementoMoriQueryPlugin[0]
2024-01-04 02:36:53.766:       RecentNotice 50802
2024-01-04 02:42:48.076: info: MementoMori.BotServer.Plugins.MementoMoriQueryPlugin[0]
2024-01-04 02:42:48.076:       start retrieve notices
2024-01-04 02:42:49.166: info: MementoMori.BotServer.Plugins.MementoMoriQueryPlugin[0]
2024-01-04 02:42:49.166:       start retrieve notices
2024-01-04 02:45:25.997: info: System.Net.Http.HttpClient.Default.LogicalHandler[100]
2024-01-04 02:45:25.997:       Start processing HTTP request GET https://apidgp-gameplayer.games.dmm.com/gameplayer/filelist/29071
2024-01-04 02:45:25.997: info: System.Net.Http.HttpClient.Default.ClientHandler[100]
2024-01-04 02:45:25.997:       Sending HTTP request GET https://apidgp-gameplayer.games.dmm.com/gameplayer/filelist/29071
2024-01-04 02:45:27.153: info: System.Net.Http.HttpClient.Default.ClientHandler[101]
2024-01-04 02:45:27.153:       Received HTTP response headers after 1155.8052ms - 200
2024-01-04 02:45:27.153: info: System.Net.Http.HttpClient.Default.LogicalHandler[101]
2024-01-04 02:45:27.153:       End processing HTTP request after 1155.8608ms - 200
2024-01-04 02:52:49.437: info: MementoMori.BotServer.Plugins.MementoMoriQueryPlugin[0]
2024-01-04 02:52:49.437:       start retrieve notices
2024-01-04 02:52:50.717: info: MementoMori.BotServer.Plugins.MementoMoriQueryPlugin[0]
2024-01-04 02:52:50.717:       start retrieve notices
2024-01-04 02:55:27.159: info: System.Net.Http.HttpClient.Default.LogicalHandler[100]
2024-01-04 02:55:27.159:       Start processing HTTP request GET https://apidgp-gameplayer.games.dmm.com/gameplayer/filelist/29071
2024-01-04 02:55:27.159: info: System.Net.Http.HttpClient.Default.ClientHandler[100]
2024-01-04 02:55:27.159:       Sending HTTP request GET https://apidgp-gameplayer.games.dmm.com/gameplayer/filelist/29071
2024-01-04 02:55:28.568: info: System.Net.Http.HttpClient.Default.ClientHandler[101]
2024-01-04 02:55:28.568:       Received HTTP response headers after 1408.72ms - 200
2024-01-04 02:55:28.568: info: System.Net.Http.HttpClient.Default.LogicalHandler[101]
2024-01-04 02:55:28.568:       End processing HTTP request after 1408.7688ms - 200
2024-01-04 03:02:51.088: info: MementoMori.BotServer.Plugins.MementoMoriQueryPlugin[0]
2024-01-04 03:02:51.088:       start retrieve notices
2024-01-04 03:02:52.735: info: MementoMori.BotServer.Plugins.MementoMoriQueryPlugin[0]
2024-01-04 03:02:52.735:       start retrieve notices
2024-01-04 03:05:28.579: info: System.Net.Http.HttpClient.Default.LogicalHandler[100]
2024-01-04 03:05:28.579:       Start processing HTTP request GET https://apidgp-gameplayer.games.dmm.com/gameplayer/filelist/29071
2024-01-04 03:05:28.579: info: System.Net.Http.HttpClient.Default.ClientHandler[100]
2024-01-04 03:05:28.579:       Sending HTTP request GET https://apidgp-gameplayer.games.dmm.com/gameplayer/filelist/29071
2024-01-04 03:05:29.027: info: System.Net.Http.HttpClient.Default.ClientHandler[101]
2024-01-04 03:05:29.027:       Received HTTP response headers after 448.4462ms - 200
2024-01-04 03:05:29.027: info: System.Net.Http.HttpClient.Default.LogicalHandler[101]
2024-01-04 03:05:29.027:       End processing HTTP request after 448.4932ms - 200
2024-01-04 03:12:53.107: info: MementoMori.BotServer.Plugins.MementoMoriQueryPlugin[0]
2024-01-04 03:12:53.107:       start retrieve notices
2024-01-04 03:12:54.571: info: MementoMori.BotServer.Plugins.MementoMoriQueryPlugin[0]
2024-01-04 03:12:54.571:       start retrieve notices
2024-01-04 03:15:29.034: info: System.Net.Http.HttpClient.Default.LogicalHandler[100]
2024-01-04 03:15:29.034:       Start processing HTTP request GET https://apidgp-gameplayer.games.dmm.com/gameplayer/filelist/29071
2024-01-04 03:15:29.034: info: System.Net.Http.HttpClient.Default.ClientHandler[100]
2024-01-04 03:15:29.034:       Sending HTTP request GET https://apidgp-gameplayer.games.dmm.com/gameplayer/filelist/29071
2024-01-04 03:15:30.006: info: System.Net.Http.HttpClient.Default.ClientHandler[101]
2024-01-04 03:15:30.007:       Received HTTP response headers after 972.3179ms - 200
2024-01-04 03:15:30.007: info: System.Net.Http.HttpClient.Default.LogicalHandler[101]
2024-01-04 03:15:30.007:       End processing HTTP request after 972.3832ms - 200
2024-01-04 03:15:52.723: info: MementoMori.MementoNetworkManager[0]
2024-01-04 03:15:52.723:       auto updating master data
2024-01-04 03:15:52.723: info: MementoMori.MementoNetworkManager[0]
2024-01-04 03:15:52.723:       下载 master 目录中...
2024-01-04 03:15:55.457: info: MementoMori.MementoNetworkManager[0]
2024-01-04 03:15:55.457:       下载 master 目录完成
2024-01-04 03:22:54.909: info: MementoMori.BotServer.Plugins.MementoMoriQueryPlugin[0]
2024-01-04 03:22:54.909:       start retrieve notices
2024-01-04 03:22:56.177: info: MementoMori.BotServer.Plugins.MementoMoriQueryPlugin[0]
2024-01-04 03:22:56.177:       start retrieve notices
2024-01-04 03:25:30.021: info: System.Net.Http.HttpClient.Default.LogicalHandler[100]
2024-01-04 03:25:30.021:       Start processing HTTP request GET https://apidgp-gameplayer.games.dmm.com/gameplayer/filelist/29071
2024-01-04 03:25:30.021: info: System.Net.Http.HttpClient.Default.ClientHandler[100]
2024-01-04 03:25:30.021:       Sending HTTP request GET https://apidgp-gameplayer.games.dmm.com/gameplayer/filelist/29071
2024-01-04 03:25:30.742: info: System.Net.Http.HttpClient.Default.ClientHandler[101]
2024-01-04 03:25:30.742:       Received HTTP response headers after 721.2232ms - 200
2024-01-04 03:25:30.742: info: System.Net.Http.HttpClient.Default.LogicalHandler[101]
2024-01-04 03:25:30.742:       End processing HTTP request after 721.2895ms - 200
2024-01-04 03:32:56.449: info: MementoMori.BotServer.Plugins.MementoMoriQueryPlugin[0]
2024-01-04 03:32:56.449:       start retrieve notices
2024-01-04 03:32:57.989: info: MementoMori.BotServer.Plugins.MementoMoriQueryPlugin[0]
2024-01-04 03:32:57.989:       start retrieve notices
2024-01-04 03:35:30.755: info: System.Net.Http.HttpClient.Default.LogicalHandler[100]
2024-01-04 03:35:30.755:       Start processing HTTP request GET https://apidgp-gameplayer.games.dmm.com/gameplayer/filelist/29071
2024-01-04 03:35:30.755: info: System.Net.Http.HttpClient.Default.ClientHandler[100]
2024-01-04 03:35:30.755:       Sending HTTP request GET https://apidgp-gameplayer.games.dmm.com/gameplayer/filelist/29071
2024-01-04 03:35:31.612: info: System.Net.Http.HttpClient.Default.ClientHandler[101]
2024-01-04 03:35:31.612:       Received HTTP response headers after 856.6091ms - 200
2024-01-04 03:35:31.612: info: System.Net.Http.HttpClient.Default.LogicalHandler[101]
2024-01-04 03:35:31.612:       End processing HTTP request after 856.6558ms - 200
2024-01-04 03:42:58.325: info: MementoMori.BotServer.Plugins.MementoMoriQueryPlugin[0]
2024-01-04 03:42:58.325:       start retrieve notices
2024-01-04 03:42:59.650: info: MementoMori.BotServer.Plugins.MementoMoriQueryPlugin[0]
2024-01-04 03:42:59.650:       start retrieve notices
2024-01-04 03:45:31.617: info: System.Net.Http.HttpClient.Default.LogicalHandler[100]
2024-01-04 03:45:31.617:       Start processing HTTP request GET https://apidgp-gameplayer.games.dmm.com/gameplayer/filelist/29071
info: System.Net.Http.HttpClient.Default.ClientHandler[100]
