2023-12-29 06:10:47.362:       End processing HTTP request after 1031.4793ms - 200
2023-12-29 06:13:04.885: info: MementoMori.BotServer.Plugins.MementoMoriQueryPlugin[0]
2023-12-29 06:13:04.885:       start retrieve notices
2023-12-29 06:13:05.992: info: MementoMori.BotServer.Plugins.MementoMoriQueryPlugin[0]
2023-12-29 06:13:05.992:       start retrieve notices
2023-12-29 06:20:47.373: info: System.Net.Http.HttpClient.Default.LogicalHandler[100]
2023-12-29 06:20:47.373:       Start processing HTTP request GET https://apidgp-gameplayer.games.dmm.com/gameplayer/filelist/29065
2023-12-29 06:20:47.373: info: System.Net.Http.HttpClient.Default.ClientHandler[100]
2023-12-29 06:20:47.382:       Sending HTTP request GET https://apidgp-gameplayer.games.dmm.com/gameplayer/filelist/29065
2023-12-29 06:20:48.047: info: System.Net.Http.HttpClient.Default.ClientHandler[101]
2023-12-29 06:20:48.047:       Received HTTP response headers after 674.6462ms - 200
2023-12-29 06:20:48.047: info: System.Net.Http.HttpClient.Default.LogicalHandler[101]
2023-12-29 06:20:48.047:       End processing HTTP request after 674.6952ms - 200
2023-12-29 06:23:06.284: info: MementoMori.BotServer.Plugins.MementoMoriQueryPlugin[0]
2023-12-29 06:23:06.284:       start retrieve notices
2023-12-29 06:23:07.568: info: MementoMori.BotServer.Plugins.MementoMoriQueryPlugin[0]
2023-12-29 06:23:07.568:       start retrieve notices
2023-12-29 06:30:48.053: info: System.Net.Http.HttpClient.Default.LogicalHandler[100]
2023-12-29 06:30:48.053:       Start processing HTTP request GET https://apidgp-gameplayer.games.dmm.com/gameplayer/filelist/29065
2023-12-29 06:30:48.053: info: System.Net.Http.HttpClient.Default.ClientHandler[100]
2023-12-29 06:30:48.053:       Sending HTTP request GET https://apidgp-gameplayer.games.dmm.com/gameplayer/filelist/29065
2023-12-29 06:30:48.746: info: System.Net.Http.HttpClient.Default.ClientHandler[101]
2023-12-29 06:30:48.746:       Received HTTP response headers after 693.464ms - 200
2023-12-29 06:30:48.746: info: System.Net.Http.HttpClient.Default.LogicalHandler[101]
2023-12-29 06:30:48.746:       End processing HTTP request after 693.539ms - 200
2023-12-29 06:33:07.858: info: MementoMori.BotServer.Plugins.MementoMoriQueryPlugin[0]
2023-12-29 06:33:07.858:       start retrieve notices
2023-12-29 06:33:08.844: info: MementoMori.BotServer.Plugins.MementoMoriQueryPlugin[0]
2023-12-29 06:33:08.844:       start retrieve notices
2023-12-29 06:40:48.751: info: System.Net.Http.HttpClient.Default.LogicalHandler[100]
2023-12-29 06:40:48.751:       Start processing HTTP request GET https://apidgp-gameplayer.games.dmm.com/gameplayer/filelist/29065
2023-12-29 06:40:48.751: info: System.Net.Http.HttpClient.Default.ClientHandler[100]
2023-12-29 06:40:48.751:       Sending HTTP request GET https://apidgp-gameplayer.games.dmm.com/gameplayer/filelist/29065
2023-12-29 06:40:49.625: info: System.Net.Http.HttpClient.Default.ClientHandler[101]
2023-12-29 06:40:49.625:       Received HTTP response headers after 873.8495ms - 200
2023-12-29 06:40:49.625: info: System.Net.Http.HttpClient.Default.LogicalHandler[101]
2023-12-29 06:40:49.625:       End processing HTTP request after 873.8968ms - 200
2023-12-29 06:43:09.144: info: MementoMori.BotServer.Plugins.MementoMoriQueryPlugin[0]
2023-12-29 06:43:09.144:       start retrieve notices
2023-12-29 06:43:10.219: info: MementoMori.BotServer.Plugins.MementoMoriQueryPlugin[0]
2023-12-29 06:43:10.219:       start retrieve notices
2023-12-29 06:48:38.926: info: MementoMori.MementoNetworkManager[0]
2023-12-29 06:48:38.926:       auto updating master data
2023-12-29 06:48:38.926: info: MementoMori.MementoNetworkManager[0]
2023-12-29 06:48:38.926:       下载 master 目录中...
2023-12-29 06:48:41.191: info: MementoMori.MementoNetworkManager[0]
2023-12-29 06:48:41.191:       下载 master 目录完成
2023-12-29 06:50:49.633: info: System.Net.Http.HttpClient.Default.LogicalHandler[100]
2023-12-29 06:50:49.633:       Start processing HTTP request GET https://apidgp-gameplayer.games.dmm.com/gameplayer/filelist/29065
2023-12-29 06:50:49.633: info: System.Net.Http.HttpClient.Default.ClientHandler[100]
2023-12-29 06:50:49.633:       Sending HTTP request GET https://apidgp-gameplayer.games.dmm.com/gameplayer/filelist/29065
2023-12-29 06:50:50.441: info: System.Net.Http.HttpClient.Default.ClientHandler[101]
2023-12-29 06:50:50.441:       Received HTTP response headers after 808.3125ms - 200
2023-12-29 06:50:50.441: info: System.Net.Http.HttpClient.Default.LogicalHandler[101]
2023-12-29 06:50:50.441:       End processing HTTP request after 808.3829ms - 200
2023-12-29 06:53:10.506: info: MementoMori.BotServer.Plugins.MementoMoriQueryPlugin[0]
2023-12-29 06:53:10.506:       start retrieve notices
2023-12-29 06:53:11.746: info: MementoMori.BotServer.Plugins.MementoMoriQueryPlugin[0]
2023-12-29 06:53:11.746:       start retrieve notices
2023-12-29 07:00:50.441: info: System.Net.Http.HttpClient.Default.LogicalHandler[100]
2023-12-29 07:00:50.441:       Start processing HTTP request GET https://apidgp-gameplayer.games.dmm.com/gameplayer/filelist/29065
2023-12-29 07:00:50.441: info: System.Net.Http.HttpClient.Default.ClientHandler[100]
2023-12-29 07:00:50.441:       Sending HTTP request GET https://apidgp-gameplayer.games.dmm.com/gameplayer/filelist/29065
2023-12-29 07:00:51.102: info: System.Net.Http.HttpClient.Default.ClientHandler[101]
2023-12-29 07:00:51.102:       Received HTTP response headers after 661.6134ms - 200
2023-12-29 07:00:51.102: info: System.Net.Http.HttpClient.Default.LogicalHandler[101]
2023-12-29 07:00:51.102:       End processing HTTP request after 661.653ms - 200
2023-12-29 07:03:12.038: info: MementoMori.BotServer.Plugins.MementoMoriQueryPlugin[0]
2023-12-29 07:03:12.038:       start retrieve notices
2023-12-29 07:03:13.375: info: MementoMori.BotServer.Plugins.MementoMoriQueryPlugin[0]
2023-12-29 07:03:13.375:       start retrieve notices
2023-12-29 07:10:51.108: info: System.Net.Http.HttpClient.Default.LogicalHandler[100]
2023-12-29 07:10:51.108:       Start processing HTTP request GET https://apidgp-gameplayer.games.dmm.com/gameplayer/filelist/29065
2023-12-29 07:10:51.108: info: System.Net.Http.HttpClient.Default.ClientHandler[100]
2023-12-29 07:10:51.108:       Sending HTTP request GET https://apidgp-gameplayer.games.dmm.com/gameplayer/filelist/29065
2023-12-29 07:10:51.733: info: System.Net.Http.HttpClient.Default.ClientHandler[101]
2023-12-29 07:10:51.733:       Received HTTP response headers after 625.1048ms - 200
2023-12-29 07:10:51.733: info: System.Net.Http.HttpClient.Default.LogicalHandler[101]
2023-12-29 07:10:51.733:       End processing HTTP request after 625.1604ms - 200
2023-12-29 07:13:13.714: info: MementoMori.BotServer.Plugins.MementoMoriQueryPlugin[0]
2023-12-29 07:13:13.714:       start retrieve notices
2023-12-29 07:13:14.829: info: MementoMori.BotServer.Plugins.MementoMoriQueryPlugin[0]
2023-12-29 07:13:14.829:       start retrieve notices
2023-12-29 07:20:51.740: info: System.Net.Http.HttpClient.Default.LogicalHandler[100]
2023-12-29 07:20:51.740:       Start processing HTTP request GET https://apidgp-gameplayer.games.dmm.com/gameplayer/filelist/29065
2023-12-29 07:20:51.740: info: System.Net.Http.HttpClient.Default.ClientHandler[100]
2023-12-29 07:20:51.740:       Sending HTTP request GET https://apidgp-gameplayer.games.dmm.com/gameplayer/filelist/29065
2023-12-29 07:20:52.477: info: System.Net.Http.HttpClient.Default.ClientHandler[101]
2023-12-29 07:20:52.477:       Received HTTP response headers after 736.458ms - 200
2023-12-29 07:20:52.477: info: System.Net.Http.HttpClient.Default.LogicalHandler[101]
2023-12-29 07:20:52.477:       End processing HTTP request after 736.5032ms - 200
2023-12-29 07:23:15.168: info: MementoMori.BotServer.Plugins.MementoMoriQueryPlugin[0]
2023-12-29 07:23:15.168:       start retrieve notices
2023-12-29 07:23:16.370: info: MementoMori.BotServer.Plugins.MementoMoriQueryPlugin[0]
2023-12-29 07:23:16.370:       start retrieve notices
2023-12-29 07:30:52.489: info: System.Net.Http.HttpClient.Default.LogicalHandler[100]
2023-12-29 07:30:52.489:       Start processing HTTP request GET https://apidgp-gameplayer.games.dmm.com/gameplayer/filelist/29065
2023-12-29 07:30:52.489: info: System.Net.Http.HttpClient.Default.ClientHandler[100]
2023-12-29 07:30:52.489:       Sending HTTP request GET https://apidgp-gameplayer.games.dmm.com/gameplayer/filelist/29065
2023-12-29 07:30:53.305: info: System.Net.Http.HttpClient.Default.ClientHandler[101]
2023-12-29 07:30:53.305:       Received HTTP response headers after 815.8401ms - 200
2023-12-29 07:30:53.305: info: System.Net.Http.HttpClient.Default.LogicalHandler[101]
2023-12-29 07:30:53.305:       End processing HTTP request after 815.9002ms - 200
2023-12-29 07:33:16.644: info: MementoMori.BotServer.Plugins.MementoMoriQueryPlugin[0]
2023-12-29 07:33:16.644:       start retrieve notices
2023-12-29 07:33:17.763: info: MementoMori.BotServer.Plugins.MementoMoriQueryPlugin[0]
2023-12-29 07:33:17.764:       start retrieve notices
2023-12-29 07:40:53.317: info: System.Net.Http.HttpClient.Default.LogicalHandler[100]
2023-12-29 07:40:53.317:       Start processing HTTP request GET https://apidgp-gameplayer.games.dmm.com/gameplayer/filelist/29065
2023-12-29 07:40:53.317: info: System.Net.Http.HttpClient.Default.ClientHandler[100]
2023-12-29 07:40:53.317:       Sending HTTP request GET https://apidgp-gameplayer.games.dmm.com/gameplayer/filelist/29065
2023-12-29 07:40:54.392: info: System.Net.Http.HttpClient.Default.ClientHandler[101]
2023-12-29 07:40:54.392:       Received HTTP response headers after 1075.7332ms - 200
2023-12-29 07:40:54.392: info: System.Net.Http.HttpClient.Default.LogicalHandler[101]
2023-12-29 07:40:54.392:       End processing HTTP request after 1075.7809ms - 200
2023-12-29 07:40:54.891: info: System.Net.Http.HttpClient.Default.LogicalHandler[100]
2023-12-29 07:40:54.891:       Start processing HTTP request GET https://apidgp-gameplayer.games.dmm.com/gameplayer/filelist/29066
2023-12-29 07:40:54.891: info: System.Net.Http.HttpClient.Default.ClientHandler[100]
2023-12-29 07:40:54.891:       Sending HTTP request GET https://apidgp-gameplayer.games.dmm.com/gameplayer/filelist/29066
2023-12-29 07:40:55.010: info: System.Net.Http.HttpClient.Default.ClientHandler[101]
2023-12-29 07:40:55.010:       Received HTTP response headers after 118.3618ms - 200
2023-12-29 07:40:55.010: info: System.Net.Http.HttpClient.Default.LogicalHandler[101]
2023-12-29 07:40:55.010:       End processing HTTP request after 118.4024ms - 200
2023-12-29 07:43:18.109: info: MementoMori.BotServer.Plugins.MementoMoriQueryPlugin[0]
2023-12-29 07:43:18.109:       start retrieve notices
2023-12-29 07:43:19.300: info: MementoMori.BotServer.Plugins.MementoMoriQueryPlugin[0]
2023-12-29 07:43:19.300:       start retrieve notices
2023-12-29 07:48:41.202: info: MementoMori.MementoNetworkManager[0]
2023-12-29 07:48:41.202:       auto updating master data
2023-12-29 07:48:41.202: info: MementoMori.MementoNetworkManager[0]
2023-12-29 07:48:41.202:       下载 master 目录中...
2023-12-29 07:48:43.204: info: MementoMori.MementoNetworkManager[0]
2023-12-29 07:48:43.204:       下载 master 目录完成
2023-12-29 07:50:55.019: info: System.Net.Http.HttpClient.Default.LogicalHandler[100]
2023-12-29 07:50:55.019:       Start processing HTTP request GET https://apidgp-gameplayer.games.dmm.com/gameplayer/filelist/29066
2023-12-29 07:50:55.019: info: System.Net.Http.HttpClient.Default.ClientHandler[100]
2023-12-29 07:50:55.019:       Sending HTTP request GET https://apidgp-gameplayer.games.dmm.com/gameplayer/filelist/29066
2023-12-29 07:50:55.913: info: System.Net.Http.HttpClient.Default.ClientHandler[101]
2023-12-29 07:50:55.913:       Received HTTP response headers after 893.6041ms - 200
2023-12-29 07:50:55.913: info: System.Net.Http.HttpClient.Default.LogicalHandler[101]
2023-12-29 07:50:55.913:       End processing HTTP request after 893.6512ms - 200
2023-12-29 07:53:19.589: info: MementoMori.BotServer.Plugins.MementoMoriQueryPlugin[0]
2023-12-29 07:53:19.589:       start retrieve notices
2023-12-29 07:53:20.673: info: MementoMori.BotServer.Plugins.MementoMoriQueryPlugin[0]
2023-12-29 07:53:20.673:       start retrieve notices
2023-12-29 08:00:55.914: info: System.Net.Http.HttpClient.Default.LogicalHandler[100]
2023-12-29 08:00:55.914:       Start processing HTTP request GET https://apidgp-gameplayer.games.dmm.com/gameplayer/filelist/29066
2023-12-29 08:00:55.914: info: System.Net.Http.HttpClient.Default.ClientHandler[100]
2023-12-29 08:00:55.914:       Sending HTTP request GET https://apidgp-gameplayer.games.dmm.com/gameplayer/filelist/29066
2023-12-29 08:00:56.716: info: System.Net.Http.HttpClient.Default.ClientHandler[101]
2023-12-29 08:00:56.716:       Received HTTP response headers after 802.5211ms - 200
2023-12-29 08:00:56.716: info: System.Net.Http.HttpClient.Default.LogicalHandler[101]
2023-12-29 08:00:56.716:       End processing HTTP request after 802.5755ms - 200
2023-12-29 08:03:20.924: info: MementoMori.BotServer.Plugins.MementoMoriQueryPlugin[0]
2023-12-29 08:03:20.924:       start retrieve notices
2023-12-29 08:03:21.949: info: MementoMori.BotServer.Plugins.MementoMoriQueryPlugin[0]
2023-12-29 08:03:21.949:       start retrieve notices
2023-12-29 08:10:56.727: info: System.Net.Http.HttpClient.Default.LogicalHandler[100]
2023-12-29 08:10:56.727:       Start processing HTTP request GET https://apidgp-gameplayer.games.dmm.com/gameplayer/filelist/29066
2023-12-29 08:10:56.727: info: System.Net.Http.HttpClient.Default.ClientHandler[100]
2023-12-29 08:10:56.727:       Sending HTTP request GET https://apidgp-gameplayer.games.dmm.com/gameplayer/filelist/29066
2023-12-29 08:10:57.513: info: System.Net.Http.HttpClient.Default.ClientHandler[101]
2023-12-29 08:10:57.513:       Received HTTP response headers after 786.4614ms - 200
2023-12-29 08:10:57.513: info: System.Net.Http.HttpClient.Default.LogicalHandler[101]
2023-12-29 08:10:57.513:       End processing HTTP request after 786.5147ms - 200
2023-12-29 08:13:22.252: info: MementoMori.BotServer.Plugins.MementoMoriQueryPlugin[0]
2023-12-29 08:13:22.252:       start retrieve notices
2023-12-29 08:13:23.454: info: MementoMori.BotServer.Plugins.MementoMoriQueryPlugin[0]
2023-12-29 08:13:23.454:       start retrieve notices
2023-12-29 08:20:57.518: info: System.Net.Http.HttpClient.Default.LogicalHandler[100]
2023-12-29 08:20:57.518:       Start processing HTTP request GET https://apidgp-gameplayer.games.dmm.com/gameplayer/filelist/29066
2023-12-29 08:20:57.518: info: System.Net.Http.HttpClient.Default.ClientHandler[100]
2023-12-29 08:20:57.518:       Sending HTTP request GET https://apidgp-gameplayer.games.dmm.com/gameplayer/filelist/29066
2023-12-29 08:20:58.312: info: System.Net.Http.HttpClient.Default.ClientHandler[101]
2023-12-29 08:20:58.312:       Received HTTP response headers after 793.6394ms - 200
2023-12-29 08:20:58.312: info: System.Net.Http.HttpClient.Default.LogicalHandler[101]
2023-12-29 08:20:58.312:       End processing HTTP request after 793.6863ms - 200
2023-12-29 08:23:23.772: info: MementoMori.BotServer.Plugins.MementoMoriQueryPlugin[0]
2023-12-29 08:23:23.772:       start retrieve notices
2023-12-29 08:23:24.849: info: MementoMori.BotServer.Plugins.MementoMoriQueryPlugin[0]
2023-12-29 08:23:24.850:       start retrieve notices
2023-12-29 08:30:58.319: info: System.Net.Http.HttpClient.Default.LogicalHandler[100]
2023-12-29 08:30:58.319:       Start processing HTTP request GET https://apidgp-gameplayer.games.dmm.com/gameplayer/filelist/29066
2023-12-29 08:30:58.319: info: System.Net.Http.HttpClient.Default.ClientHandler[100]
2023-12-29 08:30:58.319:       Sending HTTP request GET https://apidgp-gameplayer.games.dmm.com/gameplayer/filelist/29066
2023-12-29 08:30:59.078: info: System.Net.Http.HttpClient.Default.ClientHandler[101]
2023-12-29 08:30:59.078:       Received HTTP response headers after 759.4699ms - 200
2023-12-29 08:30:59.078: info: System.Net.Http.HttpClient.Default.LogicalHandler[101]
2023-12-29 08:30:59.078:       End processing HTTP request after 759.5171ms - 200
2023-12-29 08:33:25.161: info: MementoMori.BotServer.Plugins.MementoMoriQueryPlugin[0]
2023-12-29 08:33:25.161:       start retrieve notices
2023-12-29 08:33:26.309: info: MementoMori.BotServer.Plugins.MementoMoriQueryPlugin[0]
2023-12-29 08:33:26.309:       start retrieve notices
2023-12-29 08:40:59.082: info: System.Net.Http.HttpClient.Default.LogicalHandler[100]
2023-12-29 08:40:59.082:       Start processing HTTP request GET https://apidgp-gameplayer.games.dmm.com/gameplayer/filelist/29066
2023-12-29 08:40:59.082: info: System.Net.Http.HttpClient.Default.ClientHandler[100]
2023-12-29 08:40:59.082:       Sending HTTP request GET https://apidgp-gameplayer.games.dmm.com/gameplayer/filelist/29066
2023-12-29 08:41:00.021: info: System.Net.Http.HttpClient.Default.ClientHandler[101]
2023-12-29 08:41:00.021:       Received HTTP response headers after 938.904ms - 200
2023-12-29 08:41:00.021: info: System.Net.Http.HttpClient.Default.LogicalHandler[101]
2023-12-29 08:41:00.021:       End processing HTTP request after 938.9464ms - 200
2023-12-29 08:43:26.636: info: MementoMori.BotServer.Plugins.MementoMoriQueryPlugin[0]
2023-12-29 08:43:26.636:       start retrieve notices
2023-12-29 08:43:27.956: info: MementoMori.BotServer.Plugins.MementoMoriQueryPlugin[0]
2023-12-29 08:43:27.956:       start retrieve notices
2023-12-29 08:48:43.205: info: MementoMori.MementoNetworkManager[0]
2023-12-29 08:48:43.205:       auto updating master data
2023-12-29 08:48:43.205: info: MementoMori.MementoNetworkManager[0]
2023-12-29 08:48:43.205:       下载 master 目录中...
2023-12-29 08:48:45.169: info: MementoMori.MementoNetworkManager[0]
2023-12-29 08:48:45.169:       下载 master 目录完成
2023-12-29 08:51:00.023: info: System.Net.Http.HttpClient.Default.LogicalHandler[100]
2023-12-29 08:51:00.023:       Start processing HTTP request GET https://apidgp-gameplayer.games.dmm.com/gameplayer/filelist/29066
2023-12-29 08:51:00.023: info: System.Net.Http.HttpClient.Default.ClientHandler[100]
2023-12-29 08:51:00.023:       Sending HTTP request GET https://apidgp-gameplayer.games.dmm.com/gameplayer/filelist/29066
2023-12-29 08:51:00.676: info: System.Net.Http.HttpClient.Default.ClientHandler[101]
2023-12-29 08:51:00.676:       Received HTTP response headers after 653.1067ms - 200
info: System.Net.Http.HttpClient.Default.LogicalHandler[101]
