2023-12-28 17:01:11.840:       start retrieve notices
2023-12-28 17:01:12.877: info: MementoMori.BotServer.Plugins.MementoMoriQueryPlugin[0]
2023-12-28 17:01:12.877:       start retrieve notices
2023-12-28 17:09:47.189: info: System.Net.Http.HttpClient.Default.LogicalHandler[100]
2023-12-28 17:09:47.189:       Start processing HTTP request GET https://apidgp-gameplayer.games.dmm.com/gameplayer/filelist/29060
2023-12-28 17:09:47.189: info: System.Net.Http.HttpClient.Default.ClientHandler[100]
2023-12-28 17:09:47.189:       Sending HTTP request GET https://apidgp-gameplayer.games.dmm.com/gameplayer/filelist/29060
2023-12-28 17:09:47.858: info: System.Net.Http.HttpClient.Default.ClientHandler[101]
2023-12-28 17:09:47.858:       Received HTTP response headers after 669.6243ms - 200
2023-12-28 17:09:47.858: info: System.Net.Http.HttpClient.Default.LogicalHandler[101]
2023-12-28 17:09:47.858:       End processing HTTP request after 669.676ms - 200
2023-12-28 17:11:13.152: info: MementoMori.BotServer.Plugins.MementoMoriQueryPlugin[0]
2023-12-28 17:11:13.152:       start retrieve notices
2023-12-28 17:11:14.462: info: MementoMori.BotServer.Plugins.MementoMoriQueryPlugin[0]
2023-12-28 17:11:14.462:       start retrieve notices
2023-12-28 17:19:47.867: info: System.Net.Http.HttpClient.Default.LogicalHandler[100]
2023-12-28 17:19:47.867:       Start processing HTTP request GET https://apidgp-gameplayer.games.dmm.com/gameplayer/filelist/29060
2023-12-28 17:19:47.867: info: System.Net.Http.HttpClient.Default.ClientHandler[100]
2023-12-28 17:19:47.867:       Sending HTTP request GET https://apidgp-gameplayer.games.dmm.com/gameplayer/filelist/29060
2023-12-28 17:19:48.738: info: System.Net.Http.HttpClient.Default.ClientHandler[101]
2023-12-28 17:19:48.738:       Received HTTP response headers after 871.6018ms - 200
2023-12-28 17:19:48.738: info: System.Net.Http.HttpClient.Default.LogicalHandler[101]
2023-12-28 17:19:48.738:       End processing HTTP request after 871.6531ms - 200
2023-12-28 17:21:14.752: info: MementoMori.BotServer.Plugins.MementoMoriQueryPlugin[0]
2023-12-28 17:21:14.752:       start retrieve notices
2023-12-28 17:21:15.956: info: MementoMori.BotServer.Plugins.MementoMoriQueryPlugin[0]
2023-12-28 17:21:15.956:       start retrieve notices
2023-12-28 17:29:48.740: info: System.Net.Http.HttpClient.Default.LogicalHandler[100]
2023-12-28 17:29:48.740:       Start processing HTTP request GET https://apidgp-gameplayer.games.dmm.com/gameplayer/filelist/29060
2023-12-28 17:29:48.740: info: System.Net.Http.HttpClient.Default.ClientHandler[100]
2023-12-28 17:29:48.740:       Sending HTTP request GET https://apidgp-gameplayer.games.dmm.com/gameplayer/filelist/29060
2023-12-28 17:29:49.511: info: System.Net.Http.HttpClient.Default.ClientHandler[101]
2023-12-28 17:29:49.511:       Received HTTP response headers after 770.8428ms - 200
2023-12-28 17:29:49.511: info: System.Net.Http.HttpClient.Default.LogicalHandler[101]
2023-12-28 17:29:49.511:       End processing HTTP request after 770.9086ms - 200
2023-12-28 17:31:16.243: info: MementoMori.BotServer.Plugins.MementoMoriQueryPlugin[0]
2023-12-28 17:31:16.243:       start retrieve notices
2023-12-28 17:31:17.248: info: MementoMori.BotServer.Plugins.MementoMoriQueryPlugin[0]
2023-12-28 17:31:17.248:       start retrieve notices
2023-12-28 17:39:49.521: info: System.Net.Http.HttpClient.Default.LogicalHandler[100]
2023-12-28 17:39:49.521:       Start processing HTTP request GET https://apidgp-gameplayer.games.dmm.com/gameplayer/filelist/29060
2023-12-28 17:39:49.521: info: System.Net.Http.HttpClient.Default.ClientHandler[100]
2023-12-28 17:39:49.521:       Sending HTTP request GET https://apidgp-gameplayer.games.dmm.com/gameplayer/filelist/29060
2023-12-28 17:39:50.310: info: System.Net.Http.HttpClient.Default.ClientHandler[101]
2023-12-28 17:39:50.310:       Received HTTP response headers after 789.5827ms - 200
2023-12-28 17:39:50.310: info: System.Net.Http.HttpClient.Default.LogicalHandler[101]
2023-12-28 17:39:50.310:       End processing HTTP request after 789.6233ms - 200
2023-12-28 17:41:17.537: info: MementoMori.BotServer.Plugins.MementoMoriQueryPlugin[0]
2023-12-28 17:41:17.537:       start retrieve notices
2023-12-28 17:41:18.518: info: MementoMori.BotServer.Plugins.MementoMoriQueryPlugin[0]
2023-12-28 17:41:18.518:       start retrieve notices
2023-12-28 17:48:05.782: info: MementoMori.MementoNetworkManager[0]
2023-12-28 17:48:05.782:       auto updating master data
2023-12-28 17:48:05.782: info: MementoMori.MementoNetworkManager[0]
2023-12-28 17:48:05.782:       下载 master 目录中...
2023-12-28 17:48:07.606: info: MementoMori.MementoNetworkManager[0]
2023-12-28 17:48:07.606:       下载 master 目录完成
2023-12-28 17:49:50.320: info: System.Net.Http.HttpClient.Default.LogicalHandler[100]
2023-12-28 17:49:50.320:       Start processing HTTP request GET https://apidgp-gameplayer.games.dmm.com/gameplayer/filelist/29060
2023-12-28 17:49:50.320: info: System.Net.Http.HttpClient.Default.ClientHandler[100]
2023-12-28 17:49:50.320:       Sending HTTP request GET https://apidgp-gameplayer.games.dmm.com/gameplayer/filelist/29060
2023-12-28 17:49:51.022: info: System.Net.Http.HttpClient.Default.ClientHandler[101]
2023-12-28 17:49:51.022:       Received HTTP response headers after 702.6818ms - 200
2023-12-28 17:49:51.022: info: System.Net.Http.HttpClient.Default.LogicalHandler[101]
2023-12-28 17:49:51.022:       End processing HTTP request after 702.7331ms - 200
2023-12-28 17:51:18.809: info: MementoMori.BotServer.Plugins.MementoMoriQueryPlugin[0]
2023-12-28 17:51:18.809:       start retrieve notices
2023-12-28 17:51:19.718: info: MementoMori.BotServer.Plugins.MementoMoriQueryPlugin[0]
2023-12-28 17:51:19.718:       start retrieve notices
2023-12-28 17:59:51.032: info: System.Net.Http.HttpClient.Default.LogicalHandler[100]
2023-12-28 17:59:51.032:       Start processing HTTP request GET https://apidgp-gameplayer.games.dmm.com/gameplayer/filelist/29060
2023-12-28 17:59:51.032: info: System.Net.Http.HttpClient.Default.ClientHandler[100]
2023-12-28 17:59:51.032:       Sending HTTP request GET https://apidgp-gameplayer.games.dmm.com/gameplayer/filelist/29060
2023-12-28 17:59:51.777: info: System.Net.Http.HttpClient.Default.ClientHandler[101]
2023-12-28 17:59:51.777:       Received HTTP response headers after 745.8639ms - 200
2023-12-28 17:59:51.777: info: System.Net.Http.HttpClient.Default.LogicalHandler[101]
2023-12-28 17:59:51.777:       End processing HTTP request after 745.9178ms - 200
2023-12-28 18:01:20.001: info: MementoMori.BotServer.Plugins.MementoMoriQueryPlugin[0]
2023-12-28 18:01:20.001:       start retrieve notices
2023-12-28 18:01:20.952: info: MementoMori.BotServer.Plugins.MementoMoriQueryPlugin[0]
2023-12-28 18:01:20.952:       start retrieve notices
2023-12-28 18:09:51.784: info: System.Net.Http.HttpClient.Default.LogicalHandler[100]
2023-12-28 18:09:51.784:       Start processing HTTP request GET https://apidgp-gameplayer.games.dmm.com/gameplayer/filelist/29060
2023-12-28 18:09:51.784: info: System.Net.Http.HttpClient.Default.ClientHandler[100]
2023-12-28 18:09:51.784:       Sending HTTP request GET https://apidgp-gameplayer.games.dmm.com/gameplayer/filelist/29060
2023-12-28 18:09:52.484: info: System.Net.Http.HttpClient.Default.ClientHandler[101]
2023-12-28 18:09:52.484:       Received HTTP response headers after 699.7514ms - 200
2023-12-28 18:09:52.484: info: System.Net.Http.HttpClient.Default.LogicalHandler[101]
2023-12-28 18:09:52.484:       End processing HTTP request after 699.8193ms - 200
2023-12-28 18:11:21.240: info: MementoMori.BotServer.Plugins.MementoMoriQueryPlugin[0]
2023-12-28 18:11:21.240:       start retrieve notices
2023-12-28 18:11:22.428: info: MementoMori.BotServer.Plugins.MementoMoriQueryPlugin[0]
2023-12-28 18:11:22.428:       start retrieve notices
2023-12-28 18:19:52.495: info: System.Net.Http.HttpClient.Default.LogicalHandler[100]
2023-12-28 18:19:52.495:       Start processing HTTP request GET https://apidgp-gameplayer.games.dmm.com/gameplayer/filelist/29060
2023-12-28 18:19:52.495: info: System.Net.Http.HttpClient.Default.ClientHandler[100]
2023-12-28 18:19:52.495:       Sending HTTP request GET https://apidgp-gameplayer.games.dmm.com/gameplayer/filelist/29060
2023-12-28 18:19:53.187: info: System.Net.Http.HttpClient.Default.ClientHandler[101]
2023-12-28 18:19:53.187:       Received HTTP response headers after 692.3267ms - 200
2023-12-28 18:19:53.187: info: System.Net.Http.HttpClient.Default.LogicalHandler[101]
2023-12-28 18:19:53.187:       End processing HTTP request after 692.4341ms - 200
2023-12-28 18:21:22.707: info: MementoMori.BotServer.Plugins.MementoMoriQueryPlugin[0]
2023-12-28 18:21:22.707:       start retrieve notices
2023-12-28 18:21:23.969: info: MementoMori.BotServer.Plugins.MementoMoriQueryPlugin[0]
2023-12-28 18:21:23.969:       start retrieve notices
2023-12-28 18:29:53.195: info: System.Net.Http.HttpClient.Default.LogicalHandler[100]
2023-12-28 18:29:53.195:       Start processing HTTP request GET https://apidgp-gameplayer.games.dmm.com/gameplayer/filelist/29060
2023-12-28 18:29:53.195: info: System.Net.Http.HttpClient.Default.ClientHandler[100]
2023-12-28 18:29:53.195:       Sending HTTP request GET https://apidgp-gameplayer.games.dmm.com/gameplayer/filelist/29060
2023-12-28 18:29:53.938: info: System.Net.Http.HttpClient.Default.ClientHandler[101]
2023-12-28 18:29:53.938:       Received HTTP response headers after 743.6301ms - 200
2023-12-28 18:29:53.938: info: System.Net.Http.HttpClient.Default.LogicalHandler[101]
2023-12-28 18:29:53.938:       End processing HTTP request after 743.6782ms - 200
2023-12-28 18:31:24.327: info: MementoMori.BotServer.Plugins.MementoMoriQueryPlugin[0]
2023-12-28 18:31:24.327:       start retrieve notices
2023-12-28 18:31:25.383: info: MementoMori.BotServer.Plugins.MementoMoriQueryPlugin[0]
2023-12-28 18:31:25.383:       start retrieve notices
2023-12-28 18:39:53.950: info: System.Net.Http.HttpClient.Default.LogicalHandler[100]
2023-12-28 18:39:53.950:       Start processing HTTP request GET https://apidgp-gameplayer.games.dmm.com/gameplayer/filelist/29060
2023-12-28 18:39:53.950: info: System.Net.Http.HttpClient.Default.ClientHandler[100]
2023-12-28 18:39:53.950:       Sending HTTP request GET https://apidgp-gameplayer.games.dmm.com/gameplayer/filelist/29060
2023-12-28 18:39:54.485: info: System.Net.Http.HttpClient.Default.ClientHandler[101]
2023-12-28 18:39:54.485:       Received HTTP response headers after 536.2592ms - 200
2023-12-28 18:39:54.485: info: System.Net.Http.HttpClient.Default.LogicalHandler[101]
2023-12-28 18:39:54.485:       End processing HTTP request after 536.3219ms - 200
2023-12-28 18:41:25.723: info: MementoMori.BotServer.Plugins.MementoMoriQueryPlugin[0]
2023-12-28 18:41:25.723:       start retrieve notices
2023-12-28 18:41:26.792: info: MementoMori.BotServer.Plugins.MementoMoriQueryPlugin[0]
2023-12-28 18:41:26.792:       start retrieve notices
2023-12-28 18:48:07.609: info: MementoMori.MementoNetworkManager[0]
2023-12-28 18:48:07.609:       auto updating master data
2023-12-28 18:48:07.609: info: MementoMori.MementoNetworkManager[0]
2023-12-28 18:48:07.609:       下载 master 目录中...
2023-12-28 18:48:09.604: info: MementoMori.MementoNetworkManager[0]
2023-12-28 18:48:09.604:       下载 master 目录完成
2023-12-28 18:49:54.500: info: System.Net.Http.HttpClient.Default.LogicalHandler[100]
2023-12-28 18:49:54.500:       Start processing HTTP request GET https://apidgp-gameplayer.games.dmm.com/gameplayer/filelist/29060
2023-12-28 18:49:54.500: info: System.Net.Http.HttpClient.Default.ClientHandler[100]
2023-12-28 18:49:54.500:       Sending HTTP request GET https://apidgp-gameplayer.games.dmm.com/gameplayer/filelist/29060
2023-12-28 18:49:55.161: info: System.Net.Http.HttpClient.Default.ClientHandler[101]
2023-12-28 18:49:55.161:       Received HTTP response headers after 662.3809ms - 200
2023-12-28 18:49:55.161: info: System.Net.Http.HttpClient.Default.LogicalHandler[101]
2023-12-28 18:49:55.161:       End processing HTTP request after 662.4364ms - 200
2023-12-28 18:51:27.065: info: MementoMori.BotServer.Plugins.MementoMoriQueryPlugin[0]
2023-12-28 18:51:27.065:       start retrieve notices
2023-12-28 18:51:28.060: info: MementoMori.BotServer.Plugins.MementoMoriQueryPlugin[0]
2023-12-28 18:51:28.060:       start retrieve notices
2023-12-28 18:59:55.167: info: System.Net.Http.HttpClient.Default.LogicalHandler[100]
2023-12-28 18:59:55.167:       Start processing HTTP request GET https://apidgp-gameplayer.games.dmm.com/gameplayer/filelist/29060
2023-12-28 18:59:55.167: info: System.Net.Http.HttpClient.Default.ClientHandler[100]
2023-12-28 18:59:55.167:       Sending HTTP request GET https://apidgp-gameplayer.games.dmm.com/gameplayer/filelist/29060
2023-12-28 18:59:55.799: info: System.Net.Http.HttpClient.Default.ClientHandler[101]
2023-12-28 18:59:55.799:       Received HTTP response headers after 631.8265ms - 200
2023-12-28 18:59:55.799: info: System.Net.Http.HttpClient.Default.LogicalHandler[101]
2023-12-28 18:59:55.799:       End processing HTTP request after 631.8827ms - 200
2023-12-28 19:01:28.414: info: MementoMori.BotServer.Plugins.MementoMoriQueryPlugin[0]
2023-12-28 19:01:28.414:       start retrieve notices
2023-12-28 19:01:29.453: info: MementoMori.BotServer.Plugins.MementoMoriQueryPlugin[0]
2023-12-28 19:01:29.453:       start retrieve notices
2023-12-28 19:09:55.800: info: System.Net.Http.HttpClient.Default.LogicalHandler[100]
2023-12-28 19:09:55.800:       Start processing HTTP request GET https://apidgp-gameplayer.games.dmm.com/gameplayer/filelist/29060
2023-12-28 19:09:55.800: info: System.Net.Http.HttpClient.Default.ClientHandler[100]
2023-12-28 19:09:55.800:       Sending HTTP request GET https://apidgp-gameplayer.games.dmm.com/gameplayer/filelist/29060
2023-12-28 19:09:56.498: info: System.Net.Http.HttpClient.Default.ClientHandler[101]
2023-12-28 19:09:56.498:       Received HTTP response headers after 699.1966ms - 200
2023-12-28 19:09:56.498: info: System.Net.Http.HttpClient.Default.LogicalHandler[101]
2023-12-28 19:09:56.498:       End processing HTTP request after 699.248ms - 200
2023-12-28 19:11:29.782: info: MementoMori.BotServer.Plugins.MementoMoriQueryPlugin[0]
2023-12-28 19:11:29.782:       start retrieve notices
2023-12-28 19:11:30.922: info: MementoMori.BotServer.Plugins.MementoMoriQueryPlugin[0]
2023-12-28 19:11:30.922:       start retrieve notices
2023-12-28 19:19:56.499: info: System.Net.Http.HttpClient.Default.LogicalHandler[100]
2023-12-28 19:19:56.499:       Start processing HTTP request GET https://apidgp-gameplayer.games.dmm.com/gameplayer/filelist/29060
2023-12-28 19:19:56.499: info: System.Net.Http.HttpClient.Default.ClientHandler[100]
2023-12-28 19:19:56.499:       Sending HTTP request GET https://apidgp-gameplayer.games.dmm.com/gameplayer/filelist/29060
2023-12-28 19:19:57.147: info: System.Net.Http.HttpClient.Default.ClientHandler[101]
2023-12-28 19:19:57.147:       Received HTTP response headers after 647.5577ms - 200
2023-12-28 19:19:57.147: info: System.Net.Http.HttpClient.Default.LogicalHandler[101]
2023-12-28 19:19:57.147:       End processing HTTP request after 647.6109ms - 200
2023-12-28 19:21:31.217: info: MementoMori.BotServer.Plugins.MementoMoriQueryPlugin[0]
2023-12-28 19:21:31.217:       start retrieve notices
2023-12-28 19:21:32.532: info: MementoMori.BotServer.Plugins.MementoMoriQueryPlugin[0]
2023-12-28 19:21:32.532:       start retrieve notices
2023-12-28 19:29:57.158: info: System.Net.Http.HttpClient.Default.LogicalHandler[100]
2023-12-28 19:29:57.158:       Start processing HTTP request GET https://apidgp-gameplayer.games.dmm.com/gameplayer/filelist/29060
2023-12-28 19:29:57.158: info: System.Net.Http.HttpClient.Default.ClientHandler[100]
2023-12-28 19:29:57.158:       Sending HTTP request GET https://apidgp-gameplayer.games.dmm.com/gameplayer/filelist/29060
2023-12-28 19:29:57.856: info: System.Net.Http.HttpClient.Default.ClientHandler[101]
2023-12-28 19:29:57.856:       Received HTTP response headers after 697.7389ms - 200
2023-12-28 19:29:57.856: info: System.Net.Http.HttpClient.Default.LogicalHandler[101]
2023-12-28 19:29:57.856:       End processing HTTP request after 697.7879ms - 200
2023-12-28 19:31:32.884: info: MementoMori.BotServer.Plugins.MementoMoriQueryPlugin[0]
2023-12-28 19:31:32.884:       start retrieve notices
2023-12-28 19:31:34.146: info: MementoMori.BotServer.Plugins.MementoMoriQueryPlugin[0]
2023-12-28 19:31:34.146:       start retrieve notices
2023-12-28 19:39:57.868: info: System.Net.Http.HttpClient.Default.LogicalHandler[100]
2023-12-28 19:39:57.868:       Start processing HTTP request GET https://apidgp-gameplayer.games.dmm.com/gameplayer/filelist/29060
2023-12-28 19:39:57.868: info: System.Net.Http.HttpClient.Default.ClientHandler[100]
2023-12-28 19:39:57.868:       Sending HTTP request GET https://apidgp-gameplayer.games.dmm.com/gameplayer/filelist/29060
2023-12-28 19:39:58.767: info: System.Net.Http.HttpClient.Default.ClientHandler[101]
2023-12-28 19:39:58.767:       Received HTTP response headers after 899.9483ms - 200
2023-12-28 19:39:58.767: info: System.Net.Http.HttpClient.Default.LogicalHandler[101]
2023-12-28 19:39:58.767:       End processing HTTP request after 900.0154ms - 200
2023-12-28 19:41:34.498: info: MementoMori.BotServer.Plugins.MementoMoriQueryPlugin[0]
2023-12-28 19:41:34.498:       start retrieve notices
2023-12-28 19:41:35.586: info: MementoMori.BotServer.Plugins.MementoMoriQueryPlugin[0]
2023-12-28 19:41:35.586:       start retrieve notices
2023-12-28 19:48:09.611: info: MementoMori.MementoNetworkManager[0]
2023-12-28 19:48:09.611:       auto updating master data
2023-12-28 19:48:09.611: info: MementoMori.MementoNetworkManager[0]
2023-12-28 19:48:09.611:       下载 master 目录中...
2023-12-28 19:48:11.332: info: MementoMori.MementoNetworkManager[0]
2023-12-28 19:48:11.332:       下载 master 目录完成
2023-12-28 19:49:58.769: info: System.Net.Http.HttpClient.Default.LogicalHandler[100]
2023-12-28 19:49:58.769:       Start processing HTTP request GET https://apidgp-gameplayer.games.dmm.com/gameplayer/filelist/29060
2023-12-28 19:49:58.769: info: System.Net.Http.HttpClient.Default.ClientHandler[100]
2023-12-28 19:49:58.769:       Sending HTTP request GET https://apidgp-gameplayer.games.dmm.com/gameplayer/filelist/29060
info: System.Net.Http.HttpClient.Default.ClientHandler[101]
