2023-12-31 07:27:27.530:       start retrieve notices
2023-12-31 07:35:33.610: info: System.Net.Http.HttpClient.Default.LogicalHandler[100]
2023-12-31 07:35:33.610:       Start processing HTTP request GET https://apidgp-gameplayer.games.dmm.com/gameplayer/filelist/29066
2023-12-31 07:35:33.610: info: System.Net.Http.HttpClient.Default.ClientHandler[100]
2023-12-31 07:35:33.610:       Sending HTTP request GET https://apidgp-gameplayer.games.dmm.com/gameplayer/filelist/29066
2023-12-31 07:35:34.617: info: System.Net.Http.HttpClient.Default.ClientHandler[101]
2023-12-31 07:35:34.617:       Received HTTP response headers after 1006.7347ms - 200
2023-12-31 07:35:34.627: info: System.Net.Http.HttpClient.Default.LogicalHandler[101]
2023-12-31 07:35:34.627:       End processing HTTP request after 1006.8287ms - 200
2023-12-31 07:37:27.858: info: MementoMori.BotServer.Plugins.MementoMoriQueryPlugin[0]
2023-12-31 07:37:27.858:       start retrieve notices
2023-12-31 07:37:28.749: info: MementoMori.BotServer.Plugins.MementoMoriQueryPlugin[0]
2023-12-31 07:37:28.749:       start retrieve notices
2023-12-31 07:45:34.632: info: System.Net.Http.HttpClient.Default.LogicalHandler[100]
2023-12-31 07:45:34.632:       Start processing HTTP request GET https://apidgp-gameplayer.games.dmm.com/gameplayer/filelist/29066
2023-12-31 07:45:34.632: info: System.Net.Http.HttpClient.Default.ClientHandler[100]
2023-12-31 07:45:34.632:       Sending HTTP request GET https://apidgp-gameplayer.games.dmm.com/gameplayer/filelist/29066
2023-12-31 07:45:35.935: info: System.Net.Http.HttpClient.Default.ClientHandler[101]
2023-12-31 07:45:35.935:       Received HTTP response headers after 1304.08ms - 200
2023-12-31 07:45:35.935: info: System.Net.Http.HttpClient.Default.LogicalHandler[101]
2023-12-31 07:45:35.935:       End processing HTTP request after 1304.1433ms - 200
2023-12-31 07:47:29.048: info: MementoMori.BotServer.Plugins.MementoMoriQueryPlugin[0]
2023-12-31 07:47:29.048:       start retrieve notices
2023-12-31 07:47:30.351: info: MementoMori.BotServer.Plugins.MementoMoriQueryPlugin[0]
2023-12-31 07:47:30.351:       start retrieve notices
2023-12-31 07:55:35.938: info: System.Net.Http.HttpClient.Default.LogicalHandler[100]
2023-12-31 07:55:35.938:       Start processing HTTP request GET https://apidgp-gameplayer.games.dmm.com/gameplayer/filelist/29066
2023-12-31 07:55:35.938: info: System.Net.Http.HttpClient.Default.ClientHandler[100]
2023-12-31 07:55:35.938:       Sending HTTP request GET https://apidgp-gameplayer.games.dmm.com/gameplayer/filelist/29066
2023-12-31 07:55:36.715: info: System.Net.Http.HttpClient.Default.ClientHandler[101]
2023-12-31 07:55:36.715:       Received HTTP response headers after 777.126ms - 200
2023-12-31 07:55:36.715: info: System.Net.Http.HttpClient.Default.LogicalHandler[101]
2023-12-31 07:55:36.715:       End processing HTTP request after 777.1843ms - 200
2023-12-31 07:57:30.660: info: MementoMori.BotServer.Plugins.MementoMoriQueryPlugin[0]
2023-12-31 07:57:30.660:       start retrieve notices
2023-12-31 07:57:31.831: info: MementoMori.BotServer.Plugins.MementoMoriQueryPlugin[0]
2023-12-31 07:57:31.831:       start retrieve notices
2023-12-31 08:05:36.724: info: System.Net.Http.HttpClient.Default.LogicalHandler[100]
2023-12-31 08:05:36.724:       Start processing HTTP request GET https://apidgp-gameplayer.games.dmm.com/gameplayer/filelist/29066
2023-12-31 08:05:36.724: info: System.Net.Http.HttpClient.Default.ClientHandler[100]
2023-12-31 08:05:36.724:       Sending HTTP request GET https://apidgp-gameplayer.games.dmm.com/gameplayer/filelist/29066
2023-12-31 08:05:37.582: info: System.Net.Http.HttpClient.Default.ClientHandler[101]
2023-12-31 08:05:37.582:       Received HTTP response headers after 857.234ms - 200
2023-12-31 08:05:37.582: info: System.Net.Http.HttpClient.Default.LogicalHandler[101]
2023-12-31 08:05:37.582:       End processing HTTP request after 857.3128ms - 200
2023-12-31 08:07:32.099: info: MementoMori.BotServer.Plugins.MementoMoriQueryPlugin[0]
2023-12-31 08:07:32.099:       start retrieve notices
2023-12-31 08:07:33.346: info: MementoMori.BotServer.Plugins.MementoMoriQueryPlugin[0]
2023-12-31 08:07:33.346:       start retrieve notices
2023-12-31 08:12:12.475: info: MementoMori.MementoNetworkManager[0]
2023-12-31 08:12:12.475:       auto updating master data
2023-12-31 08:12:12.475: info: MementoMori.MementoNetworkManager[0]
2023-12-31 08:12:12.475:       下载 master 目录中...
2023-12-31 08:12:14.127: info: MementoMori.MementoNetworkManager[0]
2023-12-31 08:12:14.127:       下载 master 目录完成
2023-12-31 08:15:37.590: info: System.Net.Http.HttpClient.Default.LogicalHandler[100]
2023-12-31 08:15:37.590:       Start processing HTTP request GET https://apidgp-gameplayer.games.dmm.com/gameplayer/filelist/29066
2023-12-31 08:15:37.590: info: System.Net.Http.HttpClient.Default.ClientHandler[100]
2023-12-31 08:15:37.590:       Sending HTTP request GET https://apidgp-gameplayer.games.dmm.com/gameplayer/filelist/29066
2023-12-31 08:15:38.606: info: System.Net.Http.HttpClient.Default.ClientHandler[101]
2023-12-31 08:15:38.606:       Received HTTP response headers after 1017.0158ms - 200
2023-12-31 08:15:38.606: info: System.Net.Http.HttpClient.Default.LogicalHandler[101]
2023-12-31 08:15:38.606:       End processing HTTP request after 1017.0807ms - 200
2023-12-31 08:17:33.645: info: MementoMori.BotServer.Plugins.MementoMoriQueryPlugin[0]
2023-12-31 08:17:33.645:       start retrieve notices
2023-12-31 08:17:34.760: info: MementoMori.BotServer.Plugins.MementoMoriQueryPlugin[0]
2023-12-31 08:17:34.760:       start retrieve notices
2023-12-31 08:25:38.616: info: System.Net.Http.HttpClient.Default.LogicalHandler[100]
2023-12-31 08:25:38.616:       Start processing HTTP request GET https://apidgp-gameplayer.games.dmm.com/gameplayer/filelist/29066
2023-12-31 08:25:38.616: info: System.Net.Http.HttpClient.Default.ClientHandler[100]
2023-12-31 08:25:38.616:       Sending HTTP request GET https://apidgp-gameplayer.games.dmm.com/gameplayer/filelist/29066
2023-12-31 08:25:39.322: info: System.Net.Http.HttpClient.Default.ClientHandler[101]
2023-12-31 08:25:39.322:       Received HTTP response headers after 706.1255ms - 200
2023-12-31 08:25:39.322: info: System.Net.Http.HttpClient.Default.LogicalHandler[101]
2023-12-31 08:25:39.322:       End processing HTTP request after 706.1776ms - 200
2023-12-31 08:27:35.086: info: MementoMori.BotServer.Plugins.MementoMoriQueryPlugin[0]
2023-12-31 08:27:35.086:       start retrieve notices
2023-12-31 08:27:36.111: info: MementoMori.BotServer.Plugins.MementoMoriQueryPlugin[0]
2023-12-31 08:27:36.111:       start retrieve notices
2023-12-31 08:35:39.323: info: System.Net.Http.HttpClient.Default.LogicalHandler[100]
2023-12-31 08:35:39.323:       Start processing HTTP request GET https://apidgp-gameplayer.games.dmm.com/gameplayer/filelist/29066
2023-12-31 08:35:39.323: info: System.Net.Http.HttpClient.Default.ClientHandler[100]
2023-12-31 08:35:39.323:       Sending HTTP request GET https://apidgp-gameplayer.games.dmm.com/gameplayer/filelist/29066
2023-12-31 08:35:40.291: info: System.Net.Http.HttpClient.Default.ClientHandler[101]
2023-12-31 08:35:40.291:       Received HTTP response headers after 967.8163ms - 200
2023-12-31 08:35:40.291: info: System.Net.Http.HttpClient.Default.LogicalHandler[101]
2023-12-31 08:35:40.291:       End processing HTTP request after 968.0356ms - 200
2023-12-31 08:37:36.397: info: MementoMori.BotServer.Plugins.MementoMoriQueryPlugin[0]
2023-12-31 08:37:36.398:       start retrieve notices
2023-12-31 08:37:38.108: info: MementoMori.BotServer.Plugins.MementoMoriQueryPlugin[0]
2023-12-31 08:37:38.108:       start retrieve notices
2023-12-31 08:45:40.314: info: System.Net.Http.HttpClient.Default.LogicalHandler[100]
2023-12-31 08:45:40.314:       Start processing HTTP request GET https://apidgp-gameplayer.games.dmm.com/gameplayer/filelist/29066
2023-12-31 08:45:40.314: info: System.Net.Http.HttpClient.Default.ClientHandler[100]
2023-12-31 08:45:40.314:       Sending HTTP request GET https://apidgp-gameplayer.games.dmm.com/gameplayer/filelist/29066
2023-12-31 08:45:45.395: info: System.Net.Http.HttpClient.Default.ClientHandler[101]
2023-12-31 08:45:45.395:       Received HTTP response headers after 5079.9593ms - 200
2023-12-31 08:45:45.395: info: System.Net.Http.HttpClient.Default.LogicalHandler[101]
2023-12-31 08:45:45.395:       End processing HTTP request after 5080.1108ms - 200
2023-12-31 08:47:38.415: info: MementoMori.BotServer.Plugins.MementoMoriQueryPlugin[0]
2023-12-31 08:47:38.415:       start retrieve notices
2023-12-31 08:47:39.429: info: MementoMori.BotServer.Plugins.MementoMoriQueryPlugin[0]
2023-12-31 08:47:39.429:       start retrieve notices
2023-12-31 08:55:45.402: info: System.Net.Http.HttpClient.Default.LogicalHandler[100]
2023-12-31 08:55:45.402:       Start processing HTTP request GET https://apidgp-gameplayer.games.dmm.com/gameplayer/filelist/29066
2023-12-31 08:55:45.402: info: System.Net.Http.HttpClient.Default.ClientHandler[100]
2023-12-31 08:55:45.402:       Sending HTTP request GET https://apidgp-gameplayer.games.dmm.com/gameplayer/filelist/29066
2023-12-31 08:55:46.121: info: System.Net.Http.HttpClient.Default.ClientHandler[101]
2023-12-31 08:55:46.121:       Received HTTP response headers after 719.2424ms - 200
2023-12-31 08:55:46.121: info: System.Net.Http.HttpClient.Default.LogicalHandler[101]
2023-12-31 08:55:46.121:       End processing HTTP request after 719.3044ms - 200
2023-12-31 08:57:39.736: info: MementoMori.BotServer.Plugins.MementoMoriQueryPlugin[0]
2023-12-31 08:57:39.736:       start retrieve notices
2023-12-31 08:57:40.750: info: MementoMori.BotServer.Plugins.MementoMoriQueryPlugin[0]
2023-12-31 08:57:40.750:       start retrieve notices
2023-12-31 09:05:46.135: info: System.Net.Http.HttpClient.Default.LogicalHandler[100]
2023-12-31 09:05:46.135:       Start processing HTTP request GET https://apidgp-gameplayer.games.dmm.com/gameplayer/filelist/29066
2023-12-31 09:05:46.135: info: System.Net.Http.HttpClient.Default.ClientHandler[100]
2023-12-31 09:05:46.135:       Sending HTTP request GET https://apidgp-gameplayer.games.dmm.com/gameplayer/filelist/29066
2023-12-31 09:05:46.960: info: System.Net.Http.HttpClient.Default.ClientHandler[101]
2023-12-31 09:05:46.960:       Received HTTP response headers after 825.8128ms - 200
2023-12-31 09:05:46.960: info: System.Net.Http.HttpClient.Default.LogicalHandler[101]
2023-12-31 09:05:46.960:       End processing HTTP request after 825.8728ms - 200
2023-12-31 09:07:41.010: info: MementoMori.BotServer.Plugins.MementoMoriQueryPlugin[0]
2023-12-31 09:07:41.010:       start retrieve notices
2023-12-31 09:07:42.347: info: MementoMori.BotServer.Plugins.MementoMoriQueryPlugin[0]
2023-12-31 09:07:42.347:       start retrieve notices
2023-12-31 09:12:14.131: info: MementoMori.MementoNetworkManager[0]
2023-12-31 09:12:14.142:       auto updating master data
2023-12-31 09:12:14.142: info: MementoMori.MementoNetworkManager[0]
2023-12-31 09:12:14.142:       下载 master 目录中...
2023-12-31 09:12:15.849: info: MementoMori.MementoNetworkManager[0]
2023-12-31 09:12:15.849:       下载 master 目录完成
2023-12-31 09:15:46.968: info: System.Net.Http.HttpClient.Default.LogicalHandler[100]
2023-12-31 09:15:46.968:       Start processing HTTP request GET https://apidgp-gameplayer.games.dmm.com/gameplayer/filelist/29066
2023-12-31 09:15:46.968: info: System.Net.Http.HttpClient.Default.ClientHandler[100]
2023-12-31 09:15:46.968:       Sending HTTP request GET https://apidgp-gameplayer.games.dmm.com/gameplayer/filelist/29066
2023-12-31 09:15:47.666: info: System.Net.Http.HttpClient.Default.ClientHandler[101]
2023-12-31 09:15:47.666:       Received HTTP response headers after 699.0149ms - 200
2023-12-31 09:15:47.666: info: System.Net.Http.HttpClient.Default.LogicalHandler[101]
2023-12-31 09:15:47.666:       End processing HTTP request after 699.0783ms - 200
2023-12-31 09:17:42.635: info: MementoMori.BotServer.Plugins.MementoMoriQueryPlugin[0]
2023-12-31 09:17:42.635:       start retrieve notices
2023-12-31 09:17:43.936: info: MementoMori.BotServer.Plugins.MementoMoriQueryPlugin[0]
2023-12-31 09:17:43.936:       start retrieve notices
2023-12-31 09:25:47.678: info: System.Net.Http.HttpClient.Default.LogicalHandler[100]
2023-12-31 09:25:47.678:       Start processing HTTP request GET https://apidgp-gameplayer.games.dmm.com/gameplayer/filelist/29066
2023-12-31 09:25:47.678: info: System.Net.Http.HttpClient.Default.ClientHandler[100]
2023-12-31 09:25:47.678:       Sending HTTP request GET https://apidgp-gameplayer.games.dmm.com/gameplayer/filelist/29066
2023-12-31 09:25:52.735: fail: MementoMori.BotServer.Plugins.MementoMoriQueryPlugin[0]
2023-12-31 09:25:52.735:       get dmm version failed
2023-12-31 09:25:52.735:       System.Net.Http.HttpRequestException: The SSL connection could not be established, see inner exception.
2023-12-31 09:25:52.735:        ---> System.IO.IOException: Received an unexpected EOF or 0 bytes from the transport stream.
2023-12-31 09:25:52.735:          at System.Net.Security.SslStream.ReceiveHandshakeFrameAsync[TIOAdapter](CancellationToken cancellationToken)
2023-12-31 09:25:52.735:          at System.Net.Security.SslStream.ForceAuthenticationAsync[TIOAdapter](Boolean receiveFirst, Byte[] reAuthenticationData, CancellationToken cancellationToken)
2023-12-31 09:25:52.735:          at System.Net.Http.ConnectHelper.EstablishSslConnectionAsync(SslClientAuthenticationOptions sslOptions, HttpRequestMessage request, Boolean async, Stream stream, CancellationToken cancellationToken)
2023-12-31 09:25:52.735:          --- End of inner exception stack trace ---
2023-12-31 09:25:52.735:          at System.Net.Http.ConnectHelper.EstablishSslConnectionAsync(SslClientAuthenticationOptions sslOptions, HttpRequestMessage request, Boolean async, Stream stream, CancellationToken cancellationToken)
2023-12-31 09:25:52.735:          at System.Net.Http.HttpConnectionPool.ConnectAsync(HttpRequestMessage request, Boolean async, CancellationToken cancellationToken)
2023-12-31 09:25:52.735:          at System.Net.Http.HttpConnectionPool.CreateHttp11ConnectionAsync(HttpRequestMessage request, Boolean async, CancellationToken cancellationToken)
2023-12-31 09:25:52.735:          at System.Net.Http.HttpConnectionPool.AddHttp11ConnectionAsync(QueueItem queueItem)
2023-12-31 09:25:52.735:          at System.Threading.Tasks.TaskCompletionSourceWithCancellation`1.WaitWithCancellationAsync(CancellationToken cancellationToken)
2023-12-31 09:25:52.735:          at System.Net.Http.HttpConnectionPool.SendWithVersionDetectionAndRetryAsync(HttpRequestMessage request, Boolean async, Boolean doRequestAuth, CancellationToken cancellationToken)
2023-12-31 09:25:52.735:          at System.Net.Http.RedirectHandler.SendAsync(HttpRequestMessage request, Boolean async, CancellationToken cancellationToken)
2023-12-31 09:25:52.735:          at Microsoft.Extensions.Http.Logging.LoggingHttpMessageHandler.<SendCoreAsync>g__Core|5_0(HttpRequestMessage request, Boolean useAsync, CancellationToken cancellationToken)
2023-12-31 09:25:52.735:          at Microsoft.Extensions.Http.Logging.LoggingScopeHttpMessageHandler.<SendCoreAsync>g__Core|5_0(HttpRequestMessage request, Boolean useAsync, CancellationToken cancellationToken)
2023-12-31 09:25:52.735:          at System.Net.Http.HttpClient.GetStringAsyncCore(HttpRequestMessage request, CancellationToken cancellationToken)
2023-12-31 09:25:52.735:          at MementoMori.BotServer.Plugins.MementoMoriQueryPlugin.AutoDmmVersionCheck() in D:\Git_Github\MementoMori-release\MementoMori.BotServer\Plugins\MementoMoriQueryPlugin.cs:line 172
2023-12-31 09:27:44.271: info: MementoMori.BotServer.Plugins.MementoMoriQueryPlugin[0]
2023-12-31 09:27:44.271:       start retrieve notices
2023-12-31 09:27:45.480: info: MementoMori.BotServer.Plugins.MementoMoriQueryPlugin[0]
2023-12-31 09:27:45.480:       start retrieve notices
2023-12-31 09:35:52.739: info: System.Net.Http.HttpClient.Default.LogicalHandler[100]
2023-12-31 09:35:52.739:       Start processing HTTP request GET https://apidgp-gameplayer.games.dmm.com/gameplayer/filelist/29066
2023-12-31 09:35:52.739: info: System.Net.Http.HttpClient.Default.ClientHandler[100]
2023-12-31 09:35:52.739:       Sending HTTP request GET https://apidgp-gameplayer.games.dmm.com/gameplayer/filelist/29066
2023-12-31 09:35:53.571: info: System.Net.Http.HttpClient.Default.ClientHandler[101]
2023-12-31 09:35:53.571:       Received HTTP response headers after 833.1738ms - 200
2023-12-31 09:35:53.571: info: System.Net.Http.HttpClient.Default.LogicalHandler[101]
2023-12-31 09:35:53.571:       End processing HTTP request after 833.2517ms - 200
2023-12-31 09:37:45.746: info: MementoMori.BotServer.Plugins.MementoMoriQueryPlugin[0]
2023-12-31 09:37:45.746:       start retrieve notices
2023-12-31 09:37:46.680: info: MementoMori.BotServer.Plugins.MementoMoriQueryPlugin[0]
2023-12-31 09:37:46.680:       start retrieve notices
2023-12-31 09:45:53.571: info: System.Net.Http.HttpClient.Default.LogicalHandler[100]
2023-12-31 09:45:53.571:       Start processing HTTP request GET https://apidgp-gameplayer.games.dmm.com/gameplayer/filelist/29066
2023-12-31 09:45:53.571: info: System.Net.Http.HttpClient.Default.ClientHandler[100]
2023-12-31 09:45:53.571:       Sending HTTP request GET https://apidgp-gameplayer.games.dmm.com/gameplayer/filelist/29066
2023-12-31 09:45:54.420: info: System.Net.Http.HttpClient.Default.ClientHandler[101]
2023-12-31 09:45:54.420:       Received HTTP response headers after 849.7265ms - 200
2023-12-31 09:45:54.420: info: System.Net.Http.HttpClient.Default.LogicalHandler[101]
2023-12-31 09:45:54.420:       End processing HTTP request after 849.8065ms - 200
2023-12-31 09:47:46.977: info: MementoMori.BotServer.Plugins.MementoMoriQueryPlugin[0]
2023-12-31 09:47:46.977:       start retrieve notices
2023-12-31 09:47:48.117: info: MementoMori.BotServer.Plugins.MementoMoriQueryPlugin[0]
2023-12-31 09:47:48.117:       start retrieve notices
2023-12-31 09:55:54.430: info: System.Net.Http.HttpClient.Default.LogicalHandler[100]
2023-12-31 09:55:54.430:       Start processing HTTP request GET https://apidgp-gameplayer.games.dmm.com/gameplayer/filelist/29066
2023-12-31 09:55:54.430: info: System.Net.Http.HttpClient.Default.ClientHandler[100]
2023-12-31 09:55:54.430:       Sending HTTP request GET https://apidgp-gameplayer.games.dmm.com/gameplayer/filelist/29066
2023-12-31 09:55:55.078: info: System.Net.Http.HttpClient.Default.ClientHandler[101]
2023-12-31 09:55:55.078:       Received HTTP response headers after 648.0899ms - 200
2023-12-31 09:55:55.078: info: System.Net.Http.HttpClient.Default.LogicalHandler[101]
2023-12-31 09:55:55.078:       End processing HTTP request after 648.1421ms - 200
2023-12-31 09:57:48.424: info: MementoMori.BotServer.Plugins.MementoMoriQueryPlugin[0]
2023-12-31 09:57:48.424:       start retrieve notices
2023-12-31 09:57:49.753: info: MementoMori.BotServer.Plugins.MementoMoriQueryPlugin[0]
2023-12-31 09:57:49.753:       start retrieve notices
2023-12-31 10:05:55.084: info: System.Net.Http.HttpClient.Default.LogicalHandler[100]
2023-12-31 10:05:55.084:       Start processing HTTP request GET https://apidgp-gameplayer.games.dmm.com/gameplayer/filelist/29066
2023-12-31 10:05:55.084: info: System.Net.Http.HttpClient.Default.ClientHandler[100]
2023-12-31 10:05:55.084:       Sending HTTP request GET https://apidgp-gameplayer.games.dmm.com/gameplayer/filelist/29066
2023-12-31 10:05:55.862: info: System.Net.Http.HttpClient.Default.ClientHandler[101]
2023-12-31 10:05:55.862:       Received HTTP response headers after 777.7649ms - 200
2023-12-31 10:05:55.862: info: System.Net.Http.HttpClient.Default.LogicalHandler[101]
2023-12-31 10:05:55.862:       End processing HTTP request after 777.8131ms - 200
2023-12-31 10:07:50.066: info: MementoMori.BotServer.Plugins.MementoMoriQueryPlugin[0]
2023-12-31 10:07:50.066:       start retrieve notices
2023-12-31 10:07:55.120: fail: MementoMori.BotServer.Plugins.MementoMoriQueryPlugin[0]
2023-12-31 10:07:55.120:       get notice failed
2023-12-31 10:07:55.120:       System.Net.Http.HttpRequestException: The SSL connection could not be established, see inner exception.
2023-12-31 10:07:55.120:        ---> System.IO.IOException: Received an unexpected EOF or 0 bytes from the transport stream.
