2023-12-28 14:19:27.250:       Start processing HTTP request GET https://apidgp-gameplayer.games.dmm.com/gameplayer/filelist/29060
2023-12-28 14:19:27.250: info: System.Net.Http.HttpClient.Default.ClientHandler[100]
2023-12-28 14:19:27.250:       Sending HTTP request GET https://apidgp-gameplayer.games.dmm.com/gameplayer/filelist/29060
2023-12-28 14:19:28.165: info: System.Net.Http.HttpClient.Default.ClientHandler[101]
2023-12-28 14:19:28.165:       Received HTTP response headers after 917.3308ms - 200
2023-12-28 14:19:28.165: info: System.Net.Http.HttpClient.Default.LogicalHandler[101]
2023-12-28 14:19:28.165:       End processing HTTP request after 917.4039ms - 200
2023-12-28 14:20:41.048: info: MementoMori.BotServer.Plugins.MementoMoriQueryPlugin[0]
2023-12-28 14:20:41.048:       start retrieve notices
2023-12-28 14:20:42.392: info: MementoMori.BotServer.Plugins.MementoMoriQueryPlugin[0]
2023-12-28 14:20:42.392:       start retrieve notices
2023-12-28 14:29:28.177: info: System.Net.Http.HttpClient.Default.LogicalHandler[100]
2023-12-28 14:29:28.177:       Start processing HTTP request GET https://apidgp-gameplayer.games.dmm.com/gameplayer/filelist/29060
2023-12-28 14:29:28.177: info: System.Net.Http.HttpClient.Default.ClientHandler[100]
2023-12-28 14:29:28.177:       Sending HTTP request GET https://apidgp-gameplayer.games.dmm.com/gameplayer/filelist/29060
2023-12-28 14:29:29.009: info: System.Net.Http.HttpClient.Default.ClientHandler[101]
2023-12-28 14:29:29.009:       Received HTTP response headers after 831.9435ms - 200
2023-12-28 14:29:29.009: info: System.Net.Http.HttpClient.Default.LogicalHandler[101]
2023-12-28 14:29:29.009:       End processing HTTP request after 832.0078ms - 200
2023-12-28 14:30:42.687: info: MementoMori.BotServer.Plugins.MementoMoriQueryPlugin[0]
2023-12-28 14:30:42.687:       start retrieve notices
2023-12-28 14:30:43.832: info: MementoMori.BotServer.Plugins.MementoMoriQueryPlugin[0]
2023-12-28 14:30:43.832:       start retrieve notices
2023-12-28 14:39:29.013: info: System.Net.Http.HttpClient.Default.LogicalHandler[100]
2023-12-28 14:39:29.013:       Start processing HTTP request GET https://apidgp-gameplayer.games.dmm.com/gameplayer/filelist/29060
2023-12-28 14:39:29.013: info: System.Net.Http.HttpClient.Default.ClientHandler[100]
2023-12-28 14:39:29.013:       Sending HTTP request GET https://apidgp-gameplayer.games.dmm.com/gameplayer/filelist/29060
2023-12-28 14:39:29.942: info: System.Net.Http.HttpClient.Default.ClientHandler[101]
2023-12-28 14:39:29.942:       Received HTTP response headers after 929.9278ms - 200
2023-12-28 14:39:29.942: info: System.Net.Http.HttpClient.Default.LogicalHandler[101]
2023-12-28 14:39:29.942:       End processing HTTP request after 929.9844ms - 200
2023-12-28 14:40:44.168: info: MementoMori.BotServer.Plugins.MementoMoriQueryPlugin[0]
2023-12-28 14:40:44.168:       start retrieve notices
2023-12-28 14:40:45.648: info: MementoMori.BotServer.Plugins.MementoMoriQueryPlugin[0]
2023-12-28 14:40:45.648:       start retrieve notices
2023-12-28 14:47:56.049: info: MementoMori.MementoNetworkManager[0]
2023-12-28 14:47:56.049:       auto updating master data
2023-12-28 14:47:56.049: info: MementoMori.MementoNetworkManager[0]
2023-12-28 14:47:56.049:       下载 master 目录中...
2023-12-28 14:47:58.121: info: MementoMori.MementoNetworkManager[0]
2023-12-28 14:47:58.121:       下载 master 目录完成
2023-12-28 14:49:29.952: info: System.Net.Http.HttpClient.Default.LogicalHandler[100]
2023-12-28 14:49:29.952:       Start processing HTTP request GET https://apidgp-gameplayer.games.dmm.com/gameplayer/filelist/29060
2023-12-28 14:49:29.952: info: System.Net.Http.HttpClient.Default.ClientHandler[100]
2023-12-28 14:49:29.952:       Sending HTTP request GET https://apidgp-gameplayer.games.dmm.com/gameplayer/filelist/29060
2023-12-28 14:49:30.913: info: System.Net.Http.HttpClient.Default.ClientHandler[101]
2023-12-28 14:49:30.913:       Received HTTP response headers after 960.7908ms - 200
2023-12-28 14:49:30.913: info: System.Net.Http.HttpClient.Default.LogicalHandler[101]
2023-12-28 14:49:30.913:       End processing HTTP request after 960.8442ms - 200
2023-12-28 14:50:46.008: info: MementoMori.BotServer.Plugins.MementoMoriQueryPlugin[0]
2023-12-28 14:50:46.008:       start retrieve notices
2023-12-28 14:50:47.261: info: MementoMori.BotServer.Plugins.MementoMoriQueryPlugin[0]
2023-12-28 14:50:47.261:       start retrieve notices
2023-12-28 14:59:30.914: info: System.Net.Http.HttpClient.Default.LogicalHandler[100]
2023-12-28 14:59:30.914:       Start processing HTTP request GET https://apidgp-gameplayer.games.dmm.com/gameplayer/filelist/29060
2023-12-28 14:59:30.914: info: System.Net.Http.HttpClient.Default.ClientHandler[100]
2023-12-28 14:59:30.914:       Sending HTTP request GET https://apidgp-gameplayer.games.dmm.com/gameplayer/filelist/29060
2023-12-28 14:59:32.021: info: System.Net.Http.HttpClient.Default.ClientHandler[101]
2023-12-28 14:59:32.021:       Received HTTP response headers after 1107.2558ms - 200
2023-12-28 14:59:32.021: info: System.Net.Http.HttpClient.Default.LogicalHandler[101]
2023-12-28 14:59:32.021:       End processing HTTP request after 1107.3219ms - 200
2023-12-28 15:00:47.591: info: MementoMori.BotServer.Plugins.MementoMoriQueryPlugin[0]
2023-12-28 15:00:47.591:       start retrieve notices
2023-12-28 15:00:48.725: info: MementoMori.BotServer.Plugins.MementoMoriQueryPlugin[0]
2023-12-28 15:00:48.726:       start retrieve notices
2023-12-28 15:09:33.699: info: System.Net.Http.HttpClient.Default.LogicalHandler[100]
2023-12-28 15:09:33.699:       Start processing HTTP request GET https://apidgp-gameplayer.games.dmm.com/gameplayer/filelist/29060
2023-12-28 15:09:33.699: info: System.Net.Http.HttpClient.Default.ClientHandler[100]
2023-12-28 15:09:33.699:       Sending HTTP request GET https://apidgp-gameplayer.games.dmm.com/gameplayer/filelist/29060
2023-12-28 15:09:34.695: info: System.Net.Http.HttpClient.Default.ClientHandler[101]
2023-12-28 15:09:34.695:       Received HTTP response headers after 996.0022ms - 200
2023-12-28 15:09:34.695: info: System.Net.Http.HttpClient.Default.LogicalHandler[101]
2023-12-28 15:09:34.695:       End processing HTTP request after 996.1018ms - 200
2023-12-28 15:10:50.709: info: MementoMori.BotServer.Plugins.MementoMoriQueryPlugin[0]
2023-12-28 15:10:50.709:       start retrieve notices
2023-12-28 15:10:51.835: info: MementoMori.BotServer.Plugins.MementoMoriQueryPlugin[0]
2023-12-28 15:10:51.835:       start retrieve notices
2023-12-28 15:19:34.706: info: System.Net.Http.HttpClient.Default.LogicalHandler[100]
2023-12-28 15:19:34.706:       Start processing HTTP request GET https://apidgp-gameplayer.games.dmm.com/gameplayer/filelist/29060
2023-12-28 15:19:34.706: info: System.Net.Http.HttpClient.Default.ClientHandler[100]
2023-12-28 15:19:34.706:       Sending HTTP request GET https://apidgp-gameplayer.games.dmm.com/gameplayer/filelist/29060
2023-12-28 15:19:35.516: info: System.Net.Http.HttpClient.Default.ClientHandler[101]
2023-12-28 15:19:35.516:       Received HTTP response headers after 808.9691ms - 200
2023-12-28 15:19:35.516: info: System.Net.Http.HttpClient.Default.LogicalHandler[101]
2023-12-28 15:19:35.516:       End processing HTTP request after 809.0249ms - 200
2023-12-28 15:20:52.130: info: MementoMori.BotServer.Plugins.MementoMoriQueryPlugin[0]
2023-12-28 15:20:52.130:       start retrieve notices
2023-12-28 15:20:53.525: info: MementoMori.BotServer.Plugins.MementoMoriQueryPlugin[0]
2023-12-28 15:20:53.525:       start retrieve notices
2023-12-28 15:29:35.521: info: System.Net.Http.HttpClient.Default.LogicalHandler[100]
2023-12-28 15:29:35.521:       Start processing HTTP request GET https://apidgp-gameplayer.games.dmm.com/gameplayer/filelist/29060
2023-12-28 15:29:35.521: info: System.Net.Http.HttpClient.Default.ClientHandler[100]
2023-12-28 15:29:35.521:       Sending HTTP request GET https://apidgp-gameplayer.games.dmm.com/gameplayer/filelist/29060
2023-12-28 15:29:36.463: info: System.Net.Http.HttpClient.Default.ClientHandler[101]
2023-12-28 15:29:36.464:       Received HTTP response headers after 943.0225ms - 200
2023-12-28 15:29:36.464: info: System.Net.Http.HttpClient.Default.LogicalHandler[101]
2023-12-28 15:29:36.464:       End processing HTTP request after 943.079ms - 200
2023-12-28 15:30:53.879: info: MementoMori.BotServer.Plugins.MementoMoriQueryPlugin[0]
2023-12-28 15:30:53.879:       start retrieve notices
2023-12-28 15:30:55.226: info: MementoMori.BotServer.Plugins.MementoMoriQueryPlugin[0]
2023-12-28 15:30:55.226:       start retrieve notices
2023-12-28 15:39:36.466: info: System.Net.Http.HttpClient.Default.LogicalHandler[100]
2023-12-28 15:39:36.466:       Start processing HTTP request GET https://apidgp-gameplayer.games.dmm.com/gameplayer/filelist/29060
2023-12-28 15:39:36.466: info: System.Net.Http.HttpClient.Default.ClientHandler[100]
2023-12-28 15:39:36.466:       Sending HTTP request GET https://apidgp-gameplayer.games.dmm.com/gameplayer/filelist/29060
2023-12-28 15:39:39.643: info: System.Net.Http.HttpClient.Default.ClientHandler[101]
2023-12-28 15:39:39.643:       Received HTTP response headers after 3177.1202ms - 200
2023-12-28 15:39:39.643: info: System.Net.Http.HttpClient.Default.LogicalHandler[101]
2023-12-28 15:39:39.643:       End processing HTTP request after 3177.1817ms - 200
2023-12-28 15:40:55.557: info: MementoMori.BotServer.Plugins.MementoMoriQueryPlugin[0]
2023-12-28 15:40:55.557:       start retrieve notices
2023-12-28 15:40:57.813: info: MementoMori.BotServer.Plugins.MementoMoriQueryPlugin[0]
2023-12-28 15:40:57.813:       start retrieve notices
2023-12-28 15:47:59.802: info: MementoMori.MementoNetworkManager[0]
2023-12-28 15:47:59.802:       auto updating master data
2023-12-28 15:47:59.802: info: MementoMori.MementoNetworkManager[0]
2023-12-28 15:47:59.802:       下载 master 目录中...
2023-12-28 15:48:03.572: info: MementoMori.MementoNetworkManager[0]
2023-12-28 15:48:03.572:       下载 master 目录完成
2023-12-28 15:49:39.651: info: System.Net.Http.HttpClient.Default.LogicalHandler[100]
2023-12-28 15:49:39.651:       Start processing HTTP request GET https://apidgp-gameplayer.games.dmm.com/gameplayer/filelist/29060
2023-12-28 15:49:39.651: info: System.Net.Http.HttpClient.Default.ClientHandler[100]
2023-12-28 15:49:39.651:       Sending HTTP request GET https://apidgp-gameplayer.games.dmm.com/gameplayer/filelist/29060
2023-12-28 15:49:40.588: info: System.Net.Http.HttpClient.Default.ClientHandler[101]
2023-12-28 15:49:40.588:       Received HTTP response headers after 936.9701ms - 200
2023-12-28 15:49:40.588: info: System.Net.Http.HttpClient.Default.LogicalHandler[101]
2023-12-28 15:49:40.588:       End processing HTTP request after 937.032ms - 200
2023-12-28 15:50:58.338: info: MementoMori.BotServer.Plugins.MementoMoriQueryPlugin[0]
2023-12-28 15:50:58.338:       start retrieve notices
2023-12-28 15:51:00.678: info: MementoMori.BotServer.Plugins.MementoMoriQueryPlugin[0]
2023-12-28 15:51:00.678:       start retrieve notices
2023-12-28 15:59:40.598: info: System.Net.Http.HttpClient.Default.LogicalHandler[100]
2023-12-28 15:59:40.598:       Start processing HTTP request GET https://apidgp-gameplayer.games.dmm.com/gameplayer/filelist/29060
2023-12-28 15:59:40.598: info: System.Net.Http.HttpClient.Default.ClientHandler[100]
2023-12-28 15:59:40.598:       Sending HTTP request GET https://apidgp-gameplayer.games.dmm.com/gameplayer/filelist/29060
2023-12-28 15:59:41.373: info: System.Net.Http.HttpClient.Default.ClientHandler[101]
2023-12-28 15:59:41.373:       Received HTTP response headers after 775.3087ms - 200
2023-12-28 15:59:41.373: info: System.Net.Http.HttpClient.Default.LogicalHandler[101]
2023-12-28 15:59:41.373:       End processing HTTP request after 775.3714ms - 200
2023-12-28 16:01:01.109: info: MementoMori.BotServer.Plugins.MementoMoriQueryPlugin[0]
2023-12-28 16:01:01.109:       start retrieve notices
2023-12-28 16:01:02.468: info: MementoMori.BotServer.Plugins.MementoMoriQueryPlugin[0]
2023-12-28 16:01:02.468:       start retrieve notices
2023-12-28 16:09:41.377: info: System.Net.Http.HttpClient.Default.LogicalHandler[100]
2023-12-28 16:09:41.377:       Start processing HTTP request GET https://apidgp-gameplayer.games.dmm.com/gameplayer/filelist/29060
2023-12-28 16:09:41.377: info: System.Net.Http.HttpClient.Default.ClientHandler[100]
2023-12-28 16:09:41.377:       Sending HTTP request GET https://apidgp-gameplayer.games.dmm.com/gameplayer/filelist/29060
2023-12-28 16:09:43.017: info: System.Net.Http.HttpClient.Default.ClientHandler[101]
2023-12-28 16:09:43.017:       Received HTTP response headers after 1641.0086ms - 200
2023-12-28 16:09:43.017: info: System.Net.Http.HttpClient.Default.LogicalHandler[101]
2023-12-28 16:09:43.017:       End processing HTTP request after 1641.083ms - 200
2023-12-28 16:11:02.990: info: MementoMori.BotServer.Plugins.MementoMoriQueryPlugin[0]
2023-12-28 16:11:02.990:       start retrieve notices
2023-12-28 16:11:05.132: info: MementoMori.BotServer.Plugins.MementoMoriQueryPlugin[0]
2023-12-28 16:11:05.132:       start retrieve notices
2023-12-28 16:19:43.027: info: System.Net.Http.HttpClient.Default.LogicalHandler[100]
2023-12-28 16:19:43.027:       Start processing HTTP request GET https://apidgp-gameplayer.games.dmm.com/gameplayer/filelist/29060
2023-12-28 16:19:43.027: info: System.Net.Http.HttpClient.Default.ClientHandler[100]
2023-12-28 16:19:43.027:       Sending HTTP request GET https://apidgp-gameplayer.games.dmm.com/gameplayer/filelist/29060
2023-12-28 16:19:43.872: info: System.Net.Http.HttpClient.Default.ClientHandler[101]
2023-12-28 16:19:43.872:       Received HTTP response headers after 844.8272ms - 200
2023-12-28 16:19:43.872: info: System.Net.Http.HttpClient.Default.LogicalHandler[101]
2023-12-28 16:19:43.872:       End processing HTTP request after 844.8825ms - 200
2023-12-28 16:21:05.650: info: MementoMori.BotServer.Plugins.MementoMoriQueryPlugin[0]
2023-12-28 16:21:05.650:       start retrieve notices
2023-12-28 16:21:06.755: info: MementoMori.BotServer.Plugins.MementoMoriQueryPlugin[0]
2023-12-28 16:21:06.755:       start retrieve notices
2023-12-28 16:29:43.884: info: System.Net.Http.HttpClient.Default.LogicalHandler[100]
2023-12-28 16:29:43.884:       Start processing HTTP request GET https://apidgp-gameplayer.games.dmm.com/gameplayer/filelist/29060
2023-12-28 16:29:43.884: info: System.Net.Http.HttpClient.Default.ClientHandler[100]
2023-12-28 16:29:43.884:       Sending HTTP request GET https://apidgp-gameplayer.games.dmm.com/gameplayer/filelist/29060
2023-12-28 16:29:44.614: info: System.Net.Http.HttpClient.Default.ClientHandler[101]
2023-12-28 16:29:44.614:       Received HTTP response headers after 730.43ms - 200
2023-12-28 16:29:44.615: info: System.Net.Http.HttpClient.Default.LogicalHandler[101]
2023-12-28 16:29:44.615:       End processing HTTP request after 730.4831ms - 200
2023-12-28 16:31:07.201: info: MementoMori.BotServer.Plugins.MementoMoriQueryPlugin[0]
2023-12-28 16:31:07.201:       start retrieve notices
2023-12-28 16:31:08.292: info: MementoMori.BotServer.Plugins.MementoMoriQueryPlugin[0]
2023-12-28 16:31:08.292:       start retrieve notices
2023-12-28 16:39:44.615: info: System.Net.Http.HttpClient.Default.LogicalHandler[100]
2023-12-28 16:39:44.615:       Start processing HTTP request GET https://apidgp-gameplayer.games.dmm.com/gameplayer/filelist/29060
2023-12-28 16:39:44.615: info: System.Net.Http.HttpClient.Default.ClientHandler[100]
2023-12-28 16:39:44.615:       Sending HTTP request GET https://apidgp-gameplayer.games.dmm.com/gameplayer/filelist/29060
2023-12-28 16:39:45.496: info: System.Net.Http.HttpClient.Default.ClientHandler[101]
2023-12-28 16:39:45.496:       Received HTTP response headers after 880.1425ms - 200
2023-12-28 16:39:45.496: info: System.Net.Http.HttpClient.Default.LogicalHandler[101]
2023-12-28 16:39:45.496:       End processing HTTP request after 880.2113ms - 200
2023-12-28 16:41:08.619: info: MementoMori.BotServer.Plugins.MementoMoriQueryPlugin[0]
2023-12-28 16:41:08.619:       start retrieve notices
2023-12-28 16:41:09.806: info: MementoMori.BotServer.Plugins.MementoMoriQueryPlugin[0]
2023-12-28 16:41:09.806:       start retrieve notices
2023-12-28 16:48:03.576: info: MementoMori.MementoNetworkManager[0]
2023-12-28 16:48:03.576:       auto updating master data
2023-12-28 16:48:03.576: info: MementoMori.MementoNetworkManager[0]
2023-12-28 16:48:03.576:       下载 master 目录中...
2023-12-28 16:48:05.768: info: MementoMori.MementoNetworkManager[0]
2023-12-28 16:48:05.768:       下载 master 目录完成
2023-12-28 16:49:45.500: info: System.Net.Http.HttpClient.Default.LogicalHandler[100]
2023-12-28 16:49:45.500:       Start processing HTTP request GET https://apidgp-gameplayer.games.dmm.com/gameplayer/filelist/29060
2023-12-28 16:49:45.500: info: System.Net.Http.HttpClient.Default.ClientHandler[100]
2023-12-28 16:49:45.500:       Sending HTTP request GET https://apidgp-gameplayer.games.dmm.com/gameplayer/filelist/29060
2023-12-28 16:49:46.412: info: System.Net.Http.HttpClient.Default.ClientHandler[101]
2023-12-28 16:49:46.412:       Received HTTP response headers after 911.6625ms - 200
2023-12-28 16:49:46.412: info: System.Net.Http.HttpClient.Default.LogicalHandler[101]
2023-12-28 16:49:46.412:       End processing HTTP request after 911.7176ms - 200
2023-12-28 16:51:10.209: info: MementoMori.BotServer.Plugins.MementoMoriQueryPlugin[0]
2023-12-28 16:51:10.209:       start retrieve notices
2023-12-28 16:51:11.484: info: MementoMori.BotServer.Plugins.MementoMoriQueryPlugin[0]
2023-12-28 16:51:11.484:       start retrieve notices
2023-12-28 16:59:46.412: info: System.Net.Http.HttpClient.Default.LogicalHandler[100]
2023-12-28 16:59:46.412:       Start processing HTTP request GET https://apidgp-gameplayer.games.dmm.com/gameplayer/filelist/29060
2023-12-28 16:59:46.412: info: System.Net.Http.HttpClient.Default.ClientHandler[100]
2023-12-28 16:59:46.412:       Sending HTTP request GET https://apidgp-gameplayer.games.dmm.com/gameplayer/filelist/29060
2023-12-28 16:59:47.184: info: System.Net.Http.HttpClient.Default.ClientHandler[101]
2023-12-28 16:59:47.184:       Received HTTP response headers after 772.3673ms - 200
2023-12-28 16:59:47.184: info: System.Net.Http.HttpClient.Default.LogicalHandler[101]
2023-12-28 16:59:47.184:       End processing HTTP request after 772.4787ms - 200
info: MementoMori.BotServer.Plugins.MementoMoriQueryPlugin[0]
