2023-12-28 03:48:17.752:       End processing HTTP request after 91.7948ms - 200
2023-12-28 03:49:07.098: info: MementoMori.BotServer.Plugins.MementoMoriQueryPlugin[0]
2023-12-28 03:49:07.098:       start retrieve notices
2023-12-28 03:49:08.302: info: MementoMori.BotServer.Plugins.MementoMoriQueryPlugin[0]
2023-12-28 03:49:08.302:       start retrieve notices
2023-12-28 03:58:17.764: info: System.Net.Http.HttpClient.Default.LogicalHandler[100]
2023-12-28 03:58:17.764:       Start processing HTTP request GET https://apidgp-gameplayer.games.dmm.com/gameplayer/filelist/29054
2023-12-28 03:58:17.764: info: System.Net.Http.HttpClient.Default.ClientHandler[100]
2023-12-28 03:58:17.774:       Sending HTTP request GET https://apidgp-gameplayer.games.dmm.com/gameplayer/filelist/29054
2023-12-28 03:58:18.505: info: System.Net.Http.HttpClient.Default.ClientHandler[101]
2023-12-28 03:58:18.505:       Received HTTP response headers after 740.8164ms - 200
2023-12-28 03:58:18.505: info: System.Net.Http.HttpClient.Default.LogicalHandler[101]
2023-12-28 03:58:18.505:       End processing HTTP request after 740.865ms - 200
2023-12-28 03:58:18.506: info: System.Net.Http.HttpClient.Default.LogicalHandler[100]
2023-12-28 03:58:18.506:       Start processing HTTP request GET https://apidgp-gameplayer.games.dmm.com/gameplayer/filelist/29055
2023-12-28 03:58:18.506: info: System.Net.Http.HttpClient.Default.ClientHandler[100]
2023-12-28 03:58:18.506:       Sending HTTP request GET https://apidgp-gameplayer.games.dmm.com/gameplayer/filelist/29055
2023-12-28 03:58:18.604: info: System.Net.Http.HttpClient.Default.ClientHandler[101]
2023-12-28 03:58:18.604:       Received HTTP response headers after 98.1122ms - 200
2023-12-28 03:58:18.604: info: System.Net.Http.HttpClient.Default.LogicalHandler[101]
2023-12-28 03:58:18.604:       End processing HTTP request after 98.1497ms - 200
2023-12-28 03:59:08.633: info: MementoMori.BotServer.Plugins.MementoMoriQueryPlugin[0]
2023-12-28 03:59:08.633:       start retrieve notices
2023-12-28 03:59:09.736: info: MementoMori.BotServer.Plugins.MementoMoriQueryPlugin[0]
2023-12-28 03:59:09.736:       start retrieve notices
2023-12-28 04:08:18.612: info: System.Net.Http.HttpClient.Default.LogicalHandler[100]
2023-12-28 04:08:18.612:       Start processing HTTP request GET https://apidgp-gameplayer.games.dmm.com/gameplayer/filelist/29055
2023-12-28 04:08:18.612: info: System.Net.Http.HttpClient.Default.ClientHandler[100]
2023-12-28 04:08:18.612:       Sending HTTP request GET https://apidgp-gameplayer.games.dmm.com/gameplayer/filelist/29055
2023-12-28 04:08:20.307: info: System.Net.Http.HttpClient.Default.ClientHandler[101]
2023-12-28 04:08:20.307:       Received HTTP response headers after 1694.6958ms - 200
2023-12-28 04:08:20.307: info: System.Net.Http.HttpClient.Default.LogicalHandler[101]
2023-12-28 04:08:20.307:       End processing HTTP request after 1694.7525ms - 200
2023-12-28 04:08:23.837: info: System.Net.Http.HttpClient.Default.LogicalHandler[100]
2023-12-28 04:08:23.837:       Start processing HTTP request GET https://apidgp-gameplayer.games.dmm.com/gameplayer/filelist/29056
2023-12-28 04:08:23.837: info: System.Net.Http.HttpClient.Default.ClientHandler[100]
2023-12-28 04:08:23.837:       Sending HTTP request GET https://apidgp-gameplayer.games.dmm.com/gameplayer/filelist/29056
2023-12-28 04:08:23.990: info: System.Net.Http.HttpClient.Default.ClientHandler[101]
2023-12-28 04:08:23.990:       Received HTTP response headers after 153.1457ms - 200
2023-12-28 04:08:23.990: info: System.Net.Http.HttpClient.Default.LogicalHandler[101]
2023-12-28 04:08:23.990:       End processing HTTP request after 153.1856ms - 200
2023-12-28 04:09:10.068: info: MementoMori.BotServer.Plugins.MementoMoriQueryPlugin[0]
2023-12-28 04:09:10.068:       start retrieve notices
2023-12-28 04:09:12.204: info: MementoMori.BotServer.Plugins.MementoMoriQueryPlugin[0]
2023-12-28 04:09:12.204:       start retrieve notices
2023-12-28 04:18:23.994: info: System.Net.Http.HttpClient.Default.LogicalHandler[100]
2023-12-28 04:18:23.994:       Start processing HTTP request GET https://apidgp-gameplayer.games.dmm.com/gameplayer/filelist/29056
2023-12-28 04:18:23.994: info: System.Net.Http.HttpClient.Default.ClientHandler[100]
2023-12-28 04:18:23.994:       Sending HTTP request GET https://apidgp-gameplayer.games.dmm.com/gameplayer/filelist/29056
2023-12-28 04:18:24.745: info: System.Net.Http.HttpClient.Default.ClientHandler[101]
2023-12-28 04:18:24.745:       Received HTTP response headers after 751.2672ms - 200
2023-12-28 04:18:24.745: info: System.Net.Http.HttpClient.Default.LogicalHandler[101]
2023-12-28 04:18:24.745:       End processing HTTP request after 751.3251ms - 200
2023-12-28 04:19:12.689: info: MementoMori.BotServer.Plugins.MementoMoriQueryPlugin[0]
2023-12-28 04:19:12.689:       start retrieve notices
2023-12-28 04:19:13.729: info: MementoMori.BotServer.Plugins.MementoMoriQueryPlugin[0]
2023-12-28 04:19:13.729:       start retrieve notices
2023-12-28 04:28:24.749: info: System.Net.Http.HttpClient.Default.LogicalHandler[100]
2023-12-28 04:28:24.749:       Start processing HTTP request GET https://apidgp-gameplayer.games.dmm.com/gameplayer/filelist/29056
2023-12-28 04:28:24.749: info: System.Net.Http.HttpClient.Default.ClientHandler[100]
2023-12-28 04:28:24.749:       Sending HTTP request GET https://apidgp-gameplayer.games.dmm.com/gameplayer/filelist/29056
2023-12-28 04:28:25.526: info: System.Net.Http.HttpClient.Default.ClientHandler[101]
2023-12-28 04:28:25.526:       Received HTTP response headers after 777.6968ms - 200
2023-12-28 04:28:25.526: info: System.Net.Http.HttpClient.Default.LogicalHandler[101]
2023-12-28 04:28:25.526:       End processing HTTP request after 777.7777ms - 200
2023-12-28 04:29:14.013: info: MementoMori.BotServer.Plugins.MementoMoriQueryPlugin[0]
2023-12-28 04:29:14.013:       start retrieve notices
2023-12-28 04:29:14.989: info: MementoMori.BotServer.Plugins.MementoMoriQueryPlugin[0]
2023-12-28 04:29:14.989:       start retrieve notices
2023-12-28 04:38:25.541: info: System.Net.Http.HttpClient.Default.LogicalHandler[100]
2023-12-28 04:38:25.541:       Start processing HTTP request GET https://apidgp-gameplayer.games.dmm.com/gameplayer/filelist/29056
2023-12-28 04:38:25.541: info: System.Net.Http.HttpClient.Default.ClientHandler[100]
2023-12-28 04:38:25.541:       Sending HTTP request GET https://apidgp-gameplayer.games.dmm.com/gameplayer/filelist/29056
2023-12-28 04:38:26.296: info: System.Net.Http.HttpClient.Default.ClientHandler[101]
2023-12-28 04:38:26.296:       Received HTTP response headers after 755.3574ms - 200
2023-12-28 04:38:26.296: info: System.Net.Http.HttpClient.Default.LogicalHandler[101]
2023-12-28 04:38:26.296:       End processing HTTP request after 755.4044ms - 200
2023-12-28 04:39:15.272: info: MementoMori.BotServer.Plugins.MementoMoriQueryPlugin[0]
2023-12-28 04:39:15.272:       start retrieve notices
2023-12-28 04:39:17.676: info: MementoMori.BotServer.Plugins.MementoMoriQueryPlugin[0]
2023-12-28 04:39:17.676:       start retrieve notices
2023-12-28 04:47:31.862: info: MementoMori.MementoNetworkManager[0]
2023-12-28 04:47:31.862:       auto updating master data
2023-12-28 04:47:31.862: info: MementoMori.MementoNetworkManager[0]
2023-12-28 04:47:31.862:       下载 master 目录中...
2023-12-28 04:47:33.983: info: MementoMori.MementoNetworkManager[0]
2023-12-28 04:47:33.983:       下载 master 目录完成
2023-12-28 04:48:26.307: info: System.Net.Http.HttpClient.Default.LogicalHandler[100]
2023-12-28 04:48:26.307:       Start processing HTTP request GET https://apidgp-gameplayer.games.dmm.com/gameplayer/filelist/29056
2023-12-28 04:48:26.307: info: System.Net.Http.HttpClient.Default.ClientHandler[100]
2023-12-28 04:48:26.307:       Sending HTTP request GET https://apidgp-gameplayer.games.dmm.com/gameplayer/filelist/29056
2023-12-28 04:48:26.962: info: System.Net.Http.HttpClient.Default.ClientHandler[101]
2023-12-28 04:48:26.962:       Received HTTP response headers after 654.488ms - 200
2023-12-28 04:48:26.962: info: System.Net.Http.HttpClient.Default.LogicalHandler[101]
2023-12-28 04:48:26.962:       End processing HTTP request after 654.5308ms - 200
2023-12-28 04:49:18.021: info: MementoMori.BotServer.Plugins.MementoMoriQueryPlugin[0]
2023-12-28 04:49:18.021:       start retrieve notices
2023-12-28 04:49:18.957: info: MementoMori.BotServer.Plugins.MementoMoriQueryPlugin[0]
2023-12-28 04:49:18.957:       start retrieve notices
2023-12-28 04:58:26.972: info: System.Net.Http.HttpClient.Default.LogicalHandler[100]
2023-12-28 04:58:26.972:       Start processing HTTP request GET https://apidgp-gameplayer.games.dmm.com/gameplayer/filelist/29056
2023-12-28 04:58:26.972: info: System.Net.Http.HttpClient.Default.ClientHandler[100]
2023-12-28 04:58:26.972:       Sending HTTP request GET https://apidgp-gameplayer.games.dmm.com/gameplayer/filelist/29056
2023-12-28 04:58:27.867: info: System.Net.Http.HttpClient.Default.ClientHandler[101]
2023-12-28 04:58:27.867:       Received HTTP response headers after 895.5936ms - 200
2023-12-28 04:58:27.867: info: System.Net.Http.HttpClient.Default.LogicalHandler[101]
2023-12-28 04:58:27.867:       End processing HTTP request after 895.6409ms - 200
2023-12-28 04:59:19.252: info: MementoMori.BotServer.Plugins.MementoMoriQueryPlugin[0]
2023-12-28 04:59:19.252:       start retrieve notices
2023-12-28 04:59:20.327: info: MementoMori.BotServer.Plugins.MementoMoriQueryPlugin[0]
2023-12-28 04:59:20.327:       start retrieve notices
2023-12-28 05:08:27.873: info: System.Net.Http.HttpClient.Default.LogicalHandler[100]
2023-12-28 05:08:27.873:       Start processing HTTP request GET https://apidgp-gameplayer.games.dmm.com/gameplayer/filelist/29056
2023-12-28 05:08:27.873: info: System.Net.Http.HttpClient.Default.ClientHandler[100]
2023-12-28 05:08:27.873:       Sending HTTP request GET https://apidgp-gameplayer.games.dmm.com/gameplayer/filelist/29056
2023-12-28 05:08:28.607: info: System.Net.Http.HttpClient.Default.ClientHandler[101]
2023-12-28 05:08:28.607:       Received HTTP response headers after 734.3873ms - 200
2023-12-28 05:08:28.607: info: System.Net.Http.HttpClient.Default.LogicalHandler[101]
2023-12-28 05:08:28.607:       End processing HTTP request after 734.4405ms - 200
2023-12-28 05:09:20.612: info: MementoMori.BotServer.Plugins.MementoMoriQueryPlugin[0]
2023-12-28 05:09:20.612:       start retrieve notices
2023-12-28 05:09:21.714: info: MementoMori.BotServer.Plugins.MementoMoriQueryPlugin[0]
2023-12-28 05:09:21.714:       start retrieve notices
2023-12-28 05:18:28.606: info: System.Net.Http.HttpClient.Default.LogicalHandler[100]
2023-12-28 05:18:28.606:       Start processing HTTP request GET https://apidgp-gameplayer.games.dmm.com/gameplayer/filelist/29056
2023-12-28 05:18:28.606: info: System.Net.Http.HttpClient.Default.ClientHandler[100]
2023-12-28 05:18:28.606:       Sending HTTP request GET https://apidgp-gameplayer.games.dmm.com/gameplayer/filelist/29056
2023-12-28 05:18:29.491: info: System.Net.Http.HttpClient.Default.ClientHandler[101]
2023-12-28 05:18:29.491:       Received HTTP response headers after 884.9594ms - 200
2023-12-28 05:18:29.491: info: System.Net.Http.HttpClient.Default.LogicalHandler[101]
2023-12-28 05:18:29.491:       End processing HTTP request after 885.0171ms - 200
2023-12-28 05:19:22.026: info: MementoMori.BotServer.Plugins.MementoMoriQueryPlugin[0]
2023-12-28 05:19:22.026:       start retrieve notices
2023-12-28 05:19:23.128: info: MementoMori.BotServer.Plugins.MementoMoriQueryPlugin[0]
2023-12-28 05:19:23.128:       start retrieve notices
2023-12-28 05:28:29.492: info: System.Net.Http.HttpClient.Default.LogicalHandler[100]
2023-12-28 05:28:29.492:       Start processing HTTP request GET https://apidgp-gameplayer.games.dmm.com/gameplayer/filelist/29056
2023-12-28 05:28:29.492: info: System.Net.Http.HttpClient.Default.ClientHandler[100]
2023-12-28 05:28:29.492:       Sending HTTP request GET https://apidgp-gameplayer.games.dmm.com/gameplayer/filelist/29056
2023-12-28 05:28:30.282: info: System.Net.Http.HttpClient.Default.ClientHandler[101]
2023-12-28 05:28:30.282:       Received HTTP response headers after 791.1915ms - 200
2023-12-28 05:28:30.282: info: System.Net.Http.HttpClient.Default.LogicalHandler[101]
2023-12-28 05:28:30.282:       End processing HTTP request after 791.2371ms - 200
2023-12-28 05:29:23.467: info: MementoMori.BotServer.Plugins.MementoMoriQueryPlugin[0]
2023-12-28 05:29:23.467:       start retrieve notices
2023-12-28 05:29:24.625: info: MementoMori.BotServer.Plugins.MementoMoriQueryPlugin[0]
2023-12-28 05:29:24.625:       start retrieve notices
2023-12-28 05:38:30.294: info: System.Net.Http.HttpClient.Default.LogicalHandler[100]
2023-12-28 05:38:30.294:       Start processing HTTP request GET https://apidgp-gameplayer.games.dmm.com/gameplayer/filelist/29056
2023-12-28 05:38:30.294: info: System.Net.Http.HttpClient.Default.ClientHandler[100]
2023-12-28 05:38:30.294:       Sending HTTP request GET https://apidgp-gameplayer.games.dmm.com/gameplayer/filelist/29056
2023-12-28 05:38:30.965: info: System.Net.Http.HttpClient.Default.ClientHandler[101]
2023-12-28 05:38:30.965:       Received HTTP response headers after 671.2999ms - 200
2023-12-28 05:38:30.965: info: System.Net.Http.HttpClient.Default.LogicalHandler[101]
2023-12-28 05:38:30.965:       End processing HTTP request after 671.3476ms - 200
2023-12-28 05:39:24.948: info: MementoMori.BotServer.Plugins.MementoMoriQueryPlugin[0]
2023-12-28 05:39:24.948:       start retrieve notices
2023-12-28 05:39:26.381: info: MementoMori.BotServer.Plugins.MementoMoriQueryPlugin[0]
2023-12-28 05:39:26.381:       start retrieve notices
2023-12-28 05:47:33.997: info: MementoMori.MementoNetworkManager[0]
2023-12-28 05:47:33.997:       auto updating master data
2023-12-28 05:47:33.997: info: MementoMori.MementoNetworkManager[0]
2023-12-28 05:47:33.997:       下载 master 目录中...
2023-12-28 05:47:36.284: info: MementoMori.MementoNetworkManager[0]
2023-12-28 05:47:36.284:       下载 master 目录完成
2023-12-28 05:48:30.978: info: System.Net.Http.HttpClient.Default.LogicalHandler[100]
2023-12-28 05:48:30.978:       Start processing HTTP request GET https://apidgp-gameplayer.games.dmm.com/gameplayer/filelist/29056
2023-12-28 05:48:30.978: info: System.Net.Http.HttpClient.Default.ClientHandler[100]
2023-12-28 05:48:30.978:       Sending HTTP request GET https://apidgp-gameplayer.games.dmm.com/gameplayer/filelist/29056
2023-12-28 05:48:31.776: info: System.Net.Http.HttpClient.Default.ClientHandler[101]
2023-12-28 05:48:31.776:       Received HTTP response headers after 798.5801ms - 200
2023-12-28 05:48:31.776: info: System.Net.Http.HttpClient.Default.LogicalHandler[101]
2023-12-28 05:48:31.776:       End processing HTTP request after 798.649ms - 200
2023-12-28 05:49:26.722: info: MementoMori.BotServer.Plugins.MementoMoriQueryPlugin[0]
2023-12-28 05:49:26.722:       start retrieve notices
2023-12-28 05:49:27.697: info: MementoMori.BotServer.Plugins.MementoMoriQueryPlugin[0]
2023-12-28 05:49:27.697:       start retrieve notices
2023-12-28 05:58:31.787: info: System.Net.Http.HttpClient.Default.LogicalHandler[100]
2023-12-28 05:58:31.787:       Start processing HTTP request GET https://apidgp-gameplayer.games.dmm.com/gameplayer/filelist/29056
2023-12-28 05:58:31.787: info: System.Net.Http.HttpClient.Default.ClientHandler[100]
2023-12-28 05:58:31.787:       Sending HTTP request GET https://apidgp-gameplayer.games.dmm.com/gameplayer/filelist/29056
2023-12-28 05:58:32.631: info: System.Net.Http.HttpClient.Default.ClientHandler[101]
2023-12-28 05:58:32.631:       Received HTTP response headers after 844.396ms - 200
2023-12-28 05:58:32.631: info: System.Net.Http.HttpClient.Default.LogicalHandler[101]
2023-12-28 05:58:32.631:       End processing HTTP request after 844.4742ms - 200
2023-12-28 05:59:27.984: info: MementoMori.BotServer.Plugins.MementoMoriQueryPlugin[0]
2023-12-28 05:59:27.984:       start retrieve notices
2023-12-28 05:59:29.080: info: MementoMori.BotServer.Plugins.MementoMoriQueryPlugin[0]
2023-12-28 05:59:29.080:       start retrieve notices
2023-12-28 06:08:32.644: info: System.Net.Http.HttpClient.Default.LogicalHandler[100]
2023-12-28 06:08:32.644:       Start processing HTTP request GET https://apidgp-gameplayer.games.dmm.com/gameplayer/filelist/29056
2023-12-28 06:08:32.644: info: System.Net.Http.HttpClient.Default.ClientHandler[100]
2023-12-28 06:08:32.644:       Sending HTTP request GET https://apidgp-gameplayer.games.dmm.com/gameplayer/filelist/29056
2023-12-28 06:08:33.440: info: System.Net.Http.HttpClient.Default.ClientHandler[101]
2023-12-28 06:08:33.440:       Received HTTP response headers after 796.7622ms - 200
2023-12-28 06:08:33.440: info: System.Net.Http.HttpClient.Default.LogicalHandler[101]
2023-12-28 06:08:33.440:       End processing HTTP request after 796.8199ms - 200
2023-12-28 06:09:29.405: info: MementoMori.BotServer.Plugins.MementoMoriQueryPlugin[0]
2023-12-28 06:09:29.405:       start retrieve notices
2023-12-28 06:09:30.720: info: MementoMori.BotServer.Plugins.MementoMoriQueryPlugin[0]
2023-12-28 06:09:30.720:       start retrieve notices
2023-12-28 06:18:33.446: info: System.Net.Http.HttpClient.Default.LogicalHandler[100]
2023-12-28 06:18:33.446:       Start processing HTTP request GET https://apidgp-gameplayer.games.dmm.com/gameplayer/filelist/29056
2023-12-28 06:18:33.446: info: System.Net.Http.HttpClient.Default.ClientHandler[100]
2023-12-28 06:18:33.446:       Sending HTTP request GET https://apidgp-gameplayer.games.dmm.com/gameplayer/filelist/29056
2023-12-28 06:18:34.142: info: System.Net.Http.HttpClient.Default.ClientHandler[101]
2023-12-28 06:18:34.142:       Received HTTP response headers after 696.3517ms - 200
2023-12-28 06:18:34.142: info: System.Net.Http.HttpClient.Default.LogicalHandler[101]
2023-12-28 06:18:34.142:       End processing HTTP request after 696.4029ms - 200
2023-12-28 06:19:31.044: info: MementoMori.BotServer.Plugins.MementoMoriQueryPlugin[0]
2023-12-28 06:19:31.044:       start retrieve notices
2023-12-28 06:19:32.209: info: MementoMori.BotServer.Plugins.MementoMoriQueryPlugin[0]
2023-12-28 06:19:32.209:       start retrieve notices
2023-12-28 06:28:34.143: info: System.Net.Http.HttpClient.Default.LogicalHandler[100]
2023-12-28 06:28:34.143:       Start processing HTTP request GET https://apidgp-gameplayer.games.dmm.com/gameplayer/filelist/29056
info: System.Net.Http.HttpClient.Default.ClientHandler[100]
