2023-12-30 03:11:40.623:       Start processing HTTP request GET https://apidgp-gameplayer.games.dmm.com/gameplayer/filelist/29066
2023-12-30 03:11:40.623: info: System.Net.Http.HttpClient.Default.ClientHandler[100]
2023-12-30 03:11:40.623:       Sending HTTP request GET https://apidgp-gameplayer.games.dmm.com/gameplayer/filelist/29066
2023-12-30 03:11:41.291: info: System.Net.Http.HttpClient.Default.ClientHandler[101]
2023-12-30 03:11:41.291:       Received HTTP response headers after 669.7435ms - 200
2023-12-30 03:11:41.291: info: System.Net.Http.HttpClient.Default.LogicalHandler[101]
2023-12-30 03:11:41.291:       End processing HTTP request after 669.8159ms - 200
2023-12-30 03:12:18.201: info: MementoMori.BotServer.Plugins.MementoMoriQueryPlugin[0]
2023-12-30 03:12:18.201:       start retrieve notices
2023-12-30 03:12:19.227: info: MementoMori.BotServer.Plugins.MementoMoriQueryPlugin[0]
2023-12-30 03:12:19.227:       start retrieve notices
2023-12-30 03:21:41.293: info: System.Net.Http.HttpClient.Default.LogicalHandler[100]
2023-12-30 03:21:41.293:       Start processing HTTP request GET https://apidgp-gameplayer.games.dmm.com/gameplayer/filelist/29066
2023-12-30 03:21:41.293: info: System.Net.Http.HttpClient.Default.ClientHandler[100]
2023-12-30 03:21:41.293:       Sending HTTP request GET https://apidgp-gameplayer.games.dmm.com/gameplayer/filelist/29066
2023-12-30 03:21:43.069: info: System.Net.Http.HttpClient.Default.ClientHandler[101]
2023-12-30 03:21:43.069:       Received HTTP response headers after 1776.5872ms - 200
2023-12-30 03:21:43.069: info: System.Net.Http.HttpClient.Default.LogicalHandler[101]
2023-12-30 03:21:43.069:       End processing HTTP request after 1776.6414ms - 200
2023-12-30 03:22:19.556: info: MementoMori.BotServer.Plugins.MementoMoriQueryPlugin[0]
2023-12-30 03:22:19.556:       start retrieve notices
2023-12-30 03:22:20.816: info: MementoMori.BotServer.Plugins.MementoMoriQueryPlugin[0]
2023-12-30 03:22:20.816:       start retrieve notices
2023-12-30 03:31:43.079: info: System.Net.Http.HttpClient.Default.LogicalHandler[100]
2023-12-30 03:31:43.079:       Start processing HTTP request GET https://apidgp-gameplayer.games.dmm.com/gameplayer/filelist/29066
2023-12-30 03:31:43.079: info: System.Net.Http.HttpClient.Default.ClientHandler[100]
2023-12-30 03:31:43.079:       Sending HTTP request GET https://apidgp-gameplayer.games.dmm.com/gameplayer/filelist/29066
2023-12-30 03:31:43.924: info: System.Net.Http.HttpClient.Default.ClientHandler[101]
2023-12-30 03:31:43.924:       Received HTTP response headers after 844.7429ms - 200
2023-12-30 03:31:43.924: info: System.Net.Http.HttpClient.Default.LogicalHandler[101]
2023-12-30 03:31:43.924:       End processing HTTP request after 844.8064ms - 200
2023-12-30 03:32:21.100: info: MementoMori.BotServer.Plugins.MementoMoriQueryPlugin[0]
2023-12-30 03:32:21.100:       start retrieve notices
2023-12-30 03:32:26.217: info: MementoMori.BotServer.Plugins.MementoMoriQueryPlugin[0]
2023-12-30 03:32:26.217:       start retrieve notices
2023-12-30 03:41:43.924: info: System.Net.Http.HttpClient.Default.LogicalHandler[100]
2023-12-30 03:41:43.924:       Start processing HTTP request GET https://apidgp-gameplayer.games.dmm.com/gameplayer/filelist/29066
2023-12-30 03:41:43.924: info: System.Net.Http.HttpClient.Default.ClientHandler[100]
2023-12-30 03:41:43.924:       Sending HTTP request GET https://apidgp-gameplayer.games.dmm.com/gameplayer/filelist/29066
2023-12-30 03:41:44.642: info: System.Net.Http.HttpClient.Default.ClientHandler[101]
2023-12-30 03:41:44.642:       Received HTTP response headers after 717.9449ms - 200
2023-12-30 03:41:44.642: info: System.Net.Http.HttpClient.Default.LogicalHandler[101]
2023-12-30 03:41:44.642:       End processing HTTP request after 718.0064ms - 200
2023-12-30 03:42:26.553: info: MementoMori.BotServer.Plugins.MementoMoriQueryPlugin[0]
2023-12-30 03:42:26.553:       start retrieve notices
2023-12-30 03:42:28.765: info: MementoMori.BotServer.Plugins.MementoMoriQueryPlugin[0]
2023-12-30 03:42:28.765:       start retrieve notices
2023-12-30 03:44:07.364: info: MementoMori.BotServer.Plugins.MementoMoriQueryPlugin[0]
2023-12-30 03:44:07.364:       QueryTowerInfo 金 210
2023-12-30 03:51:44.654: info: System.Net.Http.HttpClient.Default.LogicalHandler[100]
2023-12-30 03:51:44.654:       Start processing HTTP request GET https://apidgp-gameplayer.games.dmm.com/gameplayer/filelist/29066
2023-12-30 03:51:44.654: info: System.Net.Http.HttpClient.Default.ClientHandler[100]
2023-12-30 03:51:44.654:       Sending HTTP request GET https://apidgp-gameplayer.games.dmm.com/gameplayer/filelist/29066
2023-12-30 03:51:45.368: info: System.Net.Http.HttpClient.Default.ClientHandler[101]
2023-12-30 03:51:45.368:       Received HTTP response headers after 714.2843ms - 200
2023-12-30 03:51:45.368: info: System.Net.Http.HttpClient.Default.LogicalHandler[101]
2023-12-30 03:51:45.368:       End processing HTTP request after 714.3344ms - 200
2023-12-30 03:52:29.099: info: MementoMori.BotServer.Plugins.MementoMoriQueryPlugin[0]
2023-12-30 03:52:29.099:       start retrieve notices
2023-12-30 03:52:30.132: info: MementoMori.BotServer.Plugins.MementoMoriQueryPlugin[0]
2023-12-30 03:52:30.132:       start retrieve notices
2023-12-30 04:01:45.369: info: System.Net.Http.HttpClient.Default.LogicalHandler[100]
2023-12-30 04:01:45.369:       Start processing HTTP request GET https://apidgp-gameplayer.games.dmm.com/gameplayer/filelist/29066
2023-12-30 04:01:45.369: info: System.Net.Http.HttpClient.Default.ClientHandler[100]
2023-12-30 04:01:45.369:       Sending HTTP request GET https://apidgp-gameplayer.games.dmm.com/gameplayer/filelist/29066
2023-12-30 04:01:46.098: info: System.Net.Http.HttpClient.Default.ClientHandler[101]
2023-12-30 04:01:46.098:       Received HTTP response headers after 729.8314ms - 200
2023-12-30 04:01:46.098: info: System.Net.Http.HttpClient.Default.LogicalHandler[101]
2023-12-30 04:01:46.098:       End processing HTTP request after 729.8902ms - 200
2023-12-30 04:02:30.373: info: MementoMori.BotServer.Plugins.MementoMoriQueryPlugin[0]
2023-12-30 04:02:30.373:       start retrieve notices
2023-12-30 04:02:31.362: info: MementoMori.BotServer.Plugins.MementoMoriQueryPlugin[0]
2023-12-30 04:02:31.362:       start retrieve notices
2023-12-30 04:11:04.299: info: MementoMori.MementoNetworkManager[0]
2023-12-30 04:11:04.299:       auto updating master data
2023-12-30 04:11:04.299: info: MementoMori.MementoNetworkManager[0]
2023-12-30 04:11:04.299:       下载 master 目录中...
2023-12-30 04:11:06.633: info: MementoMori.MementoNetworkManager[0]
2023-12-30 04:11:06.634:       下载 master 目录完成
2023-12-30 04:11:46.102: info: System.Net.Http.HttpClient.Default.LogicalHandler[100]
2023-12-30 04:11:46.102:       Start processing HTTP request GET https://apidgp-gameplayer.games.dmm.com/gameplayer/filelist/29066
2023-12-30 04:11:46.102: info: System.Net.Http.HttpClient.Default.ClientHandler[100]
2023-12-30 04:11:46.102:       Sending HTTP request GET https://apidgp-gameplayer.games.dmm.com/gameplayer/filelist/29066
2023-12-30 04:11:46.782: info: System.Net.Http.HttpClient.Default.ClientHandler[101]
2023-12-30 04:11:46.782:       Received HTTP response headers after 679.4279ms - 200
2023-12-30 04:11:46.782: info: System.Net.Http.HttpClient.Default.LogicalHandler[101]
2023-12-30 04:11:46.782:       End processing HTTP request after 679.4872ms - 200
2023-12-30 04:12:31.633: info: MementoMori.BotServer.Plugins.MementoMoriQueryPlugin[0]
2023-12-30 04:12:31.633:       start retrieve notices
2023-12-30 04:12:32.711: info: MementoMori.BotServer.Plugins.MementoMoriQueryPlugin[0]
2023-12-30 04:12:32.711:       start retrieve notices
2023-12-30 04:21:46.788: info: System.Net.Http.HttpClient.Default.LogicalHandler[100]
2023-12-30 04:21:46.788:       Start processing HTTP request GET https://apidgp-gameplayer.games.dmm.com/gameplayer/filelist/29066
2023-12-30 04:21:46.788: info: System.Net.Http.HttpClient.Default.ClientHandler[100]
2023-12-30 04:21:46.788:       Sending HTTP request GET https://apidgp-gameplayer.games.dmm.com/gameplayer/filelist/29066
2023-12-30 04:21:47.663: info: System.Net.Http.HttpClient.Default.ClientHandler[101]
2023-12-30 04:21:47.663:       Received HTTP response headers after 874.6984ms - 200
2023-12-30 04:21:47.663: info: System.Net.Http.HttpClient.Default.LogicalHandler[101]
2023-12-30 04:21:47.663:       End processing HTTP request after 874.75ms - 200
2023-12-30 04:22:32.965: info: MementoMori.BotServer.Plugins.MementoMoriQueryPlugin[0]
2023-12-30 04:22:32.965:       start retrieve notices
2023-12-30 04:22:33.967: info: MementoMori.BotServer.Plugins.MementoMoriQueryPlugin[0]
2023-12-30 04:22:33.967:       start retrieve notices
2023-12-30 04:31:47.674: info: System.Net.Http.HttpClient.Default.LogicalHandler[100]
2023-12-30 04:31:47.674:       Start processing HTTP request GET https://apidgp-gameplayer.games.dmm.com/gameplayer/filelist/29066
2023-12-30 04:31:47.674: info: System.Net.Http.HttpClient.Default.ClientHandler[100]
2023-12-30 04:31:47.674:       Sending HTTP request GET https://apidgp-gameplayer.games.dmm.com/gameplayer/filelist/29066
2023-12-30 04:31:48.413: info: System.Net.Http.HttpClient.Default.ClientHandler[101]
2023-12-30 04:31:48.413:       Received HTTP response headers after 739.6851ms - 200
2023-12-30 04:31:48.413: info: System.Net.Http.HttpClient.Default.LogicalHandler[101]
2023-12-30 04:31:48.413:       End processing HTTP request after 739.7511ms - 200
2023-12-30 04:32:34.226: info: MementoMori.BotServer.Plugins.MementoMoriQueryPlugin[0]
2023-12-30 04:32:34.226:       start retrieve notices
2023-12-30 04:32:35.202: info: MementoMori.BotServer.Plugins.MementoMoriQueryPlugin[0]
2023-12-30 04:32:35.202:       start retrieve notices
2023-12-30 04:41:48.414: info: System.Net.Http.HttpClient.Default.LogicalHandler[100]
2023-12-30 04:41:48.414:       Start processing HTTP request GET https://apidgp-gameplayer.games.dmm.com/gameplayer/filelist/29066
2023-12-30 04:41:48.414: info: System.Net.Http.HttpClient.Default.ClientHandler[100]
2023-12-30 04:41:48.414:       Sending HTTP request GET https://apidgp-gameplayer.games.dmm.com/gameplayer/filelist/29066
2023-12-30 04:41:49.154: info: System.Net.Http.HttpClient.Default.ClientHandler[101]
2023-12-30 04:41:49.154:       Received HTTP response headers after 739.5449ms - 200
2023-12-30 04:41:49.154: info: System.Net.Http.HttpClient.Default.LogicalHandler[101]
2023-12-30 04:41:49.154:       End processing HTTP request after 739.5944ms - 200
2023-12-30 04:42:35.442: info: MementoMori.BotServer.Plugins.MementoMoriQueryPlugin[0]
2023-12-30 04:42:35.442:       start retrieve notices
2023-12-30 04:42:36.479: info: MementoMori.BotServer.Plugins.MementoMoriQueryPlugin[0]
2023-12-30 04:42:36.479:       start retrieve notices
2023-12-30 04:51:49.157: info: System.Net.Http.HttpClient.Default.LogicalHandler[100]
2023-12-30 04:51:49.157:       Start processing HTTP request GET https://apidgp-gameplayer.games.dmm.com/gameplayer/filelist/29066
2023-12-30 04:51:49.157: info: System.Net.Http.HttpClient.Default.ClientHandler[100]
2023-12-30 04:51:49.157:       Sending HTTP request GET https://apidgp-gameplayer.games.dmm.com/gameplayer/filelist/29066
2023-12-30 04:51:50.022: info: System.Net.Http.HttpClient.Default.ClientHandler[101]
2023-12-30 04:51:50.022:       Received HTTP response headers after 865.1ms - 200
2023-12-30 04:51:50.022: info: System.Net.Http.HttpClient.Default.LogicalHandler[101]
2023-12-30 04:51:50.022:       End processing HTTP request after 865.1627ms - 200
2023-12-30 04:52:36.744: info: MementoMori.BotServer.Plugins.MementoMoriQueryPlugin[0]
2023-12-30 04:52:36.744:       start retrieve notices
2023-12-30 04:52:37.790: info: MementoMori.BotServer.Plugins.MementoMoriQueryPlugin[0]
2023-12-30 04:52:37.790:       start retrieve notices
2023-12-30 05:01:50.035: info: System.Net.Http.HttpClient.Default.LogicalHandler[100]
2023-12-30 05:01:50.035:       Start processing HTTP request GET https://apidgp-gameplayer.games.dmm.com/gameplayer/filelist/29066
2023-12-30 05:01:50.035: info: System.Net.Http.HttpClient.Default.ClientHandler[100]
2023-12-30 05:01:50.035:       Sending HTTP request GET https://apidgp-gameplayer.games.dmm.com/gameplayer/filelist/29066
2023-12-30 05:01:50.895: info: System.Net.Http.HttpClient.Default.ClientHandler[101]
2023-12-30 05:01:50.895:       Received HTTP response headers after 859.0363ms - 200
2023-12-30 05:01:50.895: info: System.Net.Http.HttpClient.Default.LogicalHandler[101]
2023-12-30 05:01:50.895:       End processing HTTP request after 859.0882ms - 200
2023-12-30 05:02:38.068: info: MementoMori.BotServer.Plugins.MementoMoriQueryPlugin[0]
2023-12-30 05:02:38.068:       start retrieve notices
2023-12-30 05:02:39.040: info: MementoMori.BotServer.Plugins.MementoMoriQueryPlugin[0]
2023-12-30 05:02:39.040:       start retrieve notices
2023-12-30 05:11:06.640: info: MementoMori.MementoNetworkManager[0]
2023-12-30 05:11:06.640:       auto updating master data
2023-12-30 05:11:06.640: info: MementoMori.MementoNetworkManager[0]
2023-12-30 05:11:06.640:       下载 master 目录中...
2023-12-30 05:11:08.819: info: MementoMori.MementoNetworkManager[0]
2023-12-30 05:11:08.819:       下载 master 目录完成
2023-12-30 05:11:50.905: info: System.Net.Http.HttpClient.Default.LogicalHandler[100]
2023-12-30 05:11:50.905:       Start processing HTTP request GET https://apidgp-gameplayer.games.dmm.com/gameplayer/filelist/29066
2023-12-30 05:11:50.905: info: System.Net.Http.HttpClient.Default.ClientHandler[100]
2023-12-30 05:11:50.905:       Sending HTTP request GET https://apidgp-gameplayer.games.dmm.com/gameplayer/filelist/29066
2023-12-30 05:11:51.634: info: System.Net.Http.HttpClient.Default.ClientHandler[101]
2023-12-30 05:11:51.634:       Received HTTP response headers after 729.0945ms - 200
2023-12-30 05:11:51.634: info: System.Net.Http.HttpClient.Default.LogicalHandler[101]
2023-12-30 05:11:51.634:       End processing HTTP request after 729.23ms - 200
2023-12-30 05:12:39.312: info: MementoMori.BotServer.Plugins.MementoMoriQueryPlugin[0]
2023-12-30 05:12:39.312:       start retrieve notices
2023-12-30 05:12:40.368: info: MementoMori.BotServer.Plugins.MementoMoriQueryPlugin[0]
2023-12-30 05:12:40.368:       start retrieve notices
2023-12-30 05:21:51.639: info: System.Net.Http.HttpClient.Default.LogicalHandler[100]
2023-12-30 05:21:51.639:       Start processing HTTP request GET https://apidgp-gameplayer.games.dmm.com/gameplayer/filelist/29066
2023-12-30 05:21:51.639: info: System.Net.Http.HttpClient.Default.ClientHandler[100]
2023-12-30 05:21:51.639:       Sending HTTP request GET https://apidgp-gameplayer.games.dmm.com/gameplayer/filelist/29066
2023-12-30 05:21:52.218: info: System.Net.Http.HttpClient.Default.ClientHandler[101]
2023-12-30 05:21:52.218:       Received HTTP response headers after 580.0401ms - 200
2023-12-30 05:21:52.218: info: System.Net.Http.HttpClient.Default.LogicalHandler[101]
2023-12-30 05:21:52.218:       End processing HTTP request after 580.1044ms - 200
2023-12-30 05:22:40.675: info: MementoMori.BotServer.Plugins.MementoMoriQueryPlugin[0]
2023-12-30 05:22:40.675:       start retrieve notices
2023-12-30 05:22:41.817: info: MementoMori.BotServer.Plugins.MementoMoriQueryPlugin[0]
2023-12-30 05:22:41.817:       start retrieve notices
2023-12-30 05:31:26.834: info: MementoMori.BotServer.Plugins.MementoMoriQueryPlugin[0]
2023-12-30 05:31:26.834:       QueryTowerInfo 金 395
2023-12-30 05:31:52.219: info: System.Net.Http.HttpClient.Default.LogicalHandler[100]
2023-12-30 05:31:52.219:       Start processing HTTP request GET https://apidgp-gameplayer.games.dmm.com/gameplayer/filelist/29066
2023-12-30 05:31:52.219: info: System.Net.Http.HttpClient.Default.ClientHandler[100]
2023-12-30 05:31:52.219:       Sending HTTP request GET https://apidgp-gameplayer.games.dmm.com/gameplayer/filelist/29066
2023-12-30 05:31:52.931: info: System.Net.Http.HttpClient.Default.ClientHandler[101]
2023-12-30 05:31:52.931:       Received HTTP response headers after 712.4748ms - 200
2023-12-30 05:31:52.931: info: System.Net.Http.HttpClient.Default.LogicalHandler[101]
2023-12-30 05:31:52.931:       End processing HTTP request after 712.5431ms - 200
2023-12-30 05:32:42.150: info: MementoMori.BotServer.Plugins.MementoMoriQueryPlugin[0]
2023-12-30 05:32:42.150:       start retrieve notices
2023-12-30 05:32:43.235: info: MementoMori.BotServer.Plugins.MementoMoriQueryPlugin[0]
2023-12-30 05:32:43.235:       start retrieve notices
2023-12-30 05:41:52.942: info: System.Net.Http.HttpClient.Default.LogicalHandler[100]
2023-12-30 05:41:52.942:       Start processing HTTP request GET https://apidgp-gameplayer.games.dmm.com/gameplayer/filelist/29066
2023-12-30 05:41:52.942: info: System.Net.Http.HttpClient.Default.ClientHandler[100]
2023-12-30 05:41:52.942:       Sending HTTP request GET https://apidgp-gameplayer.games.dmm.com/gameplayer/filelist/29066
2023-12-30 05:41:53.566: info: System.Net.Http.HttpClient.Default.ClientHandler[101]
2023-12-30 05:41:53.566:       Received HTTP response headers after 624.2021ms - 200
2023-12-30 05:41:53.566: info: System.Net.Http.HttpClient.Default.LogicalHandler[101]
2023-12-30 05:41:53.566:       End processing HTTP request after 624.2586ms - 200
2023-12-30 05:42:43.562: info: MementoMori.BotServer.Plugins.MementoMoriQueryPlugin[0]
2023-12-30 05:42:43.562:       start retrieve notices
2023-12-30 05:42:44.791: info: MementoMori.BotServer.Plugins.MementoMoriQueryPlugin[0]
2023-12-30 05:42:44.792:       start retrieve notices
2023-12-30 05:51:53.567: info: System.Net.Http.HttpClient.Default.LogicalHandler[100]
2023-12-30 05:51:53.567:       Start processing HTTP request GET https://apidgp-gameplayer.games.dmm.com/gameplayer/filelist/29066
2023-12-30 05:51:53.567: info: System.Net.Http.HttpClient.Default.ClientHandler[100]
2023-12-30 05:51:53.567:       Sending HTTP request GET https://apidgp-gameplayer.games.dmm.com/gameplayer/filelist/29066
2023-12-30 05:51:54.285: info: System.Net.Http.HttpClient.Default.ClientHandler[101]
2023-12-30 05:51:54.285:       Received HTTP response headers after 718.6404ms - 200
2023-12-30 05:51:54.285: info: System.Net.Http.HttpClient.Default.LogicalHandler[101]
2023-12-30 05:51:54.285:       End processing HTTP request after 718.6996ms - 200
2023-12-30 05:52:45.060: info: MementoMori.BotServer.Plugins.MementoMoriQueryPlugin[0]
2023-12-30 05:52:45.060:       start retrieve notices
info: MementoMori.BotServer.Plugins.MementoMoriQueryPlugin[0]
