2024-01-04 09:06:04.976:       Sending HTTP request GET https://apidgp-gameplayer.games.dmm.com/gameplayer/filelist/29072
2024-01-04 09:06:05.638: info: System.Net.Http.HttpClient.Default.ClientHandler[101]
2024-01-04 09:06:05.639:       Received HTTP response headers after 664.9934ms - 200
2024-01-04 09:06:05.639: info: System.Net.Http.HttpClient.Default.LogicalHandler[101]
2024-01-04 09:06:05.639:       End processing HTTP request after 665.0469ms - 200
2024-01-04 09:13:59.290: info: MementoMori.BotServer.Plugins.MementoMoriQueryPlugin[0]
2024-01-04 09:13:59.290:       start retrieve notices
2024-01-04 09:14:00.845: info: MementoMori.BotServer.Plugins.MementoMoriQueryPlugin[0]
2024-01-04 09:14:00.845:       start retrieve notices
2024-01-04 09:16:05.644: info: System.Net.Http.HttpClient.Default.LogicalHandler[100]
2024-01-04 09:16:05.644:       Start processing HTTP request GET https://apidgp-gameplayer.games.dmm.com/gameplayer/filelist/29072
2024-01-04 09:16:05.644: info: System.Net.Http.HttpClient.Default.ClientHandler[100]
2024-01-04 09:16:05.644:       Sending HTTP request GET https://apidgp-gameplayer.games.dmm.com/gameplayer/filelist/29072
2024-01-04 09:16:06.567: info: System.Net.Http.HttpClient.Default.ClientHandler[101]
2024-01-04 09:16:06.567:       Received HTTP response headers after 923.3011ms - 200
2024-01-04 09:16:06.567: info: System.Net.Http.HttpClient.Default.LogicalHandler[101]
2024-01-04 09:16:06.567:       End processing HTTP request after 923.358ms - 200
2024-01-04 09:16:20.157: info: MementoMori.MementoNetworkManager[0]
2024-01-04 09:16:20.157:       auto updating master data
2024-01-04 09:16:20.157: info: MementoMori.MementoNetworkManager[0]
2024-01-04 09:16:20.157:       下载 master 目录中...
2024-01-04 09:16:22.687: info: MementoMori.MementoNetworkManager[0]
2024-01-04 09:16:22.687:       下载 master 目录完成
2024-01-04 09:24:01.191: info: MementoMori.BotServer.Plugins.MementoMoriQueryPlugin[0]
2024-01-04 09:24:01.191:       start retrieve notices
2024-01-04 09:24:02.484: info: MementoMori.BotServer.Plugins.MementoMoriQueryPlugin[0]
2024-01-04 09:24:02.484:       start retrieve notices
2024-01-04 09:26:06.576: info: System.Net.Http.HttpClient.Default.LogicalHandler[100]
2024-01-04 09:26:06.576:       Start processing HTTP request GET https://apidgp-gameplayer.games.dmm.com/gameplayer/filelist/29072
2024-01-04 09:26:06.576: info: System.Net.Http.HttpClient.Default.ClientHandler[100]
2024-01-04 09:26:06.576:       Sending HTTP request GET https://apidgp-gameplayer.games.dmm.com/gameplayer/filelist/29072
2024-01-04 09:26:07.478: info: System.Net.Http.HttpClient.Default.ClientHandler[101]
2024-01-04 09:26:07.478:       Received HTTP response headers after 902.4706ms - 200
2024-01-04 09:26:07.478: info: System.Net.Http.HttpClient.Default.LogicalHandler[101]
2024-01-04 09:26:07.478:       End processing HTTP request after 902.5219ms - 200
2024-01-04 09:34:02.812: info: MementoMori.BotServer.Plugins.MementoMoriQueryPlugin[0]
2024-01-04 09:34:02.812:       start retrieve notices
2024-01-04 09:34:04.008: info: MementoMori.BotServer.Plugins.MementoMoriQueryPlugin[0]
2024-01-04 09:34:04.008:       start retrieve notices
2024-01-04 09:36:07.485: info: System.Net.Http.HttpClient.Default.LogicalHandler[100]
2024-01-04 09:36:07.485:       Start processing HTTP request GET https://apidgp-gameplayer.games.dmm.com/gameplayer/filelist/29072
2024-01-04 09:36:07.485: info: System.Net.Http.HttpClient.Default.ClientHandler[100]
2024-01-04 09:36:07.485:       Sending HTTP request GET https://apidgp-gameplayer.games.dmm.com/gameplayer/filelist/29072
2024-01-04 09:36:08.736: info: System.Net.Http.HttpClient.Default.ClientHandler[101]
2024-01-04 09:36:08.736:       Received HTTP response headers after 1251.5417ms - 200
2024-01-04 09:36:08.736: info: System.Net.Http.HttpClient.Default.LogicalHandler[101]
2024-01-04 09:36:08.736:       End processing HTTP request after 1251.6145ms - 200
2024-01-04 09:44:04.394: info: MementoMori.BotServer.Plugins.MementoMoriQueryPlugin[0]
2024-01-04 09:44:04.394:       start retrieve notices
2024-01-04 09:44:05.920: info: MementoMori.BotServer.Plugins.MementoMoriQueryPlugin[0]
2024-01-04 09:44:05.920:       start retrieve notices
2024-01-04 09:46:08.744: info: System.Net.Http.HttpClient.Default.LogicalHandler[100]
2024-01-04 09:46:08.744:       Start processing HTTP request GET https://apidgp-gameplayer.games.dmm.com/gameplayer/filelist/29072
2024-01-04 09:46:08.744: info: System.Net.Http.HttpClient.Default.ClientHandler[100]
2024-01-04 09:46:08.744:       Sending HTTP request GET https://apidgp-gameplayer.games.dmm.com/gameplayer/filelist/29072
2024-01-04 09:46:09.836: info: System.Net.Http.HttpClient.Default.ClientHandler[101]
2024-01-04 09:46:09.836:       Received HTTP response headers after 1092.9221ms - 200
2024-01-04 09:46:09.836: info: System.Net.Http.HttpClient.Default.LogicalHandler[101]
2024-01-04 09:46:09.836:       End processing HTTP request after 1092.977ms - 200
2024-01-04 09:54:06.282: info: MementoMori.BotServer.Plugins.MementoMoriQueryPlugin[0]
2024-01-04 09:54:06.282:       start retrieve notices
2024-01-04 09:54:07.547: info: MementoMori.BotServer.Plugins.MementoMoriQueryPlugin[0]
2024-01-04 09:54:07.547:       start retrieve notices
2024-01-04 09:56:09.850: info: System.Net.Http.HttpClient.Default.LogicalHandler[100]
2024-01-04 09:56:09.850:       Start processing HTTP request GET https://apidgp-gameplayer.games.dmm.com/gameplayer/filelist/29072
2024-01-04 09:56:09.850: info: System.Net.Http.HttpClient.Default.ClientHandler[100]
2024-01-04 09:56:09.850:       Sending HTTP request GET https://apidgp-gameplayer.games.dmm.com/gameplayer/filelist/29072
2024-01-04 09:56:10.685: info: System.Net.Http.HttpClient.Default.ClientHandler[101]
2024-01-04 09:56:10.685:       Received HTTP response headers after 835.042ms - 200
2024-01-04 09:56:10.685: info: System.Net.Http.HttpClient.Default.LogicalHandler[101]
2024-01-04 09:56:10.685:       End processing HTTP request after 835.1004ms - 200
2024-01-04 10:04:07.893: info: MementoMori.BotServer.Plugins.MementoMoriQueryPlugin[0]
2024-01-04 10:04:07.893:       start retrieve notices
2024-01-04 10:04:09.141: info: MementoMori.BotServer.Plugins.MementoMoriQueryPlugin[0]
2024-01-04 10:04:09.141:       start retrieve notices
2024-01-04 10:06:10.693: info: System.Net.Http.HttpClient.Default.LogicalHandler[100]
2024-01-04 10:06:10.693:       Start processing HTTP request GET https://apidgp-gameplayer.games.dmm.com/gameplayer/filelist/29072
2024-01-04 10:06:10.693: info: System.Net.Http.HttpClient.Default.ClientHandler[100]
2024-01-04 10:06:10.693:       Sending HTTP request GET https://apidgp-gameplayer.games.dmm.com/gameplayer/filelist/29072
2024-01-04 10:06:11.760: info: System.Net.Http.HttpClient.Default.ClientHandler[101]
2024-01-04 10:06:11.760:       Received HTTP response headers after 1067.4917ms - 200
2024-01-04 10:06:11.760: info: System.Net.Http.HttpClient.Default.LogicalHandler[101]
2024-01-04 10:06:11.760:       End processing HTTP request after 1067.5442ms - 200
2024-01-04 10:14:09.480: info: MementoMori.BotServer.Plugins.MementoMoriQueryPlugin[0]
2024-01-04 10:14:09.480:       start retrieve notices
2024-01-04 10:14:10.896: info: MementoMori.BotServer.Plugins.MementoMoriQueryPlugin[0]
2024-01-04 10:14:10.896:       start retrieve notices
2024-01-04 10:16:11.763: info: System.Net.Http.HttpClient.Default.LogicalHandler[100]
2024-01-04 10:16:11.763:       Start processing HTTP request GET https://apidgp-gameplayer.games.dmm.com/gameplayer/filelist/29072
2024-01-04 10:16:11.763: info: System.Net.Http.HttpClient.Default.ClientHandler[100]
2024-01-04 10:16:11.763:       Sending HTTP request GET https://apidgp-gameplayer.games.dmm.com/gameplayer/filelist/29072
2024-01-04 10:16:12.626: info: System.Net.Http.HttpClient.Default.ClientHandler[101]
2024-01-04 10:16:12.626:       Received HTTP response headers after 863.6167ms - 200
2024-01-04 10:16:12.626: info: System.Net.Http.HttpClient.Default.LogicalHandler[101]
2024-01-04 10:16:12.626:       End processing HTTP request after 863.6726ms - 200
2024-01-04 10:16:22.701: info: MementoMori.MementoNetworkManager[0]
2024-01-04 10:16:22.701:       auto updating master data
2024-01-04 10:16:22.701: info: MementoMori.MementoNetworkManager[0]
2024-01-04 10:16:22.701:       下载 master 目录中...
2024-01-04 10:16:25.354: info: MementoMori.MementoNetworkManager[0]
2024-01-04 10:16:25.354:       下载 master 目录完成
2024-01-04 10:24:11.275: info: MementoMori.BotServer.Plugins.MementoMoriQueryPlugin[0]
2024-01-04 10:24:11.275:       start retrieve notices
2024-01-04 10:24:12.289: info: MementoMori.BotServer.Plugins.MementoMoriQueryPlugin[0]
2024-01-04 10:24:12.289:       start retrieve notices
2024-01-04 10:26:12.629: info: System.Net.Http.HttpClient.Default.LogicalHandler[100]
2024-01-04 10:26:12.629:       Start processing HTTP request GET https://apidgp-gameplayer.games.dmm.com/gameplayer/filelist/29072
2024-01-04 10:26:12.629: info: System.Net.Http.HttpClient.Default.ClientHandler[100]
2024-01-04 10:26:12.629:       Sending HTTP request GET https://apidgp-gameplayer.games.dmm.com/gameplayer/filelist/29072
2024-01-04 10:26:13.353: info: System.Net.Http.HttpClient.Default.ClientHandler[101]
2024-01-04 10:26:13.353:       Received HTTP response headers after 724.2652ms - 200
2024-01-04 10:26:13.353: info: System.Net.Http.HttpClient.Default.LogicalHandler[101]
2024-01-04 10:26:13.353:       End processing HTTP request after 724.3279ms - 200
2024-01-04 10:34:12.542: info: MementoMori.BotServer.Plugins.MementoMoriQueryPlugin[0]
2024-01-04 10:34:12.542:       start retrieve notices
2024-01-04 10:34:13.712: info: MementoMori.BotServer.Plugins.MementoMoriQueryPlugin[0]
2024-01-04 10:34:13.712:       start retrieve notices
2024-01-04 10:36:13.361: info: System.Net.Http.HttpClient.Default.LogicalHandler[100]
2024-01-04 10:36:13.361:       Start processing HTTP request GET https://apidgp-gameplayer.games.dmm.com/gameplayer/filelist/29072
2024-01-04 10:36:13.361: info: System.Net.Http.HttpClient.Default.ClientHandler[100]
2024-01-04 10:36:13.361:       Sending HTTP request GET https://apidgp-gameplayer.games.dmm.com/gameplayer/filelist/29072
2024-01-04 10:36:14.153: info: System.Net.Http.HttpClient.Default.ClientHandler[101]
2024-01-04 10:36:14.153:       Received HTTP response headers after 791.6698ms - 200
2024-01-04 10:36:14.153: info: System.Net.Http.HttpClient.Default.LogicalHandler[101]
2024-01-04 10:36:14.153:       End processing HTTP request after 791.7302ms - 200
2024-01-04 10:44:13.946: info: MementoMori.BotServer.Plugins.MementoMoriQueryPlugin[0]
2024-01-04 10:44:13.946:       start retrieve notices
2024-01-04 10:44:15.051: info: MementoMori.BotServer.Plugins.MementoMoriQueryPlugin[0]
2024-01-04 10:44:15.051:       start retrieve notices
2024-01-04 10:46:14.158: info: System.Net.Http.HttpClient.Default.LogicalHandler[100]
2024-01-04 10:46:14.158:       Start processing HTTP request GET https://apidgp-gameplayer.games.dmm.com/gameplayer/filelist/29072
2024-01-04 10:46:14.158: info: System.Net.Http.HttpClient.Default.ClientHandler[100]
2024-01-04 10:46:14.158:       Sending HTTP request GET https://apidgp-gameplayer.games.dmm.com/gameplayer/filelist/29072
2024-01-04 10:46:14.899: info: System.Net.Http.HttpClient.Default.ClientHandler[101]
2024-01-04 10:46:14.899:       Received HTTP response headers after 740.4765ms - 200
2024-01-04 10:46:14.899: info: System.Net.Http.HttpClient.Default.LogicalHandler[101]
2024-01-04 10:46:14.899:       End processing HTTP request after 740.5225ms - 200
2024-01-04 10:54:15.329: info: MementoMori.BotServer.Plugins.MementoMoriQueryPlugin[0]
2024-01-04 10:54:15.329:       start retrieve notices
2024-01-04 10:54:16.319: info: MementoMori.BotServer.Plugins.MementoMoriQueryPlugin[0]
2024-01-04 10:54:16.319:       start retrieve notices
2024-01-04 10:56:14.899: info: System.Net.Http.HttpClient.Default.LogicalHandler[100]
2024-01-04 10:56:14.899:       Start processing HTTP request GET https://apidgp-gameplayer.games.dmm.com/gameplayer/filelist/29072
2024-01-04 10:56:14.899: info: System.Net.Http.HttpClient.Default.ClientHandler[100]
2024-01-04 10:56:14.899:       Sending HTTP request GET https://apidgp-gameplayer.games.dmm.com/gameplayer/filelist/29072
2024-01-04 10:56:15.690: info: System.Net.Http.HttpClient.Default.ClientHandler[101]
2024-01-04 10:56:15.690:       Received HTTP response headers after 791.229ms - 200
2024-01-04 10:56:15.690: info: System.Net.Http.HttpClient.Default.LogicalHandler[101]
2024-01-04 10:56:15.690:       End processing HTTP request after 791.289ms - 200
2024-01-04 11:04:16.559: info: MementoMori.BotServer.Plugins.MementoMoriQueryPlugin[0]
2024-01-04 11:04:16.559:       start retrieve notices
2024-01-04 11:04:17.916: info: MementoMori.BotServer.Plugins.MementoMoriQueryPlugin[0]
2024-01-04 11:04:17.916:       start retrieve notices
2024-01-04 11:06:15.695: info: System.Net.Http.HttpClient.Default.LogicalHandler[100]
2024-01-04 11:06:15.695:       Start processing HTTP request GET https://apidgp-gameplayer.games.dmm.com/gameplayer/filelist/29072
2024-01-04 11:06:15.695: info: System.Net.Http.HttpClient.Default.ClientHandler[100]
2024-01-04 11:06:15.695:       Sending HTTP request GET https://apidgp-gameplayer.games.dmm.com/gameplayer/filelist/29072
2024-01-04 11:06:16.443: info: System.Net.Http.HttpClient.Default.ClientHandler[101]
2024-01-04 11:06:16.443:       Received HTTP response headers after 748.6235ms - 200
2024-01-04 11:06:16.443: info: System.Net.Http.HttpClient.Default.LogicalHandler[101]
2024-01-04 11:06:16.443:       End processing HTTP request after 748.6764ms - 200
2024-01-04 11:14:18.191: info: MementoMori.BotServer.Plugins.MementoMoriQueryPlugin[0]
2024-01-04 11:14:18.191:       start retrieve notices
2024-01-04 11:14:19.335: info: MementoMori.BotServer.Plugins.MementoMoriQueryPlugin[0]
2024-01-04 11:14:19.335:       start retrieve notices
2024-01-04 11:16:16.450: info: System.Net.Http.HttpClient.Default.LogicalHandler[100]
2024-01-04 11:16:16.450:       Start processing HTTP request GET https://apidgp-gameplayer.games.dmm.com/gameplayer/filelist/29072
2024-01-04 11:16:16.450: info: System.Net.Http.HttpClient.Default.ClientHandler[100]
2024-01-04 11:16:16.450:       Sending HTTP request GET https://apidgp-gameplayer.games.dmm.com/gameplayer/filelist/29072
2024-01-04 11:16:17.329: info: System.Net.Http.HttpClient.Default.ClientHandler[101]
2024-01-04 11:16:17.329:       Received HTTP response headers after 878.308ms - 200
2024-01-04 11:16:17.329: info: System.Net.Http.HttpClient.Default.LogicalHandler[101]
2024-01-04 11:16:17.329:       End processing HTTP request after 878.3651ms - 200
2024-01-04 11:16:25.368: info: MementoMori.MementoNetworkManager[0]
2024-01-04 11:16:25.368:       auto updating master data
2024-01-04 11:16:25.368: info: MementoMori.MementoNetworkManager[0]
2024-01-04 11:16:25.368:       下载 master 目录中...
2024-01-04 11:16:31.550: info: MementoMori.MementoNetworkManager[0]
2024-01-04 11:16:31.550:       下载 master 目录完成
2024-01-04 11:24:19.588: info: MementoMori.BotServer.Plugins.MementoMoriQueryPlugin[0]
2024-01-04 11:24:19.588:       start retrieve notices
2024-01-04 11:24:20.571: info: MementoMori.BotServer.Plugins.MementoMoriQueryPlugin[0]
2024-01-04 11:24:20.571:       start retrieve notices
2024-01-04 11:26:17.335: info: System.Net.Http.HttpClient.Default.LogicalHandler[100]
2024-01-04 11:26:17.335:       Start processing HTTP request GET https://apidgp-gameplayer.games.dmm.com/gameplayer/filelist/29072
2024-01-04 11:26:17.335: info: System.Net.Http.HttpClient.Default.ClientHandler[100]
2024-01-04 11:26:17.335:       Sending HTTP request GET https://apidgp-gameplayer.games.dmm.com/gameplayer/filelist/29072
2024-01-04 11:26:18.228: info: System.Net.Http.HttpClient.Default.ClientHandler[101]
2024-01-04 11:26:18.228:       Received HTTP response headers after 893.2178ms - 200
2024-01-04 11:26:18.228: info: System.Net.Http.HttpClient.Default.LogicalHandler[101]
2024-01-04 11:26:18.228:       End processing HTTP request after 893.2751ms - 200
2024-01-04 11:34:20.869: info: MementoMori.BotServer.Plugins.MementoMoriQueryPlugin[0]
2024-01-04 11:34:20.869:       start retrieve notices
2024-01-04 11:34:22.208: info: MementoMori.BotServer.Plugins.MementoMoriQueryPlugin[0]
2024-01-04 11:34:22.208:       start retrieve notices
2024-01-04 11:36:18.232: info: System.Net.Http.HttpClient.Default.LogicalHandler[100]
2024-01-04 11:36:18.232:       Start processing HTTP request GET https://apidgp-gameplayer.games.dmm.com/gameplayer/filelist/29072
2024-01-04 11:36:18.232: info: System.Net.Http.HttpClient.Default.ClientHandler[100]
2024-01-04 11:36:18.232:       Sending HTTP request GET https://apidgp-gameplayer.games.dmm.com/gameplayer/filelist/29072
2024-01-04 11:36:18.866: info: System.Net.Http.HttpClient.Default.ClientHandler[101]
2024-01-04 11:36:18.866:       Received HTTP response headers after 634.6151ms - 200
2024-01-04 11:36:18.866: info: System.Net.Http.HttpClient.Default.LogicalHandler[101]
2024-01-04 11:36:18.866:       End processing HTTP request after 634.6788ms - 200
2024-01-04 11:44:22.474: info: MementoMori.BotServer.Plugins.MementoMoriQueryPlugin[0]
2024-01-04 11:44:22.474:       start retrieve notices
2024-01-04 11:44:23.742: info: MementoMori.BotServer.Plugins.MementoMoriQueryPlugin[0]
2024-01-04 11:44:23.742:       start retrieve notices
2024-01-04 11:46:18.879: info: System.Net.Http.HttpClient.Default.LogicalHandler[100]
2024-01-04 11:46:18.879:       Start processing HTTP request GET https://apidgp-gameplayer.games.dmm.com/gameplayer/filelist/29072
2024-01-04 11:46:18.879: info: System.Net.Http.HttpClient.Default.ClientHandler[100]
2024-01-04 11:46:18.879:       Sending HTTP request GET https://apidgp-gameplayer.games.dmm.com/gameplayer/filelist/29072
2024-01-04 11:46:19.800: info: System.Net.Http.HttpClient.Default.ClientHandler[101]
2024-01-04 11:46:19.800:       Received HTTP response headers after 921.653ms - 200
2024-01-04 11:46:19.800: info: System.Net.Http.HttpClient.Default.LogicalHandler[101]
2024-01-04 11:46:19.800:       End processing HTTP request after 921.7136ms - 200
2024-01-04 11:54:23.989: info: MementoMori.BotServer.Plugins.MementoMoriQueryPlugin[0]
2024-01-04 11:54:23.989:       start retrieve notices
info: MementoMori.BotServer.Plugins.MementoMoriQueryPlugin[0]
