2023-12-29 18:51:04.748:       Start processing HTTP request GET https://apidgp-gameplayer.games.dmm.com/gameplayer/filelist/29066
2023-12-29 18:51:04.748: info: System.Net.Http.HttpClient.Default.ClientHandler[100]
2023-12-29 18:51:04.748:       Sending HTTP request GET https://apidgp-gameplayer.games.dmm.com/gameplayer/filelist/29066
2023-12-29 18:51:05.489: info: System.Net.Http.HttpClient.Default.ClientHandler[101]
2023-12-29 18:51:05.489:       Received HTTP response headers after 742.4952ms - 200
2023-12-29 18:51:05.489: info: System.Net.Http.HttpClient.Default.LogicalHandler[101]
2023-12-29 18:51:05.489:       End processing HTTP request after 742.6695ms - 200
2023-12-29 18:51:13.877: info: MementoMori.BotServer.Plugins.MementoMoriQueryPlugin[0]
2023-12-29 18:51:13.877:       start retrieve notices
2023-12-29 18:51:14.931: info: MementoMori.BotServer.Plugins.MementoMoriQueryPlugin[0]
2023-12-29 18:51:14.931:       start retrieve notices
2023-12-29 19:01:05.495: info: System.Net.Http.HttpClient.Default.LogicalHandler[100]
2023-12-29 19:01:05.495:       Start processing HTTP request GET https://apidgp-gameplayer.games.dmm.com/gameplayer/filelist/29066
2023-12-29 19:01:05.495: info: System.Net.Http.HttpClient.Default.ClientHandler[100]
2023-12-29 19:01:05.495:       Sending HTTP request GET https://apidgp-gameplayer.games.dmm.com/gameplayer/filelist/29066
2023-12-29 19:01:06.186: info: System.Net.Http.HttpClient.Default.ClientHandler[101]
2023-12-29 19:01:06.186:       Received HTTP response headers after 691.2097ms - 200
2023-12-29 19:01:06.186: info: System.Net.Http.HttpClient.Default.LogicalHandler[101]
2023-12-29 19:01:06.186:       End processing HTTP request after 691.2873ms - 200
2023-12-29 19:01:15.257: info: MementoMori.BotServer.Plugins.MementoMoriQueryPlugin[0]
2023-12-29 19:01:15.257:       start retrieve notices
2023-12-29 19:01:16.156: info: MementoMori.BotServer.Plugins.MementoMoriQueryPlugin[0]
2023-12-29 19:01:16.156:       start retrieve notices
2023-12-29 19:10:46.389: info: MementoMori.MementoNetworkManager[0]
2023-12-29 19:10:46.389:       auto updating master data
2023-12-29 19:10:46.389: info: MementoMori.MementoNetworkManager[0]
2023-12-29 19:10:46.389:       下载 master 目录中...
2023-12-29 19:10:48.043: info: MementoMori.MementoNetworkManager[0]
2023-12-29 19:10:48.043:       下载 master 目录完成
2023-12-29 19:11:06.193: info: System.Net.Http.HttpClient.Default.LogicalHandler[100]
2023-12-29 19:11:06.193:       Start processing HTTP request GET https://apidgp-gameplayer.games.dmm.com/gameplayer/filelist/29066
2023-12-29 19:11:06.193: info: System.Net.Http.HttpClient.Default.ClientHandler[100]
2023-12-29 19:11:06.193:       Sending HTTP request GET https://apidgp-gameplayer.games.dmm.com/gameplayer/filelist/29066
2023-12-29 19:11:07.009: info: System.Net.Http.HttpClient.Default.ClientHandler[101]
2023-12-29 19:11:07.009:       Received HTTP response headers after 815.5027ms - 200
2023-12-29 19:11:07.009: info: System.Net.Http.HttpClient.Default.LogicalHandler[101]
2023-12-29 19:11:07.009:       End processing HTTP request after 815.5796ms - 200
2023-12-29 19:11:16.415: info: MementoMori.BotServer.Plugins.MementoMoriQueryPlugin[0]
2023-12-29 19:11:16.415:       start retrieve notices
2023-12-29 19:11:16.636: info: MementoMori.BotServer.Plugins.MementoMoriQueryPlugin[0]
2023-12-29 19:11:16.636:       start retrieve notices
2023-12-29 19:21:07.018: info: System.Net.Http.HttpClient.Default.LogicalHandler[100]
2023-12-29 19:21:07.018:       Start processing HTTP request GET https://apidgp-gameplayer.games.dmm.com/gameplayer/filelist/29066
2023-12-29 19:21:07.018: info: System.Net.Http.HttpClient.Default.ClientHandler[100]
2023-12-29 19:21:07.018:       Sending HTTP request GET https://apidgp-gameplayer.games.dmm.com/gameplayer/filelist/29066
2023-12-29 19:21:07.696: info: System.Net.Http.HttpClient.Default.ClientHandler[101]
2023-12-29 19:21:07.696:       Received HTTP response headers after 678.3236ms - 200
2023-12-29 19:21:07.696: info: System.Net.Http.HttpClient.Default.LogicalHandler[101]
2023-12-29 19:21:07.696:       End processing HTTP request after 678.3985ms - 200
2023-12-29 19:21:16.914: info: MementoMori.BotServer.Plugins.MementoMoriQueryPlugin[0]
2023-12-29 19:21:16.914:       start retrieve notices
2023-12-29 19:21:17.939: info: MementoMori.BotServer.Plugins.MementoMoriQueryPlugin[0]
2023-12-29 19:21:17.939:       start retrieve notices
2023-12-29 19:31:07.700: info: System.Net.Http.HttpClient.Default.LogicalHandler[100]
2023-12-29 19:31:07.700:       Start processing HTTP request GET https://apidgp-gameplayer.games.dmm.com/gameplayer/filelist/29066
2023-12-29 19:31:07.700: info: System.Net.Http.HttpClient.Default.ClientHandler[100]
2023-12-29 19:31:07.700:       Sending HTTP request GET https://apidgp-gameplayer.games.dmm.com/gameplayer/filelist/29066
2023-12-29 19:31:08.365: info: System.Net.Http.HttpClient.Default.ClientHandler[101]
2023-12-29 19:31:08.365:       Received HTTP response headers after 665.7161ms - 200
2023-12-29 19:31:08.365: info: System.Net.Http.HttpClient.Default.LogicalHandler[101]
2023-12-29 19:31:08.365:       End processing HTTP request after 665.7859ms - 200
2023-12-29 19:31:18.263: info: MementoMori.BotServer.Plugins.MementoMoriQueryPlugin[0]
2023-12-29 19:31:18.263:       start retrieve notices
2023-12-29 19:31:19.371: info: MementoMori.BotServer.Plugins.MementoMoriQueryPlugin[0]
2023-12-29 19:31:19.371:       start retrieve notices
2023-12-29 19:41:08.374: info: System.Net.Http.HttpClient.Default.LogicalHandler[100]
2023-12-29 19:41:08.374:       Start processing HTTP request GET https://apidgp-gameplayer.games.dmm.com/gameplayer/filelist/29066
2023-12-29 19:41:08.374: info: System.Net.Http.HttpClient.Default.ClientHandler[100]
2023-12-29 19:41:08.374:       Sending HTTP request GET https://apidgp-gameplayer.games.dmm.com/gameplayer/filelist/29066
2023-12-29 19:41:09.029: info: System.Net.Http.HttpClient.Default.ClientHandler[101]
2023-12-29 19:41:09.029:       Received HTTP response headers after 655.272ms - 200
2023-12-29 19:41:09.029: info: System.Net.Http.HttpClient.Default.LogicalHandler[101]
2023-12-29 19:41:09.029:       End processing HTTP request after 655.3634ms - 200
2023-12-29 19:41:19.621: info: MementoMori.BotServer.Plugins.MementoMoriQueryPlugin[0]
2023-12-29 19:41:19.621:       start retrieve notices
2023-12-29 19:41:20.718: info: MementoMori.BotServer.Plugins.MementoMoriQueryPlugin[0]
2023-12-29 19:41:20.718:       start retrieve notices
2023-12-29 19:51:09.034: info: System.Net.Http.HttpClient.Default.LogicalHandler[100]
2023-12-29 19:51:09.034:       Start processing HTTP request GET https://apidgp-gameplayer.games.dmm.com/gameplayer/filelist/29066
2023-12-29 19:51:09.034: info: System.Net.Http.HttpClient.Default.ClientHandler[100]
2023-12-29 19:51:09.034:       Sending HTTP request GET https://apidgp-gameplayer.games.dmm.com/gameplayer/filelist/29066
2023-12-29 19:51:09.807: info: System.Net.Http.HttpClient.Default.ClientHandler[101]
2023-12-29 19:51:09.807:       Received HTTP response headers after 772.7258ms - 200
2023-12-29 19:51:09.807: info: System.Net.Http.HttpClient.Default.LogicalHandler[101]
2023-12-29 19:51:09.807:       End processing HTTP request after 772.8072ms - 200
2023-12-29 19:51:21.042: info: MementoMori.BotServer.Plugins.MementoMoriQueryPlugin[0]
2023-12-29 19:51:21.042:       start retrieve notices
2023-12-29 19:51:21.928: info: MementoMori.BotServer.Plugins.MementoMoriQueryPlugin[0]
2023-12-29 19:51:21.928:       start retrieve notices
2023-12-29 20:01:09.821: info: System.Net.Http.HttpClient.Default.LogicalHandler[100]
2023-12-29 20:01:09.821:       Start processing HTTP request GET https://apidgp-gameplayer.games.dmm.com/gameplayer/filelist/29066
2023-12-29 20:01:09.821: info: System.Net.Http.HttpClient.Default.ClientHandler[100]
2023-12-29 20:01:09.821:       Sending HTTP request GET https://apidgp-gameplayer.games.dmm.com/gameplayer/filelist/29066
2023-12-29 20:01:10.408: info: System.Net.Http.HttpClient.Default.ClientHandler[101]
2023-12-29 20:01:10.408:       Received HTTP response headers after 586.619ms - 200
2023-12-29 20:01:10.408: info: System.Net.Http.HttpClient.Default.LogicalHandler[101]
2023-12-29 20:01:10.408:       End processing HTTP request after 586.7877ms - 200
2023-12-29 20:01:22.167: info: MementoMori.BotServer.Plugins.MementoMoriQueryPlugin[0]
2023-12-29 20:01:22.167:       start retrieve notices
2023-12-29 20:01:23.243: info: MementoMori.BotServer.Plugins.MementoMoriQueryPlugin[0]
2023-12-29 20:01:23.243:       start retrieve notices
2023-12-29 20:10:48.046: info: MementoMori.MementoNetworkManager[0]
2023-12-29 20:10:48.046:       auto updating master data
2023-12-29 20:10:48.046: info: MementoMori.MementoNetworkManager[0]
2023-12-29 20:10:48.046:       下载 master 目录中...
2023-12-29 20:10:50.288: info: MementoMori.MementoNetworkManager[0]
2023-12-29 20:10:50.288:       下载 master 目录完成
2023-12-29 20:11:10.418: info: System.Net.Http.HttpClient.Default.LogicalHandler[100]
2023-12-29 20:11:10.418:       Start processing HTTP request GET https://apidgp-gameplayer.games.dmm.com/gameplayer/filelist/29066
2023-12-29 20:11:10.418: info: System.Net.Http.HttpClient.Default.ClientHandler[100]
2023-12-29 20:11:10.418:       Sending HTTP request GET https://apidgp-gameplayer.games.dmm.com/gameplayer/filelist/29066
2023-12-29 20:11:11.090: info: System.Net.Http.HttpClient.Default.ClientHandler[101]
2023-12-29 20:11:11.090:       Received HTTP response headers after 672.724ms - 200
2023-12-29 20:11:11.090: info: System.Net.Http.HttpClient.Default.LogicalHandler[101]
2023-12-29 20:11:11.090:       End processing HTTP request after 672.7866ms - 200
2023-12-29 20:11:23.509: info: MementoMori.BotServer.Plugins.MementoMoriQueryPlugin[0]
2023-12-29 20:11:23.509:       start retrieve notices
2023-12-29 20:11:23.738: info: MementoMori.BotServer.Plugins.MementoMoriQueryPlugin[0]
2023-12-29 20:11:23.738:       start retrieve notices
2023-12-29 20:21:11.094: info: System.Net.Http.HttpClient.Default.LogicalHandler[100]
2023-12-29 20:21:11.094:       Start processing HTTP request GET https://apidgp-gameplayer.games.dmm.com/gameplayer/filelist/29066
2023-12-29 20:21:11.094: info: System.Net.Http.HttpClient.Default.ClientHandler[100]
2023-12-29 20:21:11.094:       Sending HTTP request GET https://apidgp-gameplayer.games.dmm.com/gameplayer/filelist/29066
2023-12-29 20:21:11.686: info: System.Net.Http.HttpClient.Default.ClientHandler[101]
2023-12-29 20:21:11.687:       Received HTTP response headers after 592.4542ms - 200
2023-12-29 20:21:11.687: info: System.Net.Http.HttpClient.Default.LogicalHandler[101]
2023-12-29 20:21:11.687:       End processing HTTP request after 592.5335ms - 200
2023-12-29 20:21:24.003: info: MementoMori.BotServer.Plugins.MementoMoriQueryPlugin[0]
2023-12-29 20:21:24.003:       start retrieve notices
2023-12-29 20:21:25.131: info: MementoMori.BotServer.Plugins.MementoMoriQueryPlugin[0]
2023-12-29 20:21:25.131:       start retrieve notices
2023-12-29 20:31:11.688: info: System.Net.Http.HttpClient.Default.LogicalHandler[100]
2023-12-29 20:31:11.688:       Start processing HTTP request GET https://apidgp-gameplayer.games.dmm.com/gameplayer/filelist/29066
2023-12-29 20:31:11.688: info: System.Net.Http.HttpClient.Default.ClientHandler[100]
2023-12-29 20:31:11.688:       Sending HTTP request GET https://apidgp-gameplayer.games.dmm.com/gameplayer/filelist/29066
2023-12-29 20:31:12.373: info: System.Net.Http.HttpClient.Default.ClientHandler[101]
2023-12-29 20:31:12.373:       Received HTTP response headers after 684.8237ms - 200
2023-12-29 20:31:12.373: info: System.Net.Http.HttpClient.Default.LogicalHandler[101]
2023-12-29 20:31:12.373:       End processing HTTP request after 684.8893ms - 200
2023-12-29 20:31:25.409: info: MementoMori.BotServer.Plugins.MementoMoriQueryPlugin[0]
2023-12-29 20:31:25.409:       start retrieve notices
2023-12-29 20:31:26.319: info: MementoMori.BotServer.Plugins.MementoMoriQueryPlugin[0]
2023-12-29 20:31:26.319:       start retrieve notices
2023-12-29 20:41:12.373: info: System.Net.Http.HttpClient.Default.LogicalHandler[100]
2023-12-29 20:41:12.373:       Start processing HTTP request GET https://apidgp-gameplayer.games.dmm.com/gameplayer/filelist/29066
2023-12-29 20:41:12.373: info: System.Net.Http.HttpClient.Default.ClientHandler[100]
2023-12-29 20:41:12.373:       Sending HTTP request GET https://apidgp-gameplayer.games.dmm.com/gameplayer/filelist/29066
2023-12-29 20:41:13.180: info: System.Net.Http.HttpClient.Default.ClientHandler[101]
2023-12-29 20:41:13.180:       Received HTTP response headers after 807.8052ms - 200
2023-12-29 20:41:13.180: info: System.Net.Http.HttpClient.Default.LogicalHandler[101]
2023-12-29 20:41:13.180:       End processing HTTP request after 807.8709ms - 200
2023-12-29 20:41:26.584: info: MementoMori.BotServer.Plugins.MementoMoriQueryPlugin[0]
2023-12-29 20:41:26.584:       start retrieve notices
2023-12-29 20:41:27.770: info: MementoMori.BotServer.Plugins.MementoMoriQueryPlugin[0]
2023-12-29 20:41:27.770:       start retrieve notices
2023-12-29 20:51:13.185: info: System.Net.Http.HttpClient.Default.LogicalHandler[100]
2023-12-29 20:51:13.185:       Start processing HTTP request GET https://apidgp-gameplayer.games.dmm.com/gameplayer/filelist/29066
2023-12-29 20:51:13.185: info: System.Net.Http.HttpClient.Default.ClientHandler[100]
2023-12-29 20:51:13.185:       Sending HTTP request GET https://apidgp-gameplayer.games.dmm.com/gameplayer/filelist/29066
2023-12-29 20:51:13.642: info: System.Net.Http.HttpClient.Default.ClientHandler[101]
2023-12-29 20:51:13.642:       Received HTTP response headers after 457.1168ms - 200
2023-12-29 20:51:13.642: info: System.Net.Http.HttpClient.Default.LogicalHandler[101]
2023-12-29 20:51:13.642:       End processing HTTP request after 457.1953ms - 200
2023-12-29 20:51:28.080: info: MementoMori.BotServer.Plugins.MementoMoriQueryPlugin[0]
2023-12-29 20:51:28.080:       start retrieve notices
2023-12-29 20:51:29.087: info: MementoMori.BotServer.Plugins.MementoMoriQueryPlugin[0]
2023-12-29 20:51:29.087:       start retrieve notices
2023-12-29 21:01:13.647: info: System.Net.Http.HttpClient.Default.LogicalHandler[100]
2023-12-29 21:01:13.647:       Start processing HTTP request GET https://apidgp-gameplayer.games.dmm.com/gameplayer/filelist/29066
2023-12-29 21:01:13.647: info: System.Net.Http.HttpClient.Default.ClientHandler[100]
2023-12-29 21:01:13.647:       Sending HTTP request GET https://apidgp-gameplayer.games.dmm.com/gameplayer/filelist/29066
2023-12-29 21:01:14.229: info: System.Net.Http.HttpClient.Default.ClientHandler[101]
2023-12-29 21:01:14.229:       Received HTTP response headers after 582.1839ms - 200
2023-12-29 21:01:14.229: info: System.Net.Http.HttpClient.Default.LogicalHandler[101]
2023-12-29 21:01:14.229:       End processing HTTP request after 582.2542ms - 200
2023-12-29 21:01:29.418: info: MementoMori.BotServer.Plugins.MementoMoriQueryPlugin[0]
2023-12-29 21:01:29.418:       start retrieve notices
2023-12-29 21:01:30.396: info: MementoMori.BotServer.Plugins.MementoMoriQueryPlugin[0]
2023-12-29 21:01:30.396:       start retrieve notices
2023-12-29 21:10:50.298: info: MementoMori.MementoNetworkManager[0]
2023-12-29 21:10:50.298:       auto updating master data
2023-12-29 21:10:50.298: info: MementoMori.MementoNetworkManager[0]
2023-12-29 21:10:50.298:       下载 master 目录中...
2023-12-29 21:10:52.503: info: MementoMori.MementoNetworkManager[0]
2023-12-29 21:10:52.503:       下载 master 目录完成
2023-12-29 21:11:14.243: info: System.Net.Http.HttpClient.Default.LogicalHandler[100]
2023-12-29 21:11:14.243:       Start processing HTTP request GET https://apidgp-gameplayer.games.dmm.com/gameplayer/filelist/29066
2023-12-29 21:11:14.243: info: System.Net.Http.HttpClient.Default.ClientHandler[100]
2023-12-29 21:11:14.243:       Sending HTTP request GET https://apidgp-gameplayer.games.dmm.com/gameplayer/filelist/29066
2023-12-29 21:11:14.933: info: System.Net.Http.HttpClient.Default.ClientHandler[101]
2023-12-29 21:11:14.933:       Received HTTP response headers after 689.6178ms - 200
2023-12-29 21:11:14.933: info: System.Net.Http.HttpClient.Default.LogicalHandler[101]
2023-12-29 21:11:14.933:       End processing HTTP request after 689.8401ms - 200
2023-12-29 21:11:30.651: info: MementoMori.BotServer.Plugins.MementoMoriQueryPlugin[0]
2023-12-29 21:11:30.651:       start retrieve notices
2023-12-29 21:11:30.917: info: MementoMori.BotServer.Plugins.MementoMoriQueryPlugin[0]
2023-12-29 21:11:30.917:       start retrieve notices
2023-12-29 21:21:14.938: info: System.Net.Http.HttpClient.Default.LogicalHandler[100]
2023-12-29 21:21:14.938:       Start processing HTTP request GET https://apidgp-gameplayer.games.dmm.com/gameplayer/filelist/29066
2023-12-29 21:21:14.938: info: System.Net.Http.HttpClient.Default.ClientHandler[100]
2023-12-29 21:21:14.938:       Sending HTTP request GET https://apidgp-gameplayer.games.dmm.com/gameplayer/filelist/29066
2023-12-29 21:21:15.635: info: System.Net.Http.HttpClient.Default.ClientHandler[101]
2023-12-29 21:21:15.635:       Received HTTP response headers after 697.2773ms - 200
2023-12-29 21:21:15.635: info: System.Net.Http.HttpClient.Default.LogicalHandler[101]
2023-12-29 21:21:15.635:       End processing HTTP request after 697.3406ms - 200
2023-12-29 21:21:31.240: info: MementoMori.BotServer.Plugins.MementoMoriQueryPlugin[0]
2023-12-29 21:21:31.240:       start retrieve notices
2023-12-29 21:21:32.516: info: MementoMori.BotServer.Plugins.MementoMoriQueryPlugin[0]
2023-12-29 21:21:32.516:       start retrieve notices
2023-12-29 21:31:15.647: info: System.Net.Http.HttpClient.Default.LogicalHandler[100]
2023-12-29 21:31:15.647:       Start processing HTTP request GET https://apidgp-gameplayer.games.dmm.com/gameplayer/filelist/29066
2023-12-29 21:31:15.647: info: System.Net.Http.HttpClient.Default.ClientHandler[100]
2023-12-29 21:31:15.647:       Sending HTTP request GET https://apidgp-gameplayer.games.dmm.com/gameplayer/filelist/29066
2023-12-29 21:31:16.301: info: System.Net.Http.HttpClient.Default.ClientHandler[101]
2023-12-29 21:31:16.301:       Received HTTP response headers after 654.742ms - 200
2023-12-29 21:31:16.301: info: System.Net.Http.HttpClient.Default.LogicalHandler[101]
2023-12-29 21:31:16.301:       End processing HTTP request after 654.7925ms - 200
info: MementoMori.BotServer.Plugins.MementoMoriQueryPlugin[0]
