2023-12-30 00:21:28.211:       Received HTTP response headers after 692.5317ms - 200
2023-12-30 00:21:28.211: info: System.Net.Http.HttpClient.Default.LogicalHandler[101]
2023-12-30 00:21:28.211:       End processing HTTP request after 692.5827ms - 200
2023-12-30 00:21:53.068: info: MementoMori.BotServer.Plugins.MementoMoriQueryPlugin[0]
2023-12-30 00:21:53.068:       start retrieve notices
2023-12-30 00:21:54.042: info: MementoMori.BotServer.Plugins.MementoMoriQueryPlugin[0]
2023-12-30 00:21:54.042:       start retrieve notices
2023-12-30 00:31:28.215: info: System.Net.Http.HttpClient.Default.LogicalHandler[100]
2023-12-30 00:31:28.224:       Start processing HTTP request GET https://apidgp-gameplayer.games.dmm.com/gameplayer/filelist/29066
2023-12-30 00:31:28.224: info: System.Net.Http.HttpClient.Default.ClientHandler[100]
2023-12-30 00:31:28.224:       Sending HTTP request GET https://apidgp-gameplayer.games.dmm.com/gameplayer/filelist/29066
2023-12-30 00:31:29.042: info: System.Net.Http.HttpClient.Default.ClientHandler[101]
2023-12-30 00:31:29.042:       Received HTTP response headers after 826.9812ms - 200
2023-12-30 00:31:29.042: info: System.Net.Http.HttpClient.Default.LogicalHandler[101]
2023-12-30 00:31:29.042:       End processing HTTP request after 827.0347ms - 200
2023-12-30 00:31:54.352: info: MementoMori.BotServer.Plugins.MementoMoriQueryPlugin[0]
2023-12-30 00:31:54.352:       start retrieve notices
2023-12-30 00:31:55.451: info: MementoMori.BotServer.Plugins.MementoMoriQueryPlugin[0]
2023-12-30 00:31:55.451:       start retrieve notices
2023-12-30 00:41:29.050: info: System.Net.Http.HttpClient.Default.LogicalHandler[100]
2023-12-30 00:41:29.050:       Start processing HTTP request GET https://apidgp-gameplayer.games.dmm.com/gameplayer/filelist/29066
2023-12-30 00:41:29.050: info: System.Net.Http.HttpClient.Default.ClientHandler[100]
2023-12-30 00:41:29.050:       Sending HTTP request GET https://apidgp-gameplayer.games.dmm.com/gameplayer/filelist/29066
2023-12-30 00:41:29.690: info: System.Net.Http.HttpClient.Default.ClientHandler[101]
2023-12-30 00:41:29.690:       Received HTTP response headers after 640.3539ms - 200
2023-12-30 00:41:29.690: info: System.Net.Http.HttpClient.Default.LogicalHandler[101]
2023-12-30 00:41:29.690:       End processing HTTP request after 640.4157ms - 200
2023-12-30 00:41:55.725: info: MementoMori.BotServer.Plugins.MementoMoriQueryPlugin[0]
2023-12-30 00:41:55.725:       start retrieve notices
2023-12-30 00:41:56.757: info: MementoMori.BotServer.Plugins.MementoMoriQueryPlugin[0]
2023-12-30 00:41:56.757:       start retrieve notices
2023-12-30 00:51:29.691: info: System.Net.Http.HttpClient.Default.LogicalHandler[100]
2023-12-30 00:51:29.691:       Start processing HTTP request GET https://apidgp-gameplayer.games.dmm.com/gameplayer/filelist/29066
2023-12-30 00:51:29.691: info: System.Net.Http.HttpClient.Default.ClientHandler[100]
2023-12-30 00:51:29.691:       Sending HTTP request GET https://apidgp-gameplayer.games.dmm.com/gameplayer/filelist/29066
2023-12-30 00:51:30.257: info: System.Net.Http.HttpClient.Default.ClientHandler[101]
2023-12-30 00:51:30.257:       Received HTTP response headers after 566.3246ms - 200
2023-12-30 00:51:30.257: info: System.Net.Http.HttpClient.Default.LogicalHandler[101]
2023-12-30 00:51:30.257:       End processing HTTP request after 566.3863ms - 200
2023-12-30 00:51:57.081: info: MementoMori.BotServer.Plugins.MementoMoriQueryPlugin[0]
2023-12-30 00:51:57.081:       start retrieve notices
2023-12-30 00:51:57.988: info: MementoMori.BotServer.Plugins.MementoMoriQueryPlugin[0]
2023-12-30 00:51:57.988:       start retrieve notices
2023-12-30 01:01:30.262: info: System.Net.Http.HttpClient.Default.LogicalHandler[100]
2023-12-30 01:01:30.262:       Start processing HTTP request GET https://apidgp-gameplayer.games.dmm.com/gameplayer/filelist/29066
2023-12-30 01:01:30.262: info: System.Net.Http.HttpClient.Default.ClientHandler[100]
2023-12-30 01:01:30.262:       Sending HTTP request GET https://apidgp-gameplayer.games.dmm.com/gameplayer/filelist/29066
2023-12-30 01:01:30.879: info: System.Net.Http.HttpClient.Default.ClientHandler[101]
2023-12-30 01:01:30.879:       Received HTTP response headers after 617.0853ms - 200
2023-12-30 01:01:30.879: info: System.Net.Http.HttpClient.Default.LogicalHandler[101]
2023-12-30 01:01:30.879:       End processing HTTP request after 617.1391ms - 200
2023-12-30 01:01:58.252: info: MementoMori.BotServer.Plugins.MementoMoriQueryPlugin[0]
2023-12-30 01:01:58.252:       start retrieve notices
2023-12-30 01:01:59.248: info: MementoMori.BotServer.Plugins.MementoMoriQueryPlugin[0]
2023-12-30 01:01:59.248:       start retrieve notices
2023-12-30 01:10:58.465: info: MementoMori.MementoNetworkManager[0]
2023-12-30 01:10:58.465:       auto updating master data
2023-12-30 01:10:58.465: info: MementoMori.MementoNetworkManager[0]
2023-12-30 01:10:58.465:       下载 master 目录中...
2023-12-30 01:11:00.422: info: MementoMori.MementoNetworkManager[0]
2023-12-30 01:11:00.422:       下载 master 目录完成
2023-12-30 01:11:30.892: info: System.Net.Http.HttpClient.Default.LogicalHandler[100]
2023-12-30 01:11:30.892:       Start processing HTTP request GET https://apidgp-gameplayer.games.dmm.com/gameplayer/filelist/29066
2023-12-30 01:11:30.892: info: System.Net.Http.HttpClient.Default.ClientHandler[100]
2023-12-30 01:11:30.892:       Sending HTTP request GET https://apidgp-gameplayer.games.dmm.com/gameplayer/filelist/29066
2023-12-30 01:11:31.653: info: System.Net.Http.HttpClient.Default.ClientHandler[101]
2023-12-30 01:11:31.653:       Received HTTP response headers after 761.5338ms - 200
2023-12-30 01:11:31.653: info: System.Net.Http.HttpClient.Default.LogicalHandler[101]
2023-12-30 01:11:31.653:       End processing HTTP request after 761.5936ms - 200
2023-12-30 01:11:59.525: info: MementoMori.BotServer.Plugins.MementoMoriQueryPlugin[0]
2023-12-30 01:11:59.525:       start retrieve notices
2023-12-30 01:12:00.577: info: MementoMori.BotServer.Plugins.MementoMoriQueryPlugin[0]
2023-12-30 01:12:00.577:       start retrieve notices
2023-12-30 01:21:31.666: info: System.Net.Http.HttpClient.Default.LogicalHandler[100]
2023-12-30 01:21:31.666:       Start processing HTTP request GET https://apidgp-gameplayer.games.dmm.com/gameplayer/filelist/29066
2023-12-30 01:21:31.666: info: System.Net.Http.HttpClient.Default.ClientHandler[100]
2023-12-30 01:21:31.666:       Sending HTTP request GET https://apidgp-gameplayer.games.dmm.com/gameplayer/filelist/29066
2023-12-30 01:21:32.288: info: System.Net.Http.HttpClient.Default.ClientHandler[101]
2023-12-30 01:21:32.289:       Received HTTP response headers after 622.156ms - 200
2023-12-30 01:21:32.289: info: System.Net.Http.HttpClient.Default.LogicalHandler[101]
2023-12-30 01:21:32.289:       End processing HTTP request after 622.2005ms - 200
2023-12-30 01:22:00.844: info: MementoMori.BotServer.Plugins.MementoMoriQueryPlugin[0]
2023-12-30 01:22:00.844:       start retrieve notices
2023-12-30 01:22:02.155: info: MementoMori.BotServer.Plugins.MementoMoriQueryPlugin[0]
2023-12-30 01:22:02.155:       start retrieve notices
2023-12-30 01:31:32.290: info: System.Net.Http.HttpClient.Default.LogicalHandler[100]
2023-12-30 01:31:32.290:       Start processing HTTP request GET https://apidgp-gameplayer.games.dmm.com/gameplayer/filelist/29066
2023-12-30 01:31:32.290: info: System.Net.Http.HttpClient.Default.ClientHandler[100]
2023-12-30 01:31:32.290:       Sending HTTP request GET https://apidgp-gameplayer.games.dmm.com/gameplayer/filelist/29066
2023-12-30 01:31:33.040: info: System.Net.Http.HttpClient.Default.ClientHandler[101]
2023-12-30 01:31:33.040:       Received HTTP response headers after 750.1646ms - 200
2023-12-30 01:31:33.040: info: System.Net.Http.HttpClient.Default.LogicalHandler[101]
2023-12-30 01:31:33.040:       End processing HTTP request after 750.2209ms - 200
2023-12-30 01:32:02.469: info: MementoMori.BotServer.Plugins.MementoMoriQueryPlugin[0]
2023-12-30 01:32:02.469:       start retrieve notices
2023-12-30 01:32:03.576: info: MementoMori.BotServer.Plugins.MementoMoriQueryPlugin[0]
2023-12-30 01:32:03.576:       start retrieve notices
2023-12-30 01:41:33.049: info: System.Net.Http.HttpClient.Default.LogicalHandler[100]
2023-12-30 01:41:33.049:       Start processing HTTP request GET https://apidgp-gameplayer.games.dmm.com/gameplayer/filelist/29066
2023-12-30 01:41:33.049: info: System.Net.Http.HttpClient.Default.ClientHandler[100]
2023-12-30 01:41:33.049:       Sending HTTP request GET https://apidgp-gameplayer.games.dmm.com/gameplayer/filelist/29066
2023-12-30 01:41:33.814: info: System.Net.Http.HttpClient.Default.ClientHandler[101]
2023-12-30 01:41:33.814:       Received HTTP response headers after 765.4266ms - 200
2023-12-30 01:41:33.814: info: System.Net.Http.HttpClient.Default.LogicalHandler[101]
2023-12-30 01:41:33.814:       End processing HTTP request after 765.5755ms - 200
2023-12-30 01:42:03.855: info: MementoMori.BotServer.Plugins.MementoMoriQueryPlugin[0]
2023-12-30 01:42:03.855:       start retrieve notices
2023-12-30 01:42:04.783: info: MementoMori.BotServer.Plugins.MementoMoriQueryPlugin[0]
2023-12-30 01:42:04.783:       start retrieve notices
2023-12-30 01:51:33.829: info: System.Net.Http.HttpClient.Default.LogicalHandler[100]
2023-12-30 01:51:33.829:       Start processing HTTP request GET https://apidgp-gameplayer.games.dmm.com/gameplayer/filelist/29066
2023-12-30 01:51:33.829: info: System.Net.Http.HttpClient.Default.ClientHandler[100]
2023-12-30 01:51:33.829:       Sending HTTP request GET https://apidgp-gameplayer.games.dmm.com/gameplayer/filelist/29066
2023-12-30 01:51:34.649: info: System.Net.Http.HttpClient.Default.ClientHandler[101]
2023-12-30 01:51:34.649:       Received HTTP response headers after 820.586ms - 200
2023-12-30 01:51:34.649: info: System.Net.Http.HttpClient.Default.LogicalHandler[101]
2023-12-30 01:51:34.649:       End processing HTTP request after 820.6365ms - 200
2023-12-30 01:52:05.022: info: MementoMori.BotServer.Plugins.MementoMoriQueryPlugin[0]
2023-12-30 01:52:05.022:       start retrieve notices
2023-12-30 01:52:06.463: info: MementoMori.BotServer.Plugins.MementoMoriQueryPlugin[0]
2023-12-30 01:52:06.464:       start retrieve notices
2023-12-30 02:01:34.653: info: System.Net.Http.HttpClient.Default.LogicalHandler[100]
2023-12-30 02:01:34.653:       Start processing HTTP request GET https://apidgp-gameplayer.games.dmm.com/gameplayer/filelist/29066
2023-12-30 02:01:34.653: info: System.Net.Http.HttpClient.Default.ClientHandler[100]
2023-12-30 02:01:34.653:       Sending HTTP request GET https://apidgp-gameplayer.games.dmm.com/gameplayer/filelist/29066
2023-12-30 02:01:35.342: info: System.Net.Http.HttpClient.Default.ClientHandler[101]
2023-12-30 02:01:35.342:       Received HTTP response headers after 689.0364ms - 200
2023-12-30 02:01:35.342: info: System.Net.Http.HttpClient.Default.LogicalHandler[101]
2023-12-30 02:01:35.342:       End processing HTTP request after 689.0885ms - 200
2023-12-30 02:02:06.742: info: MementoMori.BotServer.Plugins.MementoMoriQueryPlugin[0]
2023-12-30 02:02:06.742:       start retrieve notices
2023-12-30 02:02:08.035: info: MementoMori.BotServer.Plugins.MementoMoriQueryPlugin[0]
2023-12-30 02:02:08.035:       start retrieve notices
2023-12-30 02:11:00.432: info: MementoMori.MementoNetworkManager[0]
2023-12-30 02:11:00.432:       auto updating master data
2023-12-30 02:11:00.432: info: MementoMori.MementoNetworkManager[0]
2023-12-30 02:11:00.432:       下载 master 目录中...
2023-12-30 02:11:02.402: info: MementoMori.MementoNetworkManager[0]
2023-12-30 02:11:02.402:       下载 master 目录完成
2023-12-30 02:11:35.349: info: System.Net.Http.HttpClient.Default.LogicalHandler[100]
2023-12-30 02:11:35.349:       Start processing HTTP request GET https://apidgp-gameplayer.games.dmm.com/gameplayer/filelist/29066
2023-12-30 02:11:35.349: info: System.Net.Http.HttpClient.Default.ClientHandler[100]
2023-12-30 02:11:35.349:       Sending HTTP request GET https://apidgp-gameplayer.games.dmm.com/gameplayer/filelist/29066
2023-12-30 02:11:36.075: info: System.Net.Http.HttpClient.Default.ClientHandler[101]
2023-12-30 02:11:36.075:       Received HTTP response headers after 726.0489ms - 200
2023-12-30 02:11:36.075: info: System.Net.Http.HttpClient.Default.LogicalHandler[101]
2023-12-30 02:11:36.075:       End processing HTTP request after 726.1111ms - 200
2023-12-30 02:12:08.355: info: MementoMori.BotServer.Plugins.MementoMoriQueryPlugin[0]
2023-12-30 02:12:08.355:       start retrieve notices
2023-12-30 02:12:09.151: info: MementoMori.BotServer.Plugins.MementoMoriQueryPlugin[0]
2023-12-30 02:12:09.151:       start retrieve notices
2023-12-30 02:21:36.088: info: System.Net.Http.HttpClient.Default.LogicalHandler[100]
2023-12-30 02:21:36.088:       Start processing HTTP request GET https://apidgp-gameplayer.games.dmm.com/gameplayer/filelist/29066
2023-12-30 02:21:36.088: info: System.Net.Http.HttpClient.Default.ClientHandler[100]
2023-12-30 02:21:36.088:       Sending HTTP request GET https://apidgp-gameplayer.games.dmm.com/gameplayer/filelist/29066
2023-12-30 02:21:36.947: info: System.Net.Http.HttpClient.Default.ClientHandler[101]
2023-12-30 02:21:36.947:       Received HTTP response headers after 858.8311ms - 200
2023-12-30 02:21:36.947: info: System.Net.Http.HttpClient.Default.LogicalHandler[101]
2023-12-30 02:21:36.947:       End processing HTTP request after 858.8839ms - 200
2023-12-30 02:22:09.429: info: MementoMori.BotServer.Plugins.MementoMoriQueryPlugin[0]
2023-12-30 02:22:09.429:       start retrieve notices
2023-12-30 02:22:10.467: info: MementoMori.BotServer.Plugins.MementoMoriQueryPlugin[0]
2023-12-30 02:22:10.467:       start retrieve notices
2023-12-30 02:31:36.949: info: System.Net.Http.HttpClient.Default.LogicalHandler[100]
2023-12-30 02:31:36.949:       Start processing HTTP request GET https://apidgp-gameplayer.games.dmm.com/gameplayer/filelist/29066
2023-12-30 02:31:36.949: info: System.Net.Http.HttpClient.Default.ClientHandler[100]
2023-12-30 02:31:36.949:       Sending HTTP request GET https://apidgp-gameplayer.games.dmm.com/gameplayer/filelist/29066
2023-12-30 02:31:38.425: info: System.Net.Http.HttpClient.Default.ClientHandler[101]
2023-12-30 02:31:38.425:       Received HTTP response headers after 1476.0724ms - 200
2023-12-30 02:31:38.425: info: System.Net.Http.HttpClient.Default.LogicalHandler[101]
2023-12-30 02:31:38.425:       End processing HTTP request after 1476.1269ms - 200
2023-12-30 02:32:10.780: info: MementoMori.BotServer.Plugins.MementoMoriQueryPlugin[0]
2023-12-30 02:32:10.780:       start retrieve notices
2023-12-30 02:32:13.182: info: MementoMori.BotServer.Plugins.MementoMoriQueryPlugin[0]
2023-12-30 02:32:13.182:       start retrieve notices
2023-12-30 02:41:38.431: info: System.Net.Http.HttpClient.Default.LogicalHandler[100]
2023-12-30 02:41:38.431:       Start processing HTTP request GET https://apidgp-gameplayer.games.dmm.com/gameplayer/filelist/29066
2023-12-30 02:41:38.431: info: System.Net.Http.HttpClient.Default.ClientHandler[100]
2023-12-30 02:41:38.431:       Sending HTTP request GET https://apidgp-gameplayer.games.dmm.com/gameplayer/filelist/29066
2023-12-30 02:41:39.085: info: System.Net.Http.HttpClient.Default.ClientHandler[101]
2023-12-30 02:41:39.085:       Received HTTP response headers after 653.6404ms - 200
2023-12-30 02:41:39.085: info: System.Net.Http.HttpClient.Default.LogicalHandler[101]
2023-12-30 02:41:39.085:       End processing HTTP request after 653.6924ms - 200
2023-12-30 02:42:14.056: info: MementoMori.BotServer.Plugins.MementoMoriQueryPlugin[0]
2023-12-30 02:42:14.056:       start retrieve notices
2023-12-30 02:42:15.021: info: MementoMori.BotServer.Plugins.MementoMoriQueryPlugin[0]
2023-12-30 02:42:15.021:       start retrieve notices
2023-12-30 02:51:39.087: info: System.Net.Http.HttpClient.Default.LogicalHandler[100]
2023-12-30 02:51:39.087:       Start processing HTTP request GET https://apidgp-gameplayer.games.dmm.com/gameplayer/filelist/29066
2023-12-30 02:51:39.087: info: System.Net.Http.HttpClient.Default.ClientHandler[100]
2023-12-30 02:51:39.087:       Sending HTTP request GET https://apidgp-gameplayer.games.dmm.com/gameplayer/filelist/29066
2023-12-30 02:51:39.807: info: System.Net.Http.HttpClient.Default.ClientHandler[101]
2023-12-30 02:51:39.807:       Received HTTP response headers after 719.4417ms - 200
2023-12-30 02:51:39.807: info: System.Net.Http.HttpClient.Default.LogicalHandler[101]
2023-12-30 02:51:39.807:       End processing HTTP request after 719.5054ms - 200
2023-12-30 02:52:15.344: info: MementoMori.BotServer.Plugins.MementoMoriQueryPlugin[0]
2023-12-30 02:52:15.344:       start retrieve notices
2023-12-30 02:52:16.588: info: MementoMori.BotServer.Plugins.MementoMoriQueryPlugin[0]
2023-12-30 02:52:16.588:       start retrieve notices
2023-12-30 03:01:39.820: info: System.Net.Http.HttpClient.Default.LogicalHandler[100]
2023-12-30 03:01:39.820:       Start processing HTTP request GET https://apidgp-gameplayer.games.dmm.com/gameplayer/filelist/29066
2023-12-30 03:01:39.820: info: System.Net.Http.HttpClient.Default.ClientHandler[100]
2023-12-30 03:01:39.820:       Sending HTTP request GET https://apidgp-gameplayer.games.dmm.com/gameplayer/filelist/29066
2023-12-30 03:01:40.609: info: System.Net.Http.HttpClient.Default.ClientHandler[101]
2023-12-30 03:01:40.609:       Received HTTP response headers after 788.9628ms - 200
2023-12-30 03:01:40.609: info: System.Net.Http.HttpClient.Default.LogicalHandler[101]
2023-12-30 03:01:40.609:       End processing HTTP request after 789.0143ms - 200
2023-12-30 03:02:16.896: info: MementoMori.BotServer.Plugins.MementoMoriQueryPlugin[0]
2023-12-30 03:02:16.896:       start retrieve notices
2023-12-30 03:02:17.904: info: MementoMori.BotServer.Plugins.MementoMoriQueryPlugin[0]
2023-12-30 03:02:17.904:       start retrieve notices
2023-12-30 03:11:02.408: info: MementoMori.MementoNetworkManager[0]
2023-12-30 03:11:02.408:       auto updating master data
2023-12-30 03:11:02.408: info: MementoMori.MementoNetworkManager[0]
2023-12-30 03:11:02.408:       下载 master 目录中...
2023-12-30 03:11:04.292: info: MementoMori.MementoNetworkManager[0]
2023-12-30 03:11:04.292:       下载 master 目录完成
info: System.Net.Http.HttpClient.Default.LogicalHandler[100]
